* Missing Cell Power-Grid Views

Cell Name
------------------------------------------------------------------


* Physically Disconnected Instances



* Instances with Floating Power Pins


* Disconnected Wire Segments

Layer           | Internal to Cell | Location (um)
------------------------------------------------------------------
METAL_6         | no               |(49.346, 688.254)
METAL_6         | no               |(31.679, 688.254)
METAL_6         | no               |(14.013, 688.254)
METAL_6         | no               |(49.346, 705.921)
METAL_6         | no               |(14.013, 705.921)
METAL_6         | no               |(49.346, 723.587)
METAL_6         | no               |(31.679, 723.587)
METAL_6         | no               |(14.013, 723.587)
METAL_5         | no               |(49.346, 688.254)
METAL_5         | no               |(31.679, 688.254)
METAL_5         | no               |(14.013, 688.254)
METAL_5         | no               |(49.346, 705.921)
METAL_5         | no               |(14.013, 705.921)
METAL_5         | no               |(49.346, 723.587)
METAL_5         | no               |(31.679, 723.587)
METAL_5         | no               |(14.013, 723.587)
METAL_4         | no               |(49.346, 688.254)
METAL_4         | no               |(31.679, 688.254)
METAL_4         | no               |(14.013, 688.254)
METAL_4         | no               |(49.346, 705.921)
METAL_4         | no               |(14.013, 705.921)
METAL_4         | no               |(49.346, 723.587)
METAL_4         | no               |(31.679, 723.587)
METAL_4         | no               |(14.013, 723.587)
METAL_3         | no               |(49.346, 688.254)
METAL_3         | no               |(31.679, 688.254)
METAL_3         | no               |(14.013, 688.254)
METAL_3         | no               |(49.346, 705.921)
METAL_3         | no               |(14.013, 705.921)
METAL_3         | no               |(49.346, 723.587)
METAL_3         | no               |(31.679, 723.587)
METAL_3         | no               |(14.013, 723.587)
METAL_3         | no               |(194.02, 688.907)
METAL_3         | no               |(194.02, 722.934)
METAL_2         | no               |(49.346, 688.254)
METAL_2         | no               |(31.679, 688.254)
METAL_2         | no               |(14.013, 688.254)
METAL_2         | no               |(49.346, 705.921)
METAL_2         | no               |(14.013, 705.921)
METAL_2         | no               |(49.346, 723.587)
METAL_2         | no               |(31.679, 723.587)
METAL_2         | no               |(14.013, 723.587)
METAL_2         | no               |(194.02, 688.907)
METAL_2         | no               |(194.02, 722.934)
METAL_1         | no               |(49.346, 688.254)
METAL_1         | no               |(31.679, 688.254)
METAL_1         | no               |(14.013, 688.254)
METAL_1         | no               |(49.346, 705.921)
METAL_1         | no               |(14.013, 705.921)
METAL_1         | no               |(49.346, 723.587)
METAL_1         | no               |(31.679, 723.587)
METAL_1         | no               |(14.013, 723.587)
METAL_6         | no               |(49.346, 507.894)
METAL_6         | no               |(31.679, 507.894)
METAL_6         | no               |(14.013, 507.894)
METAL_6         | no               |(49.346, 525.561)
METAL_6         | no               |(14.013, 525.561)
METAL_6         | no               |(49.346, 543.227)
METAL_6         | no               |(31.679, 543.227)
METAL_6         | no               |(14.013, 543.227)
METAL_5         | no               |(49.346, 507.894)
METAL_5         | no               |(31.679, 507.894)
METAL_5         | no               |(14.013, 507.894)
METAL_5         | no               |(49.346, 525.561)
METAL_5         | no               |(14.013, 525.561)
METAL_5         | no               |(49.346, 543.227)
METAL_5         | no               |(31.679, 543.227)
METAL_5         | no               |(14.013, 543.227)
METAL_4         | no               |(49.346, 507.894)
METAL_4         | no               |(31.679, 507.894)
METAL_4         | no               |(14.013, 507.894)
METAL_4         | no               |(49.346, 525.561)
METAL_4         | no               |(14.013, 525.561)
METAL_4         | no               |(49.346, 543.227)
METAL_4         | no               |(31.679, 543.227)
METAL_4         | no               |(14.013, 543.227)
METAL_3         | no               |(49.346, 507.894)
METAL_3         | no               |(31.679, 507.894)
METAL_3         | no               |(14.013, 507.894)
METAL_3         | no               |(49.346, 525.561)
METAL_3         | no               |(14.013, 525.561)
METAL_3         | no               |(49.346, 543.227)
METAL_3         | no               |(31.679, 543.227)
METAL_3         | no               |(14.013, 543.227)
METAL_3         | no               |(194.02, 508.547)
METAL_3         | no               |(194.02, 542.574)
METAL_2         | no               |(49.346, 507.894)
METAL_2         | no               |(31.679, 507.894)
METAL_2         | no               |(14.013, 507.894)
METAL_2         | no               |(49.346, 525.561)
METAL_2         | no               |(14.013, 525.561)
METAL_2         | no               |(49.346, 543.227)
METAL_2         | no               |(31.679, 543.227)
METAL_2         | no               |(14.013, 543.227)
METAL_2         | no               |(194.02, 508.547)
METAL_2         | no               |(194.02, 542.574)
METAL_1         | no               |(49.346, 507.894)
METAL_1         | no               |(31.679, 507.894)
METAL_1         | no               |(14.013, 507.894)
METAL_1         | no               |(49.346, 525.561)
METAL_1         | no               |(14.013, 525.561)
METAL_1         | no               |(49.346, 543.227)
METAL_1         | no               |(31.679, 543.227)
METAL_1         | no               |(14.013, 543.227)
METAL_6         | no               |(543.226, 49.346)
METAL_6         | no               |(543.226, 31.679)
METAL_6         | no               |(543.226, 14.013)
METAL_6         | no               |(525.559, 49.346)
METAL_6         | no               |(525.559, 14.013)
METAL_6         | no               |(507.893, 49.346)
METAL_6         | no               |(507.893, 31.679)
METAL_6         | no               |(507.893, 14.013)
METAL_5         | no               |(543.226, 49.346)
METAL_5         | no               |(543.226, 31.679)
METAL_5         | no               |(543.226, 14.013)
METAL_5         | no               |(525.559, 49.346)
METAL_5         | no               |(525.559, 14.013)
METAL_5         | no               |(507.893, 49.346)
METAL_5         | no               |(507.893, 31.679)
METAL_5         | no               |(507.893, 14.013)
METAL_4         | no               |(543.226, 49.346)
METAL_4         | no               |(543.226, 31.679)
METAL_4         | no               |(543.226, 14.013)
METAL_4         | no               |(525.559, 49.346)
METAL_4         | no               |(525.559, 14.013)
METAL_4         | no               |(507.893, 49.346)
METAL_4         | no               |(507.893, 31.679)
METAL_4         | no               |(507.893, 14.013)
METAL_3         | no               |(543.226, 49.346)
METAL_3         | no               |(543.226, 31.679)
METAL_3         | no               |(543.226, 14.013)
METAL_3         | no               |(525.559, 49.346)
METAL_3         | no               |(525.559, 14.013)
METAL_3         | no               |(507.893, 49.346)
METAL_3         | no               |(507.893, 31.679)
METAL_3         | no               |(507.893, 14.013)
METAL_3         | no               |(542.573, 194.02)
METAL_3         | no               |(508.546, 194.02)
METAL_2         | no               |(543.226, 49.346)
METAL_2         | no               |(543.226, 31.679)
METAL_2         | no               |(543.226, 14.013)
METAL_2         | no               |(525.559, 49.346)
METAL_2         | no               |(525.559, 14.013)
METAL_2         | no               |(507.893, 49.346)
METAL_2         | no               |(507.893, 31.679)
METAL_2         | no               |(507.893, 14.013)
METAL_1         | no               |(543.226, 49.346)
METAL_1         | no               |(543.226, 31.679)
METAL_1         | no               |(543.226, 14.013)
METAL_1         | no               |(525.559, 49.346)
METAL_1         | no               |(525.559, 14.013)
METAL_1         | no               |(507.893, 49.346)
METAL_1         | no               |(507.893, 31.679)
METAL_1         | no               |(507.893, 14.013)
METAL_1         | no               |(542.573, 194.02)
METAL_1         | no               |(508.546, 194.02)
METAL_6         | no               |(723.586, 49.346)
METAL_6         | no               |(723.586, 31.679)
METAL_6         | no               |(723.586, 14.013)
METAL_6         | no               |(705.919, 49.346)
METAL_6         | no               |(705.919, 14.013)
METAL_6         | no               |(688.253, 49.346)
METAL_6         | no               |(688.253, 31.679)
METAL_6         | no               |(688.253, 14.013)
METAL_5         | no               |(723.586, 49.346)
METAL_5         | no               |(723.586, 31.679)
METAL_5         | no               |(723.586, 14.013)
METAL_5         | no               |(705.919, 49.346)
METAL_5         | no               |(705.919, 14.013)
METAL_5         | no               |(688.253, 49.346)
METAL_5         | no               |(688.253, 31.679)
METAL_5         | no               |(688.253, 14.013)
METAL_4         | no               |(723.586, 49.346)
METAL_4         | no               |(723.586, 31.679)
METAL_4         | no               |(723.586, 14.013)
METAL_4         | no               |(705.919, 49.346)
METAL_4         | no               |(705.919, 14.013)
METAL_4         | no               |(688.253, 49.346)
METAL_4         | no               |(688.253, 31.679)
METAL_4         | no               |(688.253, 14.013)
METAL_3         | no               |(723.586, 49.346)
METAL_3         | no               |(723.586, 31.679)
METAL_3         | no               |(723.586, 14.013)
METAL_3         | no               |(705.919, 49.346)
METAL_3         | no               |(705.919, 14.013)
METAL_3         | no               |(688.253, 49.346)
METAL_3         | no               |(688.253, 31.679)
METAL_3         | no               |(688.253, 14.013)
METAL_3         | no               |(722.933, 194.02)
METAL_3         | no               |(688.906, 194.02)
METAL_2         | no               |(723.586, 49.346)
METAL_2         | no               |(723.586, 31.679)
METAL_2         | no               |(723.586, 14.013)
METAL_2         | no               |(705.919, 49.346)
METAL_2         | no               |(705.919, 14.013)
METAL_2         | no               |(688.253, 49.346)
METAL_2         | no               |(688.253, 31.679)
METAL_2         | no               |(688.253, 14.013)
METAL_1         | no               |(723.586, 49.346)
METAL_1         | no               |(723.586, 31.679)
METAL_1         | no               |(723.586, 14.013)
METAL_1         | no               |(705.919, 49.346)
METAL_1         | no               |(705.919, 14.013)
METAL_1         | no               |(688.253, 49.346)
METAL_1         | no               |(688.253, 31.679)
METAL_1         | no               |(688.253, 14.013)
METAL_1         | no               |(722.933, 194.02)
METAL_1         | no               |(688.906, 194.02)
METAL_6         | no               |(1122.01, 543.226)
METAL_6         | no               |(1139.68, 543.226)
METAL_6         | no               |(1157.35, 543.226)
METAL_6         | no               |(1122.01, 525.559)
METAL_6         | no               |(1157.35, 525.559)
METAL_6         | no               |(1122.01, 507.893)
METAL_6         | no               |(1139.68, 507.893)
METAL_6         | no               |(1157.35, 507.893)
METAL_5         | no               |(1122.01, 543.226)
METAL_5         | no               |(1139.68, 543.226)
METAL_5         | no               |(1157.35, 543.226)
METAL_5         | no               |(1122.01, 525.559)
METAL_5         | no               |(1157.35, 525.559)
METAL_5         | no               |(1122.01, 507.893)
METAL_5         | no               |(1139.68, 507.893)
METAL_5         | no               |(1157.35, 507.893)
METAL_4         | no               |(1122.01, 543.226)
METAL_4         | no               |(1139.68, 543.226)
METAL_4         | no               |(1157.35, 543.226)
METAL_4         | no               |(1122.01, 525.559)
METAL_4         | no               |(1157.35, 525.559)
METAL_4         | no               |(1122.01, 507.893)
METAL_4         | no               |(1139.68, 507.893)
METAL_4         | no               |(1157.35, 507.893)
METAL_3         | no               |(1122.01, 543.226)
METAL_3         | no               |(1139.68, 543.226)
METAL_3         | no               |(1157.35, 543.226)
METAL_3         | no               |(1122.01, 525.559)
METAL_3         | no               |(1157.35, 525.559)
METAL_3         | no               |(1122.01, 507.893)
METAL_3         | no               |(1139.68, 507.893)
METAL_3         | no               |(1157.35, 507.893)
METAL_3         | no               |(977.34, 542.573)
METAL_3         | no               |(977.34, 508.546)
METAL_2         | no               |(1122.01, 543.226)
METAL_2         | no               |(1139.68, 543.226)
METAL_2         | no               |(1157.35, 543.226)
METAL_2         | no               |(1122.01, 525.559)
METAL_2         | no               |(1157.35, 525.559)
METAL_2         | no               |(1122.01, 507.893)
METAL_2         | no               |(1139.68, 507.893)
METAL_2         | no               |(1157.35, 507.893)
METAL_2         | no               |(977.34, 542.573)
METAL_2         | no               |(977.34, 508.546)
METAL_1         | no               |(1122.01, 543.226)
METAL_1         | no               |(1139.68, 543.226)
METAL_1         | no               |(1157.35, 543.226)
METAL_1         | no               |(1122.01, 525.559)
METAL_1         | no               |(1157.35, 525.559)
METAL_1         | no               |(1122.01, 507.893)
METAL_1         | no               |(1139.68, 507.893)
METAL_1         | no               |(1157.35, 507.893)
METAL_6         | no               |(1122.01, 723.586)
METAL_6         | no               |(1139.68, 723.586)
METAL_6         | no               |(1157.35, 723.586)
METAL_6         | no               |(1122.01, 705.919)
METAL_6         | no               |(1157.35, 705.919)
METAL_6         | no               |(1122.01, 688.253)
METAL_6         | no               |(1139.68, 688.253)
METAL_6         | no               |(1157.35, 688.253)
METAL_5         | no               |(1122.01, 723.586)
METAL_5         | no               |(1139.68, 723.586)
METAL_5         | no               |(1157.35, 723.586)
METAL_5         | no               |(1122.01, 705.919)
METAL_5         | no               |(1157.35, 705.919)
METAL_5         | no               |(1122.01, 688.253)
METAL_5         | no               |(1139.68, 688.253)
METAL_5         | no               |(1157.35, 688.253)
METAL_4         | no               |(1122.01, 723.586)
METAL_4         | no               |(1139.68, 723.586)
METAL_4         | no               |(1157.35, 723.586)
METAL_4         | no               |(1122.01, 705.919)
METAL_4         | no               |(1157.35, 705.919)
METAL_4         | no               |(1122.01, 688.253)
METAL_4         | no               |(1139.68, 688.253)
METAL_4         | no               |(1157.35, 688.253)
METAL_3         | no               |(1122.01, 723.586)
METAL_3         | no               |(1139.68, 723.586)
METAL_3         | no               |(1157.35, 723.586)
METAL_3         | no               |(1122.01, 705.919)
METAL_3         | no               |(1157.35, 705.919)
METAL_3         | no               |(1122.01, 688.253)
METAL_3         | no               |(1139.68, 688.253)
METAL_3         | no               |(1157.35, 688.253)
METAL_3         | no               |(977.34, 722.933)
METAL_3         | no               |(977.34, 688.906)
METAL_2         | no               |(1122.01, 723.586)
METAL_2         | no               |(1139.68, 723.586)
METAL_2         | no               |(1157.35, 723.586)
METAL_2         | no               |(1122.01, 705.919)
METAL_2         | no               |(1157.35, 705.919)
METAL_2         | no               |(1122.01, 688.253)
METAL_2         | no               |(1139.68, 688.253)
METAL_2         | no               |(1157.35, 688.253)
METAL_2         | no               |(977.34, 722.933)
METAL_2         | no               |(977.34, 688.906)
METAL_1         | no               |(1122.01, 723.586)
METAL_1         | no               |(1139.68, 723.586)
METAL_1         | no               |(1157.35, 723.586)
METAL_1         | no               |(1122.01, 705.919)
METAL_1         | no               |(1157.35, 705.919)
METAL_1         | no               |(1122.01, 688.253)
METAL_1         | no               |(1139.68, 688.253)
METAL_1         | no               |(1157.35, 688.253)
METAL_6         | no               |(688.254, 1122.01)
METAL_6         | no               |(688.254, 1139.68)
METAL_6         | no               |(688.254, 1157.35)
METAL_6         | no               |(705.921, 1122.01)
METAL_6         | no               |(705.921, 1157.35)
METAL_6         | no               |(723.587, 1122.01)
METAL_6         | no               |(723.587, 1139.68)
METAL_6         | no               |(723.587, 1157.35)
METAL_5         | no               |(688.254, 1122.01)
METAL_5         | no               |(688.254, 1139.68)
METAL_5         | no               |(688.254, 1157.35)
METAL_5         | no               |(705.921, 1122.01)
METAL_5         | no               |(705.921, 1157.35)
METAL_5         | no               |(723.587, 1122.01)
METAL_5         | no               |(723.587, 1139.68)
METAL_5         | no               |(723.587, 1157.35)
METAL_4         | no               |(688.254, 1122.01)
METAL_4         | no               |(688.254, 1139.68)
METAL_4         | no               |(688.254, 1157.35)
METAL_4         | no               |(705.921, 1122.01)
METAL_4         | no               |(705.921, 1157.35)
METAL_4         | no               |(723.587, 1122.01)
METAL_4         | no               |(723.587, 1139.68)
METAL_4         | no               |(723.587, 1157.35)
METAL_3         | no               |(688.254, 1122.01)
METAL_3         | no               |(688.254, 1139.68)
METAL_3         | no               |(688.254, 1157.35)
METAL_3         | no               |(705.921, 1122.01)
METAL_3         | no               |(705.921, 1157.35)
METAL_3         | no               |(723.587, 1122.01)
METAL_3         | no               |(723.587, 1139.68)
METAL_3         | no               |(723.587, 1157.35)
METAL_3         | no               |(688.907, 977.34)
METAL_3         | no               |(722.934, 977.34)
METAL_2         | no               |(688.254, 1122.01)
METAL_2         | no               |(688.254, 1139.68)
METAL_2         | no               |(688.254, 1157.35)
METAL_2         | no               |(705.921, 1122.01)
METAL_2         | no               |(705.921, 1157.35)
METAL_2         | no               |(723.587, 1122.01)
METAL_2         | no               |(723.587, 1139.68)
METAL_2         | no               |(723.587, 1157.35)
METAL_1         | no               |(688.254, 1122.01)
METAL_1         | no               |(688.254, 1139.68)
METAL_1         | no               |(688.254, 1157.35)
METAL_1         | no               |(705.921, 1122.01)
METAL_1         | no               |(705.921, 1157.35)
METAL_1         | no               |(723.587, 1122.01)
METAL_1         | no               |(723.587, 1139.68)
METAL_1         | no               |(723.587, 1157.35)
METAL_1         | no               |(688.907, 977.34)
METAL_1         | no               |(722.934, 977.34)
METAL_6         | no               |(507.894, 1122.01)
METAL_6         | no               |(507.894, 1139.68)
METAL_6         | no               |(507.894, 1157.35)
METAL_6         | no               |(525.561, 1122.01)
METAL_6         | no               |(525.561, 1157.35)
METAL_6         | no               |(543.227, 1122.01)
METAL_6         | no               |(543.227, 1139.68)
METAL_6         | no               |(543.227, 1157.35)
METAL_5         | no               |(507.894, 1122.01)
METAL_5         | no               |(507.894, 1139.68)
METAL_5         | no               |(507.894, 1157.35)
METAL_5         | no               |(525.561, 1122.01)
METAL_5         | no               |(525.561, 1157.35)
METAL_5         | no               |(543.227, 1122.01)
METAL_5         | no               |(543.227, 1139.68)
METAL_5         | no               |(543.227, 1157.35)
METAL_4         | no               |(507.894, 1122.01)
METAL_4         | no               |(507.894, 1139.68)
METAL_4         | no               |(507.894, 1157.35)
METAL_4         | no               |(525.561, 1122.01)
METAL_4         | no               |(525.561, 1157.35)
METAL_4         | no               |(543.227, 1122.01)
METAL_4         | no               |(543.227, 1139.68)
METAL_4         | no               |(543.227, 1157.35)
METAL_3         | no               |(507.894, 1122.01)
METAL_3         | no               |(507.894, 1139.68)
METAL_3         | no               |(507.894, 1157.35)
METAL_3         | no               |(525.561, 1122.01)
METAL_3         | no               |(525.561, 1157.35)
METAL_3         | no               |(543.227, 1122.01)
METAL_3         | no               |(543.227, 1139.68)
METAL_3         | no               |(543.227, 1157.35)
METAL_3         | no               |(508.547, 977.34)
METAL_3         | no               |(542.574, 977.34)
METAL_2         | no               |(507.894, 1122.01)
METAL_2         | no               |(507.894, 1139.68)
METAL_2         | no               |(507.894, 1157.35)
METAL_2         | no               |(525.561, 1122.01)
METAL_2         | no               |(525.561, 1157.35)
METAL_2         | no               |(543.227, 1122.01)
METAL_2         | no               |(543.227, 1139.68)
METAL_2         | no               |(543.227, 1157.35)
METAL_1         | no               |(507.894, 1122.01)
METAL_1         | no               |(507.894, 1139.68)
METAL_1         | no               |(507.894, 1157.35)
METAL_1         | no               |(525.561, 1122.01)
METAL_1         | no               |(525.561, 1157.35)
METAL_1         | no               |(543.227, 1122.01)
METAL_1         | no               |(543.227, 1139.68)
METAL_1         | no               |(543.227, 1157.35)
METAL_1         | no               |(508.547, 977.34)
METAL_1         | no               |(542.574, 977.34)


* Weakly Connected Metal Segments

Layer      | Location (um)
------------------------------------------------------------------
METAL_3    | (697.68, 885.99)
METAL_3    | (949.34, 635.88)
METAL_3    | (949.34, 643.44)
METAL_3    | (949.34, 653.52)
METAL_3    | (949.34, 663.6)
METAL_3    | (949.34, 693.09)
METAL_3    | (949.34, 714)
METAL_3    | (886.26, 697.68)
METAL_3    | (888.42, 622.68)
METAL_3    | (949.34, 772.68)
METAL_3    | (949.34, 847.68)
METAL_3    | (274.23, 635.88)
METAL_3    | (278.04, 643.44)
METAL_3    | (278.04, 653.52)
METAL_3    | (278.04, 663.6)
METAL_3    | (283.15, 714)
METAL_3    | (285.17, 693.09)
METAL_3    | (697.68, 285.17)
METAL_3    | (949.34, 441.84)
METAL_3    | (949.34, 451.92)
METAL_3    | (949.34, 462)
METAL_3    | (949.34, 482.16)
METAL_3    | (949.34, 542.64)
METAL_3    | (949.34, 322.68)
METAL_3    | (949.34, 397.68)
METAL_3    | (888.42, 472.68)
METAL_3    | (949.34, 547.68)
METAL_3    | (278.04, 441.84)
METAL_3    | (278.04, 451.92)
METAL_3    | (278.04, 462)
METAL_3    | (278.04, 482.16)
METAL_3    | (278.04, 542.64)
METAL_4    | (622.68, 949.07)
METAL_4    | (472.68, 949.07)
METAL_4    | (622.68, 285.17)
METAL_4    | (472.68, 285.17)
METAL_1    | (542.574, 977.34)
METAL_1    | (508.547, 977.34)
METAL_1    | (543.227, 1157.35)
METAL_1    | (543.227, 1139.68)
METAL_1    | (543.227, 1122.01)
METAL_1    | (525.561, 1157.35)
METAL_1    | (525.561, 1122.01)
METAL_1    | (507.894, 1157.35)
METAL_1    | (507.894, 1139.68)
METAL_1    | (507.894, 1122.01)
METAL_2    | (543.227, 1157.35)
METAL_2    | (543.227, 1139.68)
METAL_2    | (543.227, 1122.01)
METAL_2    | (525.561, 1157.35)
METAL_2    | (525.561, 1122.01)
METAL_2    | (507.894, 1157.35)
METAL_2    | (507.894, 1139.68)
METAL_2    | (507.894, 1122.01)
METAL_3    | (542.574, 977.34)
METAL_3    | (508.547, 977.34)
METAL_3    | (543.227, 1157.35)
METAL_3    | (543.227, 1139.68)
METAL_3    | (543.227, 1122.01)
METAL_3    | (525.561, 1157.35)
METAL_3    | (525.561, 1122.01)
METAL_3    | (507.894, 1157.35)
METAL_3    | (507.894, 1139.68)
METAL_3    | (507.894, 1122.01)
METAL_4    | (543.227, 1157.35)
METAL_4    | (543.227, 1139.68)
METAL_4    | (543.227, 1122.01)
METAL_4    | (525.561, 1157.35)
METAL_4    | (525.561, 1122.01)
METAL_4    | (507.894, 1157.35)
METAL_4    | (507.894, 1139.68)
METAL_4    | (507.894, 1122.01)
METAL_5    | (543.227, 1157.35)
METAL_5    | (543.227, 1139.68)
METAL_5    | (543.227, 1122.01)
METAL_5    | (525.561, 1157.35)
METAL_5    | (525.561, 1122.01)
METAL_5    | (507.894, 1157.35)
METAL_5    | (507.894, 1139.68)
METAL_5    | (507.894, 1122.01)
METAL_1    | (722.934, 977.34)
METAL_1    | (688.907, 977.34)
METAL_1    | (723.587, 1157.35)
METAL_1    | (723.587, 1139.68)
METAL_1    | (723.587, 1122.01)
METAL_1    | (705.921, 1157.35)
METAL_1    | (705.921, 1122.01)
METAL_1    | (688.254, 1157.35)
METAL_1    | (688.254, 1139.68)
METAL_1    | (688.254, 1122.01)
METAL_2    | (723.587, 1157.35)
METAL_2    | (723.587, 1139.68)
METAL_2    | (723.587, 1122.01)
METAL_2    | (705.921, 1157.35)
METAL_2    | (705.921, 1122.01)
METAL_2    | (688.254, 1157.35)
METAL_2    | (688.254, 1139.68)
METAL_2    | (688.254, 1122.01)
METAL_3    | (722.934, 977.34)
METAL_3    | (688.907, 977.34)
METAL_3    | (723.587, 1157.35)
METAL_3    | (723.587, 1139.68)
METAL_3    | (723.587, 1122.01)
METAL_3    | (705.921, 1157.35)
METAL_3    | (705.921, 1122.01)
METAL_3    | (688.254, 1157.35)
METAL_3    | (688.254, 1139.68)
METAL_3    | (688.254, 1122.01)
METAL_4    | (723.587, 1157.35)
METAL_4    | (723.587, 1139.68)
METAL_4    | (723.587, 1122.01)
METAL_4    | (705.921, 1157.35)
METAL_4    | (705.921, 1122.01)
METAL_4    | (688.254, 1157.35)
METAL_4    | (688.254, 1139.68)
METAL_4    | (688.254, 1122.01)
METAL_5    | (723.587, 1157.35)
METAL_5    | (723.587, 1139.68)
METAL_5    | (723.587, 1122.01)
METAL_5    | (705.921, 1157.35)
METAL_5    | (705.921, 1122.01)
METAL_5    | (688.254, 1157.35)
METAL_5    | (688.254, 1139.68)
METAL_5    | (688.254, 1122.01)
METAL_1    | (1157.35, 688.253)
METAL_1    | (1139.68, 688.253)
METAL_1    | (1122.01, 688.253)
METAL_1    | (1157.35, 705.919)
METAL_1    | (1122.01, 705.919)
METAL_1    | (1157.35, 723.586)
METAL_1    | (1139.68, 723.586)
METAL_1    | (1122.01, 723.586)
METAL_2    | (977.34, 688.906)
METAL_2    | (977.34, 722.933)
METAL_2    | (1157.35, 688.253)
METAL_2    | (1139.68, 688.253)
METAL_2    | (1122.01, 688.253)
METAL_2    | (1157.35, 705.919)
METAL_2    | (1122.01, 705.919)
METAL_2    | (1157.35, 723.586)
METAL_2    | (1139.68, 723.586)
METAL_2    | (1122.01, 723.586)
METAL_3    | (977.34, 688.906)
METAL_3    | (977.34, 722.933)
METAL_3    | (1157.35, 688.253)
METAL_3    | (1139.68, 688.253)
METAL_3    | (1122.01, 688.253)
METAL_3    | (1157.35, 705.919)
METAL_3    | (1122.01, 705.919)
METAL_3    | (1157.35, 723.586)
METAL_3    | (1139.68, 723.586)
METAL_3    | (1122.01, 723.586)
METAL_4    | (1157.35, 688.253)
METAL_4    | (1139.68, 688.253)
METAL_4    | (1122.01, 688.253)
METAL_4    | (1157.35, 705.919)
METAL_4    | (1122.01, 705.919)
METAL_4    | (1157.35, 723.586)
METAL_4    | (1139.68, 723.586)
METAL_4    | (1122.01, 723.586)
METAL_5    | (1157.35, 688.253)
METAL_5    | (1139.68, 688.253)
METAL_5    | (1122.01, 688.253)
METAL_5    | (1157.35, 705.919)
METAL_5    | (1122.01, 705.919)
METAL_5    | (1157.35, 723.586)
METAL_5    | (1139.68, 723.586)
METAL_5    | (1122.01, 723.586)
METAL_1    | (1157.35, 507.893)
METAL_1    | (1139.68, 507.893)
METAL_1    | (1122.01, 507.893)
METAL_1    | (1157.35, 525.559)
METAL_1    | (1122.01, 525.559)
METAL_1    | (1157.35, 543.226)
METAL_1    | (1139.68, 543.226)
METAL_1    | (1122.01, 543.226)
METAL_2    | (977.34, 508.546)
METAL_2    | (977.34, 542.573)
METAL_2    | (1157.35, 507.893)
METAL_2    | (1139.68, 507.893)
METAL_2    | (1122.01, 507.893)
METAL_2    | (1157.35, 525.559)
METAL_2    | (1122.01, 525.559)
METAL_2    | (1157.35, 543.226)
METAL_2    | (1139.68, 543.226)
METAL_2    | (1122.01, 543.226)
METAL_3    | (977.34, 508.546)
METAL_3    | (977.34, 542.573)
METAL_3    | (1157.35, 507.893)
METAL_3    | (1139.68, 507.893)
METAL_3    | (1122.01, 507.893)
METAL_3    | (1157.35, 525.559)
METAL_3    | (1122.01, 525.559)
METAL_3    | (1157.35, 543.226)
METAL_3    | (1139.68, 543.226)
METAL_3    | (1122.01, 543.226)
METAL_4    | (1157.35, 507.893)
METAL_4    | (1139.68, 507.893)
METAL_4    | (1122.01, 507.893)
METAL_4    | (1157.35, 525.559)
METAL_4    | (1122.01, 525.559)
METAL_4    | (1157.35, 543.226)
METAL_4    | (1139.68, 543.226)
METAL_4    | (1122.01, 543.226)
METAL_5    | (1157.35, 507.893)
METAL_5    | (1139.68, 507.893)
METAL_5    | (1122.01, 507.893)
METAL_5    | (1157.35, 525.559)
METAL_5    | (1122.01, 525.559)
METAL_5    | (1157.35, 543.226)
METAL_5    | (1139.68, 543.226)
METAL_5    | (1122.01, 543.226)
METAL_1    | (688.906, 194.02)
METAL_1    | (722.933, 194.02)
METAL_1    | (688.253, 14.013)
METAL_1    | (688.253, 31.679)
METAL_1    | (688.253, 49.346)
METAL_1    | (705.919, 14.013)
METAL_1    | (705.919, 49.346)
METAL_1    | (723.586, 14.013)
METAL_1    | (723.586, 31.679)
METAL_1    | (723.586, 49.346)
METAL_2    | (688.253, 14.013)
METAL_2    | (688.253, 31.679)
METAL_2    | (688.253, 49.346)
METAL_2    | (705.919, 14.013)
METAL_2    | (705.919, 49.346)
METAL_2    | (723.586, 14.013)
METAL_2    | (723.586, 31.679)
METAL_2    | (723.586, 49.346)
METAL_3    | (688.906, 194.02)
METAL_3    | (722.933, 194.02)
METAL_3    | (688.253, 14.013)
METAL_3    | (688.253, 31.679)
METAL_3    | (688.253, 49.346)
METAL_3    | (705.919, 14.013)
METAL_3    | (705.919, 49.346)
METAL_3    | (723.586, 14.013)
METAL_3    | (723.586, 31.679)
METAL_3    | (723.586, 49.346)
METAL_4    | (688.253, 14.013)
METAL_4    | (688.253, 31.679)
METAL_4    | (688.253, 49.346)
METAL_4    | (705.919, 14.013)
METAL_4    | (705.919, 49.346)
METAL_4    | (723.586, 14.013)
METAL_4    | (723.586, 31.679)
METAL_4    | (723.586, 49.346)
METAL_5    | (688.253, 14.013)
METAL_5    | (688.253, 31.679)
METAL_5    | (688.253, 49.346)
METAL_5    | (705.919, 14.013)
METAL_5    | (705.919, 49.346)
METAL_5    | (723.586, 14.013)
METAL_5    | (723.586, 31.679)
METAL_5    | (723.586, 49.346)
METAL_1    | (508.546, 194.02)
METAL_1    | (542.573, 194.02)
METAL_1    | (507.893, 14.013)
METAL_1    | (507.893, 31.679)
METAL_1    | (507.893, 49.346)
METAL_1    | (525.559, 14.013)
METAL_1    | (525.559, 49.346)
METAL_1    | (543.226, 14.013)
METAL_1    | (543.226, 31.679)
METAL_1    | (543.226, 49.346)
METAL_2    | (507.893, 14.013)
METAL_2    | (507.893, 31.679)
METAL_2    | (507.893, 49.346)
METAL_2    | (525.559, 14.013)
METAL_2    | (525.559, 49.346)
METAL_2    | (543.226, 14.013)
METAL_2    | (543.226, 31.679)
METAL_2    | (543.226, 49.346)
METAL_3    | (508.546, 194.02)
METAL_3    | (542.573, 194.02)
METAL_3    | (507.893, 14.013)
METAL_3    | (507.893, 31.679)
METAL_3    | (507.893, 49.346)
METAL_3    | (525.559, 14.013)
METAL_3    | (525.559, 49.346)
METAL_3    | (543.226, 14.013)
METAL_3    | (543.226, 31.679)
METAL_3    | (543.226, 49.346)
METAL_4    | (507.893, 14.013)
METAL_4    | (507.893, 31.679)
METAL_4    | (507.893, 49.346)
METAL_4    | (525.559, 14.013)
METAL_4    | (525.559, 49.346)
METAL_4    | (543.226, 14.013)
METAL_4    | (543.226, 31.679)
METAL_4    | (543.226, 49.346)
METAL_5    | (507.893, 14.013)
METAL_5    | (507.893, 31.679)
METAL_5    | (507.893, 49.346)
METAL_5    | (525.559, 14.013)
METAL_5    | (525.559, 49.346)
METAL_5    | (543.226, 14.013)
METAL_5    | (543.226, 31.679)
METAL_5    | (543.226, 49.346)
METAL_1    | (14.013, 543.227)
METAL_1    | (31.679, 543.227)
METAL_1    | (49.346, 543.227)
METAL_1    | (14.013, 525.561)
METAL_1    | (49.346, 525.561)
METAL_1    | (14.013, 507.894)
METAL_1    | (31.679, 507.894)
METAL_1    | (49.346, 507.894)
METAL_2    | (194.02, 542.574)
METAL_2    | (194.02, 508.547)
METAL_2    | (14.013, 543.227)
METAL_2    | (31.679, 543.227)
METAL_2    | (49.346, 543.227)
METAL_2    | (14.013, 525.561)
METAL_2    | (49.346, 525.561)
METAL_2    | (14.013, 507.894)
METAL_2    | (31.679, 507.894)
METAL_2    | (49.346, 507.894)
METAL_3    | (194.02, 542.574)
METAL_3    | (194.02, 508.547)
METAL_3    | (14.013, 543.227)
METAL_3    | (31.679, 543.227)
METAL_3    | (49.346, 543.227)
METAL_3    | (14.013, 525.561)
METAL_3    | (49.346, 525.561)
METAL_3    | (14.013, 507.894)
METAL_3    | (31.679, 507.894)
METAL_3    | (49.346, 507.894)
METAL_4    | (14.013, 543.227)
METAL_4    | (31.679, 543.227)
METAL_4    | (49.346, 543.227)
METAL_4    | (14.013, 525.561)
METAL_4    | (49.346, 525.561)
METAL_4    | (14.013, 507.894)
METAL_4    | (31.679, 507.894)
METAL_4    | (49.346, 507.894)
METAL_5    | (14.013, 543.227)
METAL_5    | (31.679, 543.227)
METAL_5    | (49.346, 543.227)
METAL_5    | (14.013, 525.561)
METAL_5    | (49.346, 525.561)
METAL_5    | (14.013, 507.894)
METAL_5    | (31.679, 507.894)
METAL_5    | (49.346, 507.894)
METAL_1    | (14.013, 723.587)
METAL_1    | (31.679, 723.587)
METAL_1    | (49.346, 723.587)
METAL_1    | (14.013, 705.921)
METAL_1    | (49.346, 705.921)
METAL_1    | (14.013, 688.254)
METAL_1    | (31.679, 688.254)
METAL_1    | (49.346, 688.254)
METAL_2    | (194.02, 722.934)
METAL_2    | (194.02, 688.907)
METAL_2    | (14.013, 723.587)
METAL_2    | (31.679, 723.587)
METAL_2    | (49.346, 723.587)
METAL_2    | (14.013, 705.921)
METAL_2    | (49.346, 705.921)
METAL_2    | (14.013, 688.254)
METAL_2    | (31.679, 688.254)
METAL_2    | (49.346, 688.254)
METAL_3    | (194.02, 722.934)
METAL_3    | (194.02, 688.907)
METAL_3    | (14.013, 723.587)
METAL_3    | (31.679, 723.587)
METAL_3    | (49.346, 723.587)
METAL_3    | (14.013, 705.921)
METAL_3    | (49.346, 705.921)
METAL_3    | (14.013, 688.254)
METAL_3    | (31.679, 688.254)
METAL_3    | (49.346, 688.254)
METAL_4    | (14.013, 723.587)
METAL_4    | (31.679, 723.587)
METAL_4    | (49.346, 723.587)
METAL_4    | (14.013, 705.921)
METAL_4    | (49.346, 705.921)
METAL_4    | (14.013, 688.254)
METAL_4    | (31.679, 688.254)
METAL_4    | (49.346, 688.254)
METAL_5    | (14.013, 723.587)
METAL_5    | (31.679, 723.587)
METAL_5    | (49.346, 723.587)
METAL_5    | (14.013, 705.921)
METAL_5    | (49.346, 705.921)
METAL_5    | (14.013, 688.254)
METAL_5    | (31.679, 688.254)
METAL_5    | (49.346, 688.254)

Found 388 weakly connected metal segments



* Dropped Voltage Sources

