
                           Design Compiler Graphical 
                                 DC Ultra (TM)
                                  DFTMAX (TM)
                              Power Compiler (TM)
                                 DesignWare (R)
                                 DC Expert (TM)
                               Design Vision (TM)
                               HDL Compiler (TM)
                               VHDL Compiler (TM)
                                  DFT Compiler
                               Design Compiler(R)

                 Version T-2022.03 for linux64 - Feb 22, 2022 

                    Copyright (c) 1988 - 2022 Synopsys, Inc.
   This software and the associated documentation are proprietary to Synopsys,
 Inc. This software may only be used in accordance with the terms and conditions
 of a written license agreement with Synopsys, Inc. All other use, reproduction,
   or distribution of this software is strictly prohibited.  Licensed Products
     communicate with Synopsys servers for the purpose of providing software
    updates, detecting software piracy and verifying that customers are using
    Licensed Products in conformity with the applicable License Key for such
  Licensed Products. Synopsys will use information gathered in connection with
    this process to deliver software updates and pursue software pirates and
                                   infringers.

 Inclusivity & Diversity - Visit SolvNetPlus to read the "Synopsys Statement on
            Inclusivity and Diversity" (Refer to article 000036315 at
                        https://solvnetplus.synopsys.com)
Initializing...
#======================================================
#
# Synopsys Synthesis Scripts (Design Vision dctcl mode)
# Date: 4/02/2023 (Hsu, hank)
#======================================================
#======================================================
#  Specify Libraries
#======================================================
set search_path {./../01_RTL \
                 ~iclabta01/umc018/Synthesis/ \
                 /usr/synthesis/libraries/syn/}
./../01_RTL  ~iclabta01/umc018/Synthesis/  /usr/synthesis/libraries/syn/
set synthetic_library {dw_foundation.sldb}
dw_foundation.sldb
set link_library {* dw_foundation.sldb standard.sldb slow.db}  
* dw_foundation.sldb standard.sldb slow.db
set target_library {slow.db}
slow.db
#======================================================
#  Global Parameters
#======================================================
set DESIGN "EC_TOP"
EC_TOP
set CYCLE 18.9
18.9
#======================================================
#  Read RTL Code
#======================================================
analyze -format verilog {EC_TOP.v INV_IP.v}
Running PRESTO HDLC
Compiling source file ./../01_RTL/EC_TOP.v
Compiling source file ./../01_RTL/INV_IP.v
Warning:  ./../01_RTL/INV_IP.v:27: Parameter keyword used in local parameter declaration. (VER-329)
Warning:  ./../01_RTL/INV_IP.v:223: A unnamed generate block with an LRM-defined name 'genblk1' is detected, which is incompatible with Verilog standard 2001 or 1995. (VER-944)
Warning:  ./../01_RTL/INV_IP.v:223: A unnamed generate block with an LRM-defined name 'genblk1' is detected, which is incompatible with Verilog standard 2001 or 1995. (VER-944)
Presto compilation completed successfully.
Loading db file '/usr/cad/synopsys/synthesis/2022.03/libraries/syn/dw_foundation.sldb'
Loading db file '/usr/cad/synopsys/synthesis/2022.03/libraries/syn/standard.sldb'
Loading db file '/RAID2/COURSE/iclab/iclabta01/umc018/Synthesis/slow.db'
1
elaborate $DESIGN 
Loading db file '/usr/cad/synopsys/synthesis/2022.03/libraries/syn/gtech.db'
  Loading link library 'slow'
  Loading link library 'gtech'
Running PRESTO HDLC

Statistics for case statements in always block at line 83 in file
	'./../01_RTL/EC_TOP.v'
===============================================
|           Line           |  full/ parallel  |
===============================================
|            84            |    auto/auto     |
===============================================

Statistics for case statements in always block at line 117 in file
	'./../01_RTL/EC_TOP.v'
===============================================
|           Line           |  full/ parallel  |
===============================================
|           118            |    auto/auto     |
===============================================

Statistics for case statements in always block at line 146 in file
	'./../01_RTL/EC_TOP.v'
===============================================
|           Line           |  full/ parallel  |
===============================================
|           147            |    auto/auto     |
===============================================

Statistics for case statements in always block at line 202 in file
	'./../01_RTL/EC_TOP.v'
===============================================
|           Line           |  full/ parallel  |
===============================================
|           205            |     no/auto      |
===============================================

Statistics for case statements in always block at line 212 in file
	'./../01_RTL/EC_TOP.v'
===============================================
|           Line           |  full/ parallel  |
===============================================
|           215            |     no/auto      |
===============================================

Inferred memory devices in process
	in routine EC_TOP line 79 in file
		'./../01_RTL/EC_TOP.v'.
===============================================================================
|    Register Name    |   Type    | Width | Bus | MB | AR | AS | SR | SS | ST |
===============================================================================
|  current_state_reg  | Flip-flop |   3   |  Y  | N  | Y  | N  | N  | N  | N  |
===============================================================================

Inferred memory devices in process
	in routine EC_TOP line 97 in file
		'./../01_RTL/EC_TOP.v'.
===============================================================================
|    Register Name    |   Type    | Width | Bus | MB | AR | AS | SR | SS | ST |
===============================================================================
|      prime_reg      | Flip-flop |   6   |  Y  | N  | Y  | N  | N  | N  | N  |
|        a_reg        | Flip-flop |   6   |  Y  | N  | Y  | N  | N  | N  | N  |
|       px_reg        | Flip-flop |   6   |  Y  | N  | Y  | N  | N  | N  | N  |
|       py_reg        | Flip-flop |   6   |  Y  | N  | Y  | N  | N  | N  | N  |
|       qx_reg        | Flip-flop |   6   |  Y  | N  | Y  | N  | N  | N  | N  |
|       qy_reg        | Flip-flop |   6   |  Y  | N  | Y  | N  | N  | N  | N  |
===============================================================================

Inferred memory devices in process
	in routine EC_TOP line 202 in file
		'./../01_RTL/EC_TOP.v'.
===============================================================================
|    Register Name    |   Type    | Width | Bus | MB | AR | AS | SR | SS | ST |
===============================================================================
|      s_up_reg       | Flip-flop |   8   |  Y  | N  | Y  | N  | N  | N  | N  |
===============================================================================

Inferred memory devices in process
	in routine EC_TOP line 212 in file
		'./../01_RTL/EC_TOP.v'.
===============================================================================
|    Register Name    |   Type    | Width | Bus | MB | AR | AS | SR | SS | ST |
===============================================================================
|     s_down_reg      | Flip-flop |   6   |  Y  | N  | Y  | N  | N  | N  | N  |
===============================================================================

Inferred memory devices in process
	in routine EC_TOP line 225 in file
		'./../01_RTL/EC_TOP.v'.
===============================================================================
|    Register Name    |   Type    | Width | Bus | MB | AR | AS | SR | SS | ST |
===============================================================================
|     out_Rx_reg      | Flip-flop |   6   |  Y  | N  | Y  | N  | N  | N  | N  |
|     out_Ry_reg      | Flip-flop |   6   |  Y  | N  | Y  | N  | N  | N  | N  |
|    out_valid_reg    | Flip-flop |   1   |  N  | N  | Y  | N  | N  | N  | N  |
===============================================================================
Presto compilation completed successfully. (EC_TOP)
Elaborated 1 design.
Current design is now 'EC_TOP'.
Information: Building the design 'INV_IP' instantiated from design 'EC_TOP' with
	the parameters "IP_WIDTH=6". (HDL-193)
Warning:  ./../01_RTL/INV_IP.v:113: signed to unsigned assignment occurs. (VER-318)
Warning:  ./../01_RTL/INV_IP.v:114: signed to unsigned conversion occurs. (VER-318)
Warning:  ./../01_RTL/INV_IP.v:115: signed to unsigned conversion occurs. (VER-318)
Warning:  ./../01_RTL/INV_IP.v:132: signed to unsigned conversion occurs. (VER-318)
Warning:  ./../01_RTL/INV_IP.v:133: signed to unsigned conversion occurs. (VER-318)
Warning:  ./../01_RTL/INV_IP.v:150: signed to unsigned assignment occurs. (VER-318)
Warning:  ./../01_RTL/INV_IP.v:152: signed to unsigned conversion occurs. (VER-318)
Warning:  ./../01_RTL/INV_IP.v:171: signed to unsigned conversion occurs. (VER-318)
Warning:  ./../01_RTL/INV_IP.v:172: signed to unsigned conversion occurs. (VER-318)
Warning:  ./../01_RTL/INV_IP.v:191: signed to unsigned assignment occurs. (VER-318)
Warning:  ./../01_RTL/INV_IP.v:193: signed to unsigned conversion occurs. (VER-318)
Warning:  ./../01_RTL/INV_IP.v:198: signed to unsigned conversion occurs. (VER-318)
Warning:  ./../01_RTL/INV_IP.v:204: signed to unsigned assignment occurs. (VER-318)
Warning:  ./../01_RTL/INV_IP.v:206: signed to unsigned assignment occurs. (VER-318)
Presto compilation completed successfully. (INV_IP_IP_WIDTH6)
1
current_design $DESIGN
Current design is 'EC_TOP'.
{EC_TOP}
#======================================================
#  Global Setting
#======================================================
#======================================================
#  Develop desgin environment
#======================================================
set_wire_load_mode top
1
set_load 0.05 [all_outputs]
1
#======================================================
#  Set Design Constraints
#======================================================
create_clock -name "clk" -period $CYCLE clk
1
set_input_delay  [ expr $CYCLE*0.5 ] -clock clk [all_inputs]
1
set_output_delay [ expr $CYCLE*0.5 ] -clock clk [all_outputs]
1
set_input_delay 0 -clock clk clk
1
set_input_delay 0 -clock clk rst_n
1
set_dont_use slow/JKFF*
1
#======================================================
#  Optimization(Compile strategy)
#======================================================
check_design > Report/$DESIGN\.check
set_fix_multiple_port_nets -all -buffer_constants
1
#set_fix_hold [all_clocks]
compile_ultra
Information: Performing power optimization. (PWR-850)
Alib files are up-to-date.
Information: Evaluating DesignWare library utilization. (UISN-27)

============================================================================
| DesignWare Building Block Library  |         Version         | Available |
============================================================================
| Basic DW Building Blocks           | S-2021.06-DWBB_202106.0 |     *     |
| Licensed DW Building Blocks        | S-2021.06-DWBB_202106.0 |     *     |
============================================================================

====================================================================================================
| Flow Information                                                                                 |
----------------------------------------------------------------------------------------------------
| Flow         | Design Compiler WLM                                                               |
| Comand line  | compile_ultra                                                                     |
====================================================================================================
| Design Information                                      | Value                                  |
====================================================================================================
| Number of Scenarios                                     | 0                                      |
| Leaf Cell Count                                         | 353                                    |
| Number of User Hierarchies                              | 1                                      |
| Sequential Cell Count                                   | 66                                     |
| Macro Count                                             | 0                                      |
| Number of Power Domains                                 | 0                                      |
| Number of Path Groups                                   | 2                                      |
| Number of VT class                                      | 0                                      |
| Number of Clocks                                        | 1                                      |
| Number of Dont Touch cells                              | 110                                    |
| Number of Dont Touch nets                               | 0                                      |
| Number of size only cells                               | 0                                      |
| Design with UPF Data                                    | false                                  |
----------------------------------------------------------------------------------------------------
| Variables                                               | Value                                  |
----------------------------------------------------------------------------------------------------
| set_fix_multiple_port_nets                              | -all -buffer_constants                 |
====================================================================================================
Information: Sequential output inversion is enabled.  SVF file must be used for formal verification. (OPT-1208)

Information: There are 10 potential problems in your design. Please run 'check_design' for more information. (LINT-99)

  Simplifying Design 'EC_TOP'

Loaded alib file './alib-52/slow.db.alib'
  Building model 'DW01_NAND2'
Information: Ungrouping hierarchy inv0 before Pass 1 (OPT-776)
Information: Ungrouping 1 of 2 hierarchies before Pass 1 (OPT-775)
Information: State dependent leakage is now switched from on to off.

  Beginning Pass 1 Mapping
  ------------------------
  Processing 'EC_TOP'
Information: Added key list 'DesignWare' to design 'EC_TOP'. (DDB-72)
 Implement Synthetic for 'EC_TOP'.
  Processing 'EC_TOP_DW_div_uns_J1_2'
  Processing 'EC_TOP_DW_div_uns_J1_3'
  Processing 'EC_TOP_DW_div_uns_J1_4'
  Processing 'EC_TOP_DW_div_uns_J1_5'
  Processing 'EC_TOP_DW_div_uns_J1_6'

  Updating timing information
Information: Updating design information... (UID-85)
Information: The library cell 'HOLDX1' in the library 'slow' is not characterized for internal power. (PWR-536)
Information: The target library(s) contains cell(s), other than black boxes, that are not characterized for internal power. (PWR-24)

  Beginning Mapping Optimizations  (Ultra High effort)
  -------------------------------
  Structuring 'EC_TOP_DW_div_uns_0'
  Mapping 'EC_TOP_DW_div_uns_0'
  Structuring 'EC_TOP_DW_div_uns_1'
  Mapping 'EC_TOP_DW_div_uns_1'
  Structuring 'EC_TOP_DW_div_uns_2'
  Mapping 'EC_TOP_DW_div_uns_2'
  Structuring 'EC_TOP_DW_div_uns_3'
  Mapping 'EC_TOP_DW_div_uns_3'
  Structuring 'EC_TOP_DW_div_uns_4'
  Mapping 'EC_TOP_DW_div_uns_4'
  Mapping 'EC_TOP_DW01_add_0'
  Mapping 'DW01_add'
  Mapping 'DW01_add'
  Mapping 'DW01_add'
  Mapping 'EC_TOP_DW_div_uns_4'
  Structuring 'EC_TOP_DW_div_uns_5'
  Mapping 'EC_TOP_DW_div_uns_5'
  Structuring 'EC_TOP_DW_div_uns_6'
  Mapping 'EC_TOP_DW_div_uns_6'
  Structuring 'EC_TOP_DW_div_uns_7'
  Mapping 'EC_TOP_DW_div_uns_7'
  Structuring 'EC_TOP_DW_div_uns_8'
  Mapping 'EC_TOP_DW_div_uns_8'
  Structuring 'EC_TOP_DW_div_uns_9'
  Mapping 'EC_TOP_DW_div_uns_9'
  Mapping 'EC_TOP_DW01_add_1'
  Mapping 'DW01_add'
  Mapping 'DW01_add'
  Mapping 'DW01_add'
  Mapping 'DW01_add'
  Mapping 'DW01_add'
  Mapping 'DW01_add'
  Mapping 'EC_TOP_DW_div_uns_9'
  Structuring 'EC_TOP_DW_div_uns_10'
  Mapping 'EC_TOP_DW_div_uns_10'
  Structuring 'EC_TOP_DW_div_uns_11'
  Mapping 'EC_TOP_DW_div_uns_11'
  Structuring 'EC_TOP_DW_div_uns_12'
  Mapping 'EC_TOP_DW_div_uns_12'
  Structuring 'EC_TOP_DW_div_uns_13'
  Mapping 'EC_TOP_DW_div_uns_13'
  Structuring 'EC_TOP_DW_div_uns_14'
  Mapping 'EC_TOP_DW_div_uns_14'
  Mapping 'EC_TOP_DW01_add_2'
  Mapping 'EC_TOP_DW01_add_3'
  Mapping 'EC_TOP_DW01_add_4'
  Mapping 'EC_TOP_DW01_sub_0'
  Mapping 'EC_TOP_DW01_add_5'
  Mapping 'EC_TOP_DW01_add_6'
  Mapping 'EC_TOP_DW01_add_7'
  Mapping 'EC_TOP_DW01_add_12'
  Mapping 'EC_TOP_DW01_add_13'
  Mapping 'EC_TOP_DW01_add_14'
  Mapping 'EC_TOP_DW01_add_15'
  Mapping 'EC_TOP_DW01_add_16'
  Mapping 'EC_TOP_DW01_add_17'
  Mapping 'EC_TOP_DW01_add_18'
  Mapping 'EC_TOP_DW_div_uns_14'
  Structuring 'EC_TOP_DW_div_uns_15'
  Mapping 'EC_TOP_DW_div_uns_15'
  Structuring 'EC_TOP_DW_div_uns_16'
  Mapping 'EC_TOP_DW_div_uns_16'
  Structuring 'EC_TOP_DW_div_uns_17'
  Mapping 'EC_TOP_DW_div_uns_17'
  Structuring 'EC_TOP_DW_div_uns_18'
  Mapping 'EC_TOP_DW_div_uns_18'
  Structuring 'EC_TOP_DW_div_uns_19'
  Mapping 'EC_TOP_DW_div_uns_19'
  Mapping 'EC_TOP_DW01_add_19'
  Mapping 'DW01_add'
  Mapping 'DW01_add'
  Mapping 'DW01_add'
  Mapping 'DW01_add'
  Mapping 'DW01_add'
  Mapping 'DW01_add'
  Mapping 'EC_TOP_DW_div_uns_19'
  Structuring 'EC_TOP_DW_div_uns_20'
  Mapping 'EC_TOP_DW_div_uns_20'
  Structuring 'EC_TOP_DW_div_uns_21'
  Mapping 'EC_TOP_DW_div_uns_21'
  Structuring 'EC_TOP_DW_div_uns_22'
  Mapping 'EC_TOP_DW_div_uns_22'
  Structuring 'EC_TOP_DW_div_uns_23'
  Mapping 'EC_TOP_DW_div_uns_23'
  Structuring 'EC_TOP_DW_div_uns_24'
  Mapping 'EC_TOP_DW_div_uns_24'
  Mapping 'EC_TOP_DW01_add_20'
  Mapping 'DW01_add'
  Mapping 'DW01_add'
  Mapping 'DW01_add'
  Mapping 'DW01_add'
  Mapping 'DW01_add'
  Mapping 'DW01_add'
  Mapping 'EC_TOP_DW_div_uns_24'
  Structuring 'EC_TOP_DW_div_uns_25'
  Mapping 'EC_TOP_DW_div_uns_25'
  Structuring 'EC_TOP_DW_div_uns_26'
  Mapping 'EC_TOP_DW_div_uns_26'
  Structuring 'EC_TOP_DW_div_uns_27'
  Mapping 'EC_TOP_DW_div_uns_27'
  Structuring 'EC_TOP_DW_div_uns_28'
  Mapping 'EC_TOP_DW_div_uns_28'
  Mapping 'EC_TOP_DW01_add_21'
  Mapping 'DW01_add'
  Mapping 'DW01_add'
  Mapping 'DW01_add'
  Mapping 'DW01_add'
  Mapping 'DW01_add'
  Mapping 'DW01_add'
  Mapping 'EC_TOP_DW01_add_22'
  Mapping 'EC_TOP_DW01_add_23'
  Mapping 'EC_TOP_DW01_add_24'
  Mapping 'EC_TOP_DW01_add_25'
  Mapping 'EC_TOP_DW01_add_26'
  Mapping 'EC_TOP_DW01_add_27'
  Mapping 'EC_TOP_DW01_add_28'
  Mapping 'EC_TOP_DW01_add_29'
  Mapping 'EC_TOP_DW01_add_30'
  Mapping 'EC_TOP_DW01_add_31'
  Mapping 'EC_TOP_DW01_add_32'
  Mapping 'EC_TOP_DW01_add_33'
  Mapping 'EC_TOP_DW_div_uns_28'
  Mapping Optimization (Phase 1)
  Mapping Optimization (Phase 2)
  Mapping Optimization (Phase 3)
  Mapping Optimization (Phase 4)

                                  TOTAL                                                
   ELAPSED            WORST NEG   SETUP    DESIGN                              LEAKAGE 
    TIME      AREA      SLACK     COST    RULE COST         ENDPOINT            POWER  
  --------- --------- --------- --------- --------- ------------------------- ---------
    0:00:45   87111.8      0.19       0.9       0.0                           12541286.0000
    0:00:45   86835.7      0.77       4.3       0.0                           12505382.0000

  Beginning Constant Register Removal
  -----------------------------------
    0:00:45   87537.5      0.77       4.3       0.0                           12678237.0000
    0:00:45   87537.5      0.76       4.3       0.0                           12678237.0000

  Beginning Global Optimizations
  ------------------------------
  Numerical Synthesis (Phase 1)
  Numerical Synthesis (Phase 2)
  Global Optimization (Phase 1)
  Global Optimization (Phase 2)
  Global Optimization (Phase 3)
  Global Optimization (Phase 4)
  Global Optimization (Phase 5)
  Global Optimization (Phase 6)
  Global Optimization (Phase 7)
  Global Optimization (Phase 8)
  Global Optimization (Phase 9)
  Global Optimization (Phase 10)
  Global Optimization (Phase 11)
  Global Optimization (Phase 12)
  Global Optimization (Phase 13)
  Global Optimization (Phase 14)
  Global Optimization (Phase 15)
  Global Optimization (Phase 16)
  Global Optimization (Phase 17)
  Global Optimization (Phase 18)
  Global Optimization (Phase 19)
  Global Optimization (Phase 20)
  Global Optimization (Phase 21)
  Global Optimization (Phase 22)
  Global Optimization (Phase 23)
  Global Optimization (Phase 24)
  Global Optimization (Phase 25)
  Global Optimization (Phase 26)
  Global Optimization (Phase 27)
  Global Optimization (Phase 28)
  Global Optimization (Phase 29)
  Global Optimization (Phase 30)
  Global Optimization (Phase 31)
  Mapping 'EC_TOP_DP_OP_134J1_125_5085_5'

  Beginning Isolate Ports
  -----------------------

  Beginning Delay Optimization
  ----------------------------
    0:00:46   51479.4      2.82      32.4       0.0                           5262184.0000
    0:00:48   53681.4      0.00       0.0       0.0                           5711755.0000
    0:00:48   53681.4      0.00       0.0       0.0                           5711755.0000
    0:00:48   53628.2      0.00       0.0       0.0                           5701471.0000
    0:00:49   53262.3      0.80       4.5       0.0                           5667901.0000
    0:00:49   53195.8      0.94       5.3       0.0                           5663838.5000

  Beginning WLM Backend Optimization
  --------------------------------------
    0:00:50   52497.2      0.64       3.5       0.0                           5569746.5000
    0:00:51   52427.4      0.00       0.0       0.0                           5557282.5000
    0:00:51   52427.4      0.00       0.0       0.0                           5557282.5000
    0:00:51   52320.9      0.00       0.0       0.0                           5490118.5000
    0:00:51   52320.9      0.00       0.0       0.0                           5490118.5000
    0:00:51   52320.9      0.00       0.0       0.0                           5490118.5000
    0:00:51   52320.9      0.00       0.0       0.0                           5490118.5000
    0:00:51   52320.9      0.00       0.0       0.0                           5490118.5000
    0:00:51   52320.9      0.00       0.0       0.0                           5490118.5000
    0:00:51   52320.9      0.00       0.0       0.0                           5490118.5000
    0:00:51   52320.9      0.00       0.0       0.0                           5490118.5000
    0:00:51   52320.9      0.00       0.0       0.0                           5490118.5000
    0:00:51   52320.9      0.00       0.0       0.0                           5490118.5000
    0:00:51   52320.9      0.00       0.0       0.0                           5490118.5000
    0:00:51   52320.9      0.00       0.0       0.0                           5490118.5000
    0:00:51   52320.9      0.00       0.0       0.0                           5490118.5000
    0:00:51   52320.9      0.00       0.0       0.0                           5490118.5000
    0:00:51   52320.9      0.00       0.0       0.0                           5490118.5000
    0:00:51   52320.9      0.00       0.0       0.0                           5490118.5000
    0:00:51   52320.9      0.00       0.0       0.0                           5490118.5000
    0:00:51   52320.9      0.00       0.0       0.0                           5490118.5000
    0:00:51   52320.9      0.00       0.0       0.0                           5490118.5000
    0:00:51   52320.9      0.00       0.0       0.0                           5490118.5000
    0:00:51   52320.9      0.00       0.0       0.0                           5490118.5000


  Beginning Leakage Power Optimization  (max_leakage_power 0)
  ------------------------------------

                                  TOTAL                                                
   ELAPSED            WORST NEG   SETUP    DESIGN                              LEAKAGE 
    TIME      AREA      SLACK     COST    RULE COST         ENDPOINT            POWER  
  --------- --------- --------- --------- --------- ------------------------- ---------
    0:00:51   52320.9      0.00       0.0       0.0                           5490118.5000
  Global Optimization (Phase 32)
  Global Optimization (Phase 33)
  Global Optimization (Phase 34)
  Global Optimization (Phase 35)
  Global Optimization (Phase 36)
  Global Optimization (Phase 37)
  Global Optimization (Phase 38)
  Global Optimization (Phase 39)
  Global Optimization (Phase 40)
  Global Optimization (Phase 41)
  Global Optimization (Phase 42)
  Global Optimization (Phase 43)
  Global Optimization (Phase 44)
  Global Optimization (Phase 45)
  Global Optimization (Phase 46)
  Global Optimization (Phase 47)
    0:00:52   50893.9      0.00       0.0       0.0                           4901834.0000
    0:00:52   50893.9      0.00       0.0       0.0                           4901834.0000
    0:00:52   50893.9      0.00       0.0       0.0                           4901834.0000
    0:00:52   50844.0      0.00       0.0       0.0                           4897630.5000
    0:00:52   50844.0      0.00       0.0       0.0                           4897630.5000
    0:00:52   50844.0      0.00       0.0       0.0                           4897630.5000
    0:00:52   50844.0      0.00       0.0       0.0                           4897630.5000
    0:00:52   50844.0      0.00       0.0       0.0                           4897630.5000
    0:00:52   50844.0      0.00       0.0       0.0                           4897630.5000
    0:00:52   50844.0      0.00       0.0       0.0                           4897630.5000
    0:00:52   50844.0      0.00       0.0       0.0                           4897630.5000
    0:00:52   50844.0      0.00       0.0       0.0                           4897630.5000
    0:00:52   50844.0      0.00       0.0       0.0                           4897630.5000
    0:00:52   50844.0      0.00       0.0       0.0                           4897630.5000
    0:00:52   50844.0      0.00       0.0       0.0                           4897630.5000
    0:00:52   50844.0      0.00       0.0       0.0                           4897630.5000
    0:00:52   50844.0      0.00       0.0       0.0                           4897630.5000
    0:00:52   50844.0      0.00       0.0       0.0                           4897630.5000
    0:00:52   50844.0      0.00       0.0       0.0                           4897630.5000
    0:00:52   50844.0      0.00       0.0       0.0                           4897630.5000
    0:00:52   50844.0      0.00       0.0       0.0                           4897630.5000
    0:00:52   50844.0      0.00       0.0       0.0                           4897630.5000

                                  TOTAL                                                
   ELAPSED            WORST NEG   SETUP    DESIGN                              LEAKAGE 
    TIME      AREA      SLACK     COST    RULE COST         ENDPOINT            POWER  
  --------- --------- --------- --------- --------- ------------------------- ---------
    0:00:52   50844.0      0.00       0.0       0.0                           4897630.5000
    0:00:52   49170.8      0.00       0.0       0.0                           4807946.0000
    0:00:52   49170.8      0.00       0.0       0.0                           4807946.0000
    0:00:52   49170.8      0.00       0.0       0.0                           4807946.0000
    0:00:53   49170.8      0.00       0.0       0.0                           4807946.0000
    0:00:53   49180.8      0.00       0.0       0.0                           4772583.0000
    0:00:53   49180.8      0.00       0.0       0.0                           4772583.0000
    0:00:53   49180.8      0.00       0.0       0.0                           4772583.0000
    0:00:53   49180.8      0.00       0.0       0.0                           4772583.0000
    0:00:53   49180.8      0.00       0.0       0.0                           4772583.0000
    0:00:53   49180.8      0.00       0.0       0.0                           4772583.0000
    0:00:53   48598.7      0.00       0.0       0.0                           4695843.5000
Loading db file '/RAID2/COURSE/iclab/iclabta01/umc018/Synthesis/slow.db'


Note: Symbol # after min delay cost means estimated hold TNS across all active scenarios 


  Optimization Complete
  ---------------------
Information: State dependent leakage is now switched from off to on.
Information: Propagating switching activity (low effort zero delay simulation). (PWR-6)
1
# compile
#======================================================
#  Output Reports
#======================================================
report_timing >  Report/$DESIGN\.timing
report_area >  Report/$DESIGN\.area
report_resource >  Report/$DESIGN\.resource
#======================================================
#  Change Naming Rule
#======================================================
set bus_inference_style "%s\[%d\]"
%s[%d]
set bus_naming_style "%s\[%d\]"
%s[%d]
set hdlout_internal_busses true
true
change_names -hierarchy -rule verilog
1
define_name_rules name_rule -allowed "a-z A-Z 0-9 _" -max_length 255 -type cell
1
define_name_rules name_rule -allowed "a-z A-Z 0-9 _[]" -max_length 255 -type net
1
define_name_rules name_rule -map {{"\\*cell\\*" "cell"}}
1
change_names -hierarchy -rules name_rule
1
#======================================================
#  Output Results
#======================================================
set verilogout_higher_designs_first true
true
write -format verilog -output Netlist/$DESIGN\_SYN.v -hierarchy
Writing verilog file '/RAID2/COURSE/iclab/iclab105/oldarchive/Lab06/Exercise/02_SYN/Netlist/EC_TOP_SYN.v'.
1
write_sdf -version 3.0 -context verilog -load_delay cell Netlist/$DESIGN\_SYN.sdf -significant_digits 6
Information: Writing timing information to file '/RAID2/COURSE/iclab/iclab105/oldarchive/Lab06/Exercise/02_SYN/Netlist/EC_TOP_SYN.sdf'. (WT-3)
1
#======================================================
#  Finish and Quit
#======================================================
report_area
 
****************************************
Report : area
Design : EC_TOP
Version: T-2022.03
Date   : Mon Apr 24 10:52:08 2023
****************************************

Library(s) Used:

    slow (File: /RAID2/COURSE/iclab/iclabta01/umc018/Synthesis/slow.db)

Number of ports:                           52
Number of nets:                          2585
Number of cells:                         2411
Number of combinational cells:           2345
Number of sequential cells:                66
Number of macros/black boxes:               0
Number of buf/inv:                        438
Number of references:                     104

Combinational area:              43659.000652
Buf/Inv area:                     4513.924954
Noncombinational area:            4939.704018
Macro/Black Box area:                0.000000
Net Interconnect area:      undefined  (No wire load specified)

Total cell area:                 48598.704670
Total area:                 undefined
1
report_timing
 
****************************************
Report : timing
        -path full
        -delay max
        -max_paths 1
Design : EC_TOP
Version: T-2022.03
Date   : Mon Apr 24 10:52:08 2023
****************************************

Operating Conditions: slow   Library: slow
Wire Load Model Mode: top

  Startpoint: prime_reg_5_
              (rising edge-triggered flip-flop clocked by clk)
  Endpoint: s_down_reg_5_
            (rising edge-triggered flip-flop clocked by clk)
  Path Group: clk
  Path Type: max

  Point                                    Incr       Path
  -----------------------------------------------------------
  clock clk (rise edge)                    0.00       0.00
  clock network delay (ideal)              0.00       0.00
  prime_reg_5_/CK (DFFRHQX4)               0.00       0.00 r
  prime_reg_5_/Q (DFFRHQX4)                0.29       0.29 r
  U1210/Y (BUFX8)                          0.17       0.46 r
  U1735/Y (INVX4)                          0.13       0.59 f
  U1791/Y (NAND2X4)                        0.10       0.69 r
  U482/Y (NAND3X1)                         0.11       0.80 f
  U1215/Y (OAI21X2)                        0.13       0.93 r
  U1795/Y (NOR2X2)                         0.11       1.05 f
  U1804/Y (NAND2X1)                        0.14       1.18 r
  U1237/Y (BUFX8)                          0.21       1.39 r
  U1809/Y (MXI2X4)                         0.28       1.67 r
  U1559/Y (NAND2X1)                        0.12       1.79 f
  U1824/Y (NAND2X1)                        0.15       1.94 r
  U1826/Y (NAND4X1)                        0.15       2.09 f
  U1214/Y (NAND2X2)                        0.22       2.31 r
  U1497/Y (MXI2XL)                         0.22       2.52 f
  U1755/Y (MXI2X1)                         0.18       2.70 r
  U1857/Y (XOR2X1)                         0.25       2.95 f
  U756/Y (MXI2X1)                          0.20       3.15 r
  U1861/Y (NAND2X2)                        0.11       3.26 f
  U755/Y (INVX2)                           0.11       3.36 r
  U1115/Y (NOR2X2)                         0.07       3.43 f
  U473/Y (NOR4X1)                          0.29       3.72 r
  U1758/Y (NOR2X2)                         0.12       3.84 f
  U1878/Y (NAND2X1)                        0.24       4.08 r
  U748/S (ADDFHX2)                         0.44       4.52 f
  U1086/Y (NOR2X1)                         0.15       4.68 r
  U1894/Y (INVX1)                          0.09       4.77 f
  U1896/Y (NAND2X1)                        0.12       4.89 r
  U1897/Y (XNOR2X2)                        0.31       5.19 r
  U1072/Y (BUFX8)                          0.18       5.37 r
  U1067/Y (INVX4)                          0.09       5.46 f
  U1902/Y (NAND2X1)                        0.16       5.62 r
  U1062/Y (INVXL)                          0.07       5.69 f
  U1910/Y (NAND2X1)                        0.17       5.86 r
  U1741/Y (NAND3BX1)                       0.14       6.00 f
  U1934/Y (NAND2X1)                        0.11       6.11 r
  U1941/Y (OAI211X1)                       0.14       6.24 f
  U1942/Y (OAI21X2)                        0.17       6.41 r
  U1739/Y (MXI2X1)                         0.33       6.74 f
  U1951/Y (NAND2X2)                        0.15       6.88 r
  U1961/Y (NAND4X1)                        0.13       7.01 f
  U1963/Y (OAI211X1)                       0.16       7.16 r
  U1964/Y (OAI22X2)                        0.19       7.36 f
  U1987/Y (AOI22XL)                        0.23       7.59 r
  U447/S (ADDFX2)                          0.64       8.23 f
  U2011/S (ADDFX1)                         0.38       8.61 r
  U1016/Y (NAND2BX2)                       0.19       8.80 r
  U2020/Y (NAND2X2)                        0.10       8.90 f
  U1234/Y (XNOR2X4)                        0.38       9.28 r
  U488/Y (INVXL)                           0.18       9.46 f
  U2030/Y (NAND2XL)                        0.14       9.60 r
  U2031/Y (AOI2BB1X2)                      0.23       9.83 r
  U2039/Y (INVX1)                          0.10       9.94 f
  U1243/Y (OAI2BB1XL)                      0.21      10.15 f
  U2041/Y (INVXL)                          0.10      10.25 r
  U2045/Y (OAI211X1)                       0.15      10.40 f
  U2076/Y (NAND2X1)                        0.17      10.57 r
  U2088/Y (NAND4X2)                        0.21      10.78 f
  U1577/Y (NAND2XL)                        0.16      10.94 r
  U2097/S (ADDFHX1)                        0.38      11.32 f
  U2099/Y (NOR2X1)                         0.15      11.47 r
  U1399/Y (INVXL)                          0.07      11.55 f
  U1398/Y (NAND2X1)                        0.10      11.64 r
  U940/Y (XNOR2X1)                         0.25      11.89 f
  U1527/Y (NAND2BXL)                       0.21      12.10 f
  U2106/Y (AOI2BB1X2)                      0.27      12.37 f
  U2121/Y (NAND2XL)                        0.16      12.52 r
  U2122/Y (NAND4X2)                        0.17      12.69 f
  U2124/Y (NAND2X4)                        0.15      12.84 r
  U2125/Y (INVX2)                          0.07      12.90 f
  U433/Y (NAND2X1)                         0.20      13.11 r
  U644/Y (AOI2BB2XL)                       0.21      13.31 r
  U892/Y (NAND2XL)                         0.09      13.41 f
  U2134/Y (OAI2BB1X4)                      0.25      13.66 f
  U2161/Y (OAI21X4)                        0.25      13.91 r
  U2180/Y (NAND2X4)                        0.10      14.00 f
  U2181/Y (NOR2X4)                         0.11      14.12 r
  U2182/Y (INVX2)                          0.10      14.22 f
  U2187/Y (NAND2X4)                        0.11      14.33 r
  U2188/Y (NAND2X4)                        0.09      14.42 f
  U639/Y (INVX2)                           0.11      14.53 r
  U2192/Y (AND2X1)                         0.22      14.75 r
  U1744/Y (OAI2BB2X1)                      0.26      15.02 r
  U2204/Y (CLKINVX2)                       0.11      15.12 f
  U2205/Y (NAND3X1)                        0.16      15.28 r
  U2206/Y (NAND2X1)                        0.10      15.38 f
  U635/Y (INVX1)                           0.11      15.49 r
  U843/Y (NAND2X1)                         0.11      15.60 f
  U842/Y (NAND3XL)                         0.14      15.74 r
  U2208/Y (OAI211X1)                       0.16      15.90 f
  U2211/Y (XOR2X2)                         0.26      16.16 f
  U830/Y (INVX1)                           0.08      16.24 r
  U827/Y (NAND2X1)                         0.07      16.31 f
  U416/Y (NAND2X1)                         0.34      16.65 r
  U528/Y (INVX1)                           0.07      16.72 f
  U628/Y (NAND2X1)                         0.13      16.85 r
  U820/Y (MXI2X2)                          0.20      17.05 f
  U1240/Y (NOR2X4)                         0.17      17.22 r
  U817/Y (NAND2X1)                         0.11      17.32 f
  U813/Y (AOI2BB2X1)                       0.22      17.54 r
  U2366/Y (NAND2XL)                        0.10      17.64 f
  U2367/Y (NAND2X1)                        0.14      17.78 r
  U2368/Y (NAND2X1)                        0.10      17.88 f
  U2369/Y (NAND2X1)                        0.12      18.00 r
  U2656/Y (OAI21X1)                        0.11      18.11 f
  U521/Y (NAND4XL)                         0.14      18.25 r
  U2662/Y (NOR2BX2)                        0.17      18.41 r
  U1723/Y (OAI21XL)                        0.09      18.50 f
  s_down_reg_5_/D (DFFRHQX2)               0.00      18.50 f
  data arrival time                                  18.50

  clock clk (rise edge)                   18.90      18.90
  clock network delay (ideal)              0.00      18.90
  s_down_reg_5_/CK (DFFRHQX2)              0.00      18.90 r
  library setup time                      -0.39      18.51
  data required time                                 18.51
  -----------------------------------------------------------
  data required time                                 18.51
  data arrival time                                 -18.50
  -----------------------------------------------------------
  slack (MET)                                         0.01


1
exit

Memory usage for this session 374 Mbytes.
Memory usage for this session including child processes 374 Mbytes.
CPU usage for this session 54 seconds ( 0.01 hours ).
Elapsed time for this session 60 seconds ( 0.02 hours ).

Thank you...
