
                           Design Compiler Graphical 
                                 DC Ultra (TM)
                                  DFTMAX (TM)
                              Power Compiler (TM)
                                 DesignWare (R)
                                 DC Expert (TM)
                               Design Vision (TM)
                               HDL Compiler (TM)
                               VHDL Compiler (TM)
                                  DFT Compiler
                               Design Compiler(R)

                 Version T-2022.03 for linux64 - Feb 22, 2022 

                    Copyright (c) 1988 - 2022 Synopsys, Inc.
   This software and the associated documentation are proprietary to Synopsys,
 Inc. This software may only be used in accordance with the terms and conditions
 of a written license agreement with Synopsys, Inc. All other use, reproduction,
   or distribution of this software is strictly prohibited.  Licensed Products
     communicate with Synopsys servers for the purpose of providing software
    updates, detecting software piracy and verifying that customers are using
    Licensed Products in conformity with the applicable License Key for such
  Licensed Products. Synopsys will use information gathered in connection with
    this process to deliver software updates and pursue software pirates and
                                   infringers.

 Inclusivity & Diversity - Visit SolvNetPlus to read the "Synopsys Statement on
            Inclusivity and Diversity" (Refer to article 000036315 at
                        https://solvnetplus.synopsys.com)
Initializing...
#======================================================
#
# Synopsys Synthesis Scripts (Design Vision dctcl mode)
#
#======================================================
#======================================================
#  Set Libraries
#======================================================
set search_path {./../01_RTL \
                   ~iclabta01/umc018/Synthesis}
./../01_RTL  ~iclabta01/umc018/Synthesis
#/usr/syn/libraries/syn/ \
                   #/usr/syn/dw/ }
set synthetic_library {dw_foundation.sldb}
dw_foundation.sldb
set link_library {* dw_foundation.sldb standard.sldb slow.db}
* dw_foundation.sldb standard.sldb slow.db
set target_library {slow.db}
slow.db
#======================================================
#  Global Parameters
#======================================================
set DESIGN "CORE"
CORE
set MAX_Delay 30
30
#======================================================
#  Read RTL Code
#======================================================
read_sverilog $DESIGN.v
Loading db file '/usr/cad/synopsys/synthesis/2022.03/libraries/syn/dw_foundation.sldb'
Loading db file '/usr/cad/synopsys/synthesis/2022.03/libraries/syn/standard.sldb'
Loading db file '/RAID2/COURSE/iclab/iclabta01/umc018/Synthesis/slow.db'
Loading db file '/usr/cad/synopsys/synthesis/2022.03/libraries/syn/gtech.db'
  Loading link library 'slow'
  Loading link library 'gtech'
Loading sverilog file '/RAID2/COURSE/iclab/iclab105/oldarchive/Lab01/Practice/01_RTL/CORE.v'
Detecting input file type automatically (-rtl or -netlist).
Reading with Presto HDL Compiler (equivalent to -rtl option).
Running PRESTO HDLC
Compiling source file /RAID2/COURSE/iclab/iclab105/oldarchive/Lab01/Practice/01_RTL/CORE.v
Presto compilation completed successfully.
Current design is now '/RAID2/COURSE/iclab/iclab105/oldarchive/Lab01/Practice/01_RTL/CORE.db:CORE'
Loaded 3 designs.
Current design is 'CORE'.
CORE HA FA
current_design $DESIGN
Current design is 'CORE'.
{CORE}
#======================================================
#  Global Setting
#======================================================
#set_operating_conditions -max slow -min fast
#======================================================
#  Set Design Constraints
#======================================================
set_max_delay $MAX_Delay -from [all_inputs] -to [all_outputs]
1
#======================================================
#  Optimization
#======================================================
uniquify
Information: Uniquified 3 instances of design 'FA'. (OPT-1056)
Information: Uniquified 6 instances of design 'HA'. (OPT-1056)
1
set_fix_multiple_port_nets -all -buffer_constants
1
compile_ultra
Information: Performing power optimization. (PWR-850)
Analyzing: "/RAID2/COURSE/iclab/iclabta01/umc018/Synthesis/slow.db"
Library analysis succeeded.
Information: Evaluating DesignWare library utilization. (UISN-27)

============================================================================
| DesignWare Building Block Library  |         Version         | Available |
============================================================================
| Basic DW Building Blocks           | S-2021.06-DWBB_202106.0 |     *     |
| Licensed DW Building Blocks        | S-2021.06-DWBB_202106.0 |     *     |
============================================================================

====================================================================================================
| Flow Information                                                                                 |
----------------------------------------------------------------------------------------------------
| Flow         | Design Compiler WLM                                                               |
| Comand line  | compile_ultra                                                                     |
====================================================================================================
| Design Information                                      | Value                                  |
====================================================================================================
| Number of Scenarios                                     | 0                                      |
| Leaf Cell Count                                         | 19                                     |
| Number of User Hierarchies                              | 9                                      |
| Sequential Cell Count                                   | 0                                      |
| Macro Count                                             | 0                                      |
| Number of Power Domains                                 | 0                                      |
| Number of Path Groups                                   | 1                                      |
| Number of VT class                                      | 0                                      |
| Number of Clocks                                        | 0                                      |
| Number of Dont Touch cells                              | 0                                      |
| Number of Dont Touch nets                               | 0                                      |
| Number of size only cells                               | 0                                      |
| Design with UPF Data                                    | false                                  |
----------------------------------------------------------------------------------------------------
| Variables                                               | Value                                  |
----------------------------------------------------------------------------------------------------
| set_fix_multiple_port_nets                              | -all -buffer_constants                 |
====================================================================================================
Information: Sequential output inversion is enabled.  SVF file must be used for formal verification. (OPT-1208)
  Simplifying Design 'CORE'

Loaded alib file './alib-52/slow.db.alib'
  Building model 'DW01_NAND2'
Information: Ungrouping hierarchy full_adder0 before Pass 1 (OPT-776)
Information: Ungrouping hierarchy full_adder2 before Pass 1 (OPT-776)
Information: Ungrouping hierarchy full_adder1 before Pass 1 (OPT-776)
Information: Ungrouping hierarchy full_adder0/M1 before Pass 1 (OPT-776)
Information: Ungrouping hierarchy full_adder2/M2 before Pass 1 (OPT-776)
Information: Ungrouping hierarchy full_adder2/M1 before Pass 1 (OPT-776)
Information: Ungrouping hierarchy full_adder1/M2 before Pass 1 (OPT-776)
Information: Ungrouping hierarchy full_adder1/M1 before Pass 1 (OPT-776)
Information: Ungrouping hierarchy full_adder0/M2 before Pass 1 (OPT-776)
Information: Ungrouping 9 of 10 hierarchies before Pass 1 (OPT-775)
Information: State dependent leakage is now switched from on to off.

  Beginning Pass 1 Mapping
  ------------------------
  Processing 'CORE'

  Updating timing information
Information: Updating design information... (UID-85)
Information: The library cell 'HOLDX1' in the library 'slow' is not characterized for internal power. (PWR-536)
Information: The target library(s) contains cell(s), other than black boxes, that are not characterized for internal power. (PWR-24)

  Beginning Mapping Optimizations  (Ultra High effort)
  -------------------------------
Information: There is no timing violation in design CORE. Delay-based auto_ungroup will not be performed. (OPT-780)

                                  TOTAL                                                
   ELAPSED            WORST NEG   SETUP    DESIGN                              LEAKAGE 
    TIME      AREA      SLACK     COST    RULE COST         ENDPOINT            POWER  
  --------- --------- --------- --------- --------- ------------------------- ---------
    0:00:01     322.7      0.00       0.0       0.0                           44814.6328
    0:00:01     322.7      0.00       0.0       0.0                           44814.6328

  Beginning Constant Register Removal
  -----------------------------------
    0:00:01     322.7      0.00       0.0       0.0                           44814.6328
    0:00:01     322.7      0.00       0.0       0.0                           44814.6328

  Beginning Global Optimizations
  ------------------------------
  Numerical Synthesis (Phase 1)
  Numerical Synthesis (Phase 2)
  Global Optimization (Phase 1)
  Global Optimization (Phase 2)
  Global Optimization (Phase 3)
  Global Optimization (Phase 4)
  Global Optimization (Phase 5)
  Global Optimization (Phase 6)
  Global Optimization (Phase 7)
  Global Optimization (Phase 8)
  Global Optimization (Phase 9)
  Global Optimization (Phase 10)
  Global Optimization (Phase 11)
  Global Optimization (Phase 12)
  Global Optimization (Phase 13)
  Global Optimization (Phase 14)
  Global Optimization (Phase 15)
  Global Optimization (Phase 16)
  Global Optimization (Phase 17)
  Global Optimization (Phase 18)
  Global Optimization (Phase 19)
  Global Optimization (Phase 20)
  Global Optimization (Phase 21)
  Global Optimization (Phase 22)
  Global Optimization (Phase 23)
  Global Optimization (Phase 24)
  Global Optimization (Phase 25)
  Global Optimization (Phase 26)
  Global Optimization (Phase 27)
  Global Optimization (Phase 28)

  Beginning Isolate Ports
  -----------------------

  Beginning Delay Optimization
  ----------------------------
    0:00:02     322.7      0.00       0.0       0.0                           39169.2734
    0:00:02     322.7      0.00       0.0       0.0                           39169.2734
    0:00:02     322.7      0.00       0.0       0.0                           39169.2734
    0:00:02     322.7      0.00       0.0       0.0                           39169.2734
    0:00:02     322.7      0.00       0.0       0.0                           39169.2734
    0:00:02     322.7      0.00       0.0       0.0                           39169.2734

  Beginning WLM Backend Optimization
  --------------------------------------
    0:00:02     322.7      0.00       0.0       0.0                           38647.0938
    0:00:02     322.7      0.00       0.0       0.0                           38647.0938
    0:00:02     322.7      0.00       0.0       0.0                           38647.0938
    0:00:02     322.7      0.00       0.0       0.0                           37193.0820
    0:00:02     322.7      0.00       0.0       0.0                           37193.0820
    0:00:02     322.7      0.00       0.0       0.0                           37193.0820
    0:00:02     322.7      0.00       0.0       0.0                           37193.0820
    0:00:02     322.7      0.00       0.0       0.0                           37193.0820
    0:00:02     322.7      0.00       0.0       0.0                           37193.0820
    0:00:02     322.7      0.00       0.0       0.0                           37193.0820
    0:00:02     322.7      0.00       0.0       0.0                           37193.0820
    0:00:02     322.7      0.00       0.0       0.0                           37193.0820
    0:00:02     322.7      0.00       0.0       0.0                           37193.0820
    0:00:02     322.7      0.00       0.0       0.0                           37193.0820
    0:00:02     322.7      0.00       0.0       0.0                           37193.0820
    0:00:02     322.7      0.00       0.0       0.0                           37193.0820
    0:00:02     322.7      0.00       0.0       0.0                           37193.0820
    0:00:02     322.7      0.00       0.0       0.0                           37193.0820
    0:00:02     322.7      0.00       0.0       0.0                           37193.0820
    0:00:02     322.7      0.00       0.0       0.0                           37193.0820
    0:00:02     322.7      0.00       0.0       0.0                           37193.0820
    0:00:02     322.7      0.00       0.0       0.0                           37193.0820
    0:00:02     322.7      0.00       0.0       0.0                           37193.0820
    0:00:02     322.7      0.00       0.0       0.0                           37193.0820


  Beginning Leakage Power Optimization  (max_leakage_power 0)
  ------------------------------------

                                  TOTAL                                                
   ELAPSED            WORST NEG   SETUP    DESIGN                              LEAKAGE 
    TIME      AREA      SLACK     COST    RULE COST         ENDPOINT            POWER  
  --------- --------- --------- --------- --------- ------------------------- ---------
    0:00:02     322.7      0.00       0.0       0.0                           37193.0820
  Global Optimization (Phase 29)
  Global Optimization (Phase 30)
  Global Optimization (Phase 31)
  Global Optimization (Phase 32)
  Global Optimization (Phase 33)
  Global Optimization (Phase 34)
  Global Optimization (Phase 35)
  Global Optimization (Phase 36)
  Global Optimization (Phase 37)
  Global Optimization (Phase 38)
    0:00:02     322.7      0.00       0.0       0.0                           37193.0820
    0:00:02     322.7      0.00       0.0       0.0                           37193.0820
    0:00:02     322.7      0.00       0.0       0.0                           37193.0820
    0:00:02     322.7      0.00       0.0       0.0                           37193.0820
    0:00:02     322.7      0.00       0.0       0.0                           37193.0820
    0:00:02     322.7      0.00       0.0       0.0                           37193.0820
    0:00:02     322.7      0.00       0.0       0.0                           37193.0820
    0:00:02     322.7      0.00       0.0       0.0                           37193.0820
    0:00:02     322.7      0.00       0.0       0.0                           37193.0820
    0:00:02     322.7      0.00       0.0       0.0                           37193.0820
    0:00:02     322.7      0.00       0.0       0.0                           37193.0820
    0:00:02     322.7      0.00       0.0       0.0                           37193.0820
    0:00:02     322.7      0.00       0.0       0.0                           37193.0820
    0:00:02     322.7      0.00       0.0       0.0                           37193.0820
    0:00:02     322.7      0.00       0.0       0.0                           37193.0820
    0:00:02     322.7      0.00       0.0       0.0                           37193.0820
    0:00:02     322.7      0.00       0.0       0.0                           37193.0820
    0:00:02     322.7      0.00       0.0       0.0                           37193.0820
    0:00:02     322.7      0.00       0.0       0.0                           37193.0820
    0:00:02     322.7      0.00       0.0       0.0                           37193.0820
    0:00:02     322.7      0.00       0.0       0.0                           37193.0820
    0:00:02     322.7      0.00       0.0       0.0                           37193.0820

                                  TOTAL                                                
   ELAPSED            WORST NEG   SETUP    DESIGN                              LEAKAGE 
    TIME      AREA      SLACK     COST    RULE COST         ENDPOINT            POWER  
  --------- --------- --------- --------- --------- ------------------------- ---------
    0:00:02     322.7      0.00       0.0       0.0                           37193.0820
    0:00:02     322.7      0.00       0.0       0.0                           37193.0820
    0:00:02     322.7      0.00       0.0       0.0                           37193.0820
    0:00:02     322.7      0.00       0.0       0.0                           37193.0820
    0:00:02     322.7      0.00       0.0       0.0                           37193.0820
    0:00:02     322.7      0.00       0.0       0.0                           37193.0820
    0:00:02     322.7      0.00       0.0       0.0                           37193.0820
    0:00:02     322.7      0.00       0.0       0.0                           37193.0820
    0:00:02     322.7      0.00       0.0       0.0                           37193.0820
    0:00:02     322.7      0.00       0.0       0.0                           37193.0820
    0:00:02     322.7      0.00       0.0       0.0                           37193.0820
Loading db file '/RAID2/COURSE/iclab/iclabta01/umc018/Synthesis/slow.db'


Note: Symbol # after min delay cost means estimated hold TNS across all active scenarios 


  Optimization Complete
  ---------------------
Information: State dependent leakage is now switched from off to on.
Information: Propagating switching activity (low effort zero delay simulation). (PWR-6)
Warning: There is no defined clock in the design. (PWR-80)
1
#======================================================
#  Output Reports 
#======================================================
report_timing >  Report/$DESIGN\.timing
report_area >  Report/$DESIGN\.area
report_resource >  Report/$DESIGN\.resource
#======================================================
#  Change Naming Rule
#======================================================
set bus_inference_style "%s\[%d\]"
%s[%d]
set bus_naming_style "%s\[%d\]"
%s[%d]
set hdlout_internal_busses true
true
change_names -hierarchy -rule verilog
1
define_name_rules name_rule -allowed "a-z A-Z 0-9 _" -max_length 255 -type cell
1
define_name_rules name_rule -allowed "a-z A-Z 0-9 _[]" -max_length 255 -type net
1
define_name_rules name_rule -map {{"\\*cell\\*" "cell"}}
1
change_names -hierarchy -rules name_rule
1
#======================================================
#  Output Results
#======================================================
set verilogout_higher_designs_first true
true
write -format verilog -output Netlist/$DESIGN\_SYN.v -hierarchy
Writing verilog file '/RAID2/COURSE/iclab/iclab105/oldarchive/Lab01/Practice/02_SYN/Netlist/CORE_SYN.v'.
1
write_sdf -version 2.1 -context verilog -load_delay cell Netlist/$DESIGN\_SYN.sdf
Information: Writing timing information to file '/RAID2/COURSE/iclab/iclab105/oldarchive/Lab01/Practice/02_SYN/Netlist/CORE_SYN.sdf'. (WT-3)
1
#======================================================
#  Finish and Quit
#======================================================
exit

Memory usage for this session 186 Mbytes.
Memory usage for this session including child processes 186 Mbytes.
CPU usage for this session 52 seconds ( 0.01 hours ).
Elapsed time for this session 57 seconds ( 0.02 hours ).

Thank you...
