irun(64): 15.20-s084: (c) Copyright 1995-2020 Cadence Design Systems, Inc.
TOOL:	irun(64)	15.20-s084: Started on Apr 21, 2023 at 00:34:25 CST
irun
	TESTBED.v
	-define RTL
	-debug
	-notimingchecks
	-loadpli1 debpli:novas_pli_boot
Loading snapshot worklib.TESTBED:v .................... Done
*Verdi* Loading libsscore_ius152.so
ncsim> source /usr/cad/cadence/INCISIV/INCISIVE_15.20.084/tools/inca/files/ncsimrc
ncsim> run
FSDB Dumper for IUS, Release Verdi_P-2019.06, Linux x86_64/64bit, 05/26/2019
(C) 1996 - 2019 by Synopsys, Inc.
*Verdi* FSDB WARNING: The FSDB file already exists. Overwriting the FSDB file may crash the programs that are using this file.
*Verdi* : Create FSDB file 'IP.fsdb'
*Verdi* : Begin traversing the scopes, layer (0).
*Verdi* : End of traversing.
*Verdi* : Begin traversing the scopes, layer (0).
*Verdi* : Enable +mda dumping.
*Verdi* : End of traversing.
[0;34mPASS PATTERN NO.   1, COMMAND NO.   1[m [0;32mexecution cycle :  65[m
[0;34mPASS PATTERN NO.   2, COMMAND NO.   1[m [0;32mexecution cycle :  65[m
[0;34mPASS PATTERN NO.   2, COMMAND NO.   2[m [0;32mexecution cycle :  65[m
[0;34mPASS PATTERN NO.   3, COMMAND NO.   1[m [0;32mexecution cycle :  65[m
[0;34mPASS PATTERN NO.   4, COMMAND NO.   1[m [0;32mexecution cycle :  65[m
[0;34mPASS PATTERN NO.   5, COMMAND NO.   1[m [0;32mexecution cycle :  65[m
[0;34mPASS PATTERN NO.   6, COMMAND NO.   1[m [0;32mexecution cycle :  65[m
[0;34mPASS PATTERN NO.   6, COMMAND NO.   2[m [0;32mexecution cycle :  65[m
[0;34mPASS PATTERN NO.   7, COMMAND NO.   1[m [0;32mexecution cycle :  65[m
[0;34mPASS PATTERN NO.   8, COMMAND NO.   1[m [0;32mexecution cycle :  65[m
[0;34mPASS PATTERN NO.   8, COMMAND NO.   2[m [0;32mexecution cycle :  65[m
[0;34mPASS PATTERN NO.   9, COMMAND NO.   1[m [0;32mexecution cycle :  65[m
[0;34mPASS PATTERN NO.   9, COMMAND NO.   2[m [0;32mexecution cycle :  65[m
[0;34mPASS PATTERN NO.   9, COMMAND NO.   3[m [0;32mexecution cycle :  65[m
[0;34mPASS PATTERN NO.   9, COMMAND NO.   4[m [0;32mexecution cycle :  65[m
[0;34mPASS PATTERN NO.  10, COMMAND NO.   1[m [0;32mexecution cycle :  65[m
[0;34mPASS PATTERN NO.  10, COMMAND NO.   2[m [0;32mexecution cycle :  65[m
[0;34mPASS PATTERN NO.  11, COMMAND NO.   1[m [0;32mexecution cycle :  65[m
[0;34mPASS PATTERN NO.  12, COMMAND NO.   1[m [0;32mexecution cycle :  65[m
[0;34mPASS PATTERN NO.  13, COMMAND NO.   1[m [0;32mexecution cycle :  65[m
[0;34mPASS PATTERN NO.  14, COMMAND NO.   1[m [0;32mexecution cycle :  65[m
[0;34mPASS PATTERN NO.  14, COMMAND NO.   2[m [0;32mexecution cycle :  65[m
[0;34mPASS PATTERN NO.  14, COMMAND NO.   3[m [0;32mexecution cycle :  65[m
[0;34mPASS PATTERN NO.  14, COMMAND NO.   4[m [0;32mexecution cycle :  65[m
[0;34mPASS PATTERN NO.  15, COMMAND NO.   1[m [0;32mexecution cycle :  65[m
[0;34mPASS PATTERN NO.  15, COMMAND NO.   2[m [0;32mexecution cycle :  65[m
[0;34mPASS PATTERN NO.  15, COMMAND NO.   3[m [0;32mexecution cycle :  65[m
[0;34mPASS PATTERN NO.  16, COMMAND NO.   1[m [0;32mexecution cycle :  65[m
[0;34mPASS PATTERN NO.  16, COMMAND NO.   2[m [0;32mexecution cycle :  65[m
[0;34mPASS PATTERN NO.  16, COMMAND NO.   3[m [0;32mexecution cycle :  65[m
[0;34mPASS PATTERN NO.  17, COMMAND NO.   1[m [0;32mexecution cycle :  65[m
[0;34mPASS PATTERN NO.  17, COMMAND NO.   2[m [0;32mexecution cycle :  65[m
[0;34mPASS PATTERN NO.  17, COMMAND NO.   3[m [0;32mexecution cycle :  65[m
[0;34mPASS PATTERN NO.  17, COMMAND NO.   4[m [0;32mexecution cycle :  65[m
[0;34mPASS PATTERN NO.  18, COMMAND NO.   1[m [0;32mexecution cycle :  65[m
[0;34mPASS PATTERN NO.  19, COMMAND NO.   1[m [0;32mexecution cycle :  65[m
[0;34mPASS PATTERN NO.  19, COMMAND NO.   2[m [0;32mexecution cycle :  65[m
[0;34mPASS PATTERN NO.  19, COMMAND NO.   3[m [0;32mexecution cycle :  65[m
[0;34mPASS PATTERN NO.  19, COMMAND NO.   4[m [0;32mexecution cycle :  65[m
[0;34mPASS PATTERN NO.  20, COMMAND NO.   1[m [0;32mexecution cycle :  65[m
[0;34mPASS PATTERN NO.  20, COMMAND NO.   2[m [0;32mexecution cycle :  65[m
[0;34mPASS PATTERN NO.  21, COMMAND NO.   1[m [0;32mexecution cycle :  65[m
[0;34mPASS PATTERN NO.  22, COMMAND NO.   1[m [0;32mexecution cycle :  65[m
[0;34mPASS PATTERN NO.  22, COMMAND NO.   2[m [0;32mexecution cycle :  65[m
[0;34mPASS PATTERN NO.  22, COMMAND NO.   3[m [0;32mexecution cycle :  65[m
[0;34mPASS PATTERN NO.  23, COMMAND NO.   1[m [0;32mexecution cycle :  65[m
[0;34mPASS PATTERN NO.  24, COMMAND NO.   1[m [0;32mexecution cycle :  65[m
[0;34mPASS PATTERN NO.  25, COMMAND NO.   1[m [0;32mexecution cycle :  65[m
[0;34mPASS PATTERN NO.  26, COMMAND NO.   1[m [0;32mexecution cycle :  65[m
[0;34mPASS PATTERN NO.  26, COMMAND NO.   2[m [0;32mexecution cycle :  65[m
[0;34mPASS PATTERN NO.  27, COMMAND NO.   1[m [0;32mexecution cycle :  65[m
[0;34mPASS PATTERN NO.  27, COMMAND NO.   2[m [0;32mexecution cycle :  65[m
[0;34mPASS PATTERN NO.  27, COMMAND NO.   3[m [0;32mexecution cycle :  65[m
[0;34mPASS PATTERN NO.  28, COMMAND NO.   1[m [0;32mexecution cycle :  65[m
[0;34mPASS PATTERN NO.  28, COMMAND NO.   2[m [0;32mexecution cycle :  65[m
[0;34mPASS PATTERN NO.  28, COMMAND NO.   3[m [0;32mexecution cycle :  65[m
[0;34mPASS PATTERN NO.  28, COMMAND NO.   4[m [0;32mexecution cycle :  65[m
[0;34mPASS PATTERN NO.  29, COMMAND NO.   1[m [0;32mexecution cycle :  65[m
[0;34mPASS PATTERN NO.  29, COMMAND NO.   2[m [0;32mexecution cycle :  65[m
[0;34mPASS PATTERN NO.  30, COMMAND NO.   1[m [0;32mexecution cycle :  65[m
[0;34mPASS PATTERN NO.  31, COMMAND NO.   1[m [0;32mexecution cycle :  65[m
[0;34mPASS PATTERN NO.  31, COMMAND NO.   2[m [0;32mexecution cycle :  65[m
[0;34mPASS PATTERN NO.  31, COMMAND NO.   3[m [0;32mexecution cycle :  65[m
[0;34mPASS PATTERN NO.  32, COMMAND NO.   1[m [0;32mexecution cycle :  65[m
[0;34mPASS PATTERN NO.  33, COMMAND NO.   1[m [0;32mexecution cycle :  65[m
[0;34mPASS PATTERN NO.  33, COMMAND NO.   2[m [0;32mexecution cycle :  65[m
[0;34mPASS PATTERN NO.  34, COMMAND NO.   1[m [0;32mexecution cycle :  65[m
[0;34mPASS PATTERN NO.  35, COMMAND NO.   1[m [0;32mexecution cycle :  65[m
[0;34mPASS PATTERN NO.  36, COMMAND NO.   1[m [0;32mexecution cycle :  65[m
[0;34mPASS PATTERN NO.  36, COMMAND NO.   2[m [0;32mexecution cycle :  65[m
[0;34mPASS PATTERN NO.  37, COMMAND NO.   1[m [0;32mexecution cycle :  65[m
[0;34mPASS PATTERN NO.  37, COMMAND NO.   2[m [0;32mexecution cycle :  65[m
[0;34mPASS PATTERN NO.  37, COMMAND NO.   3[m [0;32mexecution cycle :  65[m
[0;34mPASS PATTERN NO.  37, COMMAND NO.   4[m [0;32mexecution cycle :  65[m
[0;34mPASS PATTERN NO.  38, COMMAND NO.   1[m [0;32mexecution cycle :  65[m
[0;34mPASS PATTERN NO.  39, COMMAND NO.   1[m [0;32mexecution cycle :  65[m
[0;34mPASS PATTERN NO.  39, COMMAND NO.   2[m [0;32mexecution cycle :  65[m
[0;34mPASS PATTERN NO.  40, COMMAND NO.   1[m [0;32mexecution cycle :  65[m
[0;34mPASS PATTERN NO.  41, COMMAND NO.   1[m [0;32mexecution cycle :  65[m
[0;34mPASS PATTERN NO.  41, COMMAND NO.   2[m [0;32mexecution cycle :  65[m
[0;34mPASS PATTERN NO.  42, COMMAND NO.   1[m [0;32mexecution cycle :  65[m
[0;34mPASS PATTERN NO.  43, COMMAND NO.   1[m [0;32mexecution cycle :  65[m
[0;34mPASS PATTERN NO.  43, COMMAND NO.   2[m [0;32mexecution cycle :  65[m
[0;34mPASS PATTERN NO.  43, COMMAND NO.   3[m [0;32mexecution cycle :  65[m
[0;34mPASS PATTERN NO.  43, COMMAND NO.   4[m [0;32mexecution cycle :  65[m
[0;34mPASS PATTERN NO.  43, COMMAND NO.   5[m [0;32mexecution cycle :  65[m
[0;34mPASS PATTERN NO.  43, COMMAND NO.   6[m [0;32mexecution cycle :  65[m
[0;34mPASS PATTERN NO.  43, COMMAND NO.   7[m [0;32mexecution cycle :  65[m
[0;34mPASS PATTERN NO.  43, COMMAND NO.   8[m [0;32mexecution cycle :  65[m
[0;34mPASS PATTERN NO.  43, COMMAND NO.   9[m [0;32mexecution cycle :  65[m
[0;34mPASS PATTERN NO.  44, COMMAND NO.   1[m [0;32mexecution cycle :  65[m
[0;34mPASS PATTERN NO.  44, COMMAND NO.   2[m [0;32mexecution cycle :  65[m
[0;34mPASS PATTERN NO.  44, COMMAND NO.   3[m [0;32mexecution cycle :  65[m
[0;34mPASS PATTERN NO.  45, COMMAND NO.   1[m [0;32mexecution cycle :  65[m
[0;34mPASS PATTERN NO.  45, COMMAND NO.   2[m [0;32mexecution cycle :  65[m
[0;34mPASS PATTERN NO.  45, COMMAND NO.   3[m [0;32mexecution cycle :  65[m
[0;34mPASS PATTERN NO.  46, COMMAND NO.   1[m [0;32mexecution cycle :  65[m
[0;34mPASS PATTERN NO.  47, COMMAND NO.   1[m [0;32mexecution cycle :  65[m
[0;34mPASS PATTERN NO.  48, COMMAND NO.   1[m [0;32mexecution cycle :  65[m
[0;34mPASS PATTERN NO.  49, COMMAND NO.   1[m [0;32mexecution cycle :  65[m
[0;34mPASS PATTERN NO.  49, COMMAND NO.   2[m [0;32mexecution cycle :  65[m
[0;34mPASS PATTERN NO.  49, COMMAND NO.   3[m [0;32mexecution cycle :  65[m
[0;34mPASS PATTERN NO.  50, COMMAND NO.   1[m [0;32mexecution cycle :  65[m
--------------------------------------------------------------------
                         Congratulations!                           
                You have passed all [0;32m 50[0;37m patterns!                   
--------------------------------------------------------------------
Simulation complete via $finish(1) at time 338010 NS + 0
./PATTERN.v:169     $finish;
ncsim> exit
TOOL:	irun(64)	15.20-s084: Exiting on Apr 21, 2023 at 00:34:29 CST  (total: 00:00:04)
