
                           Design Compiler Graphical 
                                 DC Ultra (TM)
                                  DFTMAX (TM)
                              Power Compiler (TM)
                                 DesignWare (R)
                                 DC Expert (TM)
                               Design Vision (TM)
                               HDL Compiler (TM)
                               VHDL Compiler (TM)
                                  DFT Compiler
                               Design Compiler(R)

                 Version T-2022.03 for linux64 - Feb 22, 2022 

                    Copyright (c) 1988 - 2022 Synopsys, Inc.
   This software and the associated documentation are proprietary to Synopsys,
 Inc. This software may only be used in accordance with the terms and conditions
 of a written license agreement with Synopsys, Inc. All other use, reproduction,
   or distribution of this software is strictly prohibited.  Licensed Products
     communicate with Synopsys servers for the purpose of providing software
    updates, detecting software piracy and verifying that customers are using
    Licensed Products in conformity with the applicable License Key for such
  Licensed Products. Synopsys will use information gathered in connection with
    this process to deliver software updates and pursue software pirates and
                                   infringers.

 Inclusivity & Diversity - Visit SolvNetPlus to read the "Synopsys Statement on
            Inclusivity and Diversity" (Refer to article 000036315 at
                        https://solvnetplus.synopsys.com)
Initializing...
#======================================================
#
# Synopsys Synthesis Scripts (Design Vision dctcl mode)
#
#======================================================
#======================================================
#  Set Libraries
#======================================================
set search_path {	./../01_RTL \
					~iclabta01/umc018/Synthesis/ \
					/usr/synthesis/libraries/syn/ \
					/usr/synthesis/dw/ }
 ./../01_RTL  ~iclabta01/umc018/Synthesis/  /usr/synthesis/libraries/syn/  /usr/synthesis/dw/ 
set synthetic_library {dw_foundation.sldb}
dw_foundation.sldb
set link_library {* dw_foundation.sldb standard.sldb slow.db}
* dw_foundation.sldb standard.sldb slow.db
set target_library {slow.db}
slow.db
#======================================================
#
# Synopsys Synthesis Scripts (Design Vision dctcl mode)
#
#======================================================
#report_lib slow
#======================================================
#  Global Parameters
#======================================================
set DESIGN "NN"
NN
set CLK_period 14.6
14.6
#======================================================
#  Read RTL Code
#======================================================
analyze -f verilog $DESIGN\.v
Running PRESTO HDLC
Compiling source file ./../01_RTL/NN.v
Presto compilation completed successfully.
Loading db file '/usr/cad/synopsys/synthesis/2022.03/libraries/syn/dw_foundation.sldb'
Loading db file '/usr/cad/synopsys/synthesis/2022.03/libraries/syn/standard.sldb'
Loading db file '/RAID2/COURSE/iclab/iclabta01/umc018/Synthesis/slow.db'
1
analyze -f verilog NN.v
Running PRESTO HDLC
Compiling source file ./../01_RTL/NN.v
Presto compilation completed successfully.
1
elaborate $DESIGN
Loading db file '/usr/cad/synopsys/synthesis/2022.03/libraries/syn/gtech.db'
  Loading link library 'slow'
  Loading link library 'gtech'
Running PRESTO HDLC
Warning:  ./../01_RTL/NN.v:189: DEFAULT branch of CASE statement cannot be reached. (ELAB-311)
Warning:  ./../01_RTL/NN.v:203: DEFAULT branch of CASE statement cannot be reached. (ELAB-311)
Warning:  ./../01_RTL/NN.v:219: DEFAULT branch of CASE statement cannot be reached. (ELAB-311)

Statistics for case statements in always block at line 169 in file
	'./../01_RTL/NN.v'
===============================================
|           Line           |  full/ parallel  |
===============================================
|           170            |    auto/auto     |
===============================================

Statistics for case statements in always block at line 186 in file
	'./../01_RTL/NN.v'
===============================================
|           Line           |  full/ parallel  |
===============================================
|           189            |    auto/auto     |
===============================================

Statistics for case statements in always block at line 202 in file
	'./../01_RTL/NN.v'
===============================================
|           Line           |  full/ parallel  |
===============================================
|           203            |    auto/auto     |
===============================================

Statistics for case statements in always block at line 216 in file
	'./../01_RTL/NN.v'
===============================================
|           Line           |  full/ parallel  |
===============================================
|           219            |    auto/auto     |
===============================================

Statistics for case statements in always block at line 271 in file
	'./../01_RTL/NN.v'
===============================================
|           Line           |  full/ parallel  |
===============================================
|           274            |    auto/auto     |
===============================================

Statistics for case statements in always block at line 282 in file
	'./../01_RTL/NN.v'
===============================================
|           Line           |  full/ parallel  |
===============================================
|           283            |    auto/auto     |
===============================================

Inferred memory devices in process
	in routine NN line 157 in file
		'./../01_RTL/NN.v'.
===============================================================================
|    Register Name    |   Type    | Width | Bus | MB | AR | AS | SR | SS | ST |
===============================================================================
|     macu_cs_reg     | Flip-flop |   3   |  Y  | N  | Y  | N  | N  | N  | N  |
|     macw_cs_reg     | Flip-flop |   4   |  Y  | N  | Y  | N  | N  | N  | N  |
|  current_state_reg  | Flip-flop |   3   |  Y  | N  | Y  | N  | N  | N  | N  |
===============================================================================

Inferred memory devices in process
	in routine NN line 179 in file
		'./../01_RTL/NN.v'.
===============================================================================
|    Register Name    |   Type    | Width | Bus | MB | AR | AS | SR | SS | ST |
===============================================================================
|       cnt_reg       | Flip-flop |   7   |  Y  | N  | Y  | N  | N  | N  | N  |
===============================================================================

Inferred memory devices in process
	in routine NN line 186 in file
		'./../01_RTL/NN.v'.
===============================================================================
|    Register Name    |   Type    | Width | Bus | MB | AR | AS | SR | SS | ST |
===============================================================================
|    macu_cnt_reg     | Flip-flop |   4   |  Y  | N  | Y  | N  | N  | N  | N  |
===============================================================================

Inferred memory devices in process
	in routine NN line 216 in file
		'./../01_RTL/NN.v'.
===============================================================================
|    Register Name    |   Type    | Width | Bus | MB | AR | AS | SR | SS | ST |
===============================================================================
|     MACU_A_reg      | Flip-flop |  32   |  Y  | N  | Y  | N  | N  | N  | N  |
===============================================================================

Inferred memory devices in process
	in routine NN line 239 in file
		'./../01_RTL/NN.v'.
===============================================================================
|    Register Name    |   Type    | Width | Bus | MB | AR | AS | SR | SS | ST |
===============================================================================
|     MACU_B_reg      | Flip-flop |  96   |  Y  | N  | Y  | N  | N  | N  | N  |
===============================================================================

Inferred memory devices in process
	in routine NN line 261 in file
		'./../01_RTL/NN.v'.
===============================================================================
|    Register Name    |   Type    | Width | Bus | MB | AR | AS | SR | SS | ST |
===============================================================================
|     MACU_C_reg      | Flip-flop |  32   |  Y  | N  | Y  | N  | N  | N  | N  |
===============================================================================

Inferred memory devices in process
	in routine NN line 271 in file
		'./../01_RTL/NN.v'.
===============================================================================
|    Register Name    |   Type    | Width | Bus | MB | AR | AS | SR | SS | ST |
===============================================================================
|    macw_cnt_reg     | Flip-flop |   4   |  Y  | N  | Y  | N  | N  | N  | N  |
===============================================================================

Inferred memory devices in process
	in routine NN line 298 in file
		'./../01_RTL/NN.v'.
===============================================================================
|    Register Name    |   Type    | Width | Bus | MB | AR | AS | SR | SS | ST |
===============================================================================
|     MACW_A_reg      | Flip-flop |  32   |  Y  | N  | Y  | N  | N  | N  | N  |
===============================================================================

Inferred memory devices in process
	in routine NN line 305 in file
		'./../01_RTL/NN.v'.
===============================================================================
|    Register Name    |   Type    | Width | Bus | MB | AR | AS | SR | SS | ST |
===============================================================================
|     MACW_B_reg      | Flip-flop |  96   |  Y  | N  | Y  | N  | N  | N  | N  |
===============================================================================

Inferred memory devices in process
	in routine NN line 324 in file
		'./../01_RTL/NN.v'.
===============================================================================
|    Register Name    |   Type    | Width | Bus | MB | AR | AS | SR | SS | ST |
===============================================================================
|     MACW_C_reg      | Flip-flop |  32   |  Y  | N  | Y  | N  | N  | N  | N  |
===============================================================================

Inferred memory devices in process
	in routine NN line 335 in file
		'./../01_RTL/NN.v'.
===============================================================================
|    Register Name    |   Type    | Width | Bus | MB | AR | AS | SR | SS | ST |
===============================================================================
|     Ux_tmp_reg      | Flip-flop |  96   |  Y  | N  | Y  | N  | N  | N  | N  |
===============================================================================

Inferred memory devices in process
	in routine NN line 350 in file
		'./../01_RTL/NN.v'.
===============================================================================
|    Register Name    |   Type    | Width | Bus | MB | AR | AS | SR | SS | ST |
===============================================================================
|     Wh_tmp_reg      | Flip-flop |  96   |  Y  | N  | Y  | N  | N  | N  | N  |
===============================================================================

Inferred memory devices in process
	in routine NN line 366 in file
		'./../01_RTL/NN.v'.
===============================================================================
|    Register Name    |   Type    | Width | Bus | MB | AR | AS | SR | SS | ST |
===============================================================================
|      h_tmp_reg      | Flip-flop |  96   |  Y  | N  | Y  | N  | N  | N  | N  |
===============================================================================

Inferred memory devices in process
	in routine NN line 390 in file
		'./../01_RTL/NN.v'.
===============================================================================
|    Register Name    |   Type    | Width | Bus | MB | AR | AS | SR | SS | ST |
===============================================================================
|     Vh_tmp_reg      | Flip-flop |  96   |  Y  | N  | Y  | N  | N  | N  | N  |
===============================================================================

Inferred memory devices in process
	in routine NN line 407 in file
		'./../01_RTL/NN.v'.
===============================================================================
|    Register Name    |   Type    | Width | Bus | MB | AR | AS | SR | SS | ST |
===============================================================================
|     w_store_reg     | Flip-flop |  288  |  Y  | N  | Y  | N  | N  | N  | N  |
===============================================================================

Inferred memory devices in process
	in routine NN line 424 in file
		'./../01_RTL/NN.v'.
===============================================================================
|    Register Name    |   Type    | Width | Bus | MB | AR | AS | SR | SS | ST |
===============================================================================
|     u_store_reg     | Flip-flop |  288  |  Y  | N  | Y  | N  | N  | N  | N  |
===============================================================================

Inferred memory devices in process
	in routine NN line 441 in file
		'./../01_RTL/NN.v'.
===============================================================================
|    Register Name    |   Type    | Width | Bus | MB | AR | AS | SR | SS | ST |
===============================================================================
|     v_store_reg     | Flip-flop |  288  |  Y  | N  | Y  | N  | N  | N  | N  |
===============================================================================

Inferred memory devices in process
	in routine NN line 458 in file
		'./../01_RTL/NN.v'.
===============================================================================
|    Register Name    |   Type    | Width | Bus | MB | AR | AS | SR | SS | ST |
===============================================================================
|     x_store_reg     | Flip-flop |  192  |  Y  | N  | Y  | N  | N  | N  | N  |
===============================================================================

Inferred memory devices in process
	in routine NN line 476 in file
		'./../01_RTL/NN.v'.
===============================================================================
|    Register Name    |   Type    | Width | Bus | MB | AR | AS | SR | SS | ST |
===============================================================================
|     h_store_reg     | Flip-flop |  32   |  Y  | N  | Y  | N  | N  | N  | N  |
===============================================================================

Inferred memory devices in process
	in routine NN line 486 in file
		'./../01_RTL/NN.v'.
===============================================================================
|    Register Name    |   Type    | Width | Bus | MB | AR | AS | SR | SS | ST |
===============================================================================
|     EXP0_in_reg     | Flip-flop |  32   |  Y  | N  | Y  | N  | N  | N  | N  |
===============================================================================

Inferred memory devices in process
	in routine NN line 491 in file
		'./../01_RTL/NN.v'.
===============================================================================
|    Register Name    |   Type    | Width | Bus | MB | AR | AS | SR | SS | ST |
===============================================================================
|     REC0_in_reg     | Flip-flop |  32   |  Y  | N  | Y  | N  | N  | N  | N  |
===============================================================================

Inferred memory devices in process
	in routine NN line 500 in file
		'./../01_RTL/NN.v'.
===============================================================================
|    Register Name    |   Type    | Width | Bus | MB | AR | AS | SR | SS | ST |
===============================================================================
|     answer_reg      | Flip-flop |  288  |  Y  | N  | Y  | N  | N  | N  | N  |
===============================================================================

Inferred memory devices in process
	in routine NN line 530 in file
		'./../01_RTL/NN.v'.
===============================================================================
|    Register Name    |   Type    | Width | Bus | MB | AR | AS | SR | SS | ST |
===============================================================================
|    out_valid_reg    | Flip-flop |   1   |  N  | N  | Y  | N  | N  | N  | N  |
===============================================================================

Inferred memory devices in process
	in routine NN line 536 in file
		'./../01_RTL/NN.v'.
===============================================================================
|    Register Name    |   Type    | Width | Bus | MB | AR | AS | SR | SS | ST |
===============================================================================
|       out_reg       | Flip-flop |  32   |  Y  | N  | Y  | N  | N  | N  | N  |
===============================================================================
Presto compilation completed successfully. (NN)
Elaborated 1 design.
Current design is now 'NN'.
1
current_design $DESIGN
Current design is 'NN'.
{NN}
#======================================================
#  Global Setting
#======================================================
#set_wire_load_mode top
#======================================================
#  Set Design Constraints
#======================================================
create_clock -name "clk" -period $CLK_period clk 
1
set_input_delay  [ expr $CLK_period*0.5 ] -clock clk [all_inputs]
1
set_output_delay [ expr $CLK_period*0.5 ] -clock clk [all_outputs]
1
set_input_delay 0 -clock clk clk
1
set_input_delay 0 -clock clk rst_n
1
set_load 0.05 [all_outputs]
1
#======================================================
#  Optimization
#======================================================
uniquify
1
check_design > Report/$DESIGN\.check
set_fix_multiple_port_nets -all -buffer_constants
1
#set_fix_hold [all_clocks]
compile_ultra
Information: Performing power optimization. (PWR-850)
Analyzing: "/RAID2/COURSE/iclab/iclabta01/umc018/Synthesis/slow.db"
Library analysis succeeded.
Information: Evaluating DesignWare library utilization. (UISN-27)

============================================================================
| DesignWare Building Block Library  |         Version         | Available |
============================================================================
| Basic DW Building Blocks           | S-2021.06-DWBB_202106.0 |     *     |
| Licensed DW Building Blocks        | S-2021.06-DWBB_202106.0 |     *     |
============================================================================

====================================================================================================
| Flow Information                                                                                 |
----------------------------------------------------------------------------------------------------
| Flow         | Design Compiler WLM                                                               |
| Comand line  | compile_ultra                                                                     |
====================================================================================================
| Design Information                                      | Value                                  |
====================================================================================================
| Number of Scenarios                                     | 0                                      |
| Leaf Cell Count                                         | 3486                                   |
| Number of User Hierarchies                              | 0                                      |
| Sequential Cell Count                                   | 2202                                   |
| Macro Count                                             | 0                                      |
| Number of Power Domains                                 | 0                                      |
| Number of Path Groups                                   | 2                                      |
| Number of VT class                                      | 0                                      |
| Number of Clocks                                        | 1                                      |
| Number of Dont Touch cells                              | 260                                    |
| Number of Dont Touch nets                               | 0                                      |
| Number of size only cells                               | 0                                      |
| Design with UPF Data                                    | false                                  |
----------------------------------------------------------------------------------------------------
| Variables                                               | Value                                  |
----------------------------------------------------------------------------------------------------
| set_fix_multiple_port_nets                              | -all -buffer_constants                 |
====================================================================================================
Information: Sequential output inversion is enabled.  SVF file must be used for formal verification. (OPT-1208)

Information: There are 16 potential problems in your design. Please run 'check_design' for more information. (LINT-99)

  Simplifying Design 'NN'

Loaded alib file './alib-52/slow.db.alib'
  Building model 'DW01_NAND2'
Information: Ungrouping 0 of 1 hierarchies before Pass 1 (OPT-775)
Information: State dependent leakage is now switched from on to off.

  Beginning Pass 1 Mapping
  ------------------------
  Processing 'NN'
Information: Added key list 'DesignWare' to design 'NN'. (DDB-72)
Information: The register 'current_state_reg[2]' is a constant and will be removed. (OPT-1206)
 Implement Synthetic for 'NN'.
  Processing 'NN_DW_fp_recip_J1_0'
  Processing 'NN_DW_fp_exp_J1_0'
  Processing 'NN_DW_exp2_J1_0'
  Processing 'NN_DW_fp_mac_J1_0'
  Processing 'NN_DW_lzd_J1_0_DW_lzd_J1_1'
  Processing 'NN_DW_fp_mac_J1_1'
  Processing 'NN_DW_lzd_J1_1_DW_lzd_J1_2'

  Updating timing information
Information: Updating design information... (UID-85)
Information: The library cell 'HOLDX1' in the library 'slow' is not characterized for internal power. (PWR-536)
Information: The target library(s) contains cell(s), other than black boxes, that are not characterized for internal power. (PWR-24)

  Beginning Mapping Optimizations  (Ultra High effort)
  -------------------------------
  Building model 'DW_fp_ifp_conv_sig_widthi23_exp_widthi8_sig_widtho25_exp_widtho8_use_denormal0_use_1scmpl0' (rtl)
  Building model 'DW_fp_ifp_conv_sig_widthi23_exp_widthi8_sig_widtho25_exp_widtho8_use_denormal0_use_1scmpl0' (rtl)
  Building model 'DW_fp_ifp_conv_sig_widthi23_exp_widthi8_sig_widtho25_exp_widtho8_use_denormal0_use_1scmpl0' (rtl)
  Building model 'DW_fp_ifp_conv_sig_widthi23_exp_widthi8_sig_widtho25_exp_widtho8_use_denormal0_use_1scmpl0' (rtl)
  Building model 'DW_ifp_mult_sig_widthi25_exp_widthi8_sig_widtho31_exp_widtho9' (rtl)
  Building model 'DW_ifp_mult_sig_widthi25_exp_widthi8_sig_widtho31_exp_widtho9' (rtl)
  Building model 'DW_ifp_addsub_sig_widthi31_exp_widthi9_sig_widtho32_exp_widtho10_use_denormal0_use_1scmpl0' (rtl)
  Building model 'DW_ifp_fp_conv_sig_widthi32_exp_widthi10_sig_width23_exp_width8_use_denormal0' (rtl)
  Structuring 'NN_DW_fp_mac_0'
  Mapping 'NN_DW_fp_mac_0'
  Building model 'DW_lsd_a_width53'
  Structuring 'NN_DW_fp_mac_1'
  Mapping 'NN_DW_fp_mac_1'
  Building model 'DW_lzod_a_width53_detect_10' (rtl)
  Building model 'DW_lsd_a_width53'
  Structuring 'NN_DW_fp_mac_2'
  Mapping 'NN_DW_fp_mac_2'
  Mapping 'DW_cmp'
  Mapping 'NN_DW01_sub_0'
  Mapping 'DW_cmp'
  Mapping 'DW_rightsh'
  Mapping 'DW_cmp'
  Mapping 'DW_leftsh'
  Mapping 'NN_DW01_add_0'
  Mapping 'DW_cmp'
  Mapping 'NN_DW01_inc_0'
  Mapping 'DW_cmp'
  Mapping 'NN_DW02_multp_0'
  Structuring 'NN_DW_lsd_0'
  Mapping 'NN_DW_lsd_0'
  Structuring 'NN_DW_lzod_0'
  Mapping 'NN_DW_lzod_0'
  Mapping 'NN_DP_OP_207_149_9016_0'
  Mapping 'NN_DP_OP_208_150_5508_0'
  Mapping 'NN_DP_OP_209_151_153_0'
  Mapping 'NN_DP_OP_210_152_6827_0'
  Mapping 'NN_DW_fp_mac_2'
  Building model 'DW_fp_ifp_conv_sig_widthi23_exp_widthi8_sig_widtho25_exp_widtho8_use_denormal0_use_1scmpl0' (rtl)
  Building model 'DW_fp_ifp_conv_sig_widthi23_exp_widthi8_sig_widtho25_exp_widtho8_use_denormal0_use_1scmpl0' (rtl)
  Building model 'DW_fp_ifp_conv_sig_widthi23_exp_widthi8_sig_widtho25_exp_widtho8_use_denormal0_use_1scmpl0' (rtl)
  Building model 'DW_fp_ifp_conv_sig_widthi23_exp_widthi8_sig_widtho25_exp_widtho8_use_denormal0_use_1scmpl0' (rtl)
  Building model 'DW_ifp_mult_sig_widthi25_exp_widthi8_sig_widtho31_exp_widtho9' (rtl)
  Building model 'DW_ifp_mult_sig_widthi25_exp_widthi8_sig_widtho31_exp_widtho9' (rtl)
  Building model 'DW_ifp_addsub_sig_widthi31_exp_widthi9_sig_widtho32_exp_widtho10_use_denormal0_use_1scmpl0' (rtl)
  Building model 'DW_ifp_fp_conv_sig_widthi32_exp_widthi10_sig_width23_exp_width8_use_denormal0' (rtl)
  Structuring 'NN_DW_fp_mac_3'
  Mapping 'NN_DW_fp_mac_3'
  Building model 'DW_lsd_a_width53'
  Structuring 'NN_DW_fp_mac_4'
  Mapping 'NN_DW_fp_mac_4'
  Building model 'DW_lsd_a_width53'
  Structuring 'NN_DW_fp_mac_5'
  Mapping 'NN_DW_fp_mac_5'
  Mapping 'DW_cmp'
  Mapping 'NN_DW01_sub_1'
  Mapping 'DW_cmp'
  Mapping 'DW_rightsh'
  Mapping 'DW_cmp'
  Mapping 'DW_leftsh'
  Mapping 'NN_DW01_add_1'
  Mapping 'DW_cmp'
  Mapping 'NN_DW01_inc_1'
  Mapping 'DW_cmp'
  Mapping 'NN_DW02_multp_1'
  Structuring 'NN_DW_lsd_1'
  Mapping 'NN_DW_lsd_1'
  Structuring 'NN_DW_lzod_1'
  Mapping 'NN_DW_lzod_1'
  Mapping 'NN_DP_OP_207_163_9016_0'
  Mapping 'NN_DP_OP_208_164_5508_0'
  Mapping 'NN_DP_OP_209_165_153_0'
  Mapping 'NN_DP_OP_210_166_6827_0'
  Mapping 'NN_DW_fp_mac_5'
  Mapping Optimization (Phase 1)
  Mapping Optimization (Phase 2)
  Mapping Optimization (Phase 3)
  Mapping Optimization (Phase 4)
  Mapping Optimization (Phase 5)
  Mapping Optimization (Phase 6)
  Mapping Optimization (Phase 7)
  Mapping Optimization (Phase 8)
  Mapping Optimization (Phase 9)
  Mapping Optimization (Phase 10)
  Mapping Optimization (Phase 11)
  Mapping Optimization (Phase 12)
  Mapping Optimization (Phase 13)

                                  TOTAL                                                
   ELAPSED            WORST NEG   SETUP    DESIGN                              LEAKAGE 
    TIME      AREA      SLACK     COST    RULE COST         ENDPOINT            POWER  
  --------- --------- --------- --------- --------- ------------------------- ---------
    0:03:49 1258583.4      2.82     806.3       0.0                           188140160.0000
    0:03:50 1255855.7      2.82     808.3       0.0                           187774896.0000

  Beginning Constant Register Removal
  -----------------------------------
    0:03:51 1259205.4      2.91     813.7       0.0                           188573888.0000
    0:03:52 1259188.8      2.91     813.7       0.0                           188570928.0000

  Beginning Global Optimizations
  ------------------------------
  Numerical Synthesis (Phase 1)
  Numerical Synthesis (Phase 2)
  Global Optimization (Phase 1)
  Global Optimization (Phase 2)
  Global Optimization (Phase 3)
  Global Optimization (Phase 4)
  Global Optimization (Phase 5)
  Global Optimization (Phase 6)
  Global Optimization (Phase 7)
  Global Optimization (Phase 8)
  Global Optimization (Phase 9)
  Global Optimization (Phase 10)
  Global Optimization (Phase 11)
  Global Optimization (Phase 12)
  Global Optimization (Phase 13)
  Global Optimization (Phase 14)
  Global Optimization (Phase 15)
  Global Optimization (Phase 16)
  Global Optimization (Phase 17)
  Global Optimization (Phase 18)
  Global Optimization (Phase 19)
  Global Optimization (Phase 20)
  Global Optimization (Phase 21)
  Global Optimization (Phase 22)
  Global Optimization (Phase 23)
  Global Optimization (Phase 24)
  Global Optimization (Phase 25)
  Global Optimization (Phase 26)
  Global Optimization (Phase 27)
  Global Optimization (Phase 28)
  Global Optimization (Phase 29)
  Global Optimization (Phase 30)
  Global Optimization (Phase 31)
  Mapping 'NN_DP_OP_44J1_122_8319_3'
  Mapping 'NN_DW_mult_uns_14'

  Beginning Isolate Ports
  -----------------------

  Beginning Delay Optimization
  ----------------------------
    0:04:02  711530.3      6.98     672.3       0.0                           71126416.0000
    0:04:26  728335.2      1.64     378.3       0.0                           74445544.0000
    0:04:26  728335.2      1.64     378.3       0.0                           74445544.0000
    0:04:27  728242.1      1.64     381.1       0.0                           74459840.0000
    0:04:56  725261.7      1.64     281.2       0.0                           74133360.0000
    0:04:57  724150.6      3.81     438.3      12.5                           73989808.0000

  Beginning WLM Backend Optimization
  --------------------------------------
    0:05:28  721220.1      3.69     423.4       9.3                           73258600.0000
    0:05:30  711517.0      3.53     410.7       9.3                           71483552.0000
    0:05:30  710322.8      3.53     410.8       9.3                           71272416.0000
    0:05:31  709910.3      1.97     362.1       0.0                           71227328.0000
    0:05:31  709910.3      1.97     362.1       0.0                           71227328.0000
    0:05:34  708104.1      1.97     307.5       0.0                           69199792.0000
    0:05:34  708104.1      1.97     307.5       0.0                           69199792.0000
    0:06:16  743733.2      1.78     300.3      12.1                           75482192.0000
    0:06:16  743733.2      1.78     300.3      12.1                           75482192.0000
    0:06:18  745522.8      1.63     290.7      12.1                           75882856.0000
    0:06:18  745522.8      1.63     290.7      12.1                           75882856.0000
    0:07:22  779808.0      1.55     286.4      19.3                           81855088.0000
    0:07:22  779808.0      1.55     286.4      19.3                           81855088.0000
    0:08:47  800704.4      0.53      32.9       0.0                           86029824.0000
    0:08:47  800704.4      0.53      32.9       0.0                           86029824.0000
    0:09:41  815590.0      0.57      35.6       0.0                           88425888.0000
    0:09:42  815590.0      0.57      35.6       0.0                           88425888.0000
    0:10:08  819072.8      0.42      25.8       0.0                           89093336.0000
    0:10:08  819072.8      0.42      25.8       0.0                           89093336.0000
    0:10:57  827521.8      0.40      24.9       0.0                           90390296.0000
    0:10:57  827521.8      0.40      24.9       0.0                           90390296.0000
    0:11:16  829544.3      0.36      21.1       0.0                           90758520.0000
    0:11:16  829544.3      0.36      21.1       0.0                           90758520.0000
    0:11:45  831593.4      0.34      22.1       0.0                           91032608.0000
    0:11:47  831134.3      0.30      16.8       0.0 answer_reg[8][22]/D       90918840.0000
    0:11:47  831064.5      0.30      16.6       0.0                           90902904.0000
    0:12:19  835738.0      0.30      15.9       0.0                           91638848.0000


  Beginning Leakage Power Optimization  (max_leakage_power 0)
  ------------------------------------

                                  TOTAL                                                
   ELAPSED            WORST NEG   SETUP    DESIGN                              LEAKAGE 
    TIME      AREA      SLACK     COST    RULE COST         ENDPOINT            POWER  
  --------- --------- --------- --------- --------- ------------------------- ---------
    0:12:19  835738.0      0.30      15.9       0.0                           91638848.0000
  Global Optimization (Phase 32)
  Global Optimization (Phase 33)
  Global Optimization (Phase 34)
  Global Optimization (Phase 35)
  Global Optimization (Phase 36)
  Global Optimization (Phase 37)
  Global Optimization (Phase 38)
  Global Optimization (Phase 39)
  Global Optimization (Phase 40)
  Global Optimization (Phase 41)
  Global Optimization (Phase 42)
  Global Optimization (Phase 43)
  Global Optimization (Phase 44)
  Global Optimization (Phase 45)
  Global Optimization (Phase 46)
  Global Optimization (Phase 47)
    0:12:32  778973.0      0.58      76.5       0.0                           79186672.0000
    0:13:36  797857.0      0.50      68.7      16.9                           82586208.0000
    0:13:36  797857.0      0.50      68.7      16.9                           82586208.0000
    0:13:39  787944.3      0.50      66.6       0.0                           80668368.0000
    0:13:39  787944.3      0.50      66.6       0.0                           80668368.0000
    0:14:33  803541.8      0.55      70.2       0.7                           83423272.0000
    0:14:33  803541.8      0.55      70.2       0.7                           83423272.0000
    0:14:34  803987.6      0.51      68.1       0.0                           83512744.0000
    0:14:34  803987.6      0.51      68.1       0.0                           83512744.0000
    0:14:48  807180.9      0.50      67.2       0.0                           84082128.0000
    0:14:48  807180.9      0.50      67.2       0.0                           84082128.0000
    0:15:32  815679.9      0.14       5.7       0.0                           85808536.0000
    0:15:32  815679.9      0.14       5.7       0.0                           85808536.0000
    0:15:57  819086.1      0.12       4.5       0.0                           86333560.0000
    0:15:57  819086.1      0.12       4.5       0.0                           86333560.0000
    0:16:11  820909.0      0.09       3.2       0.0                           86729872.0000
    0:16:11  820909.0      0.09       3.2       0.0                           86729872.0000
    0:16:18  821091.9      0.09       3.1       0.0                           86759208.0000
    0:16:18  821091.9      0.09       3.1       0.0                           86759208.0000
    0:16:26  821627.5      0.08       2.9       0.0                           86881992.0000
    0:16:26  821627.5      0.08       2.9       0.0                           86881992.0000
    0:16:34  821461.1      0.08       2.7       0.0                           86849952.0000

                                  TOTAL                                                
   ELAPSED            WORST NEG   SETUP    DESIGN                              LEAKAGE 
    TIME      AREA      SLACK     COST    RULE COST         ENDPOINT            POWER  
  --------- --------- --------- --------- --------- ------------------------- ---------
    0:16:35  821441.2      0.08       2.7       0.0                           86849456.0000
    0:16:38  789757.2      0.09       3.0       0.0                           80907544.0000
    0:16:39  789181.8      0.05       1.1       0.0                           80790616.0000
    0:16:40  788213.8      0.05       1.1       0.0                           80674088.0000
    0:16:41  786424.2      0.05       1.1       0.0                           80435160.0000
    0:16:41  786304.4      0.05       1.1       0.0                           80413064.0000
    0:16:41  786304.4      0.05       1.1       0.0                           80413064.0000
    0:16:45  775749.8      0.06       1.1       0.0                           78356168.0000
    0:16:46  774076.6      0.06       1.1       0.0                           78090624.0000
    0:16:48  773328.1      0.06       1.0       0.0                           77647952.0000
    0:16:48  773235.0      0.06       1.0       0.0                           77616992.0000
    0:16:58  775094.4      0.00       0.0       0.0                           78011560.0000
    0:16:58  775094.4      0.00       0.0       0.0                           78011560.0000
    0:16:58  775094.4      0.00       0.0       0.0                           78011560.0000
    0:16:58  775094.4      0.00       0.0       0.0                           78011560.0000
    0:16:58  775094.4      0.00       0.0       0.0                           78011560.0000
    0:17:09  752820.9      0.00       0.0       0.0                           74100960.0000
Loading db file '/RAID2/COURSE/iclab/iclabta01/umc018/Synthesis/slow.db'


Note: Symbol # after min delay cost means estimated hold TNS across all active scenarios 


  Optimization Complete
  ---------------------
Warning: Design 'NN' contains 2 high-fanout nets. A fanout number of 1000 will be used for delay calculations involving these nets. (TIM-134)
     Net 'clk': 2201 load(s), 1 driver(s)
     Net 'rst_n': 2201 load(s), 1 driver(s)
Information: State dependent leakage is now switched from off to on.
Information: Propagating switching activity (low effort zero delay simulation). (PWR-6)
1
#======================================================
#  Output Reports 
#======================================================
report_timing >  Report/$DESIGN\.timing
report_area >  Report/$DESIGN\.area
report_resource >  Report/$DESIGN\.resource
#======================================================
#  Change Naming Rule
#======================================================
set bus_inference_style "%s\[%d\]"
%s[%d]
set bus_naming_style "%s\[%d\]"
%s[%d]
set hdlout_internal_busses true
true
change_names -hierarchy -rule verilog
1
define_name_rules name_rule -allowed "a-z A-Z 0-9 _" -max_length 255 -type cell
1
define_name_rules name_rule -allowed "a-z A-Z 0-9 _[]" -max_length 255 -type net
1
define_name_rules name_rule -map {{"\\*cell\\*" "cell"}}
1
change_names -hierarchy -rules name_rule
1
#======================================================
#  Output Results
#======================================================
set verilogout_higher_designs_first true
true
write -format verilog -output Netlist/$DESIGN\_SYN.v -hierarchy
Writing verilog file '/RAID2/COURSE/iclab/iclab105/oldarchive/Lab04/Exercise/02_SYN/Netlist/NN_SYN.v'.
1
write_sdf -version 3.0 -context verilog -load_delay cell Netlist/$DESIGN\_SYN.sdf -significant_digits 6
Information: Writing timing information to file '/RAID2/COURSE/iclab/iclab105/oldarchive/Lab04/Exercise/02_SYN/Netlist/NN_SYN.sdf'. (WT-3)
1
#======================================================
#  Finish and Quit
#======================================================
report_area
 
****************************************
Report : area
Design : NN
Version: T-2022.03
Date   : Mon Apr 10 01:50:50 2023
****************************************

Library(s) Used:

    slow (File: /RAID2/COURSE/iclab/iclabta01/umc018/Synthesis/slow.db)

Number of ports:                          196
Number of nets:                         32912
Number of cells:                        31098
Number of combinational cells:          28897
Number of sequential cells:              2201
Number of macros/black boxes:               0
Number of buf/inv:                       4839
Number of references:                     165

Combinational area:             597684.231665
Buf/Inv area:                    56612.003112
Noncombinational area:          155136.644569
Macro/Black Box area:                0.000000
Net Interconnect area:      undefined  (No wire load specified)

Total cell area:                752820.876234
Total area:                 undefined
1
report_timing
 
****************************************
Report : timing
        -path full
        -delay max
        -max_paths 1
Design : NN
Version: T-2022.03
Date   : Mon Apr 10 01:50:50 2023
****************************************

 # A fanout number of 1000 was used for high fanout net computations.

Operating Conditions: slow   Library: slow
Wire Load Model Mode: top

  Startpoint: EXP0_in_reg_28_
              (rising edge-triggered flip-flop clocked by clk)
  Endpoint: answer_reg_8__19_
            (rising edge-triggered flip-flop clocked by clk)
  Path Group: clk
  Path Type: max

  Point                                    Incr       Path
  -----------------------------------------------------------
  clock clk (rise edge)                    0.00       0.00
  clock network delay (ideal)              0.00       0.00
  EXP0_in_reg_28_/CK (DFFRHQX4)            0.00 #     0.00 r
  EXP0_in_reg_28_/Q (DFFRHQX4)             0.31       0.31 r
  U17820/Y (NOR2X4)                        0.09       0.40 f
  U17465/Y (NAND4X4)                       0.23       0.62 r
  U17464/Y (BUFX20)                        0.22       0.85 r
  U10479/Y (NAND2X4)                       0.09       0.94 f
  U10478/Y (INVX8)                         0.09       1.03 r
  U11042/Y (BUFX8)                         0.13       1.16 r
  U24438/Y (XOR2X2)                        0.27       1.43 r
  U10550/Y (XNOR3X2)                       0.52       1.95 r
  U25255/S (ADDFHX2)                       0.45       2.40 r
  U16503/S (ADDFHX4)                       0.38       2.78 r
  U17345/Y (NOR2X4)                        0.08       2.86 f
  U10286/Y (OAI21X2)                       0.22       3.08 r
  U17430/Y (AOI21X4)                       0.10       3.18 f
  U17428/Y (OAI21X4)                       0.32       3.50 r
  U27290/Y (AOI21X1)                       0.16       3.66 f
  U17469/Y (OAI2BB1X2)                     0.15       3.81 r
  U17376/Y (XOR2X4)                        0.32       4.13 r
  U10539/Y (INVX4)                         0.06       4.19 f
  U16458/Y (NAND2X4)                       0.09       4.28 r
  U17377/Y (NAND2X4)                       0.08       4.36 f
  U15906/Y (CLKINVX8)                      0.07       4.43 r
  U15769/Y (NAND2X4)                       0.07       4.51 f
  U16635/Y (NAND2X4)                       0.08       4.59 r
  U10535/Y (NAND2X4)                       0.06       4.65 f
  U10069/Y (CLKINVX3)                      0.06       4.70 r
  U10062/Y (NAND3X2)                       0.11       4.82 f
  U16540/Y (NOR2X4)                        0.14       4.96 r
  U16539/Y (NAND4X4)                       0.13       5.09 f
  U16482/Y (NOR2X4)                        0.12       5.21 r
  U16481/Y (NAND2X4)                       0.09       5.30 f
  U17478/Y (NAND2X4)                       0.14       5.44 r
  U15776/Y (BUFX20)                        0.20       5.64 r
  U18298/Y (XOR2X4)                        0.31       5.95 r
  U10442/Y (INVX3)                         0.07       6.01 f
  U16397/Y (NOR2X4)                        0.12       6.14 r
  U27759/S (ADDFHX4)                       0.41       6.54 f
  U27761/CO (ADDFHX4)                      0.37       6.92 f
  U16586/Y (XNOR3X2)                       0.41       7.33 f
  U18312/Y (OAI2BB1X4)                     0.21       7.53 f
  U15671/Y (NAND2X4)                       0.12       7.65 r
  U17282/Y (XOR2X4)                        0.23       7.88 f
  U25763/Y (INVX8)                         0.13       8.01 r
  U10601/Y (BUFX20)                        0.17       8.18 r
  U16601/Y (XOR2X2)                        0.29       8.47 r
  U18358/Y (NAND2BX4)                      0.16       8.63 r
  U18357/Y (NAND2X4)                       0.09       8.72 f
  U17130/Y (INVX4)                         0.07       8.80 r
  U18356/Y (NAND2X4)                       0.05       8.85 f
  U8608/Y (NAND2X2)                        0.10       8.95 r
  U18506/Y (NAND2X4)                       0.10       9.05 f
  U18504/Y (XNOR3X4)                       0.41       9.46 f
  U25355/Y (OAI2BB1X4)                     0.20       9.66 f
  U24412/Y (NAND2X4)                       0.09       9.75 r
  U17300/Y (XNOR3X2)                       0.41      10.16 r
  U8369/Y (NAND2X1)                        0.11      10.28 f
  U25568/Y (OAI21X2)                       0.17      10.45 r
  U25437/Y (AOI21X2)                       0.11      10.55 f
  U25567/Y (OAI21X2)                       0.21      10.76 r
  U16935/Y (AOI21X4)                       0.09      10.85 f
  U16934/Y (NAND2X4)                       0.18      11.03 r
  U17291/Y (NAND2X2)                       0.14      11.17 f
  U18792/Y (NAND2X4)                       0.12      11.30 r
  U18791/Y (INVX4)                         0.06      11.35 f
  U17789/Y (AOI21X4)                       0.12      11.47 r
  U17787/Y (MXI2X4)                        0.14      11.61 f
  U17784/Y (NOR2X4)                        0.18      11.79 r
  U16350/Y (OAI21X4)                       0.12      11.91 f
  U25617/Y (AOI21X4)                       0.15      12.07 r
  U16788/Y (OAI21X4)                       0.16      12.23 f
  U24425/Y (INVX4)                         0.11      12.34 r
  U17670/Y (INVX8)                         0.06      12.40 f
  U16986/Y (NAND2X4)                       0.10      12.50 r
  U16932/Y (INVX4)                         0.05      12.55 f
  U16985/Y (NAND2X4)                       0.07      12.62 r
  U17175/Y (NAND3X4)                       0.11      12.73 f
  U28244/Y (INVX1)                         0.11      12.85 r
  U17029/Y (INVX1)                         0.07      12.92 f
  U8032/Y (INVX2)                          0.13      13.05 r
  U16088/Y (XOR2X4)                        0.27      13.32 r
  U16086/Y (NAND2X4)                       0.08      13.41 f
  U17067/Y (NOR2X4)                        0.13      13.54 r
  U24905/Y (NAND4X4)                       0.22      13.75 f
  U25560/Y (INVX1)                         0.15      13.91 r
  U17437/Y (NAND2X2)                       0.10      14.00 f
  U25713/Y (XOR2X4)                        0.20      14.21 f
  U25712/Y (NAND2X2)                       0.07      14.28 r
  U25813/Y (NAND2X1)                       0.06      14.34 f
  answer_reg_8__19_/D (DFFRX4)             0.00      14.34 f
  data arrival time                                  14.34

  clock clk (rise edge)                   14.60      14.60
  clock network delay (ideal)              0.00      14.60
  answer_reg_8__19_/CK (DFFRX4)            0.00      14.60 r
  library setup time                      -0.26      14.34
  data required time                                 14.34
  -----------------------------------------------------------
  data required time                                 14.34
  data arrival time                                 -14.34
  -----------------------------------------------------------
  slack (MET)                                         0.00


1
exit

Memory usage for this session 499 Mbytes.
Memory usage for this session including child processes 764 Mbytes.
CPU usage for this session 1075 seconds ( 0.30 hours ).
Elapsed time for this session 1090 seconds ( 0.30 hours ).

Thank you...
