irun(64): 15.20-s084: (c) Copyright 1995-2020 Cadence Design Systems, Inc.
TOOL:	irun(64)	15.20-s084: Started on Apr 14, 2023 at 00:08:30 CST
irun
	-timescale 1ns/1fs
	-override_precision
	-sdf_precision 1fs
	TESTBED.v
	-define GATE
	-define FUNC
	-debug
	-v /RAID2/COURSE/iclab/iclabta01/umc018/Verilog/umc18_neg.v
	-f file_list.f
		../04_MEM/RA1SH_5.v
		../04_MEM/RA1SH_8.v
	-nontcglitch
	-loadpli1 debpli:novas_pli_boot
Recompiling... reason: file '../00_TESTBED/pseudo_DRAM.v' is newer than expected.
	expected: Thu Apr 13 11:11:26 2023
	actual:   Fri Apr 14 00:08:07 2023
file: TESTBED.v
	module worklib.pseudo_DRAM:v
		errors: 0, warnings: 0
		Caching library 'umc18_neg' ....... Done
		Caching library 'worklib' ....... Done
	Elaborating the design hierarchy:
  DFFSX1 sc_cnt_last_reg ( .D(n1371), .CK(clk), .SN(rst_n), .QN(sc_cnt_last)
                       |
ncelab: *W,CUVWSP (./GLCM_SYN.v,328|23): 1 output port was not connected:
ncelab: (/RAID2/COURSE/iclab/iclabta01/umc018/Verilog/umc18_neg.v,8262): Q

  DFFSX1 sram5_i_reg_2_ ( .D(n1370), .CK(clk), .SN(rst_n), .QN(sram5_a[6]) );
                      |
ncelab: *W,CUVWSP (./GLCM_SYN.v,330|22): 1 output port was not connected:
ncelab: (/RAID2/COURSE/iclab/iclabta01/umc018/Verilog/umc18_neg.v,8262): Q

  DFFRX4 sram8_d_reg_5_ ( .D(n523), .CK(clk), .RN(rst_n), .Q(n757) );
                      |
ncelab: *W,CUVWSP (./GLCM_SYN.v,342|22): 1 output port was not connected:
ncelab: (/RAID2/COURSE/iclab/iclabta01/umc018/Verilog/umc18_neg.v,7880): QN

  DFFRX4 sram8_d_reg_6_ ( .D(n522), .CK(clk), .RN(rst_n), .Q(n756) );
                      |
ncelab: *W,CUVWSP (./GLCM_SYN.v,343|22): 1 output port was not connected:
ncelab: (/RAID2/COURSE/iclab/iclabta01/umc018/Verilog/umc18_neg.v,7880): QN

  DFFRX4 sram8_d_reg_3_ ( .D(n525), .CK(clk), .RN(rst_n), .Q(n754) );
                      |
ncelab: *W,CUVWSP (./GLCM_SYN.v,344|22): 1 output port was not connected:
ncelab: (/RAID2/COURSE/iclab/iclabta01/umc018/Verilog/umc18_neg.v,7880): QN

  DFFSX1 cbase_i_reg_3_ ( .D(n1369), .CK(clk), .SN(rst_n), .QN(cbase_a[7]) );
                      |
ncelab: *W,CUVWSP (./GLCM_SYN.v,462|22): 1 output port was not connected:
ncelab: (/RAID2/COURSE/iclab/iclabta01/umc018/Verilog/umc18_neg.v,8262): Q

  DFFRX4 sram8_d_reg_7_ ( .D(n521), .CK(clk), .RN(rst_n), .Q(n746) );
                      |
ncelab: *W,CUVWSP (./GLCM_SYN.v,463|22): 1 output port was not connected:
ncelab: (/RAID2/COURSE/iclab/iclabta01/umc018/Verilog/umc18_neg.v,7880): QN

	Top level design units:
		TESTBED
	Reading SDF file from location "GLCM_SYN.sdf"
	Annotating SDF timing data:
		Compiled SDF file:     GLCM_SYN.sdf.X
		Log file:              
		Backannotation scope:  TESTBED.U_GLCM
		Configuration file:    
		MTM control:           
		Scale factors:         
		Scale type:            
ncelab: *W,SDFNEP: Unable to annotate to non-existent path (IOPATH (posedge A) Y) of instance TESTBED.U_GLCM.U1597 of module XOR2X1 <./GLCM_SYN.sdf, line 2695>.
ncelab: *W,SDFNEP: Unable to annotate to non-existent path (IOPATH (negedge A) Y) of instance TESTBED.U_GLCM.U1597 of module XOR2X1 <./GLCM_SYN.sdf, line 2696>.
ncelab: *W,SDFNEP: Unable to annotate to non-existent path (IOPATH (posedge B) Y) of instance TESTBED.U_GLCM.U1597 of module XOR2X1 <./GLCM_SYN.sdf, line 2699>.
ncelab: *W,SDFNEP: Unable to annotate to non-existent path (IOPATH (negedge B) Y) of instance TESTBED.U_GLCM.U1597 of module XOR2X1 <./GLCM_SYN.sdf, line 2700>.
ncelab: *W,SDFNEP: Unable to annotate to non-existent path (IOPATH (posedge A) S) of instance TESTBED.U_GLCM.U1579 of module ADDHXL <./GLCM_SYN.sdf, line 2902>.
ncelab: *W,SDFNEP: Unable to annotate to non-existent path (IOPATH (negedge A) S) of instance TESTBED.U_GLCM.U1579 of module ADDHXL <./GLCM_SYN.sdf, line 2903>.
ncelab: *W,SDFNEP: Unable to annotate to non-existent path (IOPATH (posedge B) S) of instance TESTBED.U_GLCM.U1579 of module ADDHXL <./GLCM_SYN.sdf, line 2906>.
ncelab: *W,SDFNEP: Unable to annotate to non-existent path (IOPATH (negedge B) S) of instance TESTBED.U_GLCM.U1579 of module ADDHXL <./GLCM_SYN.sdf, line 2907>.
ncelab: *W,SDFNEP: Unable to annotate to non-existent path (IOPATH (posedge A) Y) of instance TESTBED.U_GLCM.U1506 of module XOR2XL <./GLCM_SYN.sdf, line 3656>.
ncelab: *W,SDFNEP: Unable to annotate to non-existent path (IOPATH (negedge A) Y) of instance TESTBED.U_GLCM.U1506 of module XOR2XL <./GLCM_SYN.sdf, line 3657>.
ncelab: *W,SDFNEP: Unable to annotate to non-existent path (IOPATH (posedge B) Y) of instance TESTBED.U_GLCM.U1506 of module XOR2XL <./GLCM_SYN.sdf, line 3660>.
ncelab: *W,SDFNEP: Unable to annotate to non-existent path (IOPATH (negedge B) Y) of instance TESTBED.U_GLCM.U1506 of module XOR2XL <./GLCM_SYN.sdf, line 3661>.
ncelab: *W,SDFNEP: Unable to annotate to non-existent path (IOPATH (posedge A) Y) of instance TESTBED.U_GLCM.U1505 of module XOR2XL <./GLCM_SYN.sdf, line 3672>.
ncelab: *W,SDFNEP: Unable to annotate to non-existent path (IOPATH (negedge A) Y) of instance TESTBED.U_GLCM.U1505 of module XOR2XL <./GLCM_SYN.sdf, line 3673>.
ncelab: *W,SDFNEP: Unable to annotate to non-existent path (IOPATH (posedge B) Y) of instance TESTBED.U_GLCM.U1505 of module XOR2XL <./GLCM_SYN.sdf, line 3676>.
ncelab: *W,SDFNEP: Unable to annotate to non-existent path (IOPATH (negedge B) Y) of instance TESTBED.U_GLCM.U1505 of module XOR2XL <./GLCM_SYN.sdf, line 3677>.
ncelab: *W,SDFNEP: Unable to annotate to non-existent path (IOPATH (posedge S0) Y) of instance TESTBED.U_GLCM.U1500 of module MXI2X1 <./GLCM_SYN.sdf, line 3730>.
ncelab: *W,SDFNEP: Unable to annotate to non-existent path (IOPATH (negedge S0) Y) of instance TESTBED.U_GLCM.U1500 of module MXI2X1 <./GLCM_SYN.sdf, line 3731>.
ncelab: *W,SDFNEP: Unable to annotate to non-existent path (IOPATH (posedge A) Y) of instance TESTBED.U_GLCM.U1491 of module XOR2XL <./GLCM_SYN.sdf, line 3823>.
ncelab: *W,SDFNEP: Unable to annotate to non-existent path (IOPATH (negedge A) Y) of instance TESTBED.U_GLCM.U1491 of module XOR2XL <./GLCM_SYN.sdf, line 3824>.
ncelab: *W,SDFNEP: Unable to annotate to non-existent path (IOPATH (posedge B) Y) of instance TESTBED.U_GLCM.U1491 of module XOR2XL <./GLCM_SYN.sdf, line 3827>.
ncelab: *W,SDFNEP: Unable to annotate to non-existent path (IOPATH (negedge B) Y) of instance TESTBED.U_GLCM.U1491 of module XOR2XL <./GLCM_SYN.sdf, line 3828>.
ncelab: *W,SDFNEP: Unable to annotate to non-existent path (IOPATH (posedge S0) Y) of instance TESTBED.U_GLCM.U1489 of module MXI2X1 <./GLCM_SYN.sdf, line 3853>.
ncelab: *W,SDFNEP: Unable to annotate to non-existent path (IOPATH (negedge S0) Y) of instance TESTBED.U_GLCM.U1489 of module MXI2X1 <./GLCM_SYN.sdf, line 3854>.
ncelab: *W,SDFNEP: Unable to annotate to non-existent path (IOPATH (posedge S0) Y) of instance TESTBED.U_GLCM.U1476 of module MX2XL <./GLCM_SYN.sdf, line 3993>.
ncelab: *W,SDFNEP: Unable to annotate to non-existent path (IOPATH (negedge S0) Y) of instance TESTBED.U_GLCM.U1476 of module MX2XL <./GLCM_SYN.sdf, line 3994>.
ncelab: *W,SDFNEP: Unable to annotate to non-existent path (IOPATH (posedge S0) Y) of instance TESTBED.U_GLCM.U1475 of module MX2XL <./GLCM_SYN.sdf, line 4007>.
ncelab: *W,SDFNEP: Unable to annotate to non-existent path (IOPATH (negedge S0) Y) of instance TESTBED.U_GLCM.U1475 of module MX2XL <./GLCM_SYN.sdf, line 4008>.
ncelab: *W,SDFNEP: Unable to annotate to non-existent path (IOPATH (posedge A) Y) of instance TESTBED.U_GLCM.U1472 of module XOR2XL <./GLCM_SYN.sdf, line 4041>.
ncelab: *W,SDFNEP: Unable to annotate to non-existent path (IOPATH (negedge A) Y) of instance TESTBED.U_GLCM.U1472 of module XOR2XL <./GLCM_SYN.sdf, line 4042>.
ncelab: *W,SDFNEP: Unable to annotate to non-existent path (IOPATH (posedge B) Y) of instance TESTBED.U_GLCM.U1472 of module XOR2XL <./GLCM_SYN.sdf, line 4045>.
ncelab: *W,SDFNEP: Unable to annotate to non-existent path (IOPATH (negedge B) Y) of instance TESTBED.U_GLCM.U1472 of module XOR2XL <./GLCM_SYN.sdf, line 4046>.
ncelab: *W,SDFNEP: Unable to annotate to non-existent path (IOPATH (posedge S0) Y) of instance TESTBED.U_GLCM.U1471 of module MX2XL <./GLCM_SYN.sdf, line 4059>.
ncelab: *W,SDFNEP: Unable to annotate to non-existent path (IOPATH (negedge S0) Y) of instance TESTBED.U_GLCM.U1471 of module MX2XL <./GLCM_SYN.sdf, line 4060>.
ncelab: *W,SDFNEP: Unable to annotate to non-existent path (IOPATH (posedge S0) Y) of instance TESTBED.U_GLCM.U1470 of module MX2XL <./GLCM_SYN.sdf, line 4073>.
ncelab: *W,SDFNEP: Unable to annotate to non-existent path (IOPATH (negedge S0) Y) of instance TESTBED.U_GLCM.U1470 of module MX2XL <./GLCM_SYN.sdf, line 4074>.
ncelab: *W,SDFNEP: Unable to annotate to non-existent path (IOPATH (posedge S0) Y) of instance TESTBED.U_GLCM.U1469 of module MX2XL <./GLCM_SYN.sdf, line 4087>.
ncelab: *W,SDFNEP: Unable to annotate to non-existent path (IOPATH (negedge S0) Y) of instance TESTBED.U_GLCM.U1469 of module MX2XL <./GLCM_SYN.sdf, line 4088>.
ncelab: *W,SDFNEP: Unable to annotate to non-existent path (IOPATH (posedge S0) Y) of instance TESTBED.U_GLCM.U1458 of module MX2XL <./GLCM_SYN.sdf, line 4202>.
ncelab: *W,SDFNEP: Unable to annotate to non-existent path (IOPATH (negedge S0) Y) of instance TESTBED.U_GLCM.U1458 of module MX2XL <./GLCM_SYN.sdf, line 4203>.
ncelab: *W,SDFNEP: Unable to annotate to non-existent path (IOPATH (posedge S0) Y) of instance TESTBED.U_GLCM.U1457 of module MX2XL <./GLCM_SYN.sdf, line 4216>.
ncelab: *W,SDFNEP: Unable to annotate to non-existent path (IOPATH (negedge S0) Y) of instance TESTBED.U_GLCM.U1457 of module MX2XL <./GLCM_SYN.sdf, line 4217>.
ncelab: *W,SDFNEP: Unable to annotate to non-existent path (IOPATH (posedge S0) Y) of instance TESTBED.U_GLCM.U1456 of module MX2XL <./GLCM_SYN.sdf, line 4230>.
ncelab: *W,SDFNEP: Unable to annotate to non-existent path (IOPATH (negedge S0) Y) of instance TESTBED.U_GLCM.U1456 of module MX2XL <./GLCM_SYN.sdf, line 4231>.
ncelab: *W,SDFNEP: Unable to annotate to non-existent path (IOPATH (posedge S0) Y) of instance TESTBED.U_GLCM.U1455 of module MX2XL <./GLCM_SYN.sdf, line 4244>.
ncelab: *W,SDFNEP: Unable to annotate to non-existent path (IOPATH (negedge S0) Y) of instance TESTBED.U_GLCM.U1455 of module MX2XL <./GLCM_SYN.sdf, line 4245>.
ncelab: *W,SDFNEP: Unable to annotate to non-existent path (IOPATH (posedge S0) Y) of instance TESTBED.U_GLCM.U1454 of module MX2XL <./GLCM_SYN.sdf, line 4258>.
ncelab: *W,SDFNEP: Unable to annotate to non-existent path (IOPATH (negedge S0) Y) of instance TESTBED.U_GLCM.U1454 of module MX2XL <./GLCM_SYN.sdf, line 4259>.
ncelab: *W,SDFNEP: Unable to annotate to non-existent path (IOPATH (posedge S0) Y) of instance TESTBED.U_GLCM.U1453 of module MX2XL <./GLCM_SYN.sdf, line 4272>.
ncelab: *W,SDFNEP: Unable to annotate to non-existent path (IOPATH (negedge S0) Y) of instance TESTBED.U_GLCM.U1453 of module MX2XL <./GLCM_SYN.sdf, line 4273>.
ncelab: *W,SDFNEP: Unable to annotate to non-existent path (IOPATH (posedge S0) Y) of instance TESTBED.U_GLCM.U1452 of module MX2XL <./GLCM_SYN.sdf, line 4286>.
ncelab: *W,SDFNEP: Unable to annotate to non-existent path (IOPATH (negedge S0) Y) of instance TESTBED.U_GLCM.U1452 of module MX2XL <./GLCM_SYN.sdf, line 4287>.
ncelab: *W,SDFNEP: Unable to annotate to non-existent path (IOPATH (posedge S0) Y) of instance TESTBED.U_GLCM.U1451 of module MX2XL <./GLCM_SYN.sdf, line 4300>.
ncelab: *W,SDFNEP: Unable to annotate to non-existent path (IOPATH (negedge S0) Y) of instance TESTBED.U_GLCM.U1451 of module MX2XL <./GLCM_SYN.sdf, line 4301>.
ncelab: *W,SDFNEP: Unable to annotate to non-existent path (IOPATH (posedge S0) Y) of instance TESTBED.U_GLCM.U1450 of module MX2XL <./GLCM_SYN.sdf, line 4314>.
ncelab: *W,SDFNEP: Unable to annotate to non-existent path (IOPATH (negedge S0) Y) of instance TESTBED.U_GLCM.U1450 of module MX2XL <./GLCM_SYN.sdf, line 4315>.
ncelab: *W,SDFNEP: Unable to annotate to non-existent path (IOPATH (posedge S0) Y) of instance TESTBED.U_GLCM.U1449 of module MX2XL <./GLCM_SYN.sdf, line 4328>.
ncelab: *W,SDFNEP: Unable to annotate to non-existent path (IOPATH (negedge S0) Y) of instance TESTBED.U_GLCM.U1449 of module MX2XL <./GLCM_SYN.sdf, line 4329>.
ncelab: *W,SDFNEP: Unable to annotate to non-existent path (IOPATH (posedge A) Y) of instance TESTBED.U_GLCM.U1437 of module XOR2XL <./GLCM_SYN.sdf, line 4443>.
ncelab: *W,SDFNEP: Unable to annotate to non-existent path (IOPATH (negedge A) Y) of instance TESTBED.U_GLCM.U1437 of module XOR2XL <./GLCM_SYN.sdf, line 4444>.
ncelab: *W,SDFNEP: Unable to annotate to non-existent path (IOPATH (posedge B) Y) of instance TESTBED.U_GLCM.U1437 of module XOR2XL <./GLCM_SYN.sdf, line 4447>.
ncelab: *W,SDFNEP: Unable to annotate to non-existent path (IOPATH (negedge B) Y) of instance TESTBED.U_GLCM.U1437 of module XOR2XL <./GLCM_SYN.sdf, line 4448>.
ncelab: *W,SDFNEP: Unable to annotate to non-existent path (IOPATH (posedge S0) Y) of instance TESTBED.U_GLCM.U1421 of module MX2XL <./GLCM_SYN.sdf, line 4611>.
ncelab: *W,SDFNEP: Unable to annotate to non-existent path (IOPATH (negedge S0) Y) of instance TESTBED.U_GLCM.U1421 of module MX2XL <./GLCM_SYN.sdf, line 4612>.
ncelab: *W,SDFNEP: Unable to annotate to non-existent path (IOPATH (posedge S0) Y) of instance TESTBED.U_GLCM.U1420 of module MX2XL <./GLCM_SYN.sdf, line 4625>.
ncelab: *W,SDFNEP: Unable to annotate to non-existent path (IOPATH (negedge S0) Y) of instance TESTBED.U_GLCM.U1420 of module MX2XL <./GLCM_SYN.sdf, line 4626>.
ncelab: *W,SDFNEP: Unable to annotate to non-existent path (IOPATH (posedge S0) Y) of instance TESTBED.U_GLCM.U1419 of module MX2XL <./GLCM_SYN.sdf, line 4639>.
ncelab: *W,SDFNEP: Unable to annotate to non-existent path (IOPATH (negedge S0) Y) of instance TESTBED.U_GLCM.U1419 of module MX2XL <./GLCM_SYN.sdf, line 4640>.
ncelab: *W,SDFNEP: Unable to annotate to non-existent path (IOPATH (posedge S0) Y) of instance TESTBED.U_GLCM.U1418 of module MX2XL <./GLCM_SYN.sdf, line 4653>.
ncelab: *W,SDFNEP: Unable to annotate to non-existent path (IOPATH (negedge S0) Y) of instance TESTBED.U_GLCM.U1418 of module MX2XL <./GLCM_SYN.sdf, line 4654>.
ncelab: *W,SDFNEP: Unable to annotate to non-existent path (IOPATH (posedge S0) Y) of instance TESTBED.U_GLCM.U1417 of module MX2XL <./GLCM_SYN.sdf, line 4667>.
ncelab: *W,SDFNEP: Unable to annotate to non-existent path (IOPATH (negedge S0) Y) of instance TESTBED.U_GLCM.U1417 of module MX2XL <./GLCM_SYN.sdf, line 4668>.
ncelab: *W,SDFNEP: Unable to annotate to non-existent path (IOPATH (posedge S0) Y) of instance TESTBED.U_GLCM.U1416 of module MX2XL <./GLCM_SYN.sdf, line 4681>.
ncelab: *W,SDFNEP: Unable to annotate to non-existent path (IOPATH (negedge S0) Y) of instance TESTBED.U_GLCM.U1416 of module MX2XL <./GLCM_SYN.sdf, line 4682>.
ncelab: *W,SDFNEP: Unable to annotate to non-existent path (IOPATH (posedge S0) Y) of instance TESTBED.U_GLCM.U1415 of module MX2XL <./GLCM_SYN.sdf, line 4695>.
ncelab: *W,SDFNEP: Unable to annotate to non-existent path (IOPATH (negedge S0) Y) of instance TESTBED.U_GLCM.U1415 of module MX2XL <./GLCM_SYN.sdf, line 4696>.
ncelab: *W,SDFNEP: Unable to annotate to non-existent path (IOPATH (posedge S0) Y) of instance TESTBED.U_GLCM.U1414 of module MX2XL <./GLCM_SYN.sdf, line 4709>.
ncelab: *W,SDFNEP: Unable to annotate to non-existent path (IOPATH (negedge S0) Y) of instance TESTBED.U_GLCM.U1414 of module MX2XL <./GLCM_SYN.sdf, line 4710>.
ncelab: *W,SDFNEP: Unable to annotate to non-existent path (IOPATH (posedge S0) Y) of instance TESTBED.U_GLCM.U1413 of module MX2XL <./GLCM_SYN.sdf, line 4723>.
ncelab: *W,SDFNEP: Unable to annotate to non-existent path (IOPATH (negedge S0) Y) of instance TESTBED.U_GLCM.U1413 of module MX2XL <./GLCM_SYN.sdf, line 4724>.
ncelab: *W,SDFNEP: Unable to annotate to non-existent path (IOPATH (posedge S0) Y) of instance TESTBED.U_GLCM.U1412 of module MX2XL <./GLCM_SYN.sdf, line 4737>.
ncelab: *W,SDFNEP: Unable to annotate to non-existent path (IOPATH (negedge S0) Y) of instance TESTBED.U_GLCM.U1412 of module MX2XL <./GLCM_SYN.sdf, line 4738>.
ncelab: *W,SDFNEP: Unable to annotate to non-existent path (IOPATH (posedge A) Y) of instance TESTBED.U_GLCM.U1361 of module XOR2X1 <./GLCM_SYN.sdf, line 5246>.
ncelab: *W,SDFNEP: Unable to annotate to non-existent path (IOPATH (negedge A) Y) of instance TESTBED.U_GLCM.U1361 of module XOR2X1 <./GLCM_SYN.sdf, line 5247>.
ncelab: *W,SDFNEP: Unable to annotate to non-existent path (IOPATH (posedge B) Y) of instance TESTBED.U_GLCM.U1361 of module XOR2X1 <./GLCM_SYN.sdf, line 5250>.
ncelab: *W,SDFNEP: Unable to annotate to non-existent path (IOPATH (negedge B) Y) of instance TESTBED.U_GLCM.U1361 of module XOR2X1 <./GLCM_SYN.sdf, line 5251>.
ncelab: *W,SDFNEP: Unable to annotate to non-existent path (IOPATH (posedge A) Y) of instance TESTBED.U_GLCM.U1360 of module XOR2X1 <./GLCM_SYN.sdf, line 5262>.
ncelab: *W,SDFNEP: Unable to annotate to non-existent path (IOPATH (negedge A) Y) of instance TESTBED.U_GLCM.U1360 of module XOR2X1 <./GLCM_SYN.sdf, line 5263>.
ncelab: *W,SDFNEP: Unable to annotate to non-existent path (IOPATH (posedge B) Y) of instance TESTBED.U_GLCM.U1360 of module XOR2X1 <./GLCM_SYN.sdf, line 5266>.
ncelab: *W,SDFNEP: Unable to annotate to non-existent path (IOPATH (negedge B) Y) of instance TESTBED.U_GLCM.U1360 of module XOR2X1 <./GLCM_SYN.sdf, line 5267>.
ncelab: *W,SDFNEP: Unable to annotate to non-existent path (IOPATH (posedge A) Y) of instance TESTBED.U_GLCM.U1358 of module XOR2X1 <./GLCM_SYN.sdf, line 5287>.
ncelab: *W,SDFNEP: Unable to annotate to non-existent path (IOPATH (negedge A) Y) of instance TESTBED.U_GLCM.U1358 of module XOR2X1 <./GLCM_SYN.sdf, line 5288>.
ncelab: *W,SDFNEP: Unable to annotate to non-existent path (IOPATH (posedge B) Y) of instance TESTBED.U_GLCM.U1358 of module XOR2X1 <./GLCM_SYN.sdf, line 5291>.
ncelab: *W,SDFNEP: Unable to annotate to non-existent path (IOPATH (negedge B) Y) of instance TESTBED.U_GLCM.U1358 of module XOR2X1 <./GLCM_SYN.sdf, line 5292>.
ncelab: *W,SDFNEP: Unable to annotate to non-existent path (IOPATH (posedge A) Y) of instance TESTBED.U_GLCM.U1357 of module XOR2X1 <./GLCM_SYN.sdf, line 5303>.
ncelab: *W,SDFNEP: Unable to annotate to non-existent path (IOPATH (negedge A) Y) of instance TESTBED.U_GLCM.U1357 of module XOR2X1 <./GLCM_SYN.sdf, line 5304>.
ncelab: *W,SDFNEP: Unable to annotate to non-existent path (IOPATH (posedge B) Y) of instance TESTBED.U_GLCM.U1357 of module XOR2X1 <./GLCM_SYN.sdf, line 5307>.
ncelab: *W,SDFNEP: Unable to annotate to non-existent path (IOPATH (negedge B) Y) of instance TESTBED.U_GLCM.U1357 of module XOR2X1 <./GLCM_SYN.sdf, line 5308>.
ncelab: *W,SDFNEP: Unable to annotate to non-existent path (IOPATH (posedge A) Y) of instance TESTBED.U_GLCM.U1356 of module XOR2X1 <./GLCM_SYN.sdf, line 5319>.
ncelab: *W,SDFNEP: Unable to annotate to non-existent path (IOPATH (negedge A) Y) of instance TESTBED.U_GLCM.U1356 of module XOR2X1 <./GLCM_SYN.sdf, line 5320>.
ncelab: *W,SDFNEP: Unable to annotate to non-existent path (IOPATH (posedge B) Y) of instance TESTBED.U_GLCM.U1356 of module XOR2X1 <./GLCM_SYN.sdf, line 5323>.
ncelab: *W,SDFNEP: Unable to annotate to non-existent path (IOPATH (negedge B) Y) of instance TESTBED.U_GLCM.U1356 of module XOR2X1 <./GLCM_SYN.sdf, line 5324>.
ncelab: *W,SDFNEP: Unable to annotate to non-existent path (IOPATH (posedge A) Y) of instance TESTBED.U_GLCM.U1352 of module XOR2X1 <./GLCM_SYN.sdf, line 5369>.
ncelab: *W,SDFNEP: Unable to annotate to non-existent path (IOPATH (negedge A) Y) of instance TESTBED.U_GLCM.U1352 of module XOR2X1 <./GLCM_SYN.sdf, line 5370>.
ncelab: *W,SDFNEP: Unable to annotate to non-existent path (IOPATH (posedge B) Y) of instance TESTBED.U_GLCM.U1352 of module XOR2X1 <./GLCM_SYN.sdf, line 5373>.
ncelab: *W,SDFNEP: Unable to annotate to non-existent path (IOPATH (negedge B) Y) of instance TESTBED.U_GLCM.U1352 of module XOR2X1 <./GLCM_SYN.sdf, line 5374>.
ncelab: *W,SDFNEP: Unable to annotate to non-existent path (IOPATH (posedge A) Y) of instance TESTBED.U_GLCM.U1350 of module XOR2XL <./GLCM_SYN.sdf, line 5394>.
ncelab: *W,SDFNEP: Unable to annotate to non-existent path (IOPATH (negedge A) Y) of instance TESTBED.U_GLCM.U1350 of module XOR2XL <./GLCM_SYN.sdf, line 5395>.
ncelab: *W,SDFNEP: Unable to annotate to non-existent path (IOPATH (posedge B) Y) of instance TESTBED.U_GLCM.U1350 of module XOR2XL <./GLCM_SYN.sdf, line 5398>.
ncelab: *W,SDFNEP: Unable to annotate to non-existent path (IOPATH (negedge B) Y) of instance TESTBED.U_GLCM.U1350 of module XOR2XL <./GLCM_SYN.sdf, line 5399>.
ncelab: *W,SDFNEP: Unable to annotate to non-existent path (IOPATH (posedge S0) Y) of instance TESTBED.U_GLCM.U1334 of module MX2XL <./GLCM_SYN.sdf, line 5556>.
ncelab: *W,SDFNEP: Unable to annotate to non-existent path (IOPATH (negedge S0) Y) of instance TESTBED.U_GLCM.U1334 of module MX2XL <./GLCM_SYN.sdf, line 5557>.
ncelab: *W,SDFNEP: Unable to annotate to non-existent path (IOPATH (posedge A) Y) of instance TESTBED.U_GLCM.U1322 of module XOR2XL <./GLCM_SYN.sdf, line 5679>.
ncelab: *W,SDFNEP: Unable to annotate to non-existent path (IOPATH (negedge A) Y) of instance TESTBED.U_GLCM.U1322 of module XOR2XL <./GLCM_SYN.sdf, line 5680>.
ncelab: *W,SDFNEP: Unable to annotate to non-existent path (IOPATH (posedge B) Y) of instance TESTBED.U_GLCM.U1322 of module XOR2XL <./GLCM_SYN.sdf, line 5683>.
ncelab: *W,SDFNEP: Unable to annotate to non-existent path (IOPATH (negedge B) Y) of instance TESTBED.U_GLCM.U1322 of module XOR2XL <./GLCM_SYN.sdf, line 5684>.
ncelab: *W,SDFNEP: Unable to annotate to non-existent path (IOPATH (posedge A) Y) of instance TESTBED.U_GLCM.U1320 of module XNOR2X2 <./GLCM_SYN.sdf, line 5704>.
ncelab: *W,SDFNEP: Unable to annotate to non-existent path (IOPATH (negedge A) Y) of instance TESTBED.U_GLCM.U1320 of module XNOR2X2 <./GLCM_SYN.sdf, line 5705>.
ncelab: *W,SDFNEP: Unable to annotate to non-existent path (IOPATH (posedge B) Y) of instance TESTBED.U_GLCM.U1320 of module XNOR2X2 <./GLCM_SYN.sdf, line 5708>.
ncelab: *W,SDFNEP: Unable to annotate to non-existent path (IOPATH (negedge B) Y) of instance TESTBED.U_GLCM.U1320 of module XNOR2X2 <./GLCM_SYN.sdf, line 5709>.
ncelab: *W,SDFNEP: Unable to annotate to non-existent path (IOPATH (posedge A) Y) of instance TESTBED.U_GLCM.U1319 of module XNOR2X2 <./GLCM_SYN.sdf, line 5720>.
ncelab: *W,SDFNEP: Unable to annotate to non-existent path (IOPATH (negedge A) Y) of instance TESTBED.U_GLCM.U1319 of module XNOR2X2 <./GLCM_SYN.sdf, line 5721>.
ncelab: *W,SDFNEP: Unable to annotate to non-existent path (IOPATH (posedge B) Y) of instance TESTBED.U_GLCM.U1319 of module XNOR2X2 <./GLCM_SYN.sdf, line 5724>.
ncelab: *W,SDFNEP: Unable to annotate to non-existent path (IOPATH (negedge B) Y) of instance TESTBED.U_GLCM.U1319 of module XNOR2X2 <./GLCM_SYN.sdf, line 5725>.
ncelab: *W,SDFNEP: Unable to annotate to non-existent path (IOPATH (posedge S0) Y) of instance TESTBED.U_GLCM.U1301 of module MXI2XL <./GLCM_SYN.sdf, line 5923>.
ncelab: *W,SDFNEP: Unable to annotate to non-existent path (IOPATH (negedge S0) Y) of instance TESTBED.U_GLCM.U1301 of module MXI2XL <./GLCM_SYN.sdf, line 5924>.
ncelab: *W,SDFNEP: Unable to annotate to non-existent path (IOPATH (posedge S0) Y) of instance TESTBED.U_GLCM.U1284 of module MXI2XL <./GLCM_SYN.sdf, line 6115>.
ncelab: *W,SDFNEP: Unable to annotate to non-existent path (IOPATH (negedge S0) Y) of instance TESTBED.U_GLCM.U1284 of module MXI2XL <./GLCM_SYN.sdf, line 6116>.
ncelab: *W,SDFNEP: Unable to annotate to non-existent path (IOPATH (posedge S0) Y) of instance TESTBED.U_GLCM.U1282 of module MXI2XL <./GLCM_SYN.sdf, line 6140>.
ncelab: *W,SDFNEP: Unable to annotate to non-existent path (IOPATH (negedge S0) Y) of instance TESTBED.U_GLCM.U1282 of module MXI2XL <./GLCM_SYN.sdf, line 6141>.
ncelab: *W,SDFNEP: Unable to annotate to non-existent path (IOPATH (posedge S0) Y) of instance TESTBED.U_GLCM.U1277 of module MXI2XL <./GLCM_SYN.sdf, line 6195>.
ncelab: *W,SDFNEP: Unable to annotate to non-existent path (IOPATH (negedge S0) Y) of instance TESTBED.U_GLCM.U1277 of module MXI2XL <./GLCM_SYN.sdf, line 6196>.
ncelab: *W,SDFNEP: Unable to annotate to non-existent path (IOPATH (posedge S0) Y) of instance TESTBED.U_GLCM.U1275 of module MXI2XL <./GLCM_SYN.sdf, line 6221>.
ncelab: *W,SDFNEP: Unable to annotate to non-existent path (IOPATH (negedge S0) Y) of instance TESTBED.U_GLCM.U1275 of module MXI2XL <./GLCM_SYN.sdf, line 6222>.
ncelab: *W,SDFNEP: Unable to annotate to non-existent path (IOPATH (posedge S0) Y) of instance TESTBED.U_GLCM.U1272 of module MXI2XL <./GLCM_SYN.sdf, line 6257>.
ncelab: *W,SDFNEP: Unable to annotate to non-existent path (IOPATH (negedge S0) Y) of instance TESTBED.U_GLCM.U1272 of module MXI2XL <./GLCM_SYN.sdf, line 6258>.
ncelab: *W,SDFNEP: Unable to annotate to non-existent path (IOPATH (posedge A) Y) of instance TESTBED.U_GLCM.U1160 of module XNOR2XL <./GLCM_SYN.sdf, line 7480>.
ncelab: *W,SDFNEP: Unable to annotate to non-existent path (IOPATH (negedge A) Y) of instance TESTBED.U_GLCM.U1160 of module XNOR2XL <./GLCM_SYN.sdf, line 7481>.
ncelab: *W,SDFNEP: Unable to annotate to non-existent path (IOPATH (posedge B) Y) of instance TESTBED.U_GLCM.U1160 of module XNOR2XL <./GLCM_SYN.sdf, line 7484>.
ncelab: *W,SDFNEP: Unable to annotate to non-existent path (IOPATH (negedge B) Y) of instance TESTBED.U_GLCM.U1160 of module XNOR2XL <./GLCM_SYN.sdf, line 7485>.
ncelab: *W,SDFNEP: Unable to annotate to non-existent path (IOPATH (posedge A) Y) of instance TESTBED.U_GLCM.U1157 of module XOR2XL <./GLCM_SYN.sdf, line 7517>.
ncelab: *W,SDFNEP: Unable to annotate to non-existent path (IOPATH (negedge A) Y) of instance TESTBED.U_GLCM.U1157 of module XOR2XL <./GLCM_SYN.sdf, line 7518>.
ncelab: *W,SDFNEP: Unable to annotate to non-existent path (IOPATH (posedge B) Y) of instance TESTBED.U_GLCM.U1157 of module XOR2XL <./GLCM_SYN.sdf, line 7521>.
ncelab: *W,SDFNEP: Unable to annotate to non-existent path (IOPATH (negedge B) Y) of instance TESTBED.U_GLCM.U1157 of module XOR2XL <./GLCM_SYN.sdf, line 7522>.
ncelab: *W,SDFNEP: Unable to annotate to non-existent path (IOPATH (posedge A) Y) of instance TESTBED.U_GLCM.U1154 of module XNOR2XL <./GLCM_SYN.sdf, line 7554>.
ncelab: *W,SDFNEP: Unable to annotate to non-existent path (IOPATH (negedge A) Y) of instance TESTBED.U_GLCM.U1154 of module XNOR2XL <./GLCM_SYN.sdf, line 7555>.
ncelab: *W,SDFNEP: Unable to annotate to non-existent path (IOPATH (posedge B) Y) of instance TESTBED.U_GLCM.U1154 of module XNOR2XL <./GLCM_SYN.sdf, line 7558>.
ncelab: *W,SDFNEP: Unable to annotate to non-existent path (IOPATH (negedge B) Y) of instance TESTBED.U_GLCM.U1154 of module XNOR2XL <./GLCM_SYN.sdf, line 7559>.
ncelab: *W,SDFNEP: Unable to annotate to non-existent path (IOPATH (posedge A) Y) of instance TESTBED.U_GLCM.U1151 of module XOR2XL <./GLCM_SYN.sdf, line 7591>.
ncelab: *W,SDFNEP: Unable to annotate to non-existent path (IOPATH (negedge A) Y) of instance TESTBED.U_GLCM.U1151 of module XOR2XL <./GLCM_SYN.sdf, line 7592>.
ncelab: *W,SDFNEP: Unable to annotate to non-existent path (IOPATH (posedge B) Y) of instance TESTBED.U_GLCM.U1151 of module XOR2XL <./GLCM_SYN.sdf, line 7595>.
ncelab: *W,SDFNEP: Unable to annotate to non-existent path (IOPATH (negedge B) Y) of instance TESTBED.U_GLCM.U1151 of module XOR2XL <./GLCM_SYN.sdf, line 7596>.
ncelab: *W,SDFNEP: Unable to annotate to non-existent path (IOPATH (posedge A) Y) of instance TESTBED.U_GLCM.U1148 of module XNOR2XL <./GLCM_SYN.sdf, line 7628>.
ncelab: *W,SDFNEP: Unable to annotate to non-existent path (IOPATH (negedge A) Y) of instance TESTBED.U_GLCM.U1148 of module XNOR2XL <./GLCM_SYN.sdf, line 7629>.
ncelab: *W,SDFNEP: Unable to annotate to non-existent path (IOPATH (posedge B) Y) of instance TESTBED.U_GLCM.U1148 of module XNOR2XL <./GLCM_SYN.sdf, line 7632>.
ncelab: *W,SDFNEP: Unable to annotate to non-existent path (IOPATH (negedge B) Y) of instance TESTBED.U_GLCM.U1148 of module XNOR2XL <./GLCM_SYN.sdf, line 7633>.
ncelab: *W,SDFNEP: Unable to annotate to non-existent path (IOPATH (posedge A) Y) of instance TESTBED.U_GLCM.U1137 of module XOR2XL <./GLCM_SYN.sdf, line 7760>.
ncelab: *W,SDFNEP: Unable to annotate to non-existent path (IOPATH (negedge A) Y) of instance TESTBED.U_GLCM.U1137 of module XOR2XL <./GLCM_SYN.sdf, line 7761>.
ncelab: *W,SDFNEP: Unable to annotate to non-existent path (IOPATH (posedge B) Y) of instance TESTBED.U_GLCM.U1137 of module XOR2XL <./GLCM_SYN.sdf, line 7764>.
ncelab: *W,SDFNEP: Unable to annotate to non-existent path (IOPATH (negedge B) Y) of instance TESTBED.U_GLCM.U1137 of module XOR2XL <./GLCM_SYN.sdf, line 7765>.
ncelab: *W,SDFNEP: Unable to annotate to non-existent path (IOPATH (posedge A) Y) of instance TESTBED.U_GLCM.U1133 of module XOR2XL <./GLCM_SYN.sdf, line 7810>.
ncelab: *W,SDFNEP: Unable to annotate to non-existent path (IOPATH (negedge A) Y) of instance TESTBED.U_GLCM.U1133 of module XOR2XL <./GLCM_SYN.sdf, line 7811>.
ncelab: *W,SDFNEP: Unable to annotate to non-existent path (IOPATH (posedge B) Y) of instance TESTBED.U_GLCM.U1133 of module XOR2XL <./GLCM_SYN.sdf, line 7814>.
ncelab: *W,SDFNEP: Unable to annotate to non-existent path (IOPATH (negedge B) Y) of instance TESTBED.U_GLCM.U1133 of module XOR2XL <./GLCM_SYN.sdf, line 7815>.
ncelab: *W,SDFNEP: Unable to annotate to non-existent path (IOPATH (posedge A) Y) of instance TESTBED.U_GLCM.U1130 of module XNOR2XL <./GLCM_SYN.sdf, line 7847>.
ncelab: *W,SDFNEP: Unable to annotate to non-existent path (IOPATH (negedge A) Y) of instance TESTBED.U_GLCM.U1130 of module XNOR2XL <./GLCM_SYN.sdf, line 7848>.
ncelab: *W,SDFNEP: Unable to annotate to non-existent path (IOPATH (posedge B) Y) of instance TESTBED.U_GLCM.U1130 of module XNOR2XL <./GLCM_SYN.sdf, line 7851>.
ncelab: *W,SDFNEP: Unable to annotate to non-existent path (IOPATH (negedge B) Y) of instance TESTBED.U_GLCM.U1130 of module XNOR2XL <./GLCM_SYN.sdf, line 7852>.
ncelab: *W,SDFNEP: Unable to annotate to non-existent path (IOPATH (posedge A) Y) of instance TESTBED.U_GLCM.U1127 of module XNOR2XL <./GLCM_SYN.sdf, line 7884>.
ncelab: *W,SDFNEP: Unable to annotate to non-existent path (IOPATH (negedge A) Y) of instance TESTBED.U_GLCM.U1127 of module XNOR2XL <./GLCM_SYN.sdf, line 7885>.
ncelab: *W,SDFNEP: Unable to annotate to non-existent path (IOPATH (posedge B) Y) of instance TESTBED.U_GLCM.U1127 of module XNOR2XL <./GLCM_SYN.sdf, line 7888>.
ncelab: *W,SDFNEP: Unable to annotate to non-existent path (IOPATH (negedge B) Y) of instance TESTBED.U_GLCM.U1127 of module XNOR2XL <./GLCM_SYN.sdf, line 7889>.
ncelab: *W,SDFNEP: Unable to annotate to non-existent path (IOPATH (posedge A) Y) of instance TESTBED.U_GLCM.U1124 of module XOR2XL <./GLCM_SYN.sdf, line 7921>.
ncelab: *W,SDFNEP: Unable to annotate to non-existent path (IOPATH (negedge A) Y) of instance TESTBED.U_GLCM.U1124 of module XOR2XL <./GLCM_SYN.sdf, line 7922>.
ncelab: *W,SDFNEP: Unable to annotate to non-existent path (IOPATH (posedge B) Y) of instance TESTBED.U_GLCM.U1124 of module XOR2XL <./GLCM_SYN.sdf, line 7925>.
ncelab: *W,SDFNEP: Unable to annotate to non-existent path (IOPATH (negedge B) Y) of instance TESTBED.U_GLCM.U1124 of module XOR2XL <./GLCM_SYN.sdf, line 7926>.
ncelab: *W,SDFNEP: Unable to annotate to non-existent path (IOPATH (posedge S0) Y) of instance TESTBED.U_GLCM.U1078 of module MXI2XL <./GLCM_SYN.sdf, line 8421>.
ncelab: *W,SDFNEP: Unable to annotate to non-existent path (IOPATH (negedge S0) Y) of instance TESTBED.U_GLCM.U1078 of module MXI2XL <./GLCM_SYN.sdf, line 8422>.
ncelab: *W,SDFNEP: Unable to annotate to non-existent path (IOPATH (posedge S0) Y) of instance TESTBED.U_GLCM.U1076 of module MXI2XL <./GLCM_SYN.sdf, line 8447>.
ncelab: *W,SDFNEP: Unable to annotate to non-existent path (IOPATH (negedge S0) Y) of instance TESTBED.U_GLCM.U1076 of module MXI2XL <./GLCM_SYN.sdf, line 8448>.
ncelab: *W,SDFNEP: Unable to annotate to non-existent path (IOPATH (posedge A) Y) of instance TESTBED.U_GLCM.U1074 of module XOR2XL <./GLCM_SYN.sdf, line 8471>.
ncelab: *W,SDFNEP: Unable to annotate to non-existent path (IOPATH (negedge A) Y) of instance TESTBED.U_GLCM.U1074 of module XOR2XL <./GLCM_SYN.sdf, line 8472>.
ncelab: *W,SDFNEP: Unable to annotate to non-existent path (IOPATH (posedge B) Y) of instance TESTBED.U_GLCM.U1074 of module XOR2XL <./GLCM_SYN.sdf, line 8475>.
ncelab: *W,SDFNEP: Unable to annotate to non-existent path (IOPATH (negedge B) Y) of instance TESTBED.U_GLCM.U1074 of module XOR2XL <./GLCM_SYN.sdf, line 8476>.
ncelab: *W,SDFNEP: Unable to annotate to non-existent path (IOPATH (posedge S0) Y) of instance TESTBED.U_GLCM.U1071 of module MXI2XL <./GLCM_SYN.sdf, line 8510>.
ncelab: *W,SDFNEP: Unable to annotate to non-existent path (IOPATH (negedge S0) Y) of instance TESTBED.U_GLCM.U1071 of module MXI2XL <./GLCM_SYN.sdf, line 8511>.
ncelab: *W,SDFNEP: Unable to annotate to non-existent path (IOPATH (posedge S0) Y) of instance TESTBED.U_GLCM.U1065 of module MXI2XL <./GLCM_SYN.sdf, line 8579>.
ncelab: *W,SDFNEP: Unable to annotate to non-existent path (IOPATH (negedge S0) Y) of instance TESTBED.U_GLCM.U1065 of module MXI2XL <./GLCM_SYN.sdf, line 8580>.
ncelab: *W,SDFNEP: Unable to annotate to non-existent path (IOPATH (posedge A) Y) of instance TESTBED.U_GLCM.U1057 of module XOR2XL <./GLCM_SYN.sdf, line 8661>.
ncelab: *W,SDFNEP: Unable to annotate to non-existent path (IOPATH (negedge A) Y) of instance TESTBED.U_GLCM.U1057 of module XOR2XL <./GLCM_SYN.sdf, line 8662>.
ncelab: *W,SDFNEP: Unable to annotate to non-existent path (IOPATH (posedge B) Y) of instance TESTBED.U_GLCM.U1057 of module XOR2XL <./GLCM_SYN.sdf, line 8665>.
ncelab: *W,SDFNEP: Unable to annotate to non-existent path (IOPATH (negedge B) Y) of instance TESTBED.U_GLCM.U1057 of module XOR2XL <./GLCM_SYN.sdf, line 8666>.
ncelab: *W,SDFNEP: Unable to annotate to non-existent path (IOPATH (posedge A) Y) of instance TESTBED.U_GLCM.U1038 of module XOR2XL <./GLCM_SYN.sdf, line 8858>.
ncelab: *W,SDFNEP: Unable to annotate to non-existent path (IOPATH (negedge A) Y) of instance TESTBED.U_GLCM.U1038 of module XOR2XL <./GLCM_SYN.sdf, line 8859>.
ncelab: *W,SDFNEP: Unable to annotate to non-existent path (IOPATH (posedge B) Y) of instance TESTBED.U_GLCM.U1038 of module XOR2XL <./GLCM_SYN.sdf, line 8862>.
ncelab: *W,SDFNEP: Unable to annotate to non-existent path (IOPATH (negedge B) Y) of instance TESTBED.U_GLCM.U1038 of module XOR2XL <./GLCM_SYN.sdf, line 8863>.
ncelab: *W,SDFNEP: Unable to annotate to non-existent path (IOPATH (posedge S0) Y) of instance TESTBED.U_GLCM.U1024 of module MXI2XL <./GLCM_SYN.sdf, line 9011>.
ncelab: *W,SDFNEP: Unable to annotate to non-existent path (IOPATH (negedge S0) Y) of instance TESTBED.U_GLCM.U1024 of module MXI2XL <./GLCM_SYN.sdf, line 9012>.
ncelab: *W,SDFNEP: Unable to annotate to non-existent path (IOPATH (posedge S0) Y) of instance TESTBED.U_GLCM.U1016 of module MXI2XL <./GLCM_SYN.sdf, line 9103>.
ncelab: *W,SDFNEP: Unable to annotate to non-existent path (IOPATH (negedge S0) Y) of instance TESTBED.U_GLCM.U1016 of module MXI2XL <./GLCM_SYN.sdf, line 9104>.
ncelab: *W,SDFNEP: Unable to annotate to non-existent path (IOPATH (posedge S0) Y) of instance TESTBED.U_GLCM.U1010 of module MXI2XL <./GLCM_SYN.sdf, line 9170>.
ncelab: *W,SDFNEP: Unable to annotate to non-existent path (IOPATH (negedge S0) Y) of instance TESTBED.U_GLCM.U1010 of module MXI2XL <./GLCM_SYN.sdf, line 9171>.
ncelab: *W,SDFNEP: Unable to annotate to non-existent path (IOPATH (posedge S0) Y) of instance TESTBED.U_GLCM.U1009 of module MXI2XL <./GLCM_SYN.sdf, line 9184>.
ncelab: *W,SDFNEP: Unable to annotate to non-existent path (IOPATH (negedge S0) Y) of instance TESTBED.U_GLCM.U1009 of module MXI2XL <./GLCM_SYN.sdf, line 9185>.
ncelab: *W,SDFNEP: Unable to annotate to non-existent path (IOPATH (posedge A) Y) of instance TESTBED.U_GLCM.U991 of module XOR2XL <./GLCM_SYN.sdf, line 9369>.
ncelab: *W,SDFNEP: Unable to annotate to non-existent path (IOPATH (negedge A) Y) of instance TESTBED.U_GLCM.U991 of module XOR2XL <./GLCM_SYN.sdf, line 9370>.
ncelab: *W,SDFNEP: Unable to annotate to non-existent path (IOPATH (posedge B) Y) of instance TESTBED.U_GLCM.U991 of module XOR2XL <./GLCM_SYN.sdf, line 9373>.
ncelab: *W,SDFNEP: Unable to annotate to non-existent path (IOPATH (negedge B) Y) of instance TESTBED.U_GLCM.U991 of module XOR2XL <./GLCM_SYN.sdf, line 9374>.
ncelab: *W,SDFNEP: Unable to annotate to non-existent path (IOPATH (posedge A) Y) of instance TESTBED.U_GLCM.U985 of module XOR2XL <./GLCM_SYN.sdf, line 9438>.
ncelab: *W,SDFNEP: Unable to annotate to non-existent path (IOPATH (negedge A) Y) of instance TESTBED.U_GLCM.U985 of module XOR2XL <./GLCM_SYN.sdf, line 9439>.
ncelab: *W,SDFNEP: Unable to annotate to non-existent path (IOPATH (posedge B) Y) of instance TESTBED.U_GLCM.U985 of module XOR2XL <./GLCM_SYN.sdf, line 9442>.
ncelab: *W,SDFNEP: Unable to annotate to non-existent path (IOPATH (negedge B) Y) of instance TESTBED.U_GLCM.U985 of module XOR2XL <./GLCM_SYN.sdf, line 9443>.
ncelab: *W,SDFNEP: Unable to annotate to non-existent path (IOPATH (posedge A) Y) of instance TESTBED.U_GLCM.U984 of module XOR2X1 <./GLCM_SYN.sdf, line 9454>.
ncelab: *W,SDFNEP: Unable to annotate to non-existent path (IOPATH (negedge A) Y) of instance TESTBED.U_GLCM.U984 of module XOR2X1 <./GLCM_SYN.sdf, line 9455>.
ncelab: *W,SDFNEP: Unable to annotate to non-existent path (IOPATH (posedge B) Y) of instance TESTBED.U_GLCM.U984 of module XOR2X1 <./GLCM_SYN.sdf, line 9458>.
ncelab: *W,SDFNEP: Unable to annotate to non-existent path (IOPATH (negedge B) Y) of instance TESTBED.U_GLCM.U984 of module XOR2X1 <./GLCM_SYN.sdf, line 9459>.
ncelab: *W,SDFNEP: Unable to annotate to non-existent path (IOPATH (posedge S0) Y) of instance TESTBED.U_GLCM.U906 of module MXI2X1 <./GLCM_SYN.sdf, line 10252>.
ncelab: *W,SDFNEP: Unable to annotate to non-existent path (IOPATH (negedge S0) Y) of instance TESTBED.U_GLCM.U906 of module MXI2X1 <./GLCM_SYN.sdf, line 10253>.
ncelab: *W,SDFNEP: Unable to annotate to non-existent path (IOPATH (posedge A) Y) of instance TESTBED.U_GLCM.U895 of module XOR2X1 <./GLCM_SYN.sdf, line 10365>.
ncelab: *W,SDFNEP: Unable to annotate to non-existent path (IOPATH (negedge A) Y) of instance TESTBED.U_GLCM.U895 of module XOR2X1 <./GLCM_SYN.sdf, line 10366>.
ncelab: *W,SDFNEP: Unable to annotate to non-existent path (IOPATH (posedge B) Y) of instance TESTBED.U_GLCM.U895 of module XOR2X1 <./GLCM_SYN.sdf, line 10369>.
ncelab: *W,SDFNEP: Unable to annotate to non-existent path (IOPATH (negedge B) Y) of instance TESTBED.U_GLCM.U895 of module XOR2X1 <./GLCM_SYN.sdf, line 10370>.
	Annotation completed with 0 Errors and 222 Warnings
	SDF statistics: No. of Pathdelays = 2625  Annotated = 100.00% -- No. of Tchecks = 1276  Annotated = 99.69% 
				        Total 	   Annotated	  Percentage
		 Path Delays	        2625	        2625	      100.00
		     $period	           2	           2	      100.00
		      $width	         604	         604	      100.00
		  $setuphold	         670	         666	       99.40
	Building instance overlay tables: .................... Done
	Generating native compiled code:
		worklib.pseudo_DRAM:v <0x0fa11dd8>
			streams:  19, words: 44422
	Building instance specific data structures.
	Loading native compiled code:     .................... Done
	Design hierarchy summary:
		                    Instances  Unique
		Modules:                 1109      87
		UDPs:                     243       2
		Primitives:              2108       9
		Timing outputs:          1127      41
		Registers:                381     190
		Scalar wires:            2235       -
		Expanded wires:           115       7
		Vectored wires:            25       -
		Always blocks:              6       6
		Initial blocks:            12      12
		Cont. assignments:         28      47
		Pseudo assignments:         4       4
		Timing checks:           1946     445
		Interconnect:            2638       -
		Delayed tcheck signals:   600     202
		Simulation timescale:     1fs
	Writing initial simulation snapshot: worklib.TESTBED:v
Loading snapshot worklib.TESTBED:v .................... Done
SVSEED default: 1
*Verdi* Loading libsscore_ius152.so
ncsim> source /usr/cad/cadence/INCISIV/INCISIVE_15.20.084/tools/inca/files/ncsimrc
ncsim> run
FSDB Dumper for IUS, Release Verdi_P-2019.06, Linux x86_64/64bit, 05/26/2019
(C) 1996 - 2019 by Synopsys, Inc.
*Verdi* FSDB WARNING: The FSDB file already exists. Overwriting the FSDB file may crash the programs that are using this file.
*Verdi* : Create FSDB file 'GLCM_SYN.fsdb'
*Verdi* : Begin traversing the scopes, layer (0).
*Verdi* : Enable +mda dumping.
*Verdi* : End of traversing.
[0;34mPASS PATTERN NO.   1,[m [0;32mexecution cycle : 2595[m
[0;34mPASS PATTERN NO.   2,[m [0;32mexecution cycle : 2503[m
[0;34mPASS PATTERN NO.   3,[m [0;32mexecution cycle : 2503[m
[0;34mPASS PATTERN NO.   4,[m [0;32mexecution cycle : 2429[m
[0;34mPASS PATTERN NO.   5,[m [0;32mexecution cycle : 2383[m
[0;34mPASS PATTERN NO.   6,[m [0;32mexecution cycle : 2606[m
[0;34mPASS PATTERN NO.   7,[m [0;32mexecution cycle : 2227[m
[0;34mPASS PATTERN NO.   8,[m [0;32mexecution cycle : 2841[m
[0;34mPASS PATTERN NO.   9,[m [0;32mexecution cycle : 2451[m
[0;34mPASS PATTERN NO.  10,[m [0;32mexecution cycle : 2854[m
[0;34mPASS PATTERN NO.  11,[m [0;32mexecution cycle : 2387[m
[0;34mPASS PATTERN NO.  12,[m [0;32mexecution cycle : 2496[m
[0;34mPASS PATTERN NO.  13,[m [0;32mexecution cycle : 2412[m
[0;34mPASS PATTERN NO.  14,[m [0;32mexecution cycle : 2474[m
[0;34mPASS PATTERN NO.  15,[m [0;32mexecution cycle : 2363[m
[0;34mPASS PATTERN NO.  16,[m [0;32mexecution cycle : 2622[m
[0;34mPASS PATTERN NO.  17,[m [0;32mexecution cycle : 2815[m
[0;34mPASS PATTERN NO.  18,[m [0;32mexecution cycle : 2515[m
[0;34mPASS PATTERN NO.  19,[m [0;32mexecution cycle : 2476[m
[0;34mPASS PATTERN NO.  20,[m [0;32mexecution cycle : 2717[m
[0;34mPASS PATTERN NO.  21,[m [0;32mexecution cycle : 2480[m
[0;34mPASS PATTERN NO.  22,[m [0;32mexecution cycle : 2839[m
[0;34mPASS PATTERN NO.  23,[m [0;32mexecution cycle : 2419[m
[0;34mPASS PATTERN NO.  24,[m [0;32mexecution cycle : 2363[m
[0;34mPASS PATTERN NO.  25,[m [0;32mexecution cycle : 2321[m
[0;34mPASS PATTERN NO.  26,[m [0;32mexecution cycle : 2171[m
[0;34mPASS PATTERN NO.  27,[m [0;32mexecution cycle : 2296[m
[0;34mPASS PATTERN NO.  28,[m [0;32mexecution cycle : 2451[m
[0;34mPASS PATTERN NO.  29,[m [0;32mexecution cycle : 2610[m
[0;34mPASS PATTERN NO.  30,[m [0;32mexecution cycle : 2685[m
[0;34mPASS PATTERN NO.  31,[m [0;32mexecution cycle : 2559[m
[0;34mPASS PATTERN NO.  32,[m [0;32mexecution cycle : 2634[m
[0;34mPASS PATTERN NO.  33,[m [0;32mexecution cycle : 2215[m
[0;34mPASS PATTERN NO.  34,[m [0;32mexecution cycle : 2323[m
[0;34mPASS PATTERN NO.  35,[m [0;32mexecution cycle : 2526[m
[0;34mPASS PATTERN NO.  36,[m [0;32mexecution cycle : 2746[m
[0;34mPASS PATTERN NO.  37,[m [0;32mexecution cycle : 2304[m
[0;34mPASS PATTERN NO.  38,[m [0;32mexecution cycle : 2391[m
[0;34mPASS PATTERN NO.  39,[m [0;32mexecution cycle : 2620[m
[0;34mPASS PATTERN NO.  40,[m [0;32mexecution cycle : 2263[m
[0;34mPASS PATTERN NO.  41,[m [0;32mexecution cycle : 2394[m
[0;34mPASS PATTERN NO.  42,[m [0;32mexecution cycle : 2611[m
[0;34mPASS PATTERN NO.  43,[m [0;32mexecution cycle : 2579[m
[0;34mPASS PATTERN NO.  44,[m [0;32mexecution cycle : 2555[m
[0;34mPASS PATTERN NO.  45,[m [0;32mexecution cycle : 2579[m
[0;34mPASS PATTERN NO.  46,[m [0;32mexecution cycle : 2410[m
[0;34mPASS PATTERN NO.  47,[m [0;32mexecution cycle : 2485[m
[0;34mPASS PATTERN NO.  48,[m [0;32mexecution cycle : 2768[m
[0;34mPASS PATTERN NO.  49,[m [0;32mexecution cycle : 2490[m
[0;34mPASS PATTERN NO.  50,[m [0;32mexecution cycle : 2563[m
[0;34mPASS PATTERN NO.  51,[m [0;32mexecution cycle : 2451[m
[0;34mPASS PATTERN NO.  52,[m [0;32mexecution cycle : 2739[m
[0;34mPASS PATTERN NO.  53,[m [0;32mexecution cycle : 2582[m
[0;34mPASS PATTERN NO.  54,[m [0;32mexecution cycle : 2323[m
[0;34mPASS PATTERN NO.  55,[m [0;32mexecution cycle : 2646[m
[0;34mPASS PATTERN NO.  56,[m [0;32mexecution cycle : 2311[m
[0;34mPASS PATTERN NO.  57,[m [0;32mexecution cycle : 2346[m
[0;34mPASS PATTERN NO.  58,[m [0;32mexecution cycle : 2692[m
[0;34mPASS PATTERN NO.  59,[m [0;32mexecution cycle : 2298[m
[0;34mPASS PATTERN NO.  60,[m [0;32mexecution cycle : 2380[m
[0;34mPASS PATTERN NO.  61,[m [0;32mexecution cycle : 2818[m
[0;34mPASS PATTERN NO.  62,[m [0;32mexecution cycle : 2354[m
[0;34mPASS PATTERN NO.  63,[m [0;32mexecution cycle : 2763[m
[0;34mPASS PATTERN NO.  64,[m [0;32mexecution cycle : 2227[m
[0;34mPASS PATTERN NO.  65,[m [0;32mexecution cycle : 2323[m
[0;34mPASS PATTERN NO.  66,[m [0;32mexecution cycle : 2387[m
[0;34mPASS PATTERN NO.  67,[m [0;32mexecution cycle : 2409[m
[0;34mPASS PATTERN NO.  68,[m [0;32mexecution cycle : 2518[m
[0;34mPASS PATTERN NO.  69,[m [0;32mexecution cycle : 2183[m
[0;34mPASS PATTERN NO.  70,[m [0;32mexecution cycle : 2327[m
[0;34mPASS PATTERN NO.  71,[m [0;32mexecution cycle : 2786[m
[0;34mPASS PATTERN NO.  72,[m [0;32mexecution cycle : 2703[m
[0;34mPASS PATTERN NO.  73,[m [0;32mexecution cycle : 2387[m
[0;34mPASS PATTERN NO.  74,[m [0;32mexecution cycle : 2651[m
[0;34mPASS PATTERN NO.  75,[m [0;32mexecution cycle : 2836[m
[0;34mPASS PATTERN NO.  76,[m [0;32mexecution cycle : 2704[m
[0;34mPASS PATTERN NO.  77,[m [0;32mexecution cycle : 2696[m
[0;34mPASS PATTERN NO.  78,[m [0;32mexecution cycle : 2410[m
[0;34mPASS PATTERN NO.  79,[m [0;32mexecution cycle : 2472[m
[0;34mPASS PATTERN NO.  80,[m [0;32mexecution cycle : 2419[m
[0;34mPASS PATTERN NO.  81,[m [0;32mexecution cycle : 2487[m
[0;34mPASS PATTERN NO.  82,[m [0;32mexecution cycle : 2785[m
[0;34mPASS PATTERN NO.  83,[m [0;32mexecution cycle : 2664[m
[0;34mPASS PATTERN NO.  84,[m [0;32mexecution cycle : 2451[m
[0;34mPASS PATTERN NO.  85,[m [0;32mexecution cycle : 2732[m
[0;34mPASS PATTERN NO.  86,[m [0;32mexecution cycle : 2327[m
[0;34mPASS PATTERN NO.  87,[m [0;32mexecution cycle : 2589[m
[0;34mPASS PATTERN NO.  88,[m [0;32mexecution cycle : 2396[m
[0;34mPASS PATTERN NO.  89,[m [0;32mexecution cycle : 2263[m
[0;34mPASS PATTERN NO.  90,[m [0;32mexecution cycle : 2646[m
[0;34mPASS PATTERN NO.  91,[m [0;32mexecution cycle : 2627[m
[0;34mPASS PATTERN NO.  92,[m [0;32mexecution cycle : 2690[m
[0;34mPASS PATTERN NO.  93,[m [0;32mexecution cycle : 2483[m
[0;34mPASS PATTERN NO.  94,[m [0;32mexecution cycle : 2715[m
[0;34mPASS PATTERN NO.  95,[m [0;32mexecution cycle : 2377[m
[0;34mPASS PATTERN NO.  96,[m [0;32mexecution cycle : 2438[m
[0;34mPASS PATTERN NO.  97,[m [0;32mexecution cycle : 2469[m
[0;34mPASS PATTERN NO.  98,[m [0;32mexecution cycle : 2605[m
[0;34mPASS PATTERN NO.  99,[m [0;32mexecution cycle : 2544[m
[0;34mPASS PATTERN NO. 100,[m [0;32mexecution cycle : 2439[m
[0;34mPASS PATTERN NO. 101,[m [0;32mexecution cycle : 2252[m
[0;34mPASS PATTERN NO. 102,[m [0;32mexecution cycle : 2570[m
[0;34mPASS PATTERN NO. 103,[m [0;32mexecution cycle : 2419[m
[0;34mPASS PATTERN NO. 104,[m [0;32mexecution cycle : 2355[m
[0;34mPASS PATTERN NO. 105,[m [0;32mexecution cycle : 2842[m
[0;34mPASS PATTERN NO. 106,[m [0;32mexecution cycle : 2291[m
[0;34mPASS PATTERN NO. 107,[m [0;32mexecution cycle : 2547[m
[0;34mPASS PATTERN NO. 108,[m [0;32mexecution cycle : 2328[m
[0;34mPASS PATTERN NO. 109,[m [0;32mexecution cycle : 2446[m
[0;34mPASS PATTERN NO. 110,[m [0;32mexecution cycle : 2486[m
[0;34mPASS PATTERN NO. 111,[m [0;32mexecution cycle : 2515[m
[0;34mPASS PATTERN NO. 112,[m [0;32mexecution cycle : 2816[m
[0;34mPASS PATTERN NO. 113,[m [0;32mexecution cycle : 2534[m
[0;34mPASS PATTERN NO. 114,[m [0;32mexecution cycle : 2444[m
[0;34mPASS PATTERN NO. 115,[m [0;32mexecution cycle : 2375[m
[0;34mPASS PATTERN NO. 116,[m [0;32mexecution cycle : 2555[m
[0;34mPASS PATTERN NO. 117,[m [0;32mexecution cycle : 2323[m
[0;34mPASS PATTERN NO. 118,[m [0;32mexecution cycle : 2419[m
[0;34mPASS PATTERN NO. 119,[m [0;32mexecution cycle : 2519[m
[0;34mPASS PATTERN NO. 120,[m [0;32mexecution cycle : 2930[m
[0;34mPASS PATTERN NO. 121,[m [0;32mexecution cycle : 2547[m
[0;34mPASS PATTERN NO. 122,[m [0;32mexecution cycle : 2436[m
[0;34mPASS PATTERN NO. 123,[m [0;32mexecution cycle : 2644[m
[0;34mPASS PATTERN NO. 124,[m [0;32mexecution cycle : 2593[m
[0;34mPASS PATTERN NO. 125,[m [0;32mexecution cycle : 2327[m
[0;34mPASS PATTERN NO. 126,[m [0;32mexecution cycle : 2396[m
[0;34mPASS PATTERN NO. 127,[m [0;32mexecution cycle : 2300[m
[0;34mPASS PATTERN NO. 128,[m [0;32mexecution cycle : 2281[m
[0;34mPASS PATTERN NO. 129,[m [0;32mexecution cycle : 2211[m
[0;34mPASS PATTERN NO. 130,[m [0;32mexecution cycle : 2522[m
[0;34mPASS PATTERN NO. 131,[m [0;32mexecution cycle : 2364[m
[0;34mPASS PATTERN NO. 132,[m [0;32mexecution cycle : 2394[m
[0;34mPASS PATTERN NO. 133,[m [0;32mexecution cycle : 2631[m
[0;34mPASS PATTERN NO. 134,[m [0;32mexecution cycle : 2797[m
[0;34mPASS PATTERN NO. 135,[m [0;32mexecution cycle : 2259[m
[0;34mPASS PATTERN NO. 136,[m [0;32mexecution cycle : 2643[m
[0;34mPASS PATTERN NO. 137,[m [0;32mexecution cycle : 2613[m
[0;34mPASS PATTERN NO. 138,[m [0;32mexecution cycle : 2717[m
[0;34mPASS PATTERN NO. 139,[m [0;32mexecution cycle : 2705[m
[0;34mPASS PATTERN NO. 140,[m [0;32mexecution cycle : 2705[m
[0;34mPASS PATTERN NO. 141,[m [0;32mexecution cycle : 2515[m
[0;34mPASS PATTERN NO. 142,[m [0;32mexecution cycle : 2667[m
[0;34mPASS PATTERN NO. 143,[m [0;32mexecution cycle : 2407[m
[0;34mPASS PATTERN NO. 144,[m [0;32mexecution cycle : 2414[m
[0;34mPASS PATTERN NO. 145,[m [0;32mexecution cycle : 2636[m
[0;34mPASS PATTERN NO. 146,[m [0;32mexecution cycle : 2348[m
[0;34mPASS PATTERN NO. 147,[m [0;32mexecution cycle : 2338[m
[0;34mPASS PATTERN NO. 148,[m [0;32mexecution cycle : 2227[m
[0;34mPASS PATTERN NO. 149,[m [0;32mexecution cycle : 2569[m
[0;34mPASS PATTERN NO. 150,[m [0;32mexecution cycle : 2387[m
[0;34mPASS PATTERN NO. 151,[m [0;32mexecution cycle : 2235[m
[0;34mPASS PATTERN NO. 152,[m [0;32mexecution cycle : 2539[m
[0;34mPASS PATTERN NO. 153,[m [0;32mexecution cycle : 2246[m
[0;34mPASS PATTERN NO. 154,[m [0;32mexecution cycle : 2424[m
[0;34mPASS PATTERN NO. 155,[m [0;32mexecution cycle : 2259[m
[0;34mPASS PATTERN NO. 156,[m [0;32mexecution cycle : 2303[m
[0;34mPASS PATTERN NO. 157,[m [0;32mexecution cycle : 2215[m
[0;34mPASS PATTERN NO. 158,[m [0;32mexecution cycle : 2370[m
[0;34mPASS PATTERN NO. 159,[m [0;32mexecution cycle : 2438[m
[0;34mPASS PATTERN NO. 160,[m [0;32mexecution cycle : 2698[m
[0;34mPASS PATTERN NO. 161,[m [0;32mexecution cycle : 2395[m
[0;34mPASS PATTERN NO. 162,[m [0;32mexecution cycle : 2777[m
[0;34mPASS PATTERN NO. 163,[m [0;32mexecution cycle : 2407[m
[0;34mPASS PATTERN NO. 164,[m [0;32mexecution cycle : 2263[m
[0;34mPASS PATTERN NO. 165,[m [0;32mexecution cycle : 2480[m
[0;34mPASS PATTERN NO. 166,[m [0;32mexecution cycle : 2419[m
[0;34mPASS PATTERN NO. 167,[m [0;32mexecution cycle : 2391[m
[0;34mPASS PATTERN NO. 168,[m [0;32mexecution cycle : 2483[m
[0;34mPASS PATTERN NO. 169,[m [0;32mexecution cycle : 2579[m
[0;34mPASS PATTERN NO. 170,[m [0;32mexecution cycle : 2566[m
--------------------------------------------------------------------
          ~(￣▽￣)~(＿△＿)~(￣▽￣)~(＿△＿)~(￣▽￣)~              
                         Congratulations!                           
          You have passed all patterns for Midterm Project !!       
--------------------------------------------------------------------
Simulation complete via $finish(1) at time 5705029200 PS + 0
./PATTERN.v:652     $finish;
ncsim> exit
TOOL:	irun(64)	15.20-s084: Exiting on Apr 14, 2023 at 00:09:07 CST  (total: 00:00:37)
