
                           Design Compiler Graphical 
                                 DC Ultra (TM)
                                  DFTMAX (TM)
                              Power Compiler (TM)
                                 DesignWare (R)
                                 DC Expert (TM)
                               Design Vision (TM)
                               HDL Compiler (TM)
                               VHDL Compiler (TM)
                                  DFT Compiler
                               Design Compiler(R)

                 Version T-2022.03 for linux64 - Feb 22, 2022 

                    Copyright (c) 1988 - 2022 Synopsys, Inc.
   This software and the associated documentation are proprietary to Synopsys,
 Inc. This software may only be used in accordance with the terms and conditions
 of a written license agreement with Synopsys, Inc. All other use, reproduction,
   or distribution of this software is strictly prohibited.  Licensed Products
     communicate with Synopsys servers for the purpose of providing software
    updates, detecting software piracy and verifying that customers are using
    Licensed Products in conformity with the applicable License Key for such
  Licensed Products. Synopsys will use information gathered in connection with
    this process to deliver software updates and pursue software pirates and
                                   infringers.

 Inclusivity & Diversity - Visit SolvNetPlus to read the "Synopsys Statement on
            Inclusivity and Diversity" (Refer to article 000036315 at
                        https://solvnetplus.synopsys.com)
Initializing...
#======================================================
#
# Synopsys Synthesis Scripts (Design Vision dctcl mode)
#
#======================================================
#======================================================
#  Set Libraries
#======================================================
set search_path    {./../01_RTL \
                    ~iclabta01/umc018/Synthesis/ \
                    /usr/synthesis/libraries/syn/ }
./../01_RTL  ~iclabta01/umc018/Synthesis/  /usr/synthesis/libraries/syn/ 
set synthetic_library {dw_foundation.sldb}
dw_foundation.sldb
set link_library {* dw_foundation.sldb standard.sldb slow.db}
* dw_foundation.sldb standard.sldb slow.db
set target_library {slow.db}
slow.db
#======================================================
#  Global Parameters
#======================================================
set DESIGN "QUEEN"
QUEEN
set hdlin_ff_always_sync_set_reset true
true
set CYCLE 6.0
6.0
#======================================================
#  Read RTL Code
#======================================================
read_sverilog $DESIGN.v
Loading db file '/usr/cad/synopsys/synthesis/2022.03/libraries/syn/dw_foundation.sldb'
Loading db file '/usr/cad/synopsys/synthesis/2022.03/libraries/syn/standard.sldb'
Loading db file '/RAID2/COURSE/iclab/iclabta01/umc018/Synthesis/slow.db'
Loading db file '/usr/cad/synopsys/synthesis/2022.03/libraries/syn/gtech.db'
  Loading link library 'slow'
  Loading link library 'gtech'
Loading sverilog file '/RAID2/COURSE/iclab/iclab105/oldarchive/Lab02/Exercise/01_RTL/QUEEN.v'
Detecting input file type automatically (-rtl or -netlist).
Reading with Presto HDL Compiler (equivalent to -rtl option).
Running PRESTO HDLC
Compiling source file /RAID2/COURSE/iclab/iclab105/oldarchive/Lab02/Exercise/01_RTL/QUEEN.v
Warning:  /RAID2/COURSE/iclab/iclab105/oldarchive/Lab02/Exercise/01_RTL/QUEEN.v:98: signed to unsigned assignment occurs. (VER-318)

Statistics for case statements in always block at line 71 in file
	'/RAID2/COURSE/iclab/iclab105/oldarchive/Lab02/Exercise/01_RTL/QUEEN.v'
===============================================
|           Line           |  full/ parallel  |
===============================================
|            72            |    auto/auto     |
===============================================

Statistics for case statements in always block at line 94 in file
	'/RAID2/COURSE/iclab/iclab105/oldarchive/Lab02/Exercise/01_RTL/QUEEN.v'
===============================================
|           Line           |  full/ parallel  |
===============================================
|            97            |     no/auto      |
===============================================

Statistics for case statements in always block at line 114 in file
	'/RAID2/COURSE/iclab/iclab105/oldarchive/Lab02/Exercise/01_RTL/QUEEN.v'
===============================================
|           Line           |  full/ parallel  |
===============================================
|           121            |     no/auto      |
===============================================

Statistics for case statements in always block at line 148 in file
	'/RAID2/COURSE/iclab/iclab105/oldarchive/Lab02/Exercise/01_RTL/QUEEN.v'
===============================================
|           Line           |  full/ parallel  |
===============================================
|           154            |     no/auto      |
===============================================

Statistics for case statements in always block at line 202 in file
	'/RAID2/COURSE/iclab/iclab105/oldarchive/Lab02/Exercise/01_RTL/QUEEN.v'
===============================================
|           Line           |  full/ parallel  |
===============================================
|           205            |     no/auto      |
===============================================

Statistics for case statements in always block at line 219 in file
	'/RAID2/COURSE/iclab/iclab105/oldarchive/Lab02/Exercise/01_RTL/QUEEN.v'
===============================================
|           Line           |  full/ parallel  |
===============================================
|           225            |     no/auto      |
===============================================

Statistics for case statements in always block at line 261 in file
	'/RAID2/COURSE/iclab/iclab105/oldarchive/Lab02/Exercise/01_RTL/QUEEN.v'
===============================================
|           Line           |  full/ parallel  |
===============================================
|           264            |     no/auto      |
===============================================

Statistics for case statements in always block at line 270 in file
	'/RAID2/COURSE/iclab/iclab105/oldarchive/Lab02/Exercise/01_RTL/QUEEN.v'
===============================================
|           Line           |  full/ parallel  |
===============================================
|           273            |     no/auto      |
===============================================

Inferred memory devices in process
	in routine QUEEN line 66 in file
		'/RAID2/COURSE/iclab/iclab105/oldarchive/Lab02/Exercise/01_RTL/QUEEN.v'.
===============================================================================
|    Register Name    |   Type    | Width | Bus | MB | AR | AS | SR | SS | ST |
===============================================================================
|  current_state_reg  | Flip-flop |   3   |  Y  | N  | Y  | N  | N  | N  | N  |
===============================================================================

Inferred memory devices in process
	in routine QUEEN line 94 in file
		'/RAID2/COURSE/iclab/iclab105/oldarchive/Lab02/Exercise/01_RTL/QUEEN.v'.
===============================================================================
|    Register Name    |   Type    | Width | Bus | MB | AR | AS | SR | SS | ST |
===============================================================================
|       cnt_reg       | Flip-flop |   4   |  Y  | N  | Y  | N  | N  | N  | N  |
===============================================================================

Inferred memory devices in process
	in routine QUEEN line 108 in file
		'/RAID2/COURSE/iclab/iclab105/oldarchive/Lab02/Exercise/01_RTL/QUEEN.v'.
===============================================================================
|    Register Name    |   Type    | Width | Bus | MB | AR | AS | SR | SS | ST |
===============================================================================
|     fix_num_reg     | Flip-flop |   3   |  Y  | N  | Y  | N  | N  | N  | N  |
===============================================================================

Inferred memory devices in process
	in routine QUEEN line 114 in file
		'/RAID2/COURSE/iclab/iclab105/oldarchive/Lab02/Exercise/01_RTL/QUEEN.v'.
===============================================================================
|    Register Name    |   Type    | Width | Bus | MB | AR | AS | SR | SS | ST |
===============================================================================
|    row_cache_reg    | Flip-flop |  12   |  Y  | N  | N  | Y  | N  | N  | N  |
|    row_cache_reg    | Flip-flop |  12   |  Y  | N  | Y  | N  | N  | N  | N  |
|    col_cache_reg    | Flip-flop |  12   |  Y  | N  | N  | Y  | N  | N  | N  |
|    col_cache_reg    | Flip-flop |  12   |  Y  | N  | Y  | N  | N  | N  | N  |
===============================================================================

Inferred memory devices in process
	in routine QUEEN line 148 in file
		'/RAID2/COURSE/iclab/iclab105/oldarchive/Lab02/Exercise/01_RTL/QUEEN.v'.
===============================================================================
|    Register Name    |   Type    | Width | Bus | MB | AR | AS | SR | SS | ST |
===============================================================================
|     answer_reg      | Flip-flop |  24   |  Y  | N  | N  | Y  | N  | N  | N  |
|     answer_reg      | Flip-flop |  24   |  Y  | N  | Y  | N  | N  | N  | N  |
===============================================================================

Inferred memory devices in process
	in routine QUEEN line 202 in file
		'/RAID2/COURSE/iclab/iclab105/oldarchive/Lab02/Exercise/01_RTL/QUEEN.v'.
===============================================================================
|    Register Name    |   Type    | Width | Bus | MB | AR | AS | SR | SS | ST |
===============================================================================
|     dc_idx_reg      | Flip-flop |   4   |  Y  | N  | Y  | N  | N  | N  | N  |
===============================================================================

Inferred memory devices in process
	in routine QUEEN line 219 in file
		'/RAID2/COURSE/iclab/iclab105/oldarchive/Lab02/Exercise/01_RTL/QUEEN.v'.
===============================================================================
|    Register Name    |   Type    | Width | Bus | MB | AR | AS | SR | SS | ST |
===============================================================================
|   decide_col_reg    | Flip-flop |  22   |  Y  | N  | N  | Y  | N  | N  | N  |
|   decide_col_reg    | Flip-flop |  22   |  Y  | N  | Y  | N  | N  | N  | N  |
===============================================================================

Inferred memory devices in process
	in routine QUEEN line 261 in file
		'/RAID2/COURSE/iclab/iclab105/oldarchive/Lab02/Exercise/01_RTL/QUEEN.v'.
===============================================================================
|    Register Name    |   Type    | Width | Bus | MB | AR | AS | SR | SS | ST |
===============================================================================
|    out_valid_reg    | Flip-flop |   1   |  N  | N  | Y  | N  | N  | N  | N  |
===============================================================================

Inferred memory devices in process
	in routine QUEEN line 270 in file
		'/RAID2/COURSE/iclab/iclab105/oldarchive/Lab02/Exercise/01_RTL/QUEEN.v'.
===============================================================================
|    Register Name    |   Type    | Width | Bus | MB | AR | AS | SR | SS | ST |
===============================================================================
|       out_reg       | Flip-flop |   4   |  Y  | N  | Y  | N  | N  | N  | N  |
===============================================================================
Information:  Complex logic will not be considered for set/reset inference. (ELAB-2008)
Presto compilation completed successfully.
Current design is now '/RAID2/COURSE/iclab/iclab105/oldarchive/Lab02/Exercise/01_RTL/QUEEN.db:QUEEN'
Loaded 1 design.
Current design is 'QUEEN'.
QUEEN
current_design QUEEN
Current design is 'QUEEN'.
{QUEEN}
#======================================================
#  Global Setting
#======================================================
set_wire_load_mode top
1
#======================================================
#  Set Design Constraints
#======================================================
create_clock -name "clk" -period $CYCLE clk 
1
set_input_delay  [ expr $CYCLE*0.5 ] -clock clk [all_inputs]
1
set_output_delay [ expr $CYCLE*0.5 ] -clock clk [all_outputs]
1
set_input_delay 0 -clock clk clk
1
set_load 0.05 [all_outputs]
1
#======================================================
#  Optimization
#======================================================
uniquify
1
set_fix_multiple_port_nets -all -buffer_constants
1
compile_ultra
Information: Performing power optimization. (PWR-850)
Analyzing: "/RAID2/COURSE/iclab/iclabta01/umc018/Synthesis/slow.db"
Library analysis succeeded.
Information: Evaluating DesignWare library utilization. (UISN-27)

============================================================================
| DesignWare Building Block Library  |         Version         | Available |
============================================================================
| Basic DW Building Blocks           | S-2021.06-DWBB_202106.0 |     *     |
| Licensed DW Building Blocks        | S-2021.06-DWBB_202106.0 |     *     |
============================================================================

====================================================================================================
| Flow Information                                                                                 |
----------------------------------------------------------------------------------------------------
| Flow         | Design Compiler WLM                                                               |
| Comand line  | compile_ultra                                                                     |
====================================================================================================
| Design Information                                      | Value                                  |
====================================================================================================
| Number of Scenarios                                     | 0                                      |
| Leaf Cell Count                                         | 18534                                  |
| Number of User Hierarchies                              | 0                                      |
| Sequential Cell Count                                   | 159                                    |
| Macro Count                                             | 0                                      |
| Number of Power Domains                                 | 0                                      |
| Number of Path Groups                                   | 2                                      |
| Number of VT class                                      | 0                                      |
| Number of Clocks                                        | 1                                      |
| Number of Dont Touch cells                              | 3942                                   |
| Number of Dont Touch nets                               | 0                                      |
| Number of size only cells                               | 0                                      |
| Design with UPF Data                                    | false                                  |
----------------------------------------------------------------------------------------------------
| Variables                                               | Value                                  |
----------------------------------------------------------------------------------------------------
| set_fix_multiple_port_nets                              | -all -buffer_constants                 |
====================================================================================================
Information: Sequential output inversion is enabled.  SVF file must be used for formal verification. (OPT-1208)

Information: There are 13 potential problems in your design. Please run 'check_design' for more information. (LINT-99)

  Simplifying Design 'QUEEN'

Loaded alib file './alib-52/slow.db.alib'
  Building model 'DW01_NAND2'
Information: Ungrouping 0 of 1 hierarchies before Pass 1 (OPT-775)
Information: State dependent leakage is now switched from on to off.

  Beginning Pass 1 Mapping
  ------------------------
  Processing 'QUEEN'
Information: Added key list 'DesignWare' to design 'QUEEN'. (DDB-72)
 Implement Synthetic for 'QUEEN'.

  Updating timing information
Information: Updating design information... (UID-85)
Information: The library cell 'HOLDX1' in the library 'slow' is not characterized for internal power. (PWR-536)
Information: The target library(s) contains cell(s), other than black boxes, that are not characterized for internal power. (PWR-24)

  Beginning Mapping Optimizations  (Ultra High effort)
  -------------------------------
  Mapping Optimization (Phase 1)
  Mapping Optimization (Phase 2)

                                  TOTAL                                                
   ELAPSED            WORST NEG   SETUP    DESIGN                              LEAKAGE 
    TIME      AREA      SLACK     COST    RULE COST         ENDPOINT            POWER  
  --------- --------- --------- --------- --------- ------------------------- ---------
    0:00:44  152109.6      0.20       5.9       0.0                           22319046.0000
    0:00:45  149302.1      1.31      66.7       0.0                           21955772.0000

  Beginning Constant Register Removal
  -----------------------------------
    0:00:45  150848.9      1.31      66.9       0.0                           22404050.0000
    0:00:45  150819.0      1.31      66.9       0.0                           22400088.0000

  Beginning Global Optimizations
  ------------------------------
  Numerical Synthesis (Phase 1)
  Numerical Synthesis (Phase 2)
  Global Optimization (Phase 1)
  Global Optimization (Phase 2)
  Global Optimization (Phase 3)
  Global Optimization (Phase 4)
  Global Optimization (Phase 5)
  Global Optimization (Phase 6)
  Global Optimization (Phase 7)
  Global Optimization (Phase 8)
  Global Optimization (Phase 9)
  Global Optimization (Phase 10)
  Global Optimization (Phase 11)
  Global Optimization (Phase 12)
  Global Optimization (Phase 13)
  Global Optimization (Phase 14)
  Global Optimization (Phase 15)
  Global Optimization (Phase 16)
  Global Optimization (Phase 17)
  Global Optimization (Phase 18)
  Global Optimization (Phase 19)
  Global Optimization (Phase 20)
  Global Optimization (Phase 21)
  Global Optimization (Phase 22)
  Global Optimization (Phase 23)
  Global Optimization (Phase 24)
  Global Optimization (Phase 25)
  Global Optimization (Phase 26)
  Global Optimization (Phase 27)
  Global Optimization (Phase 28)
  Global Optimization (Phase 29)
  Global Optimization (Phase 30)
  Global Optimization (Phase 31)

  Beginning Isolate Ports
  -----------------------

  Beginning Delay Optimization
  ----------------------------
    0:00:47   84683.5      0.51      17.4       0.0                           7385823.0000
    0:00:47   85604.9      0.00       0.0       0.0                           7584299.0000
    0:00:47   85604.9      0.00       0.0       0.0                           7584299.0000
    0:00:47   85355.4      0.00       0.0       0.0                           7575996.5000
    0:00:49   83462.7      0.00       0.0       0.0                           7455422.5000
    0:00:49   78972.1      2.54     132.0       4.4                           6951324.0000

  Beginning WLM Backend Optimization
  --------------------------------------
    0:00:50   75921.8      2.27     117.4       4.4                           6638074.0000
    0:00:51   76141.3      0.00       0.0       0.0                           6668237.0000
    0:00:51   76141.3      0.00       0.0       0.0                           6668237.0000
    0:00:51   75635.7      0.00       0.0       0.0                           6165495.5000
    0:00:51   75635.7      0.00       0.0       0.0                           6165495.5000
    0:00:51   75635.7      0.00       0.0       0.0                           6165495.5000
    0:00:51   75635.7      0.00       0.0       0.0                           6165495.5000
    0:00:51   75635.7      0.00       0.0       0.0                           6165495.5000
    0:00:51   75635.7      0.00       0.0       0.0                           6165495.5000
    0:00:51   75635.7      0.00       0.0       0.0                           6165495.5000
    0:00:51   75635.7      0.00       0.0       0.0                           6165495.5000
    0:00:51   75635.7      0.00       0.0       0.0                           6165495.5000
    0:00:51   75635.7      0.00       0.0       0.0                           6165495.5000
    0:00:51   75635.7      0.00       0.0       0.0                           6165495.5000
    0:00:51   75635.7      0.00       0.0       0.0                           6165495.5000
    0:00:51   75635.7      0.00       0.0       0.0                           6165495.5000
    0:00:51   75635.7      0.00       0.0       0.0                           6165495.5000
    0:00:51   75635.7      0.00       0.0       0.0                           6165495.5000
    0:00:51   75635.7      0.00       0.0       0.0                           6165495.5000
    0:00:51   75635.7      0.00       0.0       0.0                           6165495.5000
    0:00:51   75635.7      0.00       0.0       0.0                           6165495.5000
    0:00:51   75635.7      0.00       0.0       0.0                           6165495.5000
    0:00:51   75635.7      0.00       0.0       0.0                           6165495.5000
    0:00:51   75635.7      0.00       0.0       0.0                           6165495.5000


  Beginning Leakage Power Optimization  (max_leakage_power 0)
  ------------------------------------

                                  TOTAL                                                
   ELAPSED            WORST NEG   SETUP    DESIGN                              LEAKAGE 
    TIME      AREA      SLACK     COST    RULE COST         ENDPOINT            POWER  
  --------- --------- --------- --------- --------- ------------------------- ---------
    0:00:51   75635.7      0.00       0.0       0.0                           6165495.5000
  Global Optimization (Phase 32)
  Global Optimization (Phase 33)
  Global Optimization (Phase 34)
  Global Optimization (Phase 35)
  Global Optimization (Phase 36)
  Global Optimization (Phase 37)
  Global Optimization (Phase 38)
  Global Optimization (Phase 39)
  Global Optimization (Phase 40)
  Global Optimization (Phase 41)
  Global Optimization (Phase 42)
  Global Optimization (Phase 43)
  Global Optimization (Phase 44)
  Global Optimization (Phase 45)
  Global Optimization (Phase 46)
  Global Optimization (Phase 47)
    0:00:53   76613.6      0.00       0.0       0.0                           5829163.0000
    0:00:53   76613.6      0.00       0.0       0.0                           5829163.0000
    0:00:53   76613.6      0.00       0.0       0.0                           5829163.0000
    0:00:53   76197.8      0.00       0.0       0.0                           5806430.0000
    0:00:53   76197.8      0.00       0.0       0.0                           5806430.0000
    0:00:53   76197.8      0.00       0.0       0.0                           5806430.0000
    0:00:53   76197.8      0.00       0.0       0.0                           5806430.0000
    0:00:53   76197.8      0.00       0.0       0.0                           5806430.0000
    0:00:53   76197.8      0.00       0.0       0.0                           5806430.0000
    0:00:53   76197.8      0.00       0.0       0.0                           5806430.0000
    0:00:53   76197.8      0.00       0.0       0.0                           5806430.0000
    0:00:53   76197.8      0.00       0.0       0.0                           5806430.0000
    0:00:53   76197.8      0.00       0.0       0.0                           5806430.0000
    0:00:53   76197.8      0.00       0.0       0.0                           5806430.0000
    0:00:53   76197.8      0.00       0.0       0.0                           5806430.0000
    0:00:53   76197.8      0.00       0.0       0.0                           5806430.0000
    0:00:53   76197.8      0.00       0.0       0.0                           5806430.0000
    0:00:53   76197.8      0.00       0.0       0.0                           5806430.0000
    0:00:53   76197.8      0.00       0.0       0.0                           5806430.0000
    0:00:53   76197.8      0.00       0.0       0.0                           5806430.0000
    0:00:53   76197.8      0.00       0.0       0.0                           5806430.0000
    0:00:53   76197.8      0.00       0.0       0.0                           5806430.0000

                                  TOTAL                                                
   ELAPSED            WORST NEG   SETUP    DESIGN                              LEAKAGE 
    TIME      AREA      SLACK     COST    RULE COST         ENDPOINT            POWER  
  --------- --------- --------- --------- --------- ------------------------- ---------
    0:00:53   76197.8      0.00       0.0       0.0                           5806430.0000
    0:00:54   74238.6      0.00       0.0       0.0                           5779480.5000
    0:00:54   74238.6      0.00       0.0       0.0                           5779480.5000
    0:00:54   74238.6      0.00       0.0       0.0                           5779480.5000
    0:00:54   74268.5      0.00       0.0       0.0                           5777441.5000
    0:00:54   74148.8      0.00       0.0       0.0                           5679621.0000
    0:00:54   74148.8      0.00       0.0       0.0                           5679621.0000
    0:00:54   74148.8      0.00       0.0       0.0                           5679621.0000
    0:00:54   74148.8      0.00       0.0       0.0                           5679621.0000
    0:00:54   74148.8      0.00       0.0       0.0                           5679621.0000
    0:00:54   74148.8      0.00       0.0       0.0                           5679621.0000
    0:00:55   73410.3      0.00       0.0       0.0                           5667685.0000
Loading db file '/RAID2/COURSE/iclab/iclabta01/umc018/Synthesis/slow.db'


Note: Symbol # after min delay cost means estimated hold TNS across all active scenarios 


  Optimization Complete
  ---------------------
Information: State dependent leakage is now switched from off to on.
Information: Propagating switching activity (low effort zero delay simulation). (PWR-6)
1
#======================================================
#  Output Reports 
#======================================================
check_design > Report/TT.check
report_timing >  Report/TT.timing
report_area >  Report/TT.area
report_resource >  Report/TT.resource
#======================================================
#  Change Naming Rule
#======================================================
set bus_inference_style "%s\[%d\]"
%s[%d]
set bus_naming_style "%s\[%d\]"
%s[%d]
set hdlout_internal_busses true
true
change_names -hierarchy -rule verilog
1
define_name_rules name_rule -allowed "a-z A-Z 0-9 _" -max_length 255 -type cell
1
define_name_rules name_rule -allowed "a-z A-Z 0-9 _[]" -max_length 255 -type net
1
define_name_rules name_rule -map {{"\\*cell\\*" "cell"}}
1
change_names -hierarchy -rules name_rule
1
#======================================================
#  Output Results
#======================================================
set verilogout_higher_designs_first true
true
write -format verilog -output Netlist/QUEEN_SYN.v -hierarchy
Writing verilog file '/RAID2/COURSE/iclab/iclab105/oldarchive/Lab02/Exercise/02_SYN/Netlist/QUEEN_SYN.v'.
1
write_sdf -version 2.1 -context verilog -load_delay cell Netlist/QUEEN_SYN.sdf
Information: Writing timing information to file '/RAID2/COURSE/iclab/iclab105/oldarchive/Lab02/Exercise/02_SYN/Netlist/QUEEN_SYN.sdf'. (WT-3)
1
report_area
 
****************************************
Report : area
Design : QUEEN
Version: T-2022.03
Date   : Sun Apr  9 02:02:42 2023
****************************************

Library(s) Used:

    slow (File: /RAID2/COURSE/iclab/iclabta01/umc018/Synthesis/slow.db)

Number of ports:                           20
Number of nets:                          3958
Number of cells:                         3829
Number of combinational cells:           3670
Number of sequential cells:               159
Number of macros/black boxes:               0
Number of buf/inv:                        537
Number of references:                     107

Combinational area:              62396.612141
Buf/Inv area:                     5585.025784
Noncombinational area:           11013.710449
Macro/Black Box area:                0.000000
Net Interconnect area:      undefined  (No wire load specified)

Total cell area:                 73410.322590
Total area:                 undefined
1
report_timing
 
****************************************
Report : timing
        -path full
        -delay max
        -max_paths 1
Design : QUEEN
Version: T-2022.03
Date   : Sun Apr  9 02:02:42 2023
****************************************

Operating Conditions: slow   Library: slow
Wire Load Model Mode: top

  Startpoint: dc_idx_reg_2_
              (rising edge-triggered flip-flop clocked by clk)
  Endpoint: dc_idx_reg_3_
            (rising edge-triggered flip-flop clocked by clk)
  Path Group: clk
  Path Type: max

  Point                                    Incr       Path
  -----------------------------------------------------------
  clock clk (rise edge)                    0.00       0.00
  clock network delay (ideal)              0.00       0.00
  dc_idx_reg_2_/CK (DFFRHQX4)              0.00       0.00 r
  dc_idx_reg_2_/Q (DFFRHQX4)               0.38       0.38 r
  U2655/Y (INVX2)                          0.10       0.48 f
  U2986/Y (NAND2X4)                        0.11       0.59 r
  U1880/Y (INVX3)                          0.06       0.65 f
  U2992/Y (NAND2X4)                        0.09       0.74 r
  U1547/Y (INVX2)                          0.08       0.82 f
  U3020/Y (NAND2X1)                        0.08       0.91 r
  U1545/Y (AND4X2)                         0.29       1.20 r
  U3023/Y (MXI2X4)                         0.13       1.33 f
  U3038/Y (INVX8)                          0.12       1.46 r
  U2866/Y (INVX4)                          0.07       1.52 f
  U1964/Y (INVX8)                          0.06       1.58 r
  U1542/Y (INVX4)                          0.12       1.70 f
  U2933/Y (INVXL)                          0.47       2.17 r
  U3116/Y (NOR2X1)                         0.21       2.38 f
  U3220/Y (NAND2XL)                        0.27       2.65 r
  U3499/Y (OAI211XL)                       0.15       2.80 f
  U3506/Y (OAI2BB1XL)                      0.23       3.03 f
  U3507/Y (NAND2XL)                        0.10       3.13 r
  U3510/Y (OAI211XL)                       0.14       3.27 f
  U3511/Y (AOI21X1)                        0.15       3.42 r
  U1595/Y (NAND4XL)                        0.15       3.57 f
  U3525/Y (AOI21XL)                        0.18       3.75 r
  U3571/Y (NAND4X1)                        0.12       3.87 f
  U3572/Y (NOR2X1)                         0.18       4.05 r
  U4881/Y (INVX1)                          0.07       4.12 f
  U2974/Y (AND2X1)                         0.30       4.42 f
  U4882/Y (NAND2X2)                        0.15       4.56 r
  U4883/Y (NOR2X2)                         0.08       4.64 f
  U4885/Y (NAND2X2)                        0.12       4.76 r
  U4925/Y (NOR2X2)                         0.09       4.85 f
  U2883/Y (NAND2X1)                        0.12       4.97 r
  U4957/Y (OAI21X1)                        0.15       5.12 f
  U2360/Y (AOI21XL)                        0.19       5.31 r
  U4965/Y (NAND2X1)                        0.11       5.42 f
  U4970/Y (OAI21X1)                        0.16       5.58 r
  U4971/Y (NAND2X1)                        0.08       5.67 f
  dc_idx_reg_3_/D (DFFRHQX4)               0.00       5.67 f
  data arrival time                                   5.67

  clock clk (rise edge)                    6.00       6.00
  clock network delay (ideal)              0.00       6.00
  dc_idx_reg_3_/CK (DFFRHQX4)              0.00       6.00 r
  library setup time                      -0.33       5.67
  data required time                                  5.67
  -----------------------------------------------------------
  data required time                                  5.67
  data arrival time                                  -5.67
  -----------------------------------------------------------
  slack (MET)                                         0.00


1
#======================================================
#  Finish and Quit
#======================================================
exit

Memory usage for this session 301 Mbytes.
Memory usage for this session including child processes 301 Mbytes.
CPU usage for this session 106 seconds ( 0.03 hours ).
Elapsed time for this session 113 seconds ( 0.03 hours ).

Thank you...
