
                           Design Compiler Graphical 
                                 DC Ultra (TM)
                                  DFTMAX (TM)
                              Power Compiler (TM)
                                 DesignWare (R)
                                 DC Expert (TM)
                               Design Vision (TM)
                               HDL Compiler (TM)
                               VHDL Compiler (TM)
                                  DFT Compiler
                               Design Compiler(R)

                 Version T-2022.03 for linux64 - Feb 22, 2022 

                    Copyright (c) 1988 - 2022 Synopsys, Inc.
   This software and the associated documentation are proprietary to Synopsys,
 Inc. This software may only be used in accordance with the terms and conditions
 of a written license agreement with Synopsys, Inc. All other use, reproduction,
   or distribution of this software is strictly prohibited.  Licensed Products
     communicate with Synopsys servers for the purpose of providing software
    updates, detecting software piracy and verifying that customers are using
    Licensed Products in conformity with the applicable License Key for such
  Licensed Products. Synopsys will use information gathered in connection with
    this process to deliver software updates and pursue software pirates and
                                   infringers.

 Inclusivity & Diversity - Visit SolvNetPlus to read the "Synopsys Statement on
            Inclusivity and Diversity" (Refer to article 000036315 at
                        https://solvnetplus.synopsys.com)
Initializing...
#======================================================
#
# Synopsys Synthesis Scripts (Design Vision dctcl mode)
# Date: 3/31/2023 (Hsu, hank)
#======================================================
#======================================================
#  Global Parameters
#======================================================
set DESIGN "INV_IP_demo"
INV_IP_demo
set CYCLE 60.0
60.0
#======================================================
#  Specify Libraries
#======================================================
set search_path {./../01_RTL \
                 ~iclabta01/umc018/Synthesis/ \
                 /usr/synthesis/libraries/syn/}
./../01_RTL  ~iclabta01/umc018/Synthesis/  /usr/synthesis/libraries/syn/
set synthetic_library {dw_foundation.sldb}
dw_foundation.sldb
set link_library {* dw_foundation.sldb standard.sldb slow.db}  
* dw_foundation.sldb standard.sldb slow.db
set target_library {slow.db}
slow.db
#======================================================
#  Read RTL Code
#======================================================
analyze -format verilog {INV_IP_demo.v INV_IP.v}
Running PRESTO HDLC
Compiling source file ./../01_RTL/INV_IP_demo.v
Compiling source file ./../01_RTL/INV_IP.v
Warning:  ./../01_RTL/INV_IP.v:27: Parameter keyword used in local parameter declaration. (VER-329)
Warning:  ./../01_RTL/INV_IP.v:223: A unnamed generate block with an LRM-defined name 'genblk1' is detected, which is incompatible with Verilog standard 2001 or 1995. (VER-944)
Warning:  ./../01_RTL/INV_IP.v:223: A unnamed generate block with an LRM-defined name 'genblk1' is detected, which is incompatible with Verilog standard 2001 or 1995. (VER-944)
Presto compilation completed successfully.
Loading db file '/usr/cad/synopsys/synthesis/2022.03/libraries/syn/dw_foundation.sldb'
Loading db file '/usr/cad/synopsys/synthesis/2022.03/libraries/syn/standard.sldb'
Loading db file '/RAID2/COURSE/iclab/iclabta01/umc018/Synthesis/slow.db'
1
elaborate $DESIGN 
Loading db file '/usr/cad/synopsys/synthesis/2022.03/libraries/syn/gtech.db'
  Loading link library 'slow'
  Loading link library 'gtech'
Running PRESTO HDLC
Presto compilation completed successfully. (INV_IP_demo)
Elaborated 1 design.
Current design is now 'INV_IP_demo'.
Information: Building the design 'INV_IP' instantiated from design 'INV_IP_demo' with
	the parameters "IP_WIDTH=7". (HDL-193)
Warning:  ./../01_RTL/INV_IP.v:230: signed to unsigned assignment occurs. (VER-318)
Warning:  ./../01_RTL/INV_IP.v:246: signed to unsigned conversion occurs. (VER-318)
Warning:  ./../01_RTL/INV_IP.v:260: signed to unsigned assignment occurs. (VER-318)
Warning:  ./../01_RTL/INV_IP.v:262: signed to unsigned assignment occurs. (VER-318)
Presto compilation completed successfully. (INV_IP_IP_WIDTH7)
1
current_design $DESIGN
Current design is 'INV_IP_demo'.
{INV_IP_demo}
#======================================================
#  Global Setting
#======================================================
#======================================================
#  Develop desgin environment
#======================================================
set_wire_load_mode top
1
set_load 0.05 [all_outputs]
1
#======================================================
#  Set Design Constraints
#======================================================
# create_clock -name "clk" -period $CYCLE clk
# set_input_delay  [ expr $CYCLE*0.5 ] -clock clk [all_inputs]
# set_output_delay [ expr $CYCLE*0.5 ] -clock clk [all_outputs]
# set_input_delay 0 -clock clk clk
# set_input_delay 0 -clock clk rst_n
set_dont_use slow/JKFF*
1
#======================================================
#  Optimization(Compile strategy)
#======================================================
check_design > Report/$DESIGN\.check
set_fix_multiple_port_nets -all -buffer_constants
1
#set_fix_hold [all_clocks]
compile_ultra
Information: Performing power optimization. (PWR-850)
Analyzing: "/RAID2/COURSE/iclab/iclabta01/umc018/Synthesis/slow.db"
Library analysis succeeded.
Information: Evaluating DesignWare library utilization. (UISN-27)

============================================================================
| DesignWare Building Block Library  |         Version         | Available |
============================================================================
| Basic DW Building Blocks           | S-2021.06-DWBB_202106.0 |     *     |
| Licensed DW Building Blocks        | S-2021.06-DWBB_202106.0 |     *     |
============================================================================

====================================================================================================
| Flow Information                                                                                 |
----------------------------------------------------------------------------------------------------
| Flow         | Design Compiler WLM                                                               |
| Comand line  | compile_ultra                                                                     |
====================================================================================================
| Design Information                                      | Value                                  |
====================================================================================================
| Number of Scenarios                                     | 0                                      |
| Leaf Cell Count                                         | 193                                    |
| Number of User Hierarchies                              | 1                                      |
| Sequential Cell Count                                   | 0                                      |
| Macro Count                                             | 0                                      |
| Number of Power Domains                                 | 0                                      |
| Number of Path Groups                                   | 1                                      |
| Number of VT class                                      | 0                                      |
| Number of Clocks                                        | 0                                      |
| Number of Dont Touch cells                              | 45                                     |
| Number of Dont Touch nets                               | 0                                      |
| Number of size only cells                               | 0                                      |
| Design with UPF Data                                    | false                                  |
----------------------------------------------------------------------------------------------------
| Variables                                               | Value                                  |
----------------------------------------------------------------------------------------------------
| set_fix_multiple_port_nets                              | -all -buffer_constants                 |
====================================================================================================
Information: Sequential output inversion is enabled.  SVF file must be used for formal verification. (OPT-1208)

Information: There are 8 potential problems in your design. Please run 'check_design' for more information. (LINT-99)

  Simplifying Design 'INV_IP_demo'

Loaded alib file './alib-52/slow.db.alib'
  Building model 'DW01_NAND2'
Information: Ungrouping hierarchy I_INV_IP before Pass 1 (OPT-776)
Information: Ungrouping 1 of 2 hierarchies before Pass 1 (OPT-775)
Information: State dependent leakage is now switched from on to off.

  Beginning Pass 1 Mapping
  ------------------------
  Processing 'INV_IP_demo'
Information: Added key list 'DesignWare' to design 'INV_IP_demo'. (DDB-72)
 Implement Synthetic for 'INV_IP_demo'.
  Processing 'INV_IP_demo_DW_div_uns_J1_0'
  Processing 'INV_IP_demo_DW_div_uns_J1_1'
  Processing 'INV_IP_demo_DW_div_uns_J1_2'
  Processing 'INV_IP_demo_DW_div_uns_J1_3'
  Processing 'INV_IP_demo_DW_div_uns_J1_4'
  Processing 'INV_IP_demo_DW_div_uns_J1_5'
  Processing 'INV_IP_demo_DW_div_uns_J1_6'
  Processing 'INV_IP_demo_DW_div_uns_J1_7'

  Updating timing information
Information: Updating design information... (UID-85)
Information: The library cell 'HOLDX1' in the library 'slow' is not characterized for internal power. (PWR-536)
Information: The target library(s) contains cell(s), other than black boxes, that are not characterized for internal power. (PWR-24)

  Beginning Mapping Optimizations  (Ultra High effort)
  -------------------------------
Information: There is no timing violation in design INV_IP_demo. Delay-based auto_ungroup will not be performed. (OPT-780)

                                  TOTAL                                                
   ELAPSED            WORST NEG   SETUP    DESIGN                              LEAKAGE 
    TIME      AREA      SLACK     COST    RULE COST         ENDPOINT            POWER  
  --------- --------- --------- --------- --------- ------------------------- ---------
    0:00:04   37748.0      0.00       0.0       1.1                           3876466.5000
    0:00:04   37741.3      0.00       0.0       1.1                           3876310.5000

  Beginning Constant Register Removal
  -----------------------------------
    0:00:04   37741.3      0.00       0.0       1.1                           3876310.5000
    0:00:04   37691.4      0.00       0.0       1.1                           3873502.2500

  Beginning Global Optimizations
  ------------------------------
  Numerical Synthesis (Phase 1)
  Numerical Synthesis (Phase 2)
  Global Optimization (Phase 1)
  Global Optimization (Phase 2)
  Global Optimization (Phase 3)
  Global Optimization (Phase 4)
  Global Optimization (Phase 5)
  Global Optimization (Phase 6)
  Global Optimization (Phase 7)
  Global Optimization (Phase 8)
  Global Optimization (Phase 9)
  Global Optimization (Phase 10)
  Global Optimization (Phase 11)
  Global Optimization (Phase 12)
  Global Optimization (Phase 13)
  Global Optimization (Phase 14)
  Global Optimization (Phase 15)
  Global Optimization (Phase 16)
  Global Optimization (Phase 17)
  Global Optimization (Phase 18)
  Global Optimization (Phase 19)
  Global Optimization (Phase 20)
  Global Optimization (Phase 21)
  Global Optimization (Phase 22)
  Global Optimization (Phase 23)
  Global Optimization (Phase 24)
  Global Optimization (Phase 25)
  Global Optimization (Phase 26)
  Global Optimization (Phase 27)
  Global Optimization (Phase 28)

  Beginning Isolate Ports
  -----------------------

  Beginning Delay Optimization
  ----------------------------
    0:00:05   37691.4      0.00       0.0       1.6                           3670869.5000
    0:00:05   37691.4      0.00       0.0       1.6                           3670869.5000
    0:00:05   37691.4      0.00       0.0       1.6                           3670869.5000
    0:00:05   37691.4      0.00       0.0       1.6                           3670869.5000
    0:00:05   37335.5      0.00       0.0       1.6                           3644934.2500
    0:00:05   37265.7      0.00       0.0       1.6                           3640992.5000

  Beginning WLM Backend Optimization
  --------------------------------------
    0:00:06   37328.9      0.00       0.0       1.6                           3610514.2500
    0:00:06   37328.9      0.00       0.0       1.6                           3610514.2500
    0:00:06   37328.9      0.00       0.0       1.6                           3610514.2500
    0:00:07   37235.7      0.00       0.0       0.0                           3213469.5000
    0:00:07   37235.7      0.00       0.0       0.0                           3213469.5000
    0:00:07   37235.7      0.00       0.0       0.0                           3213469.5000
    0:00:07   37235.7      0.00       0.0       0.0                           3213469.5000
    0:00:07   37235.7      0.00       0.0       0.0                           3213469.5000
    0:00:07   37235.7      0.00       0.0       0.0                           3213469.5000
    0:00:07   37235.7      0.00       0.0       0.0                           3213469.5000
    0:00:07   37235.7      0.00       0.0       0.0                           3213469.5000
    0:00:07   37235.7      0.00       0.0       0.0                           3213469.5000
    0:00:07   37235.7      0.00       0.0       0.0                           3213469.5000
    0:00:07   37235.7      0.00       0.0       0.0                           3213469.5000
    0:00:07   37235.7      0.00       0.0       0.0                           3213469.5000
    0:00:07   37235.7      0.00       0.0       0.0                           3213469.5000
    0:00:07   37235.7      0.00       0.0       0.0                           3213469.5000
    0:00:07   37235.7      0.00       0.0       0.0                           3213469.5000
    0:00:07   37235.7      0.00       0.0       0.0                           3213469.5000
    0:00:07   37235.7      0.00       0.0       0.0                           3213469.5000
    0:00:07   37235.7      0.00       0.0       0.0                           3213469.5000
    0:00:07   37235.7      0.00       0.0       0.0                           3213469.5000
    0:00:07   37235.7      0.00       0.0       0.0                           3213469.5000
    0:00:07   37235.7      0.00       0.0       0.0                           3213469.5000


  Beginning Leakage Power Optimization  (max_leakage_power 0)
  ------------------------------------

                                  TOTAL                                                
   ELAPSED            WORST NEG   SETUP    DESIGN                              LEAKAGE 
    TIME      AREA      SLACK     COST    RULE COST         ENDPOINT            POWER  
  --------- --------- --------- --------- --------- ------------------------- ---------
    0:00:07   37235.7      0.00       0.0       0.0                           3213469.5000
  Global Optimization (Phase 29)
  Global Optimization (Phase 30)
  Global Optimization (Phase 31)
  Global Optimization (Phase 32)
  Global Optimization (Phase 33)
  Global Optimization (Phase 34)
  Global Optimization (Phase 35)
  Global Optimization (Phase 36)
  Global Optimization (Phase 37)
  Global Optimization (Phase 38)
  Global Optimization (Phase 39)
    0:00:08   38546.3      0.00       0.0       0.0                           3130476.7500
    0:00:08   38546.3      0.00       0.0       0.0                           3130476.7500
    0:00:08   38546.3      0.00       0.0       0.0                           3130476.7500
    0:00:09   37235.7      0.00       0.0       0.0                           3213469.5000
    0:00:09   37235.7      0.00       0.0       0.0                           3213469.5000
    0:00:09   37235.7      0.00       0.0       0.0                           3213469.5000
    0:00:09   37235.7      0.00       0.0       0.0                           3213469.5000
    0:00:09   37235.7      0.00       0.0       0.0                           3213469.5000
    0:00:09   37235.7      0.00       0.0       0.0                           3213469.5000
    0:00:09   37235.7      0.00       0.0       0.0                           3213469.5000
    0:00:09   37235.7      0.00       0.0       0.0                           3213469.5000
    0:00:09   37235.7      0.00       0.0       0.0                           3213469.5000
    0:00:09   37235.7      0.00       0.0       0.0                           3213469.5000
    0:00:09   37235.7      0.00       0.0       0.0                           3213469.5000
    0:00:09   37235.7      0.00       0.0       0.0                           3213469.5000
    0:00:09   37235.7      0.00       0.0       0.0                           3213469.5000
    0:00:09   37235.7      0.00       0.0       0.0                           3213469.5000
    0:00:09   37235.7      0.00       0.0       0.0                           3213469.5000
    0:00:09   37235.7      0.00       0.0       0.0                           3213469.5000
    0:00:09   37235.7      0.00       0.0       0.0                           3213469.5000
    0:00:09   37235.7      0.00       0.0       0.0                           3213469.5000
    0:00:09   37235.7      0.00       0.0       0.0                           3213469.5000

                                  TOTAL                                                
   ELAPSED            WORST NEG   SETUP    DESIGN                              LEAKAGE 
    TIME      AREA      SLACK     COST    RULE COST         ENDPOINT            POWER  
  --------- --------- --------- --------- --------- ------------------------- ---------
    0:00:09   37235.7      0.00       0.0       0.0                           3213469.5000
    0:00:09   37235.7      0.00       0.0       0.0                           3213469.5000
    0:00:09   37235.7      0.00       0.0       0.0                           3213469.5000
    0:00:09   37235.7      0.00       0.0       0.0                           3213469.5000
    0:00:09   37235.7      0.00       0.0       0.0                           3213469.5000
    0:00:09   37621.6      0.00       0.0       0.0                           3189035.0000
    0:00:09   37621.6      0.00       0.0       0.0                           3189035.0000
    0:00:09   37621.6      0.00       0.0       0.0                           3189035.0000
    0:00:09   37621.6      0.00       0.0       0.0                           3189035.0000
    0:00:09   37621.6      0.00       0.0       0.0                           3189035.0000
    0:00:09   37621.6      0.00       0.0       0.0                           3189035.0000
Loading db file '/RAID2/COURSE/iclab/iclabta01/umc018/Synthesis/slow.db'


Note: Symbol # after min delay cost means estimated hold TNS across all active scenarios 


  Optimization Complete
  ---------------------
Information: State dependent leakage is now switched from off to on.
Information: Propagating switching activity (low effort zero delay simulation). (PWR-6)
Warning: There is no defined clock in the design. (PWR-80)
1
# compile
#======================================================
#  Output Reports
#======================================================
report_timing >  Report/$DESIGN\.timing
report_area >  Report/$DESIGN\.area
report_resource >  Report/$DESIGN\.resource
#======================================================
#  Change Naming Rule
#======================================================
set bus_inference_style "%s\[%d\]"
%s[%d]
set bus_naming_style "%s\[%d\]"
%s[%d]
set hdlout_internal_busses true
true
change_names -hierarchy -rule verilog
1
define_name_rules name_rule -allowed "a-z A-Z 0-9 _" -max_length 255 -type cell
1
define_name_rules name_rule -allowed "a-z A-Z 0-9 _[]" -max_length 255 -type net
1
define_name_rules name_rule -map {{"\\*cell\\*" "cell"}}
1
change_names -hierarchy -rules name_rule
1
#======================================================
#  Output Results
#======================================================
set verilogout_higher_designs_first true
true
write -format verilog -output Netlist/$DESIGN\_SYN.v -hierarchy
Writing verilog file '/RAID2/COURSE/iclab/iclab105/oldarchive/Lab06/Exercise_SoftIP/02_SYN/Netlist/INV_IP_demo_SYN.v'.
1
write_sdf -version 3.0 -context verilog -load_delay cell Netlist/$DESIGN\_SYN.sdf -significant_digits 6
Information: Writing timing information to file '/RAID2/COURSE/iclab/iclab105/oldarchive/Lab06/Exercise_SoftIP/02_SYN/Netlist/INV_IP_demo_SYN.sdf'. (WT-3)
1
#======================================================
#  Finish and Quit
#======================================================
report_area
 
****************************************
Report : area
Design : INV_IP_demo
Version: T-2022.03
Date   : Mon Apr 24 01:40:23 2023
****************************************

Library(s) Used:

    slow (File: /RAID2/COURSE/iclab/iclabta01/umc018/Synthesis/slow.db)

Number of ports:                           21
Number of nets:                          1956
Number of cells:                         1766
Number of combinational cells:           1766
Number of sequential cells:                 0
Number of macros/black boxes:               0
Number of buf/inv:                        273
Number of references:                      36

Combinational area:              37621.584795
Buf/Inv area:                     2724.321699
Noncombinational area:               0.000000
Macro/Black Box area:                0.000000
Net Interconnect area:      undefined  (No wire load specified)

Total cell area:                 37621.584795
Total area:                 undefined
1
report_timing
 
****************************************
Report : timing
        -path full
        -delay max
        -max_paths 1
Design : INV_IP_demo
Version: T-2022.03
Date   : Mon Apr 24 01:40:23 2023
****************************************

Operating Conditions: slow   Library: slow
Wire Load Model Mode: top

  Startpoint: IN_2[1] (input port)
  Endpoint: OUT_INV[5] (output port)
  Path Group: (none)
  Path Type: max

  Point                                    Incr       Path
  -----------------------------------------------------------
  input external delay                     0.00       0.00 f
  IN_2[1] (in)                             0.00       0.00 f
  U662/Y (INVXL)                           0.08       0.08 r
  U663/Y (OAI2BB1XL)                       0.22       0.29 r
  U664/Y (OAI22XL)                         0.16       0.45 f
  U665/Y (AOI222XL)                        0.60       1.05 r
  U666/Y (AOI222XL)                        0.31       1.36 f
  U668/Y (AOI222XL)                        0.60       1.96 r
  U669/Y (AOI222XL)                        0.31       2.28 f
  U670/Y (AOI222XL)                        1.73       4.01 r
  U684/Y (MXI2XL)                          1.19       5.20 r
  U685/Y (INVXL)                           0.51       5.71 f
  U686/Y (OR2XL)                           0.41       6.12 f
  U687/Y (AOI211XL)                        0.43       6.54 r
  U688/Y (INVXL)                           0.16       6.70 f
  U341/Y (NOR2X1)                          0.18       6.89 r
  U368/Y (NOR2X1)                          0.13       7.01 f
  U698/Y (OAI2BB1XL)                       0.32       7.33 f
  U699/Y (AOI222XL)                        0.51       7.84 r
  U269/Y (NOR2XL)                          0.28       8.12 f
  U702/Y (AND2XL)                          0.30       8.42 f
  U703/Y (AOI2BB2XL)                       0.30       8.72 f
  U707/Y (AOI2BB1XL)                       0.32       9.04 f
  U708/Y (INVXL)                           0.17       9.21 r
  U711/Y (AOI222XL)                        0.23       9.45 f
  U712/Y (OAI2BB1XL)                       0.24       9.69 r
  U713/Y (OAI211XL)                        0.40      10.09 f
  U721/Y (NOR3XL)                          0.36      10.46 r
  U722/Y (XOR2XL)                          0.42      10.87 r
  U723/Y (INVXL)                           0.11      10.98 f
  U724/Y (AOI222XL)                        0.58      11.55 r
  U726/Y (NAND2XL)                         0.13      11.69 f
  U727/Y (AOI21XL)                         0.33      12.01 r
  U731/Y (AOI222XL)                        0.21      12.23 f
  U732/Y (NAND2XL)                         0.40      12.62 r
  U736/Y (OAI22XL)                         0.23      12.85 f
  U737/Y (AOI222XL)                        0.57      13.42 r
  U738/Y (NAND2XL)                         0.12      13.54 f
  U742/Y (OAI2BB1XL)                       0.28      13.82 f
  U744/Y (OR2XL)                           0.28      14.10 f
  U747/Y (AND2XL)                          0.21      14.30 f
  U363/Y (NOR2X1)                          0.15      14.46 r
  U242/Y (NOR2XL)                          0.11      14.56 f
  U751/Y (OAI21XL)                         0.19      14.75 r
  U752/Y (OAI2BB1XL)                       0.09      14.84 f
  U753/Y (OAI211XL)                        0.48      15.32 r
  U353/Y (NOR2X1)                          0.13      15.45 f
  U765/Y (AOI2BB1XL)                       0.35      15.80 f
  U766/Y (AOI222XL)                        0.56      16.36 r
  U767/Y (AOI222XL)                        0.32      16.67 f
  U768/Y (AOI222XL)                        0.65      17.32 r
  U769/Y (AOI222XL)                        0.31      17.63 f
  U773/Y (AOI222XL)                        0.53      18.16 r
  U774/Y (AOI21XL)                         0.49      18.66 f
  U775/Y (INVXL)                           0.35      19.01 r
  U776/Y (NAND2XL)                         0.13      19.14 f
  U352/Y (NOR2X1)                          0.21      19.35 r
  U777/Y (AOI21XL)                         0.08      19.43 f
  U782/CO (ADDFXL)                         1.28      20.72 f
  U789/CO (ADDFXL)                         0.47      21.18 f
  U800/CO (ADDFXL)                         0.41      21.59 f
  U812/CO (ADDFXL)                         1.27      22.87 f
  U218/Y (NOR2XL)                          0.20      23.06 r
  U803/Y (XOR2XL)                          0.38      23.45 r
  U806/Y (NAND2XL)                         0.08      23.53 f
  U807/Y (OAI21XL)                         0.10      23.63 r
  U808/Y (XOR2XL)                          0.46      24.08 r
  U625/Y (XOR2XL)                          0.31      24.39 r
  U809/Y (XOR2XL)                          0.38      24.78 r
  U810/Y (XOR2XL)                          0.49      25.27 f
  U811/Y (INVXL)                           0.24      25.51 r
  U813/Y (NAND2XL)                         0.15      25.66 f
  U354/Y (NOR2X1)                          0.18      25.84 r
  U814/Y (INVXL)                           0.10      25.93 f
  U376/Y (NOR2X1)                          0.17      26.10 r
  U819/Y (OAI211XL)                        0.24      26.34 f
  U219/Y (NOR2XL)                          0.27      26.61 r
  U223/Y (NOR2XL)                          0.20      26.81 f
  U821/Y (AOI222XL)                        0.50      27.30 r
  U622/Y (INVXL)                           0.14      27.45 f
  U823/Y (OAI211XL)                        0.31      27.76 r
  U824/Y (OAI2BB1XL)                       0.24      27.99 f
  U825/Y (INVXL)                           0.26      28.25 r
  U826/Y (AOI221XL)                        0.10      28.35 f
  U827/Y (XOR2XL)                          0.50      28.86 f
  U831/Y (AOI222XL)                        0.64      29.50 r
  U833/Y (AOI211XL)                        0.24      29.74 f
  U834/Y (AOI2BB1XL)                       0.73      30.46 r
  U356/Y (NOR2X1)                          0.10      30.56 f
  U840/Y (AOI221XL)                        0.39      30.95 r
  U844/Y (OAI2BB1XL)                       0.37      31.32 r
  U845/Y (AOI222XL)                        0.32      31.64 f
  U846/Y (AOI222XL)                        0.69      32.33 r
  U850/Y (AOI211XL)                        0.29      32.62 f
  U851/Y (AOI2BB1XL)                       0.79      33.41 r
  U339/Y (NOR2X1)                          0.10      33.50 f
  U852/Y (AOI221XL)                        0.50      34.00 r
  U854/Y (AOI222XL)                        0.34      34.34 f
  U224/Y (NOR2XL)                          0.25      34.60 r
  U858/Y (OR2XL)                           0.18      34.77 r
  U859/Y (AND2XL)                          0.24      35.01 r
  U860/Y (NAND2XL)                         0.10      35.11 f
  U864/Y (NOR2BXL)                         0.23      35.34 f
  U241/Y (NOR2XL)                          0.28      35.63 r
  U868/Y (AOI222XL)                        0.26      35.89 f
  U869/Y (AOI222XL)                        1.54      37.42 r
  U338/Y (NOR2X1)                          0.05      37.48 f
  U876/Y (AOI221XL)                        0.42      37.90 r
  U877/Y (AOI222XL)                        0.33      38.23 f
  U878/Y (AOI222XL)                        0.64      38.87 r
  U882/Y (AOI222XL)                        0.30      39.17 f
  U883/Y (AOI222XL)                        0.53      39.70 r
  U889/Y (AOI2BB1XL)                       0.69      40.39 r
  U235/Y (NOR2XL)                          0.12      40.51 f
  U913/CO (ADDFXL)                         1.31      41.82 f
  U902/CO (ADDFXL)                         0.47      42.28 f
  U910/CO (ADDFXL)                         0.41      42.69 f
  U909/CO (ADDFXL)                         1.01      43.70 f
  U410/Y (NOR2X1)                          0.17      43.87 r
  U905/Y (XOR2XL)                          0.36      44.24 r
  U906/Y (MXI2XL)                          0.16      44.40 r
  U907/Y (XOR2XL)                          0.47      44.87 f
  U451/Y (NOR2X1)                          0.14      45.01 r
  U908/Y (AOI211XL)                        0.18      45.19 f
  U381/Y (NOR2X1)                          0.21      45.40 r
  U912/Y (NAND2XL)                         0.11      45.51 f
  U275/Y (NOR2XL)                          0.21      45.72 r
  U915/Y (NAND2XL)                         0.15      45.87 f
  U920/Y (AOI21XL)                         0.28      46.15 r
  U921/Y (NAND2XL)                         0.09      46.24 f
  U922/Y (NAND2XL)                         0.15      46.39 r
  U923/Y (AOI21XL)                         0.11      46.50 f
  U924/Y (NAND2XL)                         0.28      46.78 r
  U359/Y (NOR2X1)                          0.12      46.90 f
  U344/Y (NOR2X1)                          0.19      47.09 r
  U616/Y (INVXL)                           0.12      47.20 f
  U925/Y (AOI222XL)                        0.62      47.83 r
  U927/Y (AOI222XL)                        0.30      48.13 f
  U248/Y (NOR2XL)                          0.28      48.41 r
  U928/Y (INVXL)                           0.28      48.69 f
  U345/Y (NOR2X1)                          0.18      48.87 r
  U932/Y (OAI22XL)                         0.22      49.09 f
  U934/Y (AOI222XL)                        0.55      49.64 r
  U229/Y (NOR2XL)                          0.17      49.81 f
  U936/Y (AOI21XL)                         0.23      50.04 r
  U937/Y (INVXL)                           0.13      50.17 f
  U941/Y (OAI211XL)                        0.68      50.84 r
  U343/Y (NOR2X1)                          0.17      51.01 f
  U950/Y (OAI22XL)                         0.36      51.36 r
  U951/Y (AOI222XL)                        0.37      51.74 f
  U952/Y (AOI222XL)                        0.79      52.52 r
  U953/Y (AOI222XL)                        0.40      52.92 f
  U957/Y (AOI222XL)                        0.53      53.45 r
  U958/Y (NAND2XL)                         0.42      53.86 f
  U369/Y (NOR2X1)                          0.24      54.11 r
  U967/Y (OAI22XL)                         0.18      54.29 f
  U968/Y (AOI222XL)                        0.62      54.91 r
  U969/Y (AOI222XL)                        0.31      55.23 f
  U970/Y (AOI222XL)                        0.64      55.87 r
  U975/Y (AOI222XL)                        0.36      56.23 f
  U976/Y (AOI222XL)                        1.48      57.71 r
  U483/Y (NOR2X1)                          0.05      57.76 f
  U1016/CO (ADDFXL)                        1.31      59.07 f
  U1015/CO (ADDFXL)                        1.31      60.38 f
  U992/CO (ADDFXL)                         0.54      60.92 f
  U1002/Y (AOI222XL)                       0.47      61.40 r
  U613/Y (XNOR2XL)                         0.48      61.88 r
  U1003/Y (XOR2XL)                         0.43      62.31 r
  U1004/Y (NAND2XL)                        0.08      62.39 f
  U1005/Y (OAI21XL)                        0.09      62.48 r
  U1006/Y (XOR2XL)                         0.45      62.93 r
  U1008/Y (XOR2XL)                         0.31      63.24 r
  U1009/Y (XOR2XL)                         0.40      63.64 f
  U1012/Y (NAND2XL)                        0.11      63.75 r
  U1013/Y (OAI21XL)                        0.22      63.98 f
  U1014/Y (NAND2XL)                        0.24      64.22 r
  U426/Y (NOR2X1)                          0.13      64.35 f
  U1017/Y (NAND2XL)                        0.16      64.51 r
  U1022/Y (AOI21XL)                        0.11      64.62 f
  U1023/Y (OAI2BB1XL)                      0.29      64.91 f
  U1024/Y (AOI21XL)                        0.19      65.11 r
  U1026/Y (NAND3XL)                        0.27      65.37 f
  U392/Y (NOR2X1)                          0.20      65.57 r
  U375/Y (NOR2X1)                          0.13      65.70 f
  U1028/Y (AOI222XL)                       0.62      66.32 r
  U1031/Y (AOI222XL)                       0.30      66.62 f
  U1032/Y (NAND2XL)                        0.49      67.12 r
  U370/Y (NOR2X1)                          0.13      67.25 f
  U1036/Y (OAI22XL)                        0.33      67.57 r
  U1038/Y (AOI222XL)                       0.38      67.95 f
  U1039/Y (AOI222XL)                       0.72      68.67 r
  U1048/Y (AOI222XL)                       0.26      68.93 f
  U276/Y (NOR2XL)                          0.37      69.29 r
  U1049/Y (INVXL)                          0.30      69.59 f
  U382/Y (NOR2X1)                          0.19      69.77 r
  U1055/Y (OAI22XL)                        0.20      69.98 f
  U1056/Y (AOI222XL)                       0.68      70.65 r
  U1057/Y (INVXL)                          0.13      70.78 f
  U1058/Y (OAI222XL)                       0.52      71.30 r
  U1059/Y (OAI222XL)                       0.32      71.62 f
  U1060/Y (INVXL)                          0.14      71.76 r
  U1061/Y (OAI2BB1XL)                      0.08      71.84 f
  U1062/Y (OAI211XL)                       0.59      72.43 r
  U1071/Y (OAI22XL)                        0.26      72.69 f
  U1072/Y (AOI222XL)                       0.64      73.33 r
  U1073/Y (AOI222XL)                       0.31      73.64 f
  U1074/Y (AOI222XL)                       0.65      74.29 r
  U1075/Y (AOI222XL)                       0.33      74.62 f
  U1076/Y (AOI222XL)                       1.26      75.89 r
  U1077/Y (INVXL)                          0.15      76.04 f
  U1078/Y (NAND2XL)                        0.24      76.28 r
  U414/Y (NOR2X1)                          0.10      76.37 f
  U1088/S (ADDFXL)                         1.22      77.59 r
  U1089/CO (ADDFXL)                        1.01      78.60 r
  U1092/CO (ADDFXL)                        0.42      79.02 r
  U1096/Y (XOR2XL)                         0.40      79.42 r
  U1097/Y (MXI2XL)                         0.21      79.62 f
  U1098/Y (NAND2XL)                        0.14      79.76 r
  U1099/Y (OAI21XL)                        0.13      79.89 f
  U1103/Y (NAND2XL)                        0.12      80.01 r
  U1104/Y (OAI211XL)                       0.29      80.29 f
  U1105/Y (NAND2XL)                        0.28      80.57 r
  U468/Y (NOR2X1)                          0.13      80.70 f
  U1111/Y (NAND2XL)                        0.17      80.87 r
  U1112/Y (AOI21XL)                        0.13      81.00 f
  U1113/Y (AOI21XL)                        0.30      81.30 r
  U1114/Y (INVXL)                          0.10      81.39 f
  U1115/Y (AOI21XL)                        0.17      81.56 r
  U1117/Y (NAND3XL)                        0.26      81.82 f
  U400/Y (NOR2X1)                          0.20      82.02 r
  U430/Y (NOR2X1)                          0.13      82.15 f
  U1140/Y (AOI222XL)                       0.65      82.80 r
  U1142/Y (AOI222XL)                       0.30      83.10 f
  U1143/Y (NAND2XL)                        0.43      83.53 r
  U374/Y (NOR2X1)                          0.13      83.66 f
  U1147/Y (OAI22XL)                        0.33      83.98 r
  U1149/Y (AOI222XL)                       0.38      84.36 f
  U1150/Y (AOI222XL)                       0.71      85.08 r
  U1158/Y (AOI222XL)                       0.26      85.33 f
  U292/Y (NOR2XL)                          0.37      85.70 r
  U1159/Y (INVXL)                          0.29      85.99 f
  U399/Y (NOR2X1)                          0.19      86.18 r
  U1166/Y (OAI22XL)                        0.20      86.38 f
  U1167/Y (AOI222XL)                       0.66      87.04 r
  U1168/Y (INVXL)                          0.13      87.17 f
  U1169/Y (OAI222XL)                       0.54      87.70 r
  U1170/Y (OAI222XL)                       0.32      88.02 f
  U1171/Y (INVXL)                          0.14      88.17 r
  U1172/Y (OAI2BB1XL)                      0.08      88.25 f
  U1173/Y (OAI211XL)                       0.54      88.78 r
  U1183/Y (OAI22XL)                        0.26      89.05 f
  U1184/Y (AOI222XL)                       0.63      89.68 r
  U1185/Y (AOI222XL)                       0.31      89.99 f
  U1186/Y (AOI222XL)                       0.64      90.64 r
  U1187/Y (AOI222XL)                       0.33      90.97 f
  U1188/Y (AOI222XL)                       1.20      92.17 r
  U306/Y (NOR2XL)                          0.11      92.28 f
  U1221/CO (ADDFXL)                        1.30      93.58 f
  U1220/CO (ADDFXL)                        1.03      94.61 f
  U1201/CO (ADDFXL)                        0.47      95.08 f
  U1203/CO (ADDFXL)                        0.46      95.54 f
  U1207/Y (XOR2XL)                         0.39      95.93 r
  U1208/Y (MXI2XL)                         0.21      96.14 f
  U1209/Y (NAND2XL)                        0.13      96.27 r
  U1210/Y (OAI21XL)                        0.09      96.36 f
  U1211/Y (XOR2XL)                         0.41      96.77 f
  U1214/Y (NAND2XL)                        0.11      96.88 r
  U1215/Y (OAI211XL)                       0.29      97.17 f
  U1216/Y (NAND2XL)                        0.29      97.46 r
  U509/Y (NOR2X1)                          0.13      97.59 f
  U1222/Y (NAND2XL)                        0.16      97.75 r
  U1223/Y (AOI21XL)                        0.12      97.87 f
  U1224/Y (AOI21XL)                        0.30      98.17 r
  U1225/Y (INVXL)                          0.10      98.27 f
  U1226/Y (AOI21XL)                        0.17      98.44 r
  U1228/Y (NAND3XL)                        0.26      98.70 f
  U432/Y (NOR2X1)                          0.20      98.90 r
  U441/Y (NOR2X1)                          0.13      99.03 f
  U1238/Y (AOI222XL)                       0.63      99.66 r
  U1240/Y (AOI222XL)                       0.30      99.96 f
  U1241/Y (NAND2XL)                        0.48     100.44 r
  U413/Y (NOR2X1)                          0.13     100.58 f
  U1245/Y (OAI22XL)                        0.33     100.90 r
  U1247/Y (AOI222XL)                       0.38     101.28 f
  U1248/Y (AOI222XL)                       0.72     101.99 r
  U1256/Y (AOI222XL)                       0.27     102.26 f
  U544/Y (NOR2X1)                          0.29     102.55 r
  U1257/Y (INVXL)                          0.26     102.82 f
  U455/Y (NOR2X1)                          0.18     103.00 r
  U1264/Y (OAI22XL)                        0.20     103.20 f
  U1265/Y (AOI222XL)                       0.66     103.86 r
  U1266/Y (INVXL)                          0.13     103.99 f
  U1267/Y (OAI222XL)                       0.52     104.51 r
  U1268/Y (OAI222XL)                       0.32     104.83 f
  U1269/Y (INVXL)                          0.14     104.97 r
  U1270/Y (OAI2BB1XL)                      0.08     105.05 f
  U1271/Y (OAI211XL)                       0.58     105.63 r
  U1281/Y (OAI22XL)                        0.26     105.89 f
  U1282/Y (AOI222XL)                       0.63     106.53 r
  U1283/Y (AOI222XL)                       0.31     106.84 f
  U1284/Y (AOI222XL)                       0.65     107.49 r
  U1285/Y (AOI222XL)                       0.34     107.83 f
  U1286/Y (AOI222XL)                       1.28     109.11 r
  U1287/Y (INVXL)                          0.15     109.26 f
  U1288/Y (NAND2XL)                        0.24     109.50 r
  U491/Y (NOR2X1)                          0.10     109.60 f
  U1297/S (ADDFXL)                         1.22     110.82 r
  U1298/CO (ADDFXL)                        1.01     111.83 r
  U1303/CO (ADDFXL)                        0.37     112.20 r
  U1304/Y (XOR2XL)                         0.45     112.65 r
  U1308/Y (XOR2XL)                         0.35     113.01 r
  U1309/Y (MXI2XL)                         0.21     113.22 f
  U1310/Y (NAND2XL)                        0.13     113.35 r
  U1311/Y (OAI21XL)                        0.09     113.44 f
  U1312/Y (XOR2XL)                         0.40     113.84 f
  U1313/Y (NAND2XL)                        0.12     113.96 r
  U1314/Y (OAI21XL)                        0.12     114.09 f
  U1316/Y (NAND2XL)                        0.12     114.21 r
  U1317/Y (OAI211XL)                       0.31     114.52 f
  U1318/Y (NAND2XL)                        0.28     114.79 r
  U320/Y (NOR2XL)                          0.15     114.95 f
  U1324/Y (NAND2XL)                        0.18     115.13 r
  U1325/Y (AOI21XL)                        0.12     115.24 f
  U1327/Y (OAI2BB1XL)                      0.36     115.61 f
  U1328/Y (AOI222XL)                       0.52     116.12 r
  U1330/Y (NAND3XL)                        0.33     116.46 f
  U1406/Y (AOI221XL)                       0.48     116.94 r
  U1407/Y (MXI2XL)                         0.37     117.31 f
  U1411/Y (OAI2BB1XL)                      0.27     117.58 f
  U1412/Y (OAI211XL)                       0.39     117.97 r
  U452/Y (NOR2X1)                          0.14     118.10 f
  U1413/Y (OAI22XL)                        0.33     118.43 r
  U1415/Y (AOI222XL)                       0.38     118.81 f
  U1420/Y (AOI222XL)                       0.71     119.53 r
  U1424/Y (AOI222XL)                       0.26     119.78 f
  U311/Y (NOR2XL)                          0.37     120.15 r
  U1425/Y (INVXL)                          0.28     120.43 f
  U485/Y (NOR2X1)                          0.18     120.61 r
  U1432/Y (OAI22XL)                        0.20     120.81 f
  U1433/Y (AOI222XL)                       0.68     121.49 r
  U1434/Y (INVXL)                          0.13     121.62 f
  U1435/Y (OAI222XL)                       0.54     122.16 r
  U1436/Y (OAI222XL)                       0.32     122.48 f
  U1437/Y (INVXL)                          0.19     122.68 r
  U1442/Y (OAI2BB1XL)                      0.09     122.76 f
  U1443/Y (OAI211XL)                       0.54     123.30 r
  U1453/Y (OAI22XL)                        0.26     123.57 f
  U1454/Y (AOI222XL)                       0.63     124.20 r
  U1455/Y (AOI222XL)                       0.31     124.51 f
  U1456/Y (AOI222XL)                       0.66     125.17 r
  U1457/Y (AOI222XL)                       0.35     125.51 f
  U1458/Y (AOI222XL)                       1.20     126.72 r
  U1459/Y (INVXL)                          0.19     126.90 f
  U1470/Y (NAND2XL)                        0.23     127.13 r
  U294/Y (NOR2XL)                          0.12     127.25 f
  U1477/S (ADDFXL)                         1.07     128.32 f
  U1494/CO (ADDFXL)                        0.99     129.31 f
  U1493/CO (ADDFXL)                        1.26     130.57 f
  U1483/Y (XOR2XL)                         0.46     131.03 r
  U631/Y (XOR2XL)                          0.35     131.39 r
  U1486/Y (MXI2XL)                         0.21     131.59 f
  U1487/Y (NAND2XL)                        0.14     131.73 r
  U1488/Y (OAI21XL)                        0.09     131.82 f
  U1489/Y (XOR2XL)                         0.44     132.26 r
  U1490/Y (NAND2XL)                        0.08     132.34 f
  U1491/Y (OAI21XL)                        0.13     132.48 r
  U307/Y (NOR2XL)                          0.11     132.59 f
  U1492/Y (AOI211XL)                       0.59     133.18 r
  U584/Y (NOR2X1)                          0.12     133.30 f
  U1496/Y (NAND2XL)                        0.17     133.48 r
  U572/Y (NOR2X1)                          0.10     133.58 f
  U1497/Y (NAND2XL)                        0.16     133.74 r
  U1498/Y (AOI21XL)                        0.14     133.87 f
  U1499/Y (AOI21XL)                        0.33     134.20 r
  U1500/Y (OAI2BB1XL)                      0.25     134.45 r
  U1501/Y (OAI211XL)                       0.31     134.75 f
  U521/Y (NOR2X1)                          0.20     134.96 r
  U1520/Y (OAI22XL)                        0.19     135.15 f
  U1522/Y (OAI222XL)                       0.37     135.52 r
  U646/Y (INVXL)                           0.18     135.70 f
  U1524/Y (AOI222XL)                       0.51     136.21 r
  U289/Y (NOR2XL)                          0.16     136.37 f
  U1525/Y (INVXL)                          0.38     136.74 r
  U522/Y (NOR2X1)                          0.13     136.87 f
  U1528/Y (OAI22XL)                        0.32     137.20 r
  U1530/Y (AOI222XL)                       0.32     137.52 f
  U1533/Y (NAND2XL)                        0.23     137.75 r
  U1534/Y (OAI21XL)                        0.15     137.91 f
  U1535/Y (OAI2BB1XL)                      0.13     138.04 r
  U1536/Y (OAI211XL)                       0.33     138.37 f
  U1574/Y (AOI221XL)                       0.31     138.67 r
  U1575/Y (XOR2XL)                         0.53     139.21 r
  U1576/Y (INVXL)                          0.11     139.31 f
  U1580/Y (AOI222XL)                       0.68     139.99 r
  U1581/Y (AOI222XL)                       0.36     140.35 f
  U1585/Y (AOI221XL)                       0.69     141.03 r
  U1586/Y (INVXL)                          0.41     141.45 f
  U321/Y (NOR2XL)                          0.32     141.76 r
  U1597/Y (AOI2BB2XL)                      0.28     142.04 r
  U1598/Y (AOI222XL)                       0.27     142.31 f
  U1599/Y (AOI222XL)                       0.63     142.94 r
  U1600/Y (AOI222XL)                       0.31     143.26 f
  U1601/Y (AOI222XL)                       0.70     143.96 r
  U1604/Y (AOI222XL)                       0.43     144.39 f
  U1659/Y (NAND2XL)                        0.27     144.65 r
  U602/Y (NOR2X1)                          0.10     144.76 f
  U1686/CO (ADDFXL)                        1.22     145.98 f
  U1680/CO (ADDFXL)                        1.26     147.23 f
  U1668/CO (ADDFXL)                        1.26     148.49 f
  U1665/CO (ADDFXL)                        1.26     149.75 f
  U1693/CO (ADDFXL)                        1.26     151.01 f
  U628/Y (XOR2XL)                          0.47     151.47 r
  U1694/Y (NAND2XL)                        0.08     151.55 f
  U1695/Y (OAI21XL)                        0.09     151.64 r
  U1696/Y (XOR2XL)                         0.45     152.10 r
  U1698/Y (XOR2XL)                         0.31     152.41 r
  U1699/Y (XOR2XL)                         0.43     152.84 r
  U1791/Y (NAND2XL)                        0.08     152.92 f
  U1792/Y (OAI21XL)                        0.10     153.02 r
  U1793/Y (XOR2XL)                         0.46     153.48 r
  U1794/Y (XOR2XL)                         0.31     153.79 r
  U1795/Y (XOR2XL)                         0.42     154.21 r
  U1817/Y (XOR2XL)                         0.25     154.47 f
  U1819/Y (OAI222XL)                       0.61     155.07 r
  U1824/Y (INVXL)                          0.27     155.34 f
  U1833/Y (AOI221XL)                       1.29     156.64 r
  OUT_INV[5] (out)                         0.00     156.64 r
  data arrival time                                 156.64
  -----------------------------------------------------------
  (Path is unconstrained)


1
exit
Memory usage for this session 189 Mbytes.
Memory usage for this session including child processes 191 Mbytes.
CPU usage for this session 66 seconds ( 0.02 hours ).
Elapsed time for this session 72 seconds ( 0.02 hours ).

Thank you...
