ncsim 15.20-s084
Linux 2.6.32-696.el6.x86_64 #1 SMP Tue Mar 21 19:29:05 UTC 2017 x86_64
CPU cores: 8
Limit information:
======================================
cputime			unlimited
filesize		unlimited
datasize		unlimited
stacksize		10240 kbytes
coredumpsize	0 kbytes
memoryuse		unlimited
vmemoryuse		unlimited
descriptors		4096
memorylocked	64 kbytes
maxproc			1024
======================================
(Special)Runtime environment variables:
ndpGetenv(LD_ASSUME_KERNEL): 2.6.18

Runtime environment variables:
REMOTEHOST=140-113-66-247.dorm8.nctu.edu.tw
MANPATH=/usr/share/man:/usr/man:/usr/X11R6/man:/usr/lib/perl5/man:/usr/kerberos/man:/usr/local/man
HOSTNAME=linux20
INNOVUS_dir=/RAID2/EDA/cadence/INNOVUS/INNOVUS_20.15.000
HOST=linux20
TERM=xterm
SHELL=/bin/tcsh
SSH_CLIENT=140.113.66.247 60312 415
PERL5LIB=/RAID2/EDA/synopsys/saed_mc/lib
TMAX_dir=/RAID2/EDA/synopsys/tmax/2019.03
MGC_LOCATION_MAP=NO_MAP
QTDIR=/usr/lib64/qt-3.3
QTINC=/usr/lib64/qt-3.3/include
SSH_TTY=/dev/pts/2
XRUN_dir=/RAID2/EDA/cadence/XCELIUM/XCELIUM_20.09.007
LC_ALL=C
GROUP=unknown
USER=iclab105
LD_LIBRARY_PATH=/RAID2/EDA/synopsys/verdi/2019.06/share/PLI/IUS/linux:/RAID2/EDA/synopsys/verdi/2020.12-sp2/share/PLI/IUS/LINUX:/usr/ius81/tools/lib:/usr/X11R6/lib:/usr/lib:/lib
LS_COLORS=rs=0:di=01;34:ln=01;36:mh=00:pi=40;33:so=01;35:do=01;35:bd=40;33;01:cd=40;33;01:or=40;31;01:mi=01;05;37;41:su=37;41:sg=30;43:ca=30;41:tw=30;42:ow=34;42:st=37;44:ex=01;32:*.tar=01;31:*.tgz=01;31:*.arj=01;31:*.taz=01;31:*.lzh=01;31:*.lzma=01;31:*.tlz=01;31:*.txz=01;31:*.zip=01;31:*.z=01;31:*.Z=01;31:*.dz=01;31:*.gz=01;31:*.lz=01;31:*.xz=01;31:*.bz2=01;31:*.tbz=01;31:*.tbz2=01;31:*.bz=01;31:*.tz=01;31:*.deb=01;31:*.rpm=01;31:*.jar=01;31:*.rar=01;31:*.ace=01;31:*.zoo=01;31:*.cpio=01;31:*.7z=01;31:*.rz=01;31:*.jpg=01;35:*.jpeg=01;35:*.gif=01;35:*.bmp=01;35:*.pbm=01;35:*.pgm=01;35:*.ppm=01;35:*.tga=01;35:*.xbm=01;35:*.xpm=01;35:*.tif=01;35:*.tiff=01;35:*.png=01;35:*.svg=01;35:*.svgz=01;35:*.mng=01;35:*.pcx=01;35:*.mov=01;35:*.mpg=01;35:*.mpeg=01;35:*.m2v=01;35:*.mkv=01;35:*.ogm=01;35:*.mp4=01;35:*.m4v=01;35:*.mp4v=01;35:*.vob=01;35:*.qt=01;35:*.nuv=01;35:*.wmv=01;35:*.asf=01;35:*.rm=01;35:*.rmvb=01;35:*.flc=01;35:*.avi=01;35:*.fli=01;35:*.flv=01;35:*.gl=01;35:*.dl=01;35:*.xcf=01;35:*.xwd=01;35:*.yuv=01;35:*.cgm=01;35:*.emf=01;35:*.axv=01;35:*.anx=01;35:*.ogv=01;35:*.ogx=01;35:*.aac=01;36:*.au=01;36:*.flac=01;36:*.mid=01;36:*.midi=01;36:*.mka=01;36:*.mp3=01;36:*.mpc=01;36:*.ogg=01;36:*.ra=01;36:*.wav=01;36:*.axa=01;36:*.oga=01;36:*.spx=01;36:*.xspf=01;36:
ICC2_dir=/RAID2/EDA/synopsys/icc2/2020.09-sp3
MW_dir=/RAID2/EDA/synopsys/ARC/MetaWare
VSC_dir=/RAID2/EDA/synopsys/vcs/2020.12-sp2
HOSTTYPE=x86_64-linux
AMSHOME=/usr/ius81
LIBPATH=/usr/X11R6/lib:/usr/lib:/lib
IC06_dir=/RAID2/EDA/cadence/IC/IC_06.17.709
MAIL=/var/spool/mail/iclab105
PATH=/RAID2/EDA/tool/htop/htop-1.0.2:/usr/local/python/bin/:/usr/ads/bin:/RAID2/EDA/mentor/calibre/aoi_cal_2021.1_33.19/bin:/RAID2/EDA/synopsys/lc/cur/bin:/RAID2/EDA/synopsys/saed_mc/bin:/RAID2/EDA/synopsys/tmax/2019.03/bin:/RAID2/EDA/synopsys/ARC/MetaWare/ide:/RAID2/EDA/synopsys/ARC/MetaWare/arc/bin:/RAID2/EDA/synopsys/laker/2021.03/bin:/RAID2/EDA/synopsys/customexplorer/2020.12/bin:/RAID2/EDA/synopsys/hspice/2020.03-sp2-2/hspice/bin:/RAID2/EDA/synopsys/primetime/2019.03-sp5-1/bin:/RAID2/EDA/synopsys/icc2/2020.09-sp3/bin:/RAID2/EDA/synopsys/icc/2015.06-sp1/bin:/RAID2/EDA/synopsys/synthesis/2020.09/bin:/RAID2/EDA/synopsys/verdi/2019.06/bin:/RAID2/EDA/synopsys/vcs/2020.12-sp2/linux/bin:/RAID2/EDA/synopsys/vcs/2020.12-sp2/bin:/RAID2/EDA/synopsys/vcs/2020.12-sp2/linux/util:/RAID2/EDA/cadence/IC/IC_06.17.709/tools/dfII/bin:/RAID2/EDA/cadence/IC/IC_06.17.709/tools/bin:/RAID2/eda/jasper_2021.03//bin:/RAID2/EDA/cadence/ext17.21.000-ISR1_linux/tools/bin:/RAID2/EDA/cadence/INNOVUS/INNOVUS_20.15.000/tools.lnx86/bin:/RAID2/EDA/cadence/GENUS/GENUS_20.10.000/bin:/RAID2/EDA/cadence/INCISIV/INCISIVE_15.20.084/tools/bin:/RAID2/EDA/cadence/XCELIUM/XCELIUM_20.09.007/tools.lnx86/inca/bin:/usr/mmsim/tools/bin:/usr/EDI/tools/bin:/usr/sbin:/usr/lib64/qt-3.3/bin:/usr/local/bin:/bin:/usr/bin
GENUS=/RAID2/EDA/cadence/GENUS/GENUS_20.10.000
CE_dir=/RAID2/EDA/synopsys/customexplorer/2020.12
LAKER_dir=/RAID2/EDA/synopsys/laker/2021.03
PWD=/RAID2/COURSE/iclab/iclab105/work/03_GATE
EDITOR=nedit
LANG=C
KDE_IS_PRELINKED=1
VERDI_dir=/RAID2/EDA/synopsys/verdi/2019.06
OA_HOME=/RAID2/EDA/cadence/INNOVUS/INNOVUS_20.15.000/oa_v22.60.058
KDEDIRS=/usr
PT_dir=/RAID2/EDA/synopsys/primetime/2019.03-sp5-1
IRUN_dir=/RAID2/EDA/cadence/INCISIV/INCISIVE_15.20.084
VCS_CC=gcc
CDSHOME=/usr/cadence
LM_LICENSE_FILE=1717@lshc:5280@lshc:26585@lshc:5280@lstn:5280@lstc
CDS_Netlisting_Mode=Analog
SSH_ASKPASS=/usr/libexec/openssh/gnome-ssh-askpass
SHLVL=2
HOME=/RAID2/COURSE/iclab/iclab105
MC_HOME=/RAID2/EDA/synopsys/saed_mc
OSTYPE=linux
MGC_HOME=/RAID2/EDA/mentor/calibre/aoi_cal_2021.1_33.19
DC_dir=/RAID2/EDA/synopsys/synthesis/2020.09
LD_ASSUME_KERNEL=2.6.18
SAED_MC_32_28_PDK=/RAID2/EDA/synopsys/saed_mc/etc/techs/SAED_PDK_32/
HPEESOF_DIR=/usr/ads
MGC_TMPDIR=/tmp
VENDOR=unknown
MACHTYPE=x86_64
LOGNAME=iclab105
ENABLE_STARTUP_LOCALE=iso_8859_1
QTLIB=/usr/lib64/qt-3.3/lib
CVS_RSH=ssh
LC_CTYPE=iso_8859_1
SSH_CONNECTION=140.113.66.247 60312 140.113.201.60 415
LESSOPEN=||/usr/bin/lesspipe.sh %s
JGOLD_dir=/RAID2/eda/jasper_2021.03/
SHLIB_PATH=/usr/lib
HSP_dir=/RAID2/EDA/synopsys/hspice/2020.03-sp2-2
CC=gcc
DISPLAY=localhost:11.0
ICC_dir=/RAID2/EDA/synopsys/icc/2015.06-sp1
G_BROKEN_FILENAMES=1
_=/RAID2/EDA/cadence/INCISIV/INCISIVE_15.20.084/tools/bin/irun
_IRUNROOT_=/RAID2/EDA/cadence/INCISIV/INCISIVE_15.20.084/tools
CDS_ARCH=lnx86
NCRUNMODE=irun:./INCA_libs/irun.lnx86.15.20.nc
IRUNBATCH=FALSE
IMPERAS_PORT_FILE=.vsp_ovp_gdb_port
TCL_LIBRARY=/RAID2/EDA/cadence/INCISIV/INCISIVE_15.20.084/tools/inca/files/tcl/library
Runtime command line arguments:
argv[0]=irun
argv[1]=-timescale
argv[2]=1ns/1fs
argv[3]=-override_precision
argv[4]=-sdf_precision
argv[5]=1fs
argv[6]=TESTBED.v
argv[7]=-define
argv[8]=GATE
argv[9]=-debug
argv[10]=-v
argv[11]=/RAID2/COURSE/iclab/iclabta01/umc018/Verilog/umc18_neg.v
argv[12]=-y
argv[13]=/usr/synthesis/dw/sim_ver/
argv[14]=-nontcglitch
argv[15]=+libext+.v
argv[16]=-loadpli1
argv[17]=debpli:novas_pli_boot
118 profile - 100
          CPU/Mem usage: 0.090 sys,  0.050 user,  89.82M sys,  0.00M vm
119 VC callback profile - scalar:0 vector:0
120 Mon Mar 20 18:58:52 2023
121 pliAppInit
122 FSDB_GATE is disabled.
123 Enable Parallel Dumping.
124 pliAppMiscSet: New Sim Round
125 pliEntryInit
126 LIBSSCORE=found /RAID2/EDA/synopsys/verdi/2019.06/share/PLI/IUS/linux/libsscore_ius152.so through $LD_LIBRARY_PATH setting.
127 argv[0]: NN_SYN.fsdb
128 argv[0]: 0
129 argv[1]: +mda
130 FSDB Dumper for IUS, Release Verdi_P-2019.06, Linux, 05/26/2019
131 (C) 1996 - 2019 by Synopsys, Inc.
132 sps_call_fsdbDumpfile at 0 : /RAID2/COURSE/iclab/iclab105/work/03_GATE/TESTBED.v(27)
133 argv[0]: NN_SYN.fsdb
134 *Verdi* : Create FSDB file 'NN_SYN.fsdb'
135 sps_call_fsdbDumpvars at 0 : /RAID2/COURSE/iclab/iclab105/work/03_GATE/TESTBED.v(29)
136 argv[0]: 0
137 argv[1]: +mda
138 *Verdi* : Begin traversing the scopes, layer (0).
139 *Verdi* : Enable +mda dumping.
140 Cell instance `DW_fp_dp3.U1'.
141 *Verdi* : End of traversing.
142 fsdbDumpvars traverse var: profile - 
          CPU/Mem usage: 0.090 sys,  0.870 user,  211.81M sys,  0.00M vm
                   incr: 0.000 sys,  0.820 user,  43.16M sys,  0.00M vm
                   accu: 0.000 sys,  0.820 user,  43.16M sys,  0.00M vm
              accu incr: 0.000 sys,  0.820 user,  43.16M sys,  0.00M vm

          Count usage: 184278 var,  73620 idcode,  73620 callback
                 incr: 184278 var,  73620 idcode,  73620 callback
                 accu: 184278 var,  73620 idcode,  73620 callback
            accu incr: 184278 var,  73620 idcode,  73620 callback
143 VC callback profile - scalar:0 vector:0
144 Mon Mar 20 18:58:53 2023
145 fsdbDumpvars: profile - 
          CPU/Mem usage: 0.090 sys,  0.900 user,  216.30M sys,  0.00M vm
                   incr: 0.000 sys,  0.030 user,  4.49M sys,  0.00M vm
                   accu: 0.000 sys,  0.850 user,  47.64M sys,  0.00M vm
              accu incr: 0.000 sys,  0.030 user,  4.49M sys,  0.00M vm

          Count usage: 184278 var,  73620 idcode,  73620 callback
                 incr: 0 var,  0 idcode,  0 callback
                 accu: 184278 var,  73620 idcode,  73620 callback
            accu incr: 0 var,  0 idcode,  0 callback
146 VC callback profile - scalar:66599 vector:7021
147 Mon Mar 20 18:58:53 2023
148 End of simulation at 94097000000
149 VC callback profile - scalar:124338067 vector:1233300
150 Mon Mar 20 18:59:47 2023
151 Begin FSDB profile info:
152 FSDB Writer : bc1(124279558) bcn(1291809) mtf/stf(0/15)
FSDB Writer elapsed time : flush(32.100122) io wait(0.000000) theadpool wait(0.000000) target functin(0.000000)
FSDB Writer cpu time : MT Compression : 0
153 End FSDB profile info
154 Parallel profile    -  Flush:3 Expand:1 ProduceWait:0 ConsumerWait:138 BlockUsed:771
155                        ProduceTime:56.840609097 ConsumerTime:43.647957463 Buffer:96MB
156 SimExit
157 Sim process exit
