                     Cell Name |     Power-Grid View |      Number of Instances
-------------------------------------------------------------------------------
                        AND2X2 |             StdCell |                        4
                        AND2X4 |             StdCell |                        2
                        AND2XL |             StdCell |                       10
                        AND3X2 |             StdCell |                        2
                        AND4X2 |             StdCell |                       14
                      AOI211X1 |             StdCell |                       10
                      AOI211X2 |             StdCell |                        2
                      AOI211XL |             StdCell |                       35
                       AOI21X1 |             StdCell |                        5
                       AOI21XL |             StdCell |                        8
                      AOI221XL |             StdCell |                       10
                      AOI222X1 |             StdCell |                        9
                      AOI222X2 |             StdCell |                        1
                      AOI222X4 |             StdCell |                        5
                      AOI222XL |             StdCell |                       38
                       AOI22X1 |             StdCell |                        7
                       AOI22XL |             StdCell |                      253
                     AOI2BB1X1 |             StdCell |                        1
                     AOI2BB1X2 |             StdCell |                        2
                     AOI2BB1XL |             StdCell |                       20
                     AOI2BB2XL |             StdCell |                       48
                       AOI31X1 |             StdCell |                        1
                       AOI31X2 |             StdCell |                        1
                       AOI31XL |             StdCell |                        6
                       AOI32X4 |             StdCell |                        1
                       AOI32XL |             StdCell |                        9
                         BUFX2 |             StdCell |                       20
                         BUFX4 |             StdCell |                        8
                         BUFX8 |             StdCell |                        6
                     CLKBUFX12 |             StdCell |                        3
                      CLKBUFX4 |             StdCell |                        2
                      CLKINVX1 |             StdCell |                        1
                      CLKINVX2 |             StdCell |                        2
                      CLKINVX4 |             StdCell |                        5
                      CLKINVXL |             StdCell |                        2
                       DFFHQX1 |             StdCell |                        4
                      DFFRHQX1 |             StdCell |                        7
                      DFFRHQX2 |             StdCell |                        7
                      DFFRHQXL |             StdCell |                      274
                        DFFRX1 |             StdCell |                        1
                        DFFSX1 |             StdCell |                        4
                        DFFSX2 |             StdCell |                        1
                         INVX1 |             StdCell |                       22
                         INVX2 |             StdCell |                       87
                         INVX4 |             StdCell |                        8
                         INVX8 |             StdCell |                        2
                         INVXL |             StdCell |                      186
                        MXI2XL |             StdCell |                       31
                      NAND2BX1 |             StdCell |                        2
                      NAND2BX2 |             StdCell |                        1
                      NAND2BXL |             StdCell |                        2
                       NAND2X1 |             StdCell |                       33
                       NAND2X2 |             StdCell |                        5
                       NAND2X4 |             StdCell |                        2
                       NAND2XL |             StdCell |                      155
                      NAND3BXL |             StdCell |                        1
                       NAND3X1 |             StdCell |                        2
                       NAND3X2 |             StdCell |                        2
                       NAND3XL |             StdCell |                        7
                      NAND4BX2 |             StdCell |                        1
                      NAND4BXL |             StdCell |                        6
                       NAND4X1 |             StdCell |                        2
                       NAND4XL |             StdCell |                       28
                       NOR2BX1 |             StdCell |                        1
                       NOR2BX2 |             StdCell |                        1
                       NOR2BXL |             StdCell |                        7
                        NOR2X1 |             StdCell |                      156
                        NOR2X2 |             StdCell |                       15
                        NOR2X4 |             StdCell |                        5
                        NOR3X1 |             StdCell |                        3
                        NOR3XL |             StdCell |                       21
                       NOR4BXL |             StdCell |                        1
                        NOR4X1 |             StdCell |                        1
                        NOR4X2 |             StdCell |                        1
                        NOR4XL |             StdCell |                       11
                      OAI211X1 |             StdCell |                        3
                      OAI211X2 |             StdCell |                        2
                      OAI211X4 |             StdCell |                        1
                      OAI211XL |             StdCell |                       49
                       OAI21X1 |             StdCell |                        6
                       OAI21X2 |             StdCell |                        2
                       OAI21XL |             StdCell |                       69
                       OAI22X1 |             StdCell |                        1
                       OAI22XL |             StdCell |                      133
                     OAI2BB1X1 |             StdCell |                        3
                     OAI2BB1X2 |             StdCell |                        3
                     OAI2BB1XL |             StdCell |                       31
                     OAI2BB2XL |             StdCell |                       71
                       OAI31X1 |             StdCell |                       11
                       OAI31X4 |             StdCell |                        1
                       OAI31XL |             StdCell |                        7
                       OAI32XL |             StdCell |                        4
                         OR2X1 |             StdCell |                        1
                         OR2X2 |             StdCell |                        1
                         OR2XL |             StdCell |                        4
                         PVDDC |               Early |                        8
                       XNOR2X1 |             StdCell |                        1
                        XOR2X1 |             StdCell |                        1
                        XOR2X4 |             StdCell |                        1
                        XOR2XL |             StdCell |                       13
