irun(64): 15.20-s084: (c) Copyright 1995-2020 Cadence Design Systems, Inc.
TOOL:	irun(64)	15.20-s084: Started on Apr 09, 2023 at 02:12:23 CST
irun
	TESTBED.v
	-define RTL
	-define FUNC
	-debug
	-incdir /usr/synthesis/dw/sim_ver/
	-notimingchecks
	-loadpli1 debpli:novas_pli_boot
ncvlog: *W,NOTIND: unable to access -INCDIR /usr/synthesis/dw/sim_ver/ (No such file or directory).
file: TESTBED.v
	module worklib.VRO:v
		errors: 0, warnings: 0
	module worklib.PATTERN:v
		errors: 0, warnings: 0
module VRO(
         |
ncvlog: *W,RECOME (./VRO.v,21|9): recompiling design unit worklib.VRO:v.
	First compiled from line 21 of VRO.v.
(`include file: ./VRO.v line 21, file: TESTBED.v line 24)
	module worklib.TESTBED:v
		errors: 0, warnings: 0
	Total errors/warnings found outside modules and primitives:
		errors: 0, warnings: 1
		Caching library 'worklib' ....... Done
	Elaborating the design hierarchy:
	Top level design units:
		TESTBED
	Building instance overlay tables: .................... Done
	Generating native compiled code:
		worklib.PATTERN:v <0x1d52c2a2>
			streams:  12, words: 23722
		worklib.TESTBED:v <0x5cbb023f>
			streams:   1, words:   613
		worklib.VRO:v <0x641b1e50>
			streams:  26, words: 10643
	Building instance specific data structures.
	Loading native compiled code:     .................... Done
	Design hierarchy summary:
		                  Instances  Unique
		Modules:                  3       3
		Registers:               26      26
		Scalar wires:             4       -
		Vectored wires:           2       -
		Always blocks:            7       7
		Initial blocks:           6       6
		Simulation timescale:  10ps
	Writing initial simulation snapshot: worklib.TESTBED:v
Loading snapshot worklib.TESTBED:v .................... Done
*Verdi* Loading libsscore_ius152.so
ncsim> source /usr/cad/cadence/INCISIV/INCISIVE_15.20.084/tools/inca/files/ncsimrc
ncsim> run
FSDB Dumper for IUS, Release Verdi_P-2019.06, Linux x86_64/64bit, 05/26/2019
(C) 1996 - 2019 by Synopsys, Inc.
*Verdi* : Create FSDB file 'VRO.fsdb'
*Verdi* : Begin traversing the scopes, layer (0).
*Verdi* : Enable +mda dumping.
*Verdi* : End of traversing.
[0;34mPASS PATTERN NO.   1,[m [0;32mexecution cycle :   2[m
[0;34mPASS PATTERN NO.   2,[m [0;32mexecution cycle :   2[m
[0;34mPASS PATTERN NO.   3,[m [0;32mexecution cycle :   2[m
[0;34mPASS PATTERN NO.   4,[m [0;32mexecution cycle :   2[m
[0;34mPASS PATTERN NO.   5,[m [0;32mexecution cycle :   2[m
[0;34mPASS PATTERN NO.   6,[m [0;32mexecution cycle :   2[m
[0;34mPASS PATTERN NO.   7,[m [0;32mexecution cycle :   2[m
[0;34mPASS PATTERN NO.   8,[m [0;32mexecution cycle :   2[m
[0;34mPASS PATTERN NO.   9,[m [0;32mexecution cycle :   2[m
[0;34mPASS PATTERN NO.  10,[m [0;32mexecution cycle :   2[m
[0;34mPASS PATTERN NO.  11,[m [0;32mexecution cycle :   2[m
[0;34mPASS PATTERN NO.  12,[m [0;32mexecution cycle :   2[m
[0;34mPASS PATTERN NO.  13,[m [0;32mexecution cycle :   2[m
[0;34mPASS PATTERN NO.  14,[m [0;32mexecution cycle :   2[m
[0;34mPASS PATTERN NO.  15,[m [0;32mexecution cycle :   2[m
[0;34mPASS PATTERN NO.  16,[m [0;32mexecution cycle :   2[m
[0;34mPASS PATTERN NO.  17,[m [0;32mexecution cycle :   2[m
[0;34mPASS PATTERN NO.  18,[m [0;32mexecution cycle :   2[m
[0;34mPASS PATTERN NO.  19,[m [0;32mexecution cycle :   2[m
[0;34mPASS PATTERN NO.  20,[m [0;32mexecution cycle :   2[m
[0;34mPASS PATTERN NO.  21,[m [0;32mexecution cycle :   2[m
[0;34mPASS PATTERN NO.  22,[m [0;32mexecution cycle :   2[m
[0;34mPASS PATTERN NO.  23,[m [0;32mexecution cycle :   2[m
[0;34mPASS PATTERN NO.  24,[m [0;32mexecution cycle :   2[m
[0;34mPASS PATTERN NO.  25,[m [0;32mexecution cycle :   2[m
[0;34mPASS PATTERN NO.  26,[m [0;32mexecution cycle :   2[m
[0;34mPASS PATTERN NO.  27,[m [0;32mexecution cycle :   2[m
[0;34mPASS PATTERN NO.  28,[m [0;32mexecution cycle :   2[m
[0;34mPASS PATTERN NO.  29,[m [0;32mexecution cycle :   2[m
[0;34mPASS PATTERN NO.  30,[m [0;32mexecution cycle :   2[m
[0;34mPASS PATTERN NO.  31,[m [0;32mexecution cycle :   2[m
[0;34mPASS PATTERN NO.  32,[m [0;32mexecution cycle :   2[m
[0;34mPASS PATTERN NO.  33,[m [0;32mexecution cycle :   2[m
[0;34mPASS PATTERN NO.  34,[m [0;32mexecution cycle :   2[m
[0;34mPASS PATTERN NO.  35,[m [0;32mexecution cycle :   2[m
[0;34mPASS PATTERN NO.  36,[m [0;32mexecution cycle :   2[m
[0;34mPASS PATTERN NO.  37,[m [0;32mexecution cycle :   2[m
[0;34mPASS PATTERN NO.  38,[m [0;32mexecution cycle :   2[m
[0;34mPASS PATTERN NO.  39,[m [0;32mexecution cycle :   2[m
[0;34mPASS PATTERN NO.  40,[m [0;32mexecution cycle :   2[m
[0;34mPASS PATTERN NO.  41,[m [0;32mexecution cycle :   2[m
[0;34mPASS PATTERN NO.  42,[m [0;32mexecution cycle :   2[m
[0;34mPASS PATTERN NO.  43,[m [0;32mexecution cycle :   2[m
[0;34mPASS PATTERN NO.  44,[m [0;32mexecution cycle :   2[m
[0;34mPASS PATTERN NO.  45,[m [0;32mexecution cycle :   2[m
[0;34mPASS PATTERN NO.  46,[m [0;32mexecution cycle :   2[m
[0;34mPASS PATTERN NO.  47,[m [0;32mexecution cycle :   2[m
[0;34mPASS PATTERN NO.  48,[m [0;32mexecution cycle :   2[m
[0;34mPASS PATTERN NO.  49,[m [0;32mexecution cycle :   2[m
[0;34mPASS PATTERN NO.  50,[m [0;32mexecution cycle :   2[m
[0;34mPASS PATTERN NO.  51,[m [0;32mexecution cycle :   2[m
[0;34mPASS PATTERN NO.  52,[m [0;32mexecution cycle :   2[m
[0;34mPASS PATTERN NO.  53,[m [0;32mexecution cycle :   2[m
[0;34mPASS PATTERN NO.  54,[m [0;32mexecution cycle :   2[m
[0;34mPASS PATTERN NO.  55,[m [0;32mexecution cycle :   2[m
[0;34mPASS PATTERN NO.  56,[m [0;32mexecution cycle :   2[m
[0;34mPASS PATTERN NO.  57,[m [0;32mexecution cycle :   2[m
[0;34mPASS PATTERN NO.  58,[m [0;32mexecution cycle :   2[m
[0;34mPASS PATTERN NO.  59,[m [0;32mexecution cycle :   2[m
[0;34mPASS PATTERN NO.  60,[m [0;32mexecution cycle :   2[m
[0;34mPASS PATTERN NO.  61,[m [0;32mexecution cycle :   2[m
[0;34mPASS PATTERN NO.  62,[m [0;32mexecution cycle :   2[m
[0;34mPASS PATTERN NO.  63,[m [0;32mexecution cycle :   2[m
[0;34mPASS PATTERN NO.  64,[m [0;32mexecution cycle :   2[m
[0;34mPASS PATTERN NO.  65,[m [0;32mexecution cycle :   2[m
[0;34mPASS PATTERN NO.  66,[m [0;32mexecution cycle :   2[m
[0;34mPASS PATTERN NO.  67,[m [0;32mexecution cycle :   2[m
[0;34mPASS PATTERN NO.  68,[m [0;32mexecution cycle :   2[m
[0;34mPASS PATTERN NO.  69,[m [0;32mexecution cycle :   2[m
[0;34mPASS PATTERN NO.  70,[m [0;32mexecution cycle :   2[m
[0;34mPASS PATTERN NO.  71,[m [0;32mexecution cycle :   2[m
[0;34mPASS PATTERN NO.  72,[m [0;32mexecution cycle :   2[m
[0;34mPASS PATTERN NO.  73,[m [0;32mexecution cycle :   2[m
[0;34mPASS PATTERN NO.  74,[m [0;32mexecution cycle :   2[m
[0;34mPASS PATTERN NO.  75,[m [0;32mexecution cycle :   2[m
[0;34mPASS PATTERN NO.  76,[m [0;32mexecution cycle :   2[m
[0;34mPASS PATTERN NO.  77,[m [0;32mexecution cycle :   2[m
[0;34mPASS PATTERN NO.  78,[m [0;32mexecution cycle :   2[m
[0;34mPASS PATTERN NO.  79,[m [0;32mexecution cycle :   2[m
[0;34mPASS PATTERN NO.  80,[m [0;32mexecution cycle :   2[m
[0;34mPASS PATTERN NO.  81,[m [0;32mexecution cycle :   2[m
[0;34mPASS PATTERN NO.  82,[m [0;32mexecution cycle :   2[m
[0;34mPASS PATTERN NO.  83,[m [0;32mexecution cycle :   2[m
[0;34mPASS PATTERN NO.  84,[m [0;32mexecution cycle :   2[m
[0;34mPASS PATTERN NO.  85,[m [0;32mexecution cycle :   2[m
[0;34mPASS PATTERN NO.  86,[m [0;32mexecution cycle :   2[m
[0;34mPASS PATTERN NO.  87,[m [0;32mexecution cycle :   2[m
[0;34mPASS PATTERN NO.  88,[m [0;32mexecution cycle :   2[m
[0;34mPASS PATTERN NO.  89,[m [0;32mexecution cycle :   2[m
[0;34mPASS PATTERN NO.  90,[m [0;32mexecution cycle :   2[m
[0;34mPASS PATTERN NO.  91,[m [0;32mexecution cycle :   2[m
[0;34mPASS PATTERN NO.  92,[m [0;32mexecution cycle :   2[m
[0;34mPASS PATTERN NO.  93,[m [0;32mexecution cycle :   2[m
[0;34mPASS PATTERN NO.  94,[m [0;32mexecution cycle :   2[m
[0;34mPASS PATTERN NO.  95,[m [0;32mexecution cycle :   2[m
[0;34mPASS PATTERN NO.  96,[m [0;32mexecution cycle :   2[m
[0;34mPASS PATTERN NO.  97,[m [0;32mexecution cycle :   2[m
[0;34mPASS PATTERN NO.  98,[m [0;32mexecution cycle :   2[m
[0;34mPASS PATTERN NO.  99,[m [0;32mexecution cycle :   2[m
[0;34mPASS PATTERN NO. 100,[m [0;32mexecution cycle :   2[m
--------------------------------------------------------------------
          ~(￣▽￣)~(＿△＿)~(￣▽￣)~(＿△＿)~(￣▽￣)~            
                         Congratulations!                           
                  You have passed all patterns!                     
--------------------------------------------------------------------
Simulation complete via $finish(1) at time 9525 NS + 0
./PATTERN.v:215 $finish;
ncsim> exit
TOOL:	irun(64)	15.20-s084: Exiting on Apr 09, 2023 at 02:12:24 CST  (total: 00:00:01)
