METAL_3    | (633.01, 885.99)
METAL_3    | (958.62, 633.03)
METAL_3    | (958.62, 688.8)
METAL_3    | (958.62, 708.96)
METAL_3    | (958.62, 719.04)
METAL_3    | (958.62, 729.12)
METAL_3    | (886.26, 626.96)
METAL_3    | (883.41, 701.96)
METAL_3    | (958.62, 776.96)
METAL_3    | (958.62, 851.96)
METAL_3    | (283.15, 688.8)
METAL_3    | (283.15, 708.96)
METAL_3    | (283.15, 719.04)
METAL_3    | (283.15, 729.12)
METAL_3    | (285.17, 633.03)
METAL_3    | (633.01, 285.17)
METAL_3    | (958.62, 456.96)
METAL_3    | (958.62, 507.36)
METAL_3    | (958.62, 517.44)
METAL_3    | (958.62, 527.52)
METAL_3    | (958.62, 537.6)
METAL_3    | (958.62, 326.96)
METAL_3    | (958.62, 401.96)
METAL_3    | (958.62, 476.96)
METAL_3    | (958.62, 551.96)
METAL_3    | (283.15, 456.96)
METAL_3    | (283.15, 507.36)
METAL_3    | (283.15, 517.44)
METAL_3    | (283.15, 527.52)
METAL_3    | (283.15, 537.6)
METAL_4    | (701.96, 958.35)
METAL_4    | (701.96, 285.17)
METAL_1    | (482.374, 977.34)
METAL_1    | (448.507, 977.34)
METAL_1    | (483.107, 1157.35)
METAL_1    | (483.107, 1139.68)
METAL_1    | (483.107, 1122.01)
METAL_1    | (465.441, 1157.35)
METAL_1    | (465.441, 1122.01)
METAL_1    | (447.774, 1157.35)
METAL_1    | (447.774, 1139.68)
METAL_1    | (447.774, 1122.01)
METAL_2    | (483.107, 1157.35)
METAL_2    | (483.107, 1139.68)
METAL_2    | (483.107, 1122.01)
METAL_2    | (465.441, 1157.35)
METAL_2    | (465.441, 1122.01)
METAL_2    | (447.774, 1157.35)
METAL_2    | (447.774, 1139.68)
METAL_2    | (447.774, 1122.01)
METAL_3    | (482.374, 977.34)
METAL_3    | (448.507, 977.34)
METAL_3    | (483.107, 1157.35)
METAL_3    | (483.107, 1139.68)
METAL_3    | (483.107, 1122.01)
METAL_3    | (465.441, 1157.35)
METAL_3    | (465.441, 1122.01)
METAL_3    | (447.774, 1157.35)
METAL_3    | (447.774, 1139.68)
METAL_3    | (447.774, 1122.01)
METAL_4    | (483.107, 1157.35)
METAL_4    | (483.107, 1139.68)
METAL_4    | (483.107, 1122.01)
METAL_4    | (465.441, 1157.35)
METAL_4    | (465.441, 1122.01)
METAL_4    | (447.774, 1157.35)
METAL_4    | (447.774, 1139.68)
METAL_4    | (447.774, 1122.01)
METAL_5    | (483.107, 1157.35)
METAL_5    | (483.107, 1139.68)
METAL_5    | (483.107, 1122.01)
METAL_5    | (465.441, 1157.35)
METAL_5    | (465.441, 1122.01)
METAL_5    | (447.774, 1157.35)
METAL_5    | (447.774, 1139.68)
METAL_5    | (447.774, 1122.01)
METAL_1    | (662.734, 977.34)
METAL_1    | (628.867, 977.34)
METAL_1    | (663.467, 1157.35)
METAL_1    | (663.467, 1139.68)
METAL_1    | (663.467, 1122.01)
METAL_1    | (645.801, 1157.35)
METAL_1    | (645.801, 1122.01)
METAL_1    | (628.134, 1157.35)
METAL_1    | (628.134, 1139.68)
METAL_1    | (628.134, 1122.01)
METAL_2    | (663.467, 1157.35)
METAL_2    | (663.467, 1139.68)
METAL_2    | (663.467, 1122.01)
METAL_2    | (645.801, 1157.35)
METAL_2    | (645.801, 1122.01)
METAL_2    | (628.134, 1157.35)
METAL_2    | (628.134, 1139.68)
METAL_2    | (628.134, 1122.01)
METAL_3    | (662.734, 977.34)
METAL_3    | (628.867, 977.34)
METAL_3    | (663.467, 1157.35)
METAL_3    | (663.467, 1139.68)
METAL_3    | (663.467, 1122.01)
METAL_3    | (645.801, 1157.35)
METAL_3    | (645.801, 1122.01)
METAL_3    | (628.134, 1157.35)
METAL_3    | (628.134, 1139.68)
METAL_3    | (628.134, 1122.01)
METAL_4    | (663.467, 1157.35)
METAL_4    | (663.467, 1139.68)
METAL_4    | (663.467, 1122.01)
METAL_4    | (645.801, 1157.35)
METAL_4    | (645.801, 1122.01)
METAL_4    | (628.134, 1157.35)
METAL_4    | (628.134, 1139.68)
METAL_4    | (628.134, 1122.01)
METAL_5    | (663.467, 1157.35)
METAL_5    | (663.467, 1139.68)
METAL_5    | (663.467, 1122.01)
METAL_5    | (645.801, 1157.35)
METAL_5    | (645.801, 1122.01)
METAL_5    | (628.134, 1157.35)
METAL_5    | (628.134, 1139.68)
METAL_5    | (628.134, 1122.01)
METAL_1    | (1157.35, 628.133)
METAL_1    | (1139.68, 628.133)
METAL_1    | (1122.01, 628.133)
METAL_1    | (1157.35, 645.799)
METAL_1    | (1122.01, 645.799)
METAL_1    | (1157.35, 663.466)
METAL_1    | (1139.68, 663.466)
METAL_1    | (1122.01, 663.466)
METAL_2    | (977.34, 628.866)
METAL_2    | (977.34, 662.733)
METAL_2    | (1157.35, 628.133)
METAL_2    | (1139.68, 628.133)
METAL_2    | (1122.01, 628.133)
METAL_2    | (1157.35, 645.799)
METAL_2    | (1122.01, 645.799)
METAL_2    | (1157.35, 663.466)
METAL_2    | (1139.68, 663.466)
METAL_2    | (1122.01, 663.466)
METAL_3    | (977.34, 628.866)
METAL_3    | (977.34, 662.733)
METAL_3    | (1157.35, 628.133)
METAL_3    | (1139.68, 628.133)
METAL_3    | (1122.01, 628.133)
METAL_3    | (1157.35, 645.799)
METAL_3    | (1122.01, 645.799)
METAL_3    | (1157.35, 663.466)
METAL_3    | (1139.68, 663.466)
METAL_3    | (1122.01, 663.466)
METAL_4    | (1157.35, 628.133)
METAL_4    | (1139.68, 628.133)
METAL_4    | (1122.01, 628.133)
METAL_4    | (1157.35, 645.799)
METAL_4    | (1122.01, 645.799)
METAL_4    | (1157.35, 663.466)
METAL_4    | (1139.68, 663.466)
METAL_4    | (1122.01, 663.466)
METAL_5    | (1157.35, 628.133)
METAL_5    | (1139.68, 628.133)
METAL_5    | (1122.01, 628.133)
METAL_5    | (1157.35, 645.799)
METAL_5    | (1122.01, 645.799)
METAL_5    | (1157.35, 663.466)
METAL_5    | (1139.68, 663.466)
METAL_5    | (1122.01, 663.466)
METAL_1    | (1157.35, 447.773)
METAL_1    | (1139.68, 447.773)
METAL_1    | (1122.01, 447.773)
METAL_1    | (1157.35, 465.439)
METAL_1    | (1122.01, 465.439)
METAL_1    | (1157.35, 483.106)
METAL_1    | (1139.68, 483.106)
METAL_1    | (1122.01, 483.106)
METAL_2    | (977.34, 448.506)
METAL_2    | (977.34, 482.373)
METAL_2    | (1157.35, 447.773)
METAL_2    | (1139.68, 447.773)
METAL_2    | (1122.01, 447.773)
METAL_2    | (1157.35, 465.439)
METAL_2    | (1122.01, 465.439)
METAL_2    | (1157.35, 483.106)
METAL_2    | (1139.68, 483.106)
METAL_2    | (1122.01, 483.106)
METAL_3    | (977.34, 448.506)
METAL_3    | (977.34, 482.373)
METAL_3    | (1157.35, 447.773)
METAL_3    | (1139.68, 447.773)
METAL_3    | (1122.01, 447.773)
METAL_3    | (1157.35, 465.439)
METAL_3    | (1122.01, 465.439)
METAL_3    | (1157.35, 483.106)
METAL_3    | (1139.68, 483.106)
METAL_3    | (1122.01, 483.106)
METAL_4    | (1157.35, 447.773)
METAL_4    | (1139.68, 447.773)
METAL_4    | (1122.01, 447.773)
METAL_4    | (1157.35, 465.439)
METAL_4    | (1122.01, 465.439)
METAL_4    | (1157.35, 483.106)
METAL_4    | (1139.68, 483.106)
METAL_4    | (1122.01, 483.106)
METAL_5    | (1157.35, 447.773)
METAL_5    | (1139.68, 447.773)
METAL_5    | (1122.01, 447.773)
METAL_5    | (1157.35, 465.439)
METAL_5    | (1122.01, 465.439)
METAL_5    | (1157.35, 483.106)
METAL_5    | (1139.68, 483.106)
METAL_5    | (1122.01, 483.106)
METAL_1    | (628.866, 194.02)
METAL_1    | (662.733, 194.02)
METAL_1    | (628.133, 14.013)
METAL_1    | (628.133, 31.679)
METAL_1    | (628.133, 49.346)
METAL_1    | (645.799, 14.013)
METAL_1    | (645.799, 49.346)
METAL_1    | (663.466, 14.013)
METAL_1    | (663.466, 31.679)
METAL_1    | (663.466, 49.346)
METAL_2    | (628.133, 14.013)
METAL_2    | (628.133, 31.679)
METAL_2    | (628.133, 49.346)
METAL_2    | (645.799, 14.013)
METAL_2    | (645.799, 49.346)
METAL_2    | (663.466, 14.013)
METAL_2    | (663.466, 31.679)
METAL_2    | (663.466, 49.346)
METAL_3    | (628.866, 194.02)
METAL_3    | (662.733, 194.02)
METAL_3    | (628.133, 14.013)
METAL_3    | (628.133, 31.679)
METAL_3    | (628.133, 49.346)
METAL_3    | (645.799, 14.013)
METAL_3    | (645.799, 49.346)
METAL_3    | (663.466, 14.013)
METAL_3    | (663.466, 31.679)
METAL_3    | (663.466, 49.346)
METAL_4    | (628.133, 14.013)
METAL_4    | (628.133, 31.679)
METAL_4    | (628.133, 49.346)
METAL_4    | (645.799, 14.013)
METAL_4    | (645.799, 49.346)
METAL_4    | (663.466, 14.013)
METAL_4    | (663.466, 31.679)
METAL_4    | (663.466, 49.346)
METAL_5    | (628.133, 14.013)
METAL_5    | (628.133, 31.679)
METAL_5    | (628.133, 49.346)
METAL_5    | (645.799, 14.013)
METAL_5    | (645.799, 49.346)
METAL_5    | (663.466, 14.013)
METAL_5    | (663.466, 31.679)
METAL_5    | (663.466, 49.346)
METAL_1    | (448.506, 194.02)
METAL_1    | (482.373, 194.02)
METAL_1    | (447.773, 14.013)
METAL_1    | (447.773, 31.679)
METAL_1    | (447.773, 49.346)
METAL_1    | (465.439, 14.013)
METAL_1    | (465.439, 49.346)
METAL_1    | (483.106, 14.013)
METAL_1    | (483.106, 31.679)
METAL_1    | (483.106, 49.346)
METAL_2    | (447.773, 14.013)
METAL_2    | (447.773, 31.679)
METAL_2    | (447.773, 49.346)
METAL_2    | (465.439, 14.013)
METAL_2    | (465.439, 49.346)
METAL_2    | (483.106, 14.013)
METAL_2    | (483.106, 31.679)
METAL_2    | (483.106, 49.346)
METAL_3    | (448.506, 194.02)
METAL_3    | (482.373, 194.02)
METAL_3    | (447.773, 14.013)
METAL_3    | (447.773, 31.679)
METAL_3    | (447.773, 49.346)
METAL_3    | (465.439, 14.013)
METAL_3    | (465.439, 49.346)
METAL_3    | (483.106, 14.013)
METAL_3    | (483.106, 31.679)
METAL_3    | (483.106, 49.346)
METAL_4    | (447.773, 14.013)
METAL_4    | (447.773, 31.679)
METAL_4    | (447.773, 49.346)
METAL_4    | (465.439, 14.013)
METAL_4    | (465.439, 49.346)
METAL_4    | (483.106, 14.013)
METAL_4    | (483.106, 31.679)
METAL_4    | (483.106, 49.346)
METAL_5    | (447.773, 14.013)
METAL_5    | (447.773, 31.679)
METAL_5    | (447.773, 49.346)
METAL_5    | (465.439, 14.013)
METAL_5    | (465.439, 49.346)
METAL_5    | (483.106, 14.013)
METAL_5    | (483.106, 31.679)
METAL_5    | (483.106, 49.346)
METAL_1    | (14.013, 483.107)
METAL_1    | (31.679, 483.107)
METAL_1    | (49.346, 483.107)
METAL_1    | (14.013, 465.441)
METAL_1    | (49.346, 465.441)
METAL_1    | (14.013, 447.774)
METAL_1    | (31.679, 447.774)
METAL_1    | (49.346, 447.774)
METAL_2    | (194.02, 482.374)
METAL_2    | (194.02, 448.507)
METAL_2    | (14.013, 483.107)
METAL_2    | (31.679, 483.107)
METAL_2    | (49.346, 483.107)
METAL_2    | (14.013, 465.441)
METAL_2    | (49.346, 465.441)
METAL_2    | (14.013, 447.774)
METAL_2    | (31.679, 447.774)
METAL_2    | (49.346, 447.774)
METAL_3    | (194.02, 482.374)
METAL_3    | (194.02, 448.507)
METAL_3    | (14.013, 483.107)
METAL_3    | (31.679, 483.107)
METAL_3    | (49.346, 483.107)
METAL_3    | (14.013, 465.441)
METAL_3    | (49.346, 465.441)
METAL_3    | (14.013, 447.774)
METAL_3    | (31.679, 447.774)
METAL_3    | (49.346, 447.774)
METAL_4    | (14.013, 483.107)
METAL_4    | (31.679, 483.107)
METAL_4    | (49.346, 483.107)
METAL_4    | (14.013, 465.441)
METAL_4    | (49.346, 465.441)
METAL_4    | (14.013, 447.774)
METAL_4    | (31.679, 447.774)
METAL_4    | (49.346, 447.774)
METAL_5    | (14.013, 483.107)
METAL_5    | (31.679, 483.107)
METAL_5    | (49.346, 483.107)
METAL_5    | (14.013, 465.441)
METAL_5    | (49.346, 465.441)
METAL_5    | (14.013, 447.774)
METAL_5    | (31.679, 447.774)
METAL_5    | (49.346, 447.774)
METAL_1    | (14.013, 663.467)
METAL_1    | (31.679, 663.467)
METAL_1    | (49.346, 663.467)
METAL_1    | (14.013, 645.801)
METAL_1    | (49.346, 645.801)
METAL_1    | (14.013, 628.134)
METAL_1    | (31.679, 628.134)
METAL_1    | (49.346, 628.134)
METAL_2    | (194.02, 662.734)
METAL_2    | (194.02, 628.867)
METAL_2    | (14.013, 663.467)
METAL_2    | (31.679, 663.467)
METAL_2    | (49.346, 663.467)
METAL_2    | (14.013, 645.801)
METAL_2    | (49.346, 645.801)
METAL_2    | (14.013, 628.134)
METAL_2    | (31.679, 628.134)
METAL_2    | (49.346, 628.134)
METAL_3    | (194.02, 662.734)
METAL_3    | (194.02, 628.867)
METAL_3    | (14.013, 663.467)
METAL_3    | (31.679, 663.467)
METAL_3    | (49.346, 663.467)
METAL_3    | (14.013, 645.801)
METAL_3    | (49.346, 645.801)
METAL_3    | (14.013, 628.134)
METAL_3    | (31.679, 628.134)
METAL_3    | (49.346, 628.134)
METAL_4    | (14.013, 663.467)
METAL_4    | (31.679, 663.467)
METAL_4    | (49.346, 663.467)
METAL_4    | (14.013, 645.801)
METAL_4    | (49.346, 645.801)
METAL_4    | (14.013, 628.134)
METAL_4    | (31.679, 628.134)
METAL_4    | (49.346, 628.134)
METAL_5    | (14.013, 663.467)
METAL_5    | (31.679, 663.467)
METAL_5    | (49.346, 663.467)
METAL_5    | (14.013, 645.801)
METAL_5    | (49.346, 645.801)
METAL_5    | (14.013, 628.134)
METAL_5    | (31.679, 628.134)
METAL_5    | (49.346, 628.134)

Found 384 weakly connected metal segments.

