
                           Design Compiler Graphical 
                                 DC Ultra (TM)
                                  DFTMAX (TM)
                              Power Compiler (TM)
                                 DesignWare (R)
                                 DC Expert (TM)
                               Design Vision (TM)
                               HDL Compiler (TM)
                               VHDL Compiler (TM)
                                  DFT Compiler
                               Design Compiler(R)

                 Version T-2022.03 for linux64 - Feb 22, 2022 

                    Copyright (c) 1988 - 2022 Synopsys, Inc.
   This software and the associated documentation are proprietary to Synopsys,
 Inc. This software may only be used in accordance with the terms and conditions
 of a written license agreement with Synopsys, Inc. All other use, reproduction,
   or distribution of this software is strictly prohibited.  Licensed Products
     communicate with Synopsys servers for the purpose of providing software
    updates, detecting software piracy and verifying that customers are using
    Licensed Products in conformity with the applicable License Key for such
  Licensed Products. Synopsys will use information gathered in connection with
    this process to deliver software updates and pursue software pirates and
                                   infringers.

 Inclusivity & Diversity - Visit SolvNetPlus to read the "Synopsys Statement on
            Inclusivity and Diversity" (Refer to article 000036315 at
                        https://solvnetplus.synopsys.com)
Initializing...
#======================================================
#
# Synopsys Synthesis Scripts (Design Vision dctcl mode)
#
#======================================================
#======================================================
#  Set Libraries
#======================================================
set search_path {./../01_RTL \
                   ./../04_MEM \
                   ~iclabta01/umc018/Synthesis/ \
                   /usr/synthesis/libraries/syn/ \
                   /usr/synthesis/dw/ }
./../01_RTL  ./../04_MEM  ~iclabta01/umc018/Synthesis/  /usr/synthesis/libraries/syn/  /usr/synthesis/dw/ 
set synthetic_library {dw_foundation.sldb}
dw_foundation.sldb
set link_library {* dw_foundation.sldb standard.sldb slow.db RA1SH_5.db RA1SH_8.db}
* dw_foundation.sldb standard.sldb slow.db RA1SH_5.db RA1SH_8.db
set target_library {slow.db}
slow.db
#report_lib slow
#======================================================
#  Global Parameters
#======================================================
set DESIGN "GLCM"
GLCM
set CYCLE 2.9
2.9
#======================================================
#  Read RTL Code
#======================================================
#
read_sverilog $DESIGN.v
Loading db file '/usr/cad/synopsys/synthesis/2022.03/libraries/syn/dw_foundation.sldb'
Loading db file '/usr/cad/synopsys/synthesis/2022.03/libraries/syn/standard.sldb'
Loading db file '/RAID2/COURSE/iclab/iclabta01/umc018/Synthesis/slow.db'
Loading db file '/RAID2/COURSE/iclab/iclab105/Midterm_project/04_MEM/RA1SH_5.db'
Loading db file '/RAID2/COURSE/iclab/iclab105/Midterm_project/04_MEM/RA1SH_8.db'
Loading db file '/usr/cad/synopsys/synthesis/2022.03/libraries/syn/gtech.db'
  Loading link library 'slow'
  Loading link library 'USERLIB'
  Loading link library 'USERLIB'
  Loading link library 'gtech'
Loading sverilog file '/RAID2/COURSE/iclab/iclab105/Midterm_project/01_RTL/GLCM.v'
Detecting input file type automatically (-rtl or -netlist).
Reading with Presto HDL Compiler (equivalent to -rtl option).
Running PRESTO HDLC
Compiling source file /RAID2/COURSE/iclab/iclab105/Midterm_project/01_RTL/GLCM.v
Warning:  /RAID2/COURSE/iclab/iclab105/Midterm_project/01_RTL/GLCM.v:426: signed to unsigned assignment occurs. (VER-318)
Warning:  /RAID2/COURSE/iclab/iclab105/Midterm_project/01_RTL/GLCM.v:427: signed to unsigned assignment occurs. (VER-318)
Warning:  /RAID2/COURSE/iclab/iclab105/Midterm_project/01_RTL/GLCM.v:460: signed to unsigned assignment occurs. (VER-318)

Statistics for case statements in always block at line 227 in file
	'/RAID2/COURSE/iclab/iclab105/Midterm_project/01_RTL/GLCM.v'
===============================================
|           Line           |  full/ parallel  |
===============================================
|           228            |    auto/auto     |
===============================================

Statistics for case statements in always block at line 254 in file
	'/RAID2/COURSE/iclab/iclab105/Midterm_project/01_RTL/GLCM.v'
===============================================
|           Line           |  full/ parallel  |
===============================================
|           255            |    auto/auto     |
===============================================

Statistics for case statements in always block at line 314 in file
	'/RAID2/COURSE/iclab/iclab105/Midterm_project/01_RTL/GLCM.v'
===============================================
|           Line           |  full/ parallel  |
===============================================
|           319            |     no/auto      |
===============================================

Statistics for case statements in always block at line 341 in file
	'/RAID2/COURSE/iclab/iclab105/Midterm_project/01_RTL/GLCM.v'
===============================================
|           Line           |  full/ parallel  |
===============================================
|           347            |     no/auto      |
|           357            |    auto/auto     |
|           386            |    auto/auto     |
===============================================

Statistics for case statements in always block at line 421 in file
	'/RAID2/COURSE/iclab/iclab105/Midterm_project/01_RTL/GLCM.v'
===============================================
|           Line           |  full/ parallel  |
===============================================
|           425            |    auto/auto     |
===============================================

Statistics for case statements in always block at line 433 in file
	'/RAID2/COURSE/iclab/iclab105/Midterm_project/01_RTL/GLCM.v'
===============================================
|           Line           |  full/ parallel  |
===============================================
|           438            |     no/auto      |
===============================================

Statistics for case statements in always block at line 454 in file
	'/RAID2/COURSE/iclab/iclab105/Midterm_project/01_RTL/GLCM.v'
===============================================
|           Line           |  full/ parallel  |
===============================================
|           458            |     no/auto      |
===============================================

Statistics for case statements in always block at line 480 in file
	'/RAID2/COURSE/iclab/iclab105/Midterm_project/01_RTL/GLCM.v'
===============================================
|           Line           |  full/ parallel  |
===============================================
|           497            |    auto/auto     |
===============================================

Statistics for case statements in always block at line 512 in file
	'/RAID2/COURSE/iclab/iclab105/Midterm_project/01_RTL/GLCM.v'
===============================================
|           Line           |  full/ parallel  |
===============================================
|           515            |    auto/auto     |
===============================================

Statistics for case statements in always block at line 539 in file
	'/RAID2/COURSE/iclab/iclab105/Midterm_project/01_RTL/GLCM.v'
===============================================
|           Line           |  full/ parallel  |
===============================================
|           540            |    auto/auto     |
|           543            |    auto/auto     |
===============================================

Statistics for case statements in always block at line 570 in file
	'/RAID2/COURSE/iclab/iclab105/Midterm_project/01_RTL/GLCM.v'
===============================================
|           Line           |  full/ parallel  |
===============================================
|           573            |     no/auto      |
|           576            |     no/auto      |
===============================================

Statistics for case statements in always block at line 584 in file
	'/RAID2/COURSE/iclab/iclab105/Midterm_project/01_RTL/GLCM.v'
===============================================
|           Line           |  full/ parallel  |
===============================================
|           586            |    auto/auto     |
===============================================

Statistics for case statements in always block at line 604 in file
	'/RAID2/COURSE/iclab/iclab105/Midterm_project/01_RTL/GLCM.v'
===============================================
|           Line           |  full/ parallel  |
===============================================
|           620            |    auto/auto     |
===============================================

Inferred memory devices in process
	in routine GLCM line 217 in file
		'/RAID2/COURSE/iclab/iclab105/Midterm_project/01_RTL/GLCM.v'.
===============================================================================
|    Register Name    |   Type    | Width | Bus | MB | AR | AS | SR | SS | ST |
===============================================================================
|      sc_cs_reg      | Flip-flop |   3   |  Y  | N  | Y  | N  | N  | N  | N  |
|      sm_cs_reg      | Flip-flop |   4   |  Y  | N  | Y  | N  | N  | N  | N  |
===============================================================================

Inferred memory devices in process
	in routine GLCM line 276 in file
		'/RAID2/COURSE/iclab/iclab105/Midterm_project/01_RTL/GLCM.v'.
===============================================================================
|    Register Name    |   Type    | Width | Bus | MB | AR | AS | SR | SS | ST |
===============================================================================
|     sc_cnt_reg      | Flip-flop |   2   |  Y  | N  | Y  | N  | N  | N  | N  |
===============================================================================

Inferred memory devices in process
	in routine GLCM line 291 in file
		'/RAID2/COURSE/iclab/iclab105/Midterm_project/01_RTL/GLCM.v'.
===============================================================================
|    Register Name    |   Type    | Width | Bus | MB | AR | AS | SR | SS | ST |
===============================================================================
|   sc_cnt_last_reg   | Flip-flop |   1   |  N  | N  | Y  | N  | N  | N  | N  |
===============================================================================

Inferred memory devices in process
	in routine GLCM line 297 in file
		'/RAID2/COURSE/iclab/iclab105/Midterm_project/01_RTL/GLCM.v'.
===============================================================================
|    Register Name    |   Type    | Width | Bus | MB | AR | AS | SR | SS | ST |
===============================================================================
|   row_offset_reg    | Flip-flop |   4   |  Y  | N  | Y  | N  | N  | N  | N  |
|      addrm_reg      | Flip-flop |  12   |  Y  | N  | Y  | N  | N  | N  | N  |
|      addrg_reg      | Flip-flop |  12   |  Y  | N  | Y  | N  | N  | N  | N  |
|   col_offset_reg    | Flip-flop |   4   |  Y  | N  | Y  | N  | N  | N  | N  |
===============================================================================

Inferred memory devices in process
	in routine GLCM line 314 in file
		'/RAID2/COURSE/iclab/iclab105/Midterm_project/01_RTL/GLCM.v'.
===============================================================================
|    Register Name    |   Type    | Width | Bus | MB | AR | AS | SR | SS | ST |
===============================================================================
|  awvalid_m_inf_reg  | Flip-flop |   1   |  N  | N  | Y  | N  | N  | N  | N  |
|  awaddr_m_inf_reg   | Flip-flop |  32   |  Y  | N  | Y  | N  | N  | N  | N  |
===============================================================================

Inferred memory devices in process
	in routine GLCM line 341 in file
		'/RAID2/COURSE/iclab/iclab105/Midterm_project/01_RTL/GLCM.v'.
===============================================================================
|    Register Name    |   Type    | Width | Bus | MB | AR | AS | SR | SS | ST |
===============================================================================
|  wvalid_m_inf_reg   | Flip-flop |   1   |  N  | N  | Y  | N  | N  | N  | N  |
|   wdata_m_inf_reg   | Flip-flop |  32   |  Y  | N  | Y  | N  | N  | N  | N  |
|   wlast_m_inf_reg   | Flip-flop |   1   |  N  | N  | Y  | N  | N  | N  | N  |
===============================================================================

Inferred memory devices in process
	in routine GLCM line 421 in file
		'/RAID2/COURSE/iclab/iclab105/Midterm_project/01_RTL/GLCM.v'.
===============================================================================
|    Register Name    |   Type    | Width | Bus | MB | AR | AS | SR | SS | ST |
===============================================================================
|  bready_m_inf_reg   | Flip-flop |   1   |  N  | N  | Y  | N  | N  | N  | N  |
===============================================================================

Inferred memory devices in process
	in routine GLCM line 433 in file
		'/RAID2/COURSE/iclab/iclab105/Midterm_project/01_RTL/GLCM.v'.
===============================================================================
|    Register Name    |   Type    | Width | Bus | MB | AR | AS | SR | SS | ST |
===============================================================================
|  arvalid_m_inf_reg  | Flip-flop |   1   |  N  | N  | Y  | N  | N  | N  | N  |
|  araddr_m_inf_reg   | Flip-flop |  32   |  Y  | N  | Y  | N  | N  | N  | N  |
===============================================================================

Inferred memory devices in process
	in routine GLCM line 454 in file
		'/RAID2/COURSE/iclab/iclab105/Midterm_project/01_RTL/GLCM.v'.
===============================================================================
|    Register Name    |   Type    | Width | Bus | MB | AR | AS | SR | SS | ST |
===============================================================================
|  rready_m_inf_reg   | Flip-flop |   1   |  N  | N  | Y  | N  | N  | N  | N  |
===============================================================================

Inferred memory devices in process
	in routine GLCM line 467 in file
		'/RAID2/COURSE/iclab/iclab105/Midterm_project/01_RTL/GLCM.v'.
===============================================================================
|    Register Name    |   Type    | Width | Bus | MB | AR | AS | SR | SS | ST |
===============================================================================
|  dram_outbuff_reg   | Flip-flop |  20   |  Y  | N  | Y  | N  | N  | N  | N  |
===============================================================================

Inferred memory devices in process
	in routine GLCM line 480 in file
		'/RAID2/COURSE/iclab/iclab105/Midterm_project/01_RTL/GLCM.v'.
===============================================================================
|    Register Name    |   Type    | Width | Bus | MB | AR | AS | SR | SS | ST |
===============================================================================
|     sram5_j_reg     | Flip-flop |   4   |  Y  | N  | Y  | N  | N  | N  | N  |
|     sram5_i_reg     | Flip-flop |   4   |  Y  | N  | Y  | N  | N  | N  | N  |
===============================================================================

Inferred memory devices in process
	in routine GLCM line 512 in file
		'/RAID2/COURSE/iclab/iclab105/Midterm_project/01_RTL/GLCM.v'.
===============================================================================
|    Register Name    |   Type    | Width | Bus | MB | AR | AS | SR | SS | ST |
===============================================================================
|     cbase_i_reg     | Flip-flop |   4   |  Y  | N  | Y  | N  | N  | N  | N  |
|     cbase_j_reg     | Flip-flop |   4   |  Y  | N  | Y  | N  | N  | N  | N  |
===============================================================================

Inferred memory devices in process
	in routine GLCM line 552 in file
		'/RAID2/COURSE/iclab/iclab105/Midterm_project/01_RTL/GLCM.v'.
===============================================================================
|    Register Name    |   Type    | Width | Bus | MB | AR | AS | SR | SS | ST |
===============================================================================
|     sram8_i_reg     | Flip-flop |   5   |  Y  | N  | Y  | N  | N  | N  | N  |
|     sram8_j_reg     | Flip-flop |   5   |  Y  | N  | Y  | N  | N  | N  | N  |
===============================================================================

Inferred memory devices in process
	in routine GLCM line 570 in file
		'/RAID2/COURSE/iclab/iclab105/Midterm_project/01_RTL/GLCM.v'.
===============================================================================
|    Register Name    |   Type    | Width | Bus | MB | AR | AS | SR | SS | ST |
===============================================================================
|     sram8_d_reg     | Flip-flop |   8   |  Y  | N  | Y  | N  | N  | N  | N  |
===============================================================================

Inferred memory devices in process
	in routine GLCM line 596 in file
		'/RAID2/COURSE/iclab/iclab105/Midterm_project/01_RTL/GLCM.v'.
===============================================================================
|    Register Name    |   Type    | Width | Bus | MB | AR | AS | SR | SS | ST |
===============================================================================
|  sram8_q_store_reg  | Flip-flop |   8   |  Y  | N  | Y  | N  | N  | N  | N  |
===============================================================================

Inferred memory devices in process
	in routine GLCM line 604 in file
		'/RAID2/COURSE/iclab/iclab105/Midterm_project/01_RTL/GLCM.v'.
===============================================================================
|    Register Name    |   Type    | Width | Bus | MB | AR | AS | SR | SS | ST |
===============================================================================
|   twoc_equal_reg    | Flip-flop |   1   |  N  | N  | Y  | N  | N  | N  | N  |
|       c1a_reg       | Flip-flop |   5   |  Y  | N  | Y  | N  | N  | N  | N  |
|       c1o_reg       | Flip-flop |   5   |  Y  | N  | Y  | N  | N  | N  | N  |
|    c1o_store_reg    | Flip-flop |   5   |  Y  | N  | Y  | N  | N  | N  | N  |
|       c1v_reg       | Flip-flop |   2   |  Y  | N  | Y  | N  | N  | N  | N  |
|       c2a_reg       | Flip-flop |   5   |  Y  | N  | Y  | N  | N  | N  | N  |
|       c2o_reg       | Flip-flop |   5   |  Y  | N  | Y  | N  | N  | N  | N  |
|       c2v_reg       | Flip-flop |   2   |  Y  | N  | Y  | N  | N  | N  | N  |
===============================================================================

Inferred memory devices in process
	in routine GLCM line 646 in file
		'/RAID2/COURSE/iclab/iclab105/Midterm_project/01_RTL/GLCM.v'.
===============================================================================
|    Register Name    |   Type    | Width | Bus | MB | AR | AS | SR | SS | ST |
===============================================================================
|    out_valid_reg    | Flip-flop |   1   |  N  | N  | Y  | N  | N  | N  | N  |
===============================================================================
Presto compilation completed successfully.
Current design is now '/RAID2/COURSE/iclab/iclab105/Midterm_project/01_RTL/GLCM.db:GLCM'
Loaded 1 design.
Current design is 'GLCM'.
GLCM
current_design $DESIGN
Current design is 'GLCM'.
{GLCM}
#======================================================
#  Global Setting
#======================================================
#======================================================
#  Set Design Constraints
#======================================================
create_clock -name "clk" -period $CYCLE clk
1
set_input_delay  [ expr $CYCLE*0.5 ] -clock clk [all_inputs]
1
set_output_delay [ expr $CYCLE*0.5 ] -clock clk [all_outputs]
1
set_input_delay 0 -clock clk clk
1
set_input_delay 0 -clock clk rst_n
1
set_load 0.05 [all_outputs]
1
set_dont_use slow/JKFF*
1
#======================================================
#  Optimization
#======================================================
#
check_design > Report/$DESIGN\.check
set_fix_multiple_port_nets -all -buffer_constants
1
#set_fix_hold [all_clocks]
compile_ultra
Information: Performing power optimization. (PWR-850)
Analyzing: "/RAID2/COURSE/iclab/iclabta01/umc018/Synthesis/slow.db"
Library analysis succeeded.
Information: Evaluating DesignWare library utilization. (UISN-27)

============================================================================
| DesignWare Building Block Library  |         Version         | Available |
============================================================================
| Basic DW Building Blocks           | S-2021.06-DWBB_202106.0 |     *     |
| Licensed DW Building Blocks        | S-2021.06-DWBB_202106.0 |     *     |
============================================================================

====================================================================================================
| Flow Information                                                                                 |
----------------------------------------------------------------------------------------------------
| Flow         | Design Compiler WLM                                                               |
| Comand line  | compile_ultra                                                                     |
====================================================================================================
| Design Information                                      | Value                                  |
====================================================================================================
| Number of Scenarios                                     | 0                                      |
| Leaf Cell Count                                         | 975                                    |
| Number of User Hierarchies                              | 0                                      |
| Sequential Cell Count                                   | 239                                    |
| Macro Count                                             | 0                                      |
| Number of Power Domains                                 | 0                                      |
| Number of Path Groups                                   | 2                                      |
| Number of VT class                                      | 0                                      |
| Number of Clocks                                        | 1                                      |
| Number of Dont Touch cells                              | 270                                    |
| Number of Dont Touch nets                               | 0                                      |
| Number of size only cells                               | 0                                      |
| Design with UPF Data                                    | false                                  |
----------------------------------------------------------------------------------------------------
| Variables                                               | Value                                  |
----------------------------------------------------------------------------------------------------
| set_fix_multiple_port_nets                              | -all -buffer_constants                 |
====================================================================================================
Information: Sequential output inversion is enabled.  SVF file must be used for formal verification. (OPT-1208)

Information: There are 144 potential problems in your design. Please run 'check_design' for more information. (LINT-99)

  Simplifying Design 'GLCM'

Loaded alib file './alib-52/slow.db.alib'
  Building model 'DW01_NAND2'
Information: Ungrouping 0 of 1 hierarchies before Pass 1 (OPT-775)
Information: State dependent leakage is now switched from on to off.

  Beginning Pass 1 Mapping
  ------------------------
  Processing 'GLCM'
Information: Added key list 'DesignWare' to design 'GLCM'. (DDB-72)
Information: The register 'araddr_m_inf_reg[31]' is a constant and will be removed. (OPT-1206)
Information: The register 'araddr_m_inf_reg[30]' is a constant and will be removed. (OPT-1206)
Information: The register 'araddr_m_inf_reg[29]' is a constant and will be removed. (OPT-1206)
Information: The register 'araddr_m_inf_reg[28]' is a constant and will be removed. (OPT-1206)
Information: The register 'araddr_m_inf_reg[27]' is a constant and will be removed. (OPT-1206)
Information: The register 'araddr_m_inf_reg[26]' is a constant and will be removed. (OPT-1206)
Information: The register 'araddr_m_inf_reg[25]' is a constant and will be removed. (OPT-1206)
Information: The register 'araddr_m_inf_reg[24]' is a constant and will be removed. (OPT-1206)
Information: The register 'araddr_m_inf_reg[23]' is a constant and will be removed. (OPT-1206)
Information: The register 'araddr_m_inf_reg[22]' is a constant and will be removed. (OPT-1206)
Information: The register 'araddr_m_inf_reg[21]' is a constant and will be removed. (OPT-1206)
Information: The register 'araddr_m_inf_reg[20]' is a constant and will be removed. (OPT-1206)
Information: The register 'araddr_m_inf_reg[19]' is a constant and will be removed. (OPT-1206)
Information: The register 'araddr_m_inf_reg[18]' is a constant and will be removed. (OPT-1206)
Information: The register 'araddr_m_inf_reg[17]' is a constant and will be removed. (OPT-1206)
Information: The register 'araddr_m_inf_reg[16]' is a constant and will be removed. (OPT-1206)
Information: The register 'araddr_m_inf_reg[15]' is a constant and will be removed. (OPT-1206)
Information: The register 'araddr_m_inf_reg[14]' is a constant and will be removed. (OPT-1206)
Information: The register 'awaddr_m_inf_reg[31]' is a constant and will be removed. (OPT-1206)
Information: The register 'awaddr_m_inf_reg[30]' is a constant and will be removed. (OPT-1206)
Information: The register 'awaddr_m_inf_reg[29]' is a constant and will be removed. (OPT-1206)
Information: The register 'awaddr_m_inf_reg[28]' is a constant and will be removed. (OPT-1206)
Information: The register 'awaddr_m_inf_reg[27]' is a constant and will be removed. (OPT-1206)
Information: The register 'awaddr_m_inf_reg[26]' is a constant and will be removed. (OPT-1206)
Information: The register 'awaddr_m_inf_reg[25]' is a constant and will be removed. (OPT-1206)
Information: The register 'awaddr_m_inf_reg[24]' is a constant and will be removed. (OPT-1206)
Information: The register 'awaddr_m_inf_reg[23]' is a constant and will be removed. (OPT-1206)
Information: The register 'awaddr_m_inf_reg[22]' is a constant and will be removed. (OPT-1206)
Information: The register 'awaddr_m_inf_reg[21]' is a constant and will be removed. (OPT-1206)
Information: The register 'awaddr_m_inf_reg[20]' is a constant and will be removed. (OPT-1206)
Information: The register 'awaddr_m_inf_reg[19]' is a constant and will be removed. (OPT-1206)
Information: The register 'awaddr_m_inf_reg[18]' is a constant and will be removed. (OPT-1206)
Information: The register 'awaddr_m_inf_reg[17]' is a constant and will be removed. (OPT-1206)
Information: The register 'awaddr_m_inf_reg[16]' is a constant and will be removed. (OPT-1206)
Information: The register 'awaddr_m_inf_reg[15]' is a constant and will be removed. (OPT-1206)
Information: The register 'awaddr_m_inf_reg[14]' is a constant and will be removed. (OPT-1206)
Information: The register 'awaddr_m_inf_reg[12]' is a constant and will be removed. (OPT-1206)
 Implement Synthetic for 'GLCM'.

  Updating timing information
Information: Updating design information... (UID-85)
Information: The library cell 'HOLDX1' in the library 'slow' is not characterized for internal power. (PWR-536)
Information: The target library(s) contains cell(s), other than black boxes, that are not characterized for internal power. (PWR-24)

  Beginning Mapping Optimizations  (Ultra High effort)
  -------------------------------
  Mapping Optimization (Phase 1)

                                  TOTAL                                                
   ELAPSED            WORST NEG   SETUP    DESIGN                              LEAKAGE 
    TIME      AREA      SLACK     COST    RULE COST         ENDPOINT            POWER  
  --------- --------- --------- --------- --------- ------------------------- ---------
    0:00:03  203690.1      0.12       1.7       0.0                           6557274.0000
    0:00:03  203503.8      0.26       1.8       0.0                           6532788.0000

  Beginning Constant Register Removal
  -----------------------------------
    0:00:03  203693.4      0.26       1.6       0.0                           6580001.0000
    0:00:03  203606.9      0.26       2.1       0.0                           6569652.0000

  Beginning Global Optimizations
  ------------------------------
  Numerical Synthesis (Phase 1)
  Numerical Synthesis (Phase 2)
  Global Optimization (Phase 1)
  Global Optimization (Phase 2)
  Global Optimization (Phase 3)
  Global Optimization (Phase 4)
  Global Optimization (Phase 5)
  Global Optimization (Phase 6)
  Global Optimization (Phase 7)
  Global Optimization (Phase 8)
  Global Optimization (Phase 9)
  Global Optimization (Phase 10)
  Global Optimization (Phase 11)
  Global Optimization (Phase 12)
  Global Optimization (Phase 13)
  Global Optimization (Phase 14)
  Global Optimization (Phase 15)
  Global Optimization (Phase 16)
  Global Optimization (Phase 17)
  Global Optimization (Phase 18)
  Global Optimization (Phase 19)
  Global Optimization (Phase 20)
  Global Optimization (Phase 21)
  Global Optimization (Phase 22)
  Global Optimization (Phase 23)
  Global Optimization (Phase 24)
  Global Optimization (Phase 25)
  Global Optimization (Phase 26)
  Global Optimization (Phase 27)
  Global Optimization (Phase 28)
  Global Optimization (Phase 29)
  Global Optimization (Phase 30)
  Global Optimization (Phase 31)

  Beginning Isolate Ports
  -----------------------

  Beginning Delay Optimization
  ----------------------------
    0:00:04  183086.4      0.37       6.2       0.0                           2263293.2500
    0:00:04  183488.8      0.17       3.4       0.0                           2350175.7500
    0:00:04  183488.8      0.17       3.4       0.0                           2350175.7500
    0:00:05  183522.1      0.17       3.3       0.0                           2352122.0000
    0:00:05  183498.8      0.17       3.3       0.0                           2348639.2500
    0:00:05  183498.8      0.17       3.3       0.0                           2348639.2500

  Beginning WLM Backend Optimization
  --------------------------------------
    0:00:05  183435.6      0.17       2.9       0.0                           2325809.7500
    0:00:05  183465.6      0.15       2.7       0.0                           2333728.2500
    0:00:05  183465.6      0.15       2.7       0.0                           2333728.2500
    0:00:05  183508.8      0.14       0.9       0.0                           2317247.5000
    0:00:05  183508.8      0.14       0.9       0.0                           2317247.5000
    0:00:05  183828.1      0.13       0.8       0.0                           2372136.2500
    0:00:05  183828.1      0.13       0.8       0.0                           2372136.2500
    0:00:05  183828.1      0.13       0.8       0.0                           2372136.2500
    0:00:05  183828.1      0.13       0.8       0.0                           2372136.2500
    0:00:05  183828.1      0.13       0.8       0.0                           2372136.2500
    0:00:05  183828.1      0.13       0.8       0.0                           2372136.2500
    0:00:05  183944.6      0.09       0.6       0.0                           2386846.2500
    0:00:05  183944.6      0.09       0.6       0.0                           2386846.2500
    0:00:05  184214.0      0.08       0.5       0.0                           2432510.2500
    0:00:05  184214.0      0.08       0.5       0.0                           2432510.2500
    0:00:05  184297.2      0.07       0.4       0.0                           2450332.2500
    0:00:05  184297.2      0.07       0.4       0.0                           2450332.2500
    0:00:06  184297.2      0.07       0.4       0.0                           2450332.2500
    0:00:06  184297.2      0.07       0.4       0.0                           2450332.2500
    0:00:06  184297.2      0.07       0.4       0.0                           2450332.2500
    0:00:06  184297.2      0.07       0.4       0.0                           2450332.2500
    0:00:06  184297.2      0.07       0.4       0.0                           2450332.2500
    0:00:06  184520.0      0.01       0.0       0.0                           2473342.7500
    0:00:06  184613.2      0.00       0.0       0.0                           2486955.7500


  Beginning Leakage Power Optimization  (max_leakage_power 0)
  ------------------------------------

                                  TOTAL                                                
   ELAPSED            WORST NEG   SETUP    DESIGN                              LEAKAGE 
    TIME      AREA      SLACK     COST    RULE COST         ENDPOINT            POWER  
  --------- --------- --------- --------- --------- ------------------------- ---------
    0:00:06  184613.2      0.00       0.0       0.0                           2486955.7500
  Global Optimization (Phase 32)
  Global Optimization (Phase 33)
  Global Optimization (Phase 34)
  Global Optimization (Phase 35)
  Global Optimization (Phase 36)
  Global Optimization (Phase 37)
  Global Optimization (Phase 38)
  Global Optimization (Phase 39)
  Global Optimization (Phase 40)
  Global Optimization (Phase 41)
  Global Optimization (Phase 42)
  Global Optimization (Phase 43)
  Global Optimization (Phase 44)
  Global Optimization (Phase 45)
  Global Optimization (Phase 46)
    0:00:06  183771.6      0.03       0.1       0.0                           2125879.7500
    0:00:06  183794.9      0.03       0.1       0.0                           2130037.0000
    0:00:06  183794.9      0.03       0.1       0.0                           2130037.0000
    0:00:06  183764.9      0.03       0.1       0.0                           2129144.0000
    0:00:06  183764.9      0.03       0.1       0.0                           2129144.0000
    0:00:06  183764.9      0.03       0.1       0.0                           2129144.0000
    0:00:06  183764.9      0.03       0.1       0.0                           2129144.0000
    0:00:06  183764.9      0.03       0.1       0.0                           2129144.0000
    0:00:06  183764.9      0.03       0.1       0.0                           2129144.0000
    0:00:06  183764.9      0.03       0.1       0.0                           2129144.0000
    0:00:06  183764.9      0.03       0.1       0.0                           2129144.0000
    0:00:07  183884.7      0.01       0.0       0.0                           2154840.0000
    0:00:07  183884.7      0.01       0.0       0.0                           2154840.0000
    0:00:07  183894.7      0.00       0.0       0.0                           2151756.2500
    0:00:07  183894.7      0.00       0.0       0.0                           2151756.2500
    0:00:07  183894.7      0.00       0.0       0.0                           2151756.2500
    0:00:07  183894.7      0.00       0.0       0.0                           2151756.2500
    0:00:07  183894.7      0.00       0.0       0.0                           2151756.2500
    0:00:07  183894.7      0.00       0.0       0.0                           2151756.2500
    0:00:07  183894.7      0.00       0.0       0.0                           2151756.2500
    0:00:07  183894.7      0.00       0.0       0.0                           2151756.2500
    0:00:07  183894.7      0.00       0.0       0.0                           2151756.2500

                                  TOTAL                                                
   ELAPSED            WORST NEG   SETUP    DESIGN                              LEAKAGE 
    TIME      AREA      SLACK     COST    RULE COST         ENDPOINT            POWER  
  --------- --------- --------- --------- --------- ------------------------- ---------
    0:00:07  184523.4      0.00       0.0       0.0                           2167345.5000
    0:00:07  184227.3      0.00       0.0       0.0                           2157584.5000
    0:00:07  184227.3      0.00       0.0       0.0                           2157584.5000
    0:00:07  184227.3      0.00       0.0       0.0                           2157584.5000
    0:00:07  184184.1      0.00       0.0       0.0                           2149629.7500
    0:00:07  184230.6      0.00       0.0       0.0                           2144747.7500
    0:00:07  184230.6      0.00       0.0       0.0                           2144747.7500
    0:00:07  184230.6      0.00       0.0       0.0                           2144747.7500
    0:00:07  184230.6      0.00       0.0       0.0                           2144747.7500
    0:00:07  184230.6      0.00       0.0       0.0                           2144747.7500
    0:00:07  184230.6      0.00       0.0       0.0                           2144747.7500
    0:00:07  184044.4      0.00       0.0       0.0                           2128536.0000
Loading db file '/RAID2/COURSE/iclab/iclabta01/umc018/Synthesis/slow.db'
Loading db file '/RAID2/COURSE/iclab/iclab105/Midterm_project/04_MEM/RA1SH_5.db'
Loading db file '/RAID2/COURSE/iclab/iclab105/Midterm_project/04_MEM/RA1SH_8.db'


Note: Symbol # after min delay cost means estimated hold TNS across all active scenarios 


  Optimization Complete
  ---------------------
Information: State dependent leakage is now switched from off to on.
Information: Propagating switching activity (low effort zero delay simulation). (PWR-6)
Warning: Design has unannotated black box outputs. (PWR-428)
1
#======================================================
#  Output Reports 
#======================================================
report_timing >  Report/$DESIGN\.timing
report_area >  Report/$DESIGN\.area
report_resource >  Report/$DESIGN\.resource
#======================================================
#  Change Naming Rule
#======================================================
set bus_inference_style "%s\[%d\]"
%s[%d]
set bus_naming_style "%s\[%d\]"
%s[%d]
set hdlout_internal_busses true
true
change_names -hierarchy -rule verilog
1
define_name_rules name_rule -allowed "a-z A-Z 0-9 _" -max_length 255 -type cell
1
define_name_rules name_rule -allowed "a-z A-Z 0-9 _[]" -max_length 255 -type net
1
define_name_rules name_rule -map {{"\\*cell\\*" "cell"}}
1
change_names -hierarchy -rules name_rule
1
#======================================================
#  Output Results
#======================================================
set verilogout_higher_designs_first true
true
write -format verilog -output Netlist/$DESIGN\_SYN.v -hierarchy
Writing verilog file '/RAID2/COURSE/iclab/iclab105/Midterm_project/02_SYN/Netlist/GLCM_SYN.v'.
1
write_sdf -version 3.0 -context verilog -load_delay cell Netlist/$DESIGN\_SYN.sdf -significant_digits 6
Information: Writing timing information to file '/RAID2/COURSE/iclab/iclab105/Midterm_project/02_SYN/Netlist/GLCM_SYN.sdf'. (WT-3)
1
#======================================================
#  Finish and Quit
#======================================================
report_area
 
****************************************
Report : area
Design : GLCM
Version: T-2022.03
Date   : Fri Apr 14 00:06:38 2023
****************************************

Library(s) Used:

    slow (File: /RAID2/COURSE/iclab/iclabta01/umc018/Synthesis/slow.db)
    USERLIB (File: /RAID2/COURSE/iclab/iclab105/Midterm_project/04_MEM/RA1SH_8.db)
    USERLIB (File: /RAID2/COURSE/iclab/iclab105/Midterm_project/04_MEM/RA1SH_5.db)

Number of ports:                          252
Number of nets:                          1242
Number of cells:                         1169
Number of combinational cells:            903
Number of sequential cells:               200
Number of macros/black boxes:               2
Number of buf/inv:                        213
Number of references:                      83

Combinational area:              13422.024198
Buf/Inv area:                     2145.528076
Noncombinational area:           14433.249695
Macro/Black Box area:           156189.082031
Net Interconnect area:      undefined  (No wire load specified)

Total cell area:                184044.355924
Total area:                 undefined
1
report_timing
 
****************************************
Report : timing
        -path full
        -delay max
        -max_paths 1
Design : GLCM
Version: T-2022.03
Date   : Fri Apr 14 00:06:38 2023
****************************************

Operating Conditions: slow   Library: slow
Wire Load Model Mode: top

  Startpoint: sc_cs_reg_2_
              (rising edge-triggered flip-flop clocked by clk)
  Endpoint: sc_cs_reg_0_
            (rising edge-triggered flip-flop clocked by clk)
  Path Group: clk
  Path Type: max

  Point                                    Incr       Path
  -----------------------------------------------------------
  clock clk (rise edge)                    0.00       0.00
  clock network delay (ideal)              0.00       0.00
  sc_cs_reg_2_/CK (DFFRHQX2)               0.00       0.00 r
  sc_cs_reg_2_/Q (DFFRHQX2)                0.40       0.40 r
  U1380/Y (NAND3BX1)                       0.26       0.66 f
  U1381/Y (NAND2X4)                        0.25       0.92 r
  U1382/Y (NAND2X4)                        0.09       1.01 f
  U1383/Y (INVX1)                          0.14       1.15 r
  U912/Y (NAND2X2)                         0.19       1.34 f
  U1305/Y (OAI211X1)                       0.67       2.01 r
  U1005/Y (NOR2BX2)                        0.22       2.23 r
  U691/Y (NAND2X1)                         0.09       2.33 f
  U688/Y (INVX1)                           0.08       2.41 r
  U1287/Y (OAI211XL)                       0.14       2.54 f
  sc_cs_reg_0_/D (DFFRHQX4)                0.00       2.54 f
  data arrival time                                   2.54

  clock clk (rise edge)                    2.90       2.90
  clock network delay (ideal)              0.00       2.90
  sc_cs_reg_0_/CK (DFFRHQX4)               0.00       2.90 r
  library setup time                      -0.35       2.55
  data required time                                  2.55
  -----------------------------------------------------------
  data required time                                  2.55
  data arrival time                                  -2.54
  -----------------------------------------------------------
  slack (MET)                                         0.00


1
exit

Memory usage for this session 195 Mbytes.
Memory usage for this session including child processes 195 Mbytes.
CPU usage for this session 58 seconds ( 0.02 hours ).
Elapsed time for this session 63 seconds ( 0.02 hours ).

Thank you...
