irun(64): 15.20-s084: (c) Copyright 1995-2020 Cadence Design Systems, Inc.
TOOL:	irun(64)	15.20-s084: Started on Apr 23, 2023 at 01:33:06 CST
irun
	TESTBED.v
	-define RTL
	-debug
	-notimingchecks
	-loadpli1 debpli:novas_pli_boot
Recompiling... reason: file './PATTERN.v' is newer than expected.
	expected: Sun Apr 23 01:16:46 2023
	actual:   Sun Apr 23 01:33:01 2023
file: TESTBED.v
	module worklib.PATTERN:v
		errors: 0, warnings: 0
		Caching library 'worklib' ....... Done
	Elaborating the design hierarchy:
	Top level design units:
		TESTBED
	Building instance overlay tables: .................... Done
	Generating native compiled code:
		worklib.PATTERN:v <0x63e5ddf7>
			streams:  24, words: 91742
	Building instance specific data structures.
	Loading native compiled code:     .................... Done
	Design hierarchy summary:
		                  Instances  Unique
		Modules:                  3       3
		Registers:               71      71
		Scalar wires:             5       -
		Vectored wires:          20       -
		Always blocks:           24      24
		Initial blocks:          15      15
		Cont. assignments:       17       9
		Simulation timescale:  10ps
	Writing initial simulation snapshot: worklib.TESTBED:v
Loading snapshot worklib.TESTBED:v .................... Done
*Verdi* Loading libsscore_ius152.so
ncsim> source /usr/cad/cadence/INCISIV/INCISIVE_15.20.084/tools/inca/files/ncsimrc
ncsim> run
FSDB Dumper for IUS, Release Verdi_P-2019.06, Linux x86_64/64bit, 05/26/2019
(C) 1996 - 2019 by Synopsys, Inc.
*Verdi* FSDB WARNING: The FSDB file already exists. Overwriting the FSDB file may crash the programs that are using this file.
*Verdi* : Create FSDB file 'SNN.fsdb'
*Verdi* : Begin traversing the scopes, layer (0).
*Verdi* : Enable +mda dumping.
*Verdi* : End of traversing.
[0;34mPASS PATTERN NO.   0,[m [0;32mexecution cycle :   8[m
[0;34mPASS PATTERN NO.   1,[m [0;32mexecution cycle :   8[m
[0;34mPASS PATTERN NO.   2,[m [0;32mexecution cycle :   8[m
[0;34mPASS PATTERN NO.   3,[m [0;32mexecution cycle :   8[m
[0;34mPASS PATTERN NO.   4,[m [0;32mexecution cycle :   8[m
[0;34mPASS PATTERN NO.   5,[m [0;32mexecution cycle :   8[m
[0;34mPASS PATTERN NO.   6,[m [0;32mexecution cycle :   8[m
[0;34mPASS PATTERN NO.   7,[m [0;32mexecution cycle :   8[m
[0;34mPASS PATTERN NO.   8,[m [0;32mexecution cycle :   8[m
[0;34mPASS PATTERN NO.   9,[m [0;32mexecution cycle :   8[m
[0;34mPASS PATTERN NO.  10,[m [0;32mexecution cycle :   8[m
[0;34mPASS PATTERN NO.  11,[m [0;32mexecution cycle :   8[m
[0;34mPASS PATTERN NO.  12,[m [0;32mexecution cycle :   8[m
[0;34mPASS PATTERN NO.  13,[m [0;32mexecution cycle :   8[m
[0;34mPASS PATTERN NO.  14,[m [0;32mexecution cycle :   8[m
[0;34mPASS PATTERN NO.  15,[m [0;32mexecution cycle :   8[m
[0;34mPASS PATTERN NO.  16,[m [0;32mexecution cycle :   8[m
[0;34mPASS PATTERN NO.  17,[m [0;32mexecution cycle :   8[m
[0;34mPASS PATTERN NO.  18,[m [0;32mexecution cycle :   8[m
[0;34mPASS PATTERN NO.  19,[m [0;32mexecution cycle :   8[m
[0;34mPASS PATTERN NO.  20,[m [0;32mexecution cycle :   8[m
[0;34mPASS PATTERN NO.  21,[m [0;32mexecution cycle :   8[m
[0;34mPASS PATTERN NO.  22,[m [0;32mexecution cycle :   8[m
[0;34mPASS PATTERN NO.  23,[m [0;32mexecution cycle :   8[m
[0;34mPASS PATTERN NO.  24,[m [0;32mexecution cycle :   8[m
[0;34mPASS PATTERN NO.  25,[m [0;32mexecution cycle :   8[m
[0;34mPASS PATTERN NO.  26,[m [0;32mexecution cycle :   8[m
[0;34mPASS PATTERN NO.  27,[m [0;32mexecution cycle :   8[m
[0;34mPASS PATTERN NO.  28,[m [0;32mexecution cycle :   8[m
[0;34mPASS PATTERN NO.  29,[m [0;32mexecution cycle :   8[m
[0;34mPASS PATTERN NO.  30,[m [0;32mexecution cycle :   8[m
[0;34mPASS PATTERN NO.  31,[m [0;32mexecution cycle :   8[m
[0;34mPASS PATTERN NO.  32,[m [0;32mexecution cycle :   8[m
[0;34mPASS PATTERN NO.  33,[m [0;32mexecution cycle :   8[m
[0;34mPASS PATTERN NO.  34,[m [0;32mexecution cycle :   8[m
[0;34mPASS PATTERN NO.  35,[m [0;32mexecution cycle :   8[m
[0;34mPASS PATTERN NO.  36,[m [0;32mexecution cycle :   8[m
[0;34mPASS PATTERN NO.  37,[m [0;32mexecution cycle :   8[m
[0;34mPASS PATTERN NO.  38,[m [0;32mexecution cycle :   8[m
[0;34mPASS PATTERN NO.  39,[m [0;32mexecution cycle :   8[m
[0;34mPASS PATTERN NO.  40,[m [0;32mexecution cycle :   8[m
[0;34mPASS PATTERN NO.  41,[m [0;32mexecution cycle :   8[m
[0;34mPASS PATTERN NO.  42,[m [0;32mexecution cycle :   8[m
[0;34mPASS PATTERN NO.  43,[m [0;32mexecution cycle :   8[m
[0;34mPASS PATTERN NO.  44,[m [0;32mexecution cycle :   8[m
[0;34mPASS PATTERN NO.  45,[m [0;32mexecution cycle :   8[m
[0;34mPASS PATTERN NO.  46,[m [0;32mexecution cycle :   8[m
[0;34mPASS PATTERN NO.  47,[m [0;32mexecution cycle :   8[m
[0;34mPASS PATTERN NO.  48,[m [0;32mexecution cycle :   8[m
[0;34mPASS PATTERN NO.  49,[m [0;32mexecution cycle :   8[m
[0;34mPASS PATTERN NO.  50,[m [0;32mexecution cycle :   8[m
[0;34mPASS PATTERN NO.  51,[m [0;32mexecution cycle :   8[m
[0;34mPASS PATTERN NO.  52,[m [0;32mexecution cycle :   8[m
[0;34mPASS PATTERN NO.  53,[m [0;32mexecution cycle :   8[m
[0;34mPASS PATTERN NO.  54,[m [0;32mexecution cycle :   8[m
[0;34mPASS PATTERN NO.  55,[m [0;32mexecution cycle :   8[m
[0;34mPASS PATTERN NO.  56,[m [0;32mexecution cycle :   8[m
[0;34mPASS PATTERN NO.  57,[m [0;32mexecution cycle :   8[m
[0;34mPASS PATTERN NO.  58,[m [0;32mexecution cycle :   8[m
[0;34mPASS PATTERN NO.  59,[m [0;32mexecution cycle :   8[m
[0;34mPASS PATTERN NO.  60,[m [0;32mexecution cycle :   8[m
[0;34mPASS PATTERN NO.  61,[m [0;32mexecution cycle :   8[m
[0;34mPASS PATTERN NO.  62,[m [0;32mexecution cycle :   8[m
[0;34mPASS PATTERN NO.  63,[m [0;32mexecution cycle :   8[m
[0;34mPASS PATTERN NO.  64,[m [0;32mexecution cycle :   8[m
[0;34mPASS PATTERN NO.  65,[m [0;32mexecution cycle :   8[m
[0;34mPASS PATTERN NO.  66,[m [0;32mexecution cycle :   8[m
[0;34mPASS PATTERN NO.  67,[m [0;32mexecution cycle :   8[m
[0;34mPASS PATTERN NO.  68,[m [0;32mexecution cycle :   8[m
[0;34mPASS PATTERN NO.  69,[m [0;32mexecution cycle :   8[m
[0;34mPASS PATTERN NO.  70,[m [0;32mexecution cycle :   8[m
[0;34mPASS PATTERN NO.  71,[m [0;32mexecution cycle :   8[m
[0;34mPASS PATTERN NO.  72,[m [0;32mexecution cycle :   8[m
[0;34mPASS PATTERN NO.  73,[m [0;32mexecution cycle :   8[m
[0;34mPASS PATTERN NO.  74,[m [0;32mexecution cycle :   8[m
[0;34mPASS PATTERN NO.  75,[m [0;32mexecution cycle :   8[m
[0;34mPASS PATTERN NO.  76,[m [0;32mexecution cycle :   8[m
[0;34mPASS PATTERN NO.  77,[m [0;32mexecution cycle :   8[m
[0;34mPASS PATTERN NO.  78,[m [0;32mexecution cycle :   8[m
[0;34mPASS PATTERN NO.  79,[m [0;32mexecution cycle :   8[m
[0;34mPASS PATTERN NO.  80,[m [0;32mexecution cycle :   8[m
[0;34mPASS PATTERN NO.  81,[m [0;32mexecution cycle :   8[m
[0;34mPASS PATTERN NO.  82,[m [0;32mexecution cycle :   8[m
[0;34mPASS PATTERN NO.  83,[m [0;32mexecution cycle :   8[m
[0;34mPASS PATTERN NO.  84,[m [0;32mexecution cycle :   8[m
[0;34mPASS PATTERN NO.  85,[m [0;32mexecution cycle :   8[m
[0;34mPASS PATTERN NO.  86,[m [0;32mexecution cycle :   8[m
[0;34mPASS PATTERN NO.  87,[m [0;32mexecution cycle :   8[m
[0;34mPASS PATTERN NO.  88,[m [0;32mexecution cycle :   8[m
[0;34mPASS PATTERN NO.  89,[m [0;32mexecution cycle :   8[m
[0;34mPASS PATTERN NO.  90,[m [0;32mexecution cycle :   8[m
[0;34mPASS PATTERN NO.  91,[m [0;32mexecution cycle :   8[m
[0;34mPASS PATTERN NO.  92,[m [0;32mexecution cycle :   8[m
[0;34mPASS PATTERN NO.  93,[m [0;32mexecution cycle :   8[m
[0;34mPASS PATTERN NO.  94,[m [0;32mexecution cycle :   8[m
[0;34mPASS PATTERN NO.  95,[m [0;32mexecution cycle :   8[m
[0;34mPASS PATTERN NO.  96,[m [0;32mexecution cycle :   8[m
[0;34mPASS PATTERN NO.  97,[m [0;32mexecution cycle :   8[m
[0;34mPASS PATTERN NO.  98,[m [0;32mexecution cycle :   8[m
[0;34mPASS PATTERN NO.  99,[m [0;32mexecution cycle :   8[m
[0;34mPASS PATTERN NO. 100,[m [0;32mexecution cycle :   8[m
[0;34mPASS PATTERN NO. 101,[m [0;32mexecution cycle :   8[m
[0;34mPASS PATTERN NO. 102,[m [0;32mexecution cycle :   8[m
[0;34mPASS PATTERN NO. 103,[m [0;32mexecution cycle :   8[m
[0;34mPASS PATTERN NO. 104,[m [0;32mexecution cycle :   8[m
[0;34mPASS PATTERN NO. 105,[m [0;32mexecution cycle :   8[m
[0;34mPASS PATTERN NO. 106,[m [0;32mexecution cycle :   8[m
[0;34mPASS PATTERN NO. 107,[m [0;32mexecution cycle :   8[m
[0;34mPASS PATTERN NO. 108,[m [0;32mexecution cycle :   8[m
[0;34mPASS PATTERN NO. 109,[m [0;32mexecution cycle :   8[m
[0;34mPASS PATTERN NO. 110,[m [0;32mexecution cycle :   8[m
[0;34mPASS PATTERN NO. 111,[m [0;32mexecution cycle :   8[m
[0;34mPASS PATTERN NO. 112,[m [0;32mexecution cycle :   8[m
[0;34mPASS PATTERN NO. 113,[m [0;32mexecution cycle :   8[m
[0;34mPASS PATTERN NO. 114,[m [0;32mexecution cycle :   8[m
[0;34mPASS PATTERN NO. 115,[m [0;32mexecution cycle :   8[m
[0;34mPASS PATTERN NO. 116,[m [0;32mexecution cycle :   8[m
[0;34mPASS PATTERN NO. 117,[m [0;32mexecution cycle :   8[m
[0;34mPASS PATTERN NO. 118,[m [0;32mexecution cycle :   8[m
[0;34mPASS PATTERN NO. 119,[m [0;32mexecution cycle :   8[m
[0;34mPASS PATTERN NO. 120,[m [0;32mexecution cycle :   8[m
[0;34mPASS PATTERN NO. 121,[m [0;32mexecution cycle :   8[m
[0;34mPASS PATTERN NO. 122,[m [0;32mexecution cycle :   8[m
[0;34mPASS PATTERN NO. 123,[m [0;32mexecution cycle :   8[m
[0;34mPASS PATTERN NO. 124,[m [0;32mexecution cycle :   8[m
[0;34mPASS PATTERN NO. 125,[m [0;32mexecution cycle :   8[m
[0;34mPASS PATTERN NO. 126,[m [0;32mexecution cycle :   8[m
[0;34mPASS PATTERN NO. 127,[m [0;32mexecution cycle :   8[m
[0;34mPASS PATTERN NO. 128,[m [0;32mexecution cycle :   8[m
[0;34mPASS PATTERN NO. 129,[m [0;32mexecution cycle :   8[m
[0;34mPASS PATTERN NO. 130,[m [0;32mexecution cycle :   8[m
[0;34mPASS PATTERN NO. 131,[m [0;32mexecution cycle :   8[m
[0;34mPASS PATTERN NO. 132,[m [0;32mexecution cycle :   8[m
[0;34mPASS PATTERN NO. 133,[m [0;32mexecution cycle :   8[m
[0;34mPASS PATTERN NO. 134,[m [0;32mexecution cycle :   8[m
[0;34mPASS PATTERN NO. 135,[m [0;32mexecution cycle :   8[m
[0;34mPASS PATTERN NO. 136,[m [0;32mexecution cycle :   8[m
[0;34mPASS PATTERN NO. 137,[m [0;32mexecution cycle :   8[m
[0;34mPASS PATTERN NO. 138,[m [0;32mexecution cycle :   8[m
[0;34mPASS PATTERN NO. 139,[m [0;32mexecution cycle :   8[m
[0;34mPASS PATTERN NO. 140,[m [0;32mexecution cycle :   8[m
[0;34mPASS PATTERN NO. 141,[m [0;32mexecution cycle :   8[m
[0;34mPASS PATTERN NO. 142,[m [0;32mexecution cycle :   8[m
[0;34mPASS PATTERN NO. 143,[m [0;32mexecution cycle :   8[m
[0;34mPASS PATTERN NO. 144,[m [0;32mexecution cycle :   8[m
[0;34mPASS PATTERN NO. 145,[m [0;32mexecution cycle :   8[m
[0;34mPASS PATTERN NO. 146,[m [0;32mexecution cycle :   8[m
[0;34mPASS PATTERN NO. 147,[m [0;32mexecution cycle :   8[m
[0;34mPASS PATTERN NO. 148,[m [0;32mexecution cycle :   8[m
[0;34mPASS PATTERN NO. 149,[m [0;32mexecution cycle :   8[m
[0;34mPASS PATTERN NO. 150,[m [0;32mexecution cycle :   8[m
[0;34mPASS PATTERN NO. 151,[m [0;32mexecution cycle :   8[m
[0;34mPASS PATTERN NO. 152,[m [0;32mexecution cycle :   8[m
[0;34mPASS PATTERN NO. 153,[m [0;32mexecution cycle :   8[m
[0;34mPASS PATTERN NO. 154,[m [0;32mexecution cycle :   8[m
[0;34mPASS PATTERN NO. 155,[m [0;32mexecution cycle :   8[m
[0;34mPASS PATTERN NO. 156,[m [0;32mexecution cycle :   8[m
[0;34mPASS PATTERN NO. 157,[m [0;32mexecution cycle :   8[m
[0;34mPASS PATTERN NO. 158,[m [0;32mexecution cycle :   8[m
[0;34mPASS PATTERN NO. 159,[m [0;32mexecution cycle :   8[m
[0;34mPASS PATTERN NO. 160,[m [0;32mexecution cycle :   8[m
[0;34mPASS PATTERN NO. 161,[m [0;32mexecution cycle :   8[m
[0;34mPASS PATTERN NO. 162,[m [0;32mexecution cycle :   8[m
[0;34mPASS PATTERN NO. 163,[m [0;32mexecution cycle :   8[m
[0;34mPASS PATTERN NO. 164,[m [0;32mexecution cycle :   8[m
[0;34mPASS PATTERN NO. 165,[m [0;32mexecution cycle :   8[m
[0;34mPASS PATTERN NO. 166,[m [0;32mexecution cycle :   8[m
[0;34mPASS PATTERN NO. 167,[m [0;32mexecution cycle :   8[m
[0;34mPASS PATTERN NO. 168,[m [0;32mexecution cycle :   8[m
[0;34mPASS PATTERN NO. 169,[m [0;32mexecution cycle :   8[m
[0;34mPASS PATTERN NO. 170,[m [0;32mexecution cycle :   8[m
[0;34mPASS PATTERN NO. 171,[m [0;32mexecution cycle :   8[m
[0;34mPASS PATTERN NO. 172,[m [0;32mexecution cycle :   8[m
[0;34mPASS PATTERN NO. 173,[m [0;32mexecution cycle :   8[m
[0;34mPASS PATTERN NO. 174,[m [0;32mexecution cycle :   8[m
[0;34mPASS PATTERN NO. 175,[m [0;32mexecution cycle :   8[m
[0;34mPASS PATTERN NO. 176,[m [0;32mexecution cycle :   8[m
[0;34mPASS PATTERN NO. 177,[m [0;32mexecution cycle :   8[m
[0;34mPASS PATTERN NO. 178,[m [0;32mexecution cycle :   8[m
[0;34mPASS PATTERN NO. 179,[m [0;32mexecution cycle :   8[m
[0;34mPASS PATTERN NO. 180,[m [0;32mexecution cycle :   8[m
[0;34mPASS PATTERN NO. 181,[m [0;32mexecution cycle :   8[m
[0;34mPASS PATTERN NO. 182,[m [0;32mexecution cycle :   8[m
[0;34mPASS PATTERN NO. 183,[m [0;32mexecution cycle :   8[m
[0;34mPASS PATTERN NO. 184,[m [0;32mexecution cycle :   8[m
[0;34mPASS PATTERN NO. 185,[m [0;32mexecution cycle :   8[m
[0;34mPASS PATTERN NO. 186,[m [0;32mexecution cycle :   8[m
[0;34mPASS PATTERN NO. 187,[m [0;32mexecution cycle :   8[m
[0;34mPASS PATTERN NO. 188,[m [0;32mexecution cycle :   8[m
[0;34mPASS PATTERN NO. 189,[m [0;32mexecution cycle :   8[m
[0;34mPASS PATTERN NO. 190,[m [0;32mexecution cycle :   8[m
[0;34mPASS PATTERN NO. 191,[m [0;32mexecution cycle :   8[m
[0;34mPASS PATTERN NO. 192,[m [0;32mexecution cycle :   8[m
[0;34mPASS PATTERN NO. 193,[m [0;32mexecution cycle :   8[m
[0;34mPASS PATTERN NO. 194,[m [0;32mexecution cycle :   8[m
[0;34mPASS PATTERN NO. 195,[m [0;32mexecution cycle :   8[m
[0;34mPASS PATTERN NO. 196,[m [0;32mexecution cycle :   8[m
[0;34mPASS PATTERN NO. 197,[m [0;32mexecution cycle :   8[m
[0;34mPASS PATTERN NO. 198,[m [0;32mexecution cycle :   8[m
[0;34mPASS PATTERN NO. 199,[m [0;32mexecution cycle :   8[m
[0;34mPASS PATTERN NO. 200,[m [0;32mexecution cycle :   8[m
[0;34mPASS PATTERN NO. 201,[m [0;32mexecution cycle :   8[m
[0;34mPASS PATTERN NO. 202,[m [0;32mexecution cycle :   8[m
[0;34mPASS PATTERN NO. 203,[m [0;32mexecution cycle :   8[m
[0;34mPASS PATTERN NO. 204,[m [0;32mexecution cycle :   8[m
[0;34mPASS PATTERN NO. 205,[m [0;32mexecution cycle :   8[m
[0;34mPASS PATTERN NO. 206,[m [0;32mexecution cycle :   8[m
[0;34mPASS PATTERN NO. 207,[m [0;32mexecution cycle :   8[m
[0;34mPASS PATTERN NO. 208,[m [0;32mexecution cycle :   8[m
[0;34mPASS PATTERN NO. 209,[m [0;32mexecution cycle :   8[m
[0;34mPASS PATTERN NO. 210,[m [0;32mexecution cycle :   8[m
[0;34mPASS PATTERN NO. 211,[m [0;32mexecution cycle :   8[m
[0;34mPASS PATTERN NO. 212,[m [0;32mexecution cycle :   8[m
[0;34mPASS PATTERN NO. 213,[m [0;32mexecution cycle :   8[m
[0;34mPASS PATTERN NO. 214,[m [0;32mexecution cycle :   8[m
[0;34mPASS PATTERN NO. 215,[m [0;32mexecution cycle :   8[m
[0;34mPASS PATTERN NO. 216,[m [0;32mexecution cycle :   8[m
[0;34mPASS PATTERN NO. 217,[m [0;32mexecution cycle :   8[m
[0;34mPASS PATTERN NO. 218,[m [0;32mexecution cycle :   8[m
[0;34mPASS PATTERN NO. 219,[m [0;32mexecution cycle :   8[m
[0;34mPASS PATTERN NO. 220,[m [0;32mexecution cycle :   8[m
[0;34mPASS PATTERN NO. 221,[m [0;32mexecution cycle :   8[m
[0;34mPASS PATTERN NO. 222,[m [0;32mexecution cycle :   8[m
[0;34mPASS PATTERN NO. 223,[m [0;32mexecution cycle :   8[m
[0;34mPASS PATTERN NO. 224,[m [0;32mexecution cycle :   8[m
[0;34mPASS PATTERN NO. 225,[m [0;32mexecution cycle :   8[m
[0;34mPASS PATTERN NO. 226,[m [0;32mexecution cycle :   8[m
[0;34mPASS PATTERN NO. 227,[m [0;32mexecution cycle :   8[m
[0;34mPASS PATTERN NO. 228,[m [0;32mexecution cycle :   8[m
[0;34mPASS PATTERN NO. 229,[m [0;32mexecution cycle :   8[m
[0;34mPASS PATTERN NO. 230,[m [0;32mexecution cycle :   8[m
[0;34mPASS PATTERN NO. 231,[m [0;32mexecution cycle :   8[m
[0;34mPASS PATTERN NO. 232,[m [0;32mexecution cycle :   8[m
[0;34mPASS PATTERN NO. 233,[m [0;32mexecution cycle :   8[m
[0;34mPASS PATTERN NO. 234,[m [0;32mexecution cycle :   8[m
[0;34mPASS PATTERN NO. 235,[m [0;32mexecution cycle :   8[m
[0;34mPASS PATTERN NO. 236,[m [0;32mexecution cycle :   8[m
[0;34mPASS PATTERN NO. 237,[m [0;32mexecution cycle :   8[m
[0;34mPASS PATTERN NO. 238,[m [0;32mexecution cycle :   8[m
[0;34mPASS PATTERN NO. 239,[m [0;32mexecution cycle :   8[m
[0;34mPASS PATTERN NO. 240,[m [0;32mexecution cycle :   8[m
[0;34mPASS PATTERN NO. 241,[m [0;32mexecution cycle :   8[m
[0;34mPASS PATTERN NO. 242,[m [0;32mexecution cycle :   8[m
[0;34mPASS PATTERN NO. 243,[m [0;32mexecution cycle :   8[m
[0;34mPASS PATTERN NO. 244,[m [0;32mexecution cycle :   8[m
[0;34mPASS PATTERN NO. 245,[m [0;32mexecution cycle :   8[m
[0;34mPASS PATTERN NO. 246,[m [0;32mexecution cycle :   8[m
[0;34mPASS PATTERN NO. 247,[m [0;32mexecution cycle :   8[m
[0;34mPASS PATTERN NO. 248,[m [0;32mexecution cycle :   8[m
[0;34mPASS PATTERN NO. 249,[m [0;32mexecution cycle :   8[m
========================================================================
                           [1;32mCongratulations![1;0m                           
                    You have [1;32mPASSED[1;0m all      250 patterns!                     
========================================================================
                           [1;34mTiming Reports[1;0m                           
                    [1;36mTotal Cycles:[1;0m      [1;33m           2000[1;0m
                    [1;36mClock period:[1;0m                   15.0
                    [1;36mTotal Time:[1;0m                    30000.000
                    [1;36mAverage testcase cycles:[1;0m      [1;33m   8.000[1;0m
                    [1;36mAverage testcase time:[1;0m         120.000
========================================================================
Simulation complete via $finish(1) at time 311945 NS + 0
./PATTERN.v:458     $finish;
ncsim> exit
TOOL:	irun(64)	15.20-s084: Exiting on Apr 23, 2023 at 01:33:08 CST  (total: 00:00:02)
