irun(64): 15.20-s084: (c) Copyright 1995-2020 Cadence Design Systems, Inc.
TOOL:	irun(64)	15.20-s084: Started on Apr 09, 2023 at 01:15:05 CST
irun
	TESTBED.v
	-define RTL
	-define FUNC
	-debug
	-incdir /usr/synthesis/dw/sim_ver/
	-notimingchecks
	-loadpli1 debpli:novas_pli_boot
ncvlog: *W,NOTIND: unable to access -INCDIR /usr/synthesis/dw/sim_ver/ (No such file or directory).
file: TESTBED.v
	module worklib.PATTERN:v
		errors: 0, warnings: 0
	Total errors/warnings found outside modules and primitives:
		errors: 0, warnings: 1
		Caching library 'worklib' ....... Done
	Elaborating the design hierarchy:
	Top level design units:
		TESTBED
	Building instance overlay tables: .................... Done
	Generating native compiled code:
		worklib.CORE:v <0x10159a23>
			streams:   3, words:   441
		worklib.PATTERN:v <0x20546853>
			streams:   4, words: 11004
		worklib.TESTBED:v <0x31d41382>
			streams:   1, words:   613
	Building instance specific data structures.
	Loading native compiled code:     .................... Done
	Design hierarchy summary:
		                  Instances  Unique
		Modules:                 12       5
		Primitives:              16       3
		Registers:               12      12
		Scalar wires:             4       -
		Expanded wires:           3       1
		Vectored wires:           1       -
		Always blocks:            1       1
		Initial blocks:           3       3
		Pseudo assignments:       3       3
		Simulation timescale:  10ps
	Writing initial simulation snapshot: worklib.TESTBED:v
Loading snapshot worklib.TESTBED:v .................... Done
*Verdi* Loading libsscore_ius152.so
ncsim> source /usr/cad/cadence/INCISIV/INCISIVE_15.20.084/tools/inca/files/ncsimrc
ncsim> run
FSDB Dumper for IUS, Release Verdi_P-2019.06, Linux x86_64/64bit, 05/26/2019
(C) 1996 - 2019 by Synopsys, Inc.
*Verdi* : Create FSDB file 'CORE.fsdb'
*Verdi* : Begin traversing the scopes, layer (0).
*Verdi* : End of traversing.
PATTERN           1 pass
PATTERN           2 pass
PATTERN           3 pass
PATTERN           4 pass
PATTERN           5 pass
PATTERN           6 pass
PATTERN           7 pass
PATTERN           8 pass
PATTERN           9 pass
PATTERN          10 pass
PATTERN          11 pass
PATTERN          12 pass
PATTERN          13 pass
PATTERN          14 pass
PATTERN          15 pass
PATTERN          16 pass
PATTERN          17 pass
PATTERN          18 pass
PATTERN          19 pass
PATTERN          20 pass
PATTERN          21 pass
PATTERN          22 pass
PATTERN          23 pass
PATTERN          24 pass
PATTERN          25 pass
PATTERN          26 pass
PATTERN          27 pass
PATTERN          28 pass
PATTERN          29 pass
PATTERN          30 pass
PATTERN          31 pass
PATTERN          32 pass
PATTERN          33 pass
PATTERN          34 pass
PATTERN          35 pass
PATTERN          36 pass
PATTERN          37 pass
PATTERN          38 pass
PATTERN          39 pass
PATTERN          40 pass
PATTERN          41 pass
PATTERN          42 pass
PATTERN          43 pass
PATTERN          44 pass
PATTERN          45 pass
PATTERN          46 pass
PATTERN          47 pass
PATTERN          48 pass
PATTERN          49 pass
PATTERN          50 pass
PATTERN          51 pass
PATTERN          52 pass
PATTERN          53 pass
PATTERN          54 pass
PATTERN          55 pass
PATTERN          56 pass
PATTERN          57 pass
PATTERN          58 pass
PATTERN          59 pass
PATTERN          60 pass
PATTERN          61 pass
PATTERN          62 pass
PATTERN          63 pass
PATTERN          64 pass
PATTERN          65 pass
PATTERN          66 pass
PATTERN          67 pass
PATTERN          68 pass
PATTERN          69 pass
PATTERN          70 pass
PATTERN          71 pass
PATTERN          72 pass
PATTERN          73 pass
PATTERN          74 pass
PATTERN          75 pass
PATTERN          76 pass
PATTERN          77 pass
PATTERN          78 pass
PATTERN          79 pass
PATTERN          80 pass
PATTERN          81 pass
PATTERN          82 pass
PATTERN          83 pass
PATTERN          84 pass
PATTERN          85 pass
PATTERN          86 pass
PATTERN          87 pass
PATTERN          88 pass
PATTERN          89 pass
PATTERN          90 pass
PATTERN          91 pass
PATTERN          92 pass
PATTERN          93 pass
PATTERN          94 pass
PATTERN          95 pass
PATTERN          96 pass
PATTERN          97 pass
PATTERN          98 pass
PATTERN          99 pass
PATTERN         100 pass
[1;35m You have passed this pattern!![m
[1;31m   ******---------******   [m
[1;33m   **                 **   [m
[1;32m   ** congratulation! **   [m
[1;33m   **                 **   [m
[1;31m   ******---------******   [m
Simulation complete via $finish(1) at time 3015 NS + 0
./PATTERN.v:81 	$finish;
ncsim> exit
TOOL:	irun(64)	15.20-s084: Exiting on Apr 09, 2023 at 01:15:06 CST  (total: 00:00:01)
