irun(64): 15.20-s084: (c) Copyright 1995-2020 Cadence Design Systems, Inc.
TOOL:	irun(64)	15.20-s084: Started on Jun 07, 2023 at 10:44:42 CST
irun
	-timescale 1ns/1fs
	-override_precision
	-sdf_precision 1fs
	TESTBED.v
	-define POST
	-define FUNC
	-define RUN
	-debug
	-f file_list.f
		../04_MEM/RA1SH1.v
	-v /RAID2/COURSE/iclab/iclabta01/umc018/Verilog/umc18_neg.v
	-v /RAID2/COURSE/iclab/iclabta01/umc018/Verilog/umc18io3v5v.v
	-maxdelays
	-nontcglitch
	-loadpli1 debpli:novas_pli_boot
Loading snapshot worklib.TESTBED:v .................... Done
SVSEED default: 1
ncsim> source /usr/cad/cadence/INCISIV/INCISIVE_15.20.084/tools/inca/files/ncsimrc
ncsim> run
[0;38;5;111mPASS DRAM check [4m NO.  0 [m latency: 177
[0;38;5;111mPASS PATTERN [4m NO.  0 [m latency: 177
[0;38;5;111mPASS PATTERN [4m NO.  1 [m latency:   4
[0;38;5;111mPASS PATTERN [4m NO.  2 [m latency:   3
[0;38;5;111mPASS PATTERN [4m NO.  3 [m latency:   3
[0;38;5;111mPASS PATTERN [4m NO.  4 [m latency:   3
[0;38;5;111mPASS PATTERN [4m NO.  5 [m latency:   3
[0;38;5;111mPASS PATTERN [4m NO.  6 [m latency:   3
[0;38;5;111mPASS PATTERN [4m NO.  7 [m latency:   3
[0;38;5;111mPASS PATTERN [4m NO.  8 [m latency:   3
[0;38;5;111mPASS PATTERN [4m NO.  9 [m latency:   3
[0;38;5;111mPASS DRAM check [4m NO. 10 [m latency:   6
[0;38;5;111mPASS PATTERN [4m NO. 10 [m latency:   6
[0;38;5;111mPASS PATTERN [4m NO. 11 [m latency:   4
[0;38;5;111mPASS PATTERN [4m NO. 12 [m latency:   3
[0;38;5;111mPASS PATTERN [4m NO. 13 [m latency:   3
[0;38;5;111mPASS PATTERN [4m NO. 14 [m latency:   3
[0;38;5;111mPASS PATTERN [4m NO. 15 [m latency:   3
[0;38;5;111mPASS PATTERN [4m NO. 16 [m latency:   3
[0;38;5;111mPASS PATTERN [4m NO. 17 [m latency:   3
[0;38;5;111mPASS PATTERN [4m NO. 18 [m latency:   0
[0;38;5;111mPASS PATTERN [4m NO. 19 [m latency:   4
[0;38;5;111mPASS DRAM check [4m NO. 20 [m latency:   3
[0;38;5;111mPASS PATTERN [4m NO. 20 [m latency:   3
[0;38;5;111mPASS PATTERN [4m NO. 21 [m latency:   7
[0;38;5;111mPASS PATTERN [4m NO. 22 [m latency:   3
[0;38;5;111mPASS PATTERN [4m NO. 23 [m latency:   0
[0;38;5;111mPASS PATTERN [4m NO. 24 [m latency:   4
[0;38;5;111mPASS PATTERN [4m NO. 25 [m latency:   4
[0;38;5;111mPASS PATTERN [4m NO. 26 [m latency:   4
[0;38;5;111mPASS PATTERN [4m NO. 27 [m latency:   3
[0;38;5;111mPASS PATTERN [4m NO. 28 [m latency:   0
[0;38;5;111mPASS PATTERN [4m NO. 29 [m latency:   6
[0;38;5;111mPASS DRAM check [4m NO. 30 [m latency:   7
[0;38;5;111mPASS PATTERN [4m NO. 30 [m latency:   7
[0;38;5;111mPASS PATTERN [4m NO. 31 [m latency:   1
[0;38;5;111mPASS PATTERN [4m NO. 32 [m latency:   4
[0;38;5;111mPASS PATTERN [4m NO. 33 [m latency:   7
[0;38;5;111mPASS PATTERN [4m NO. 34 [m latency:   3
[0;38;5;111mPASS PATTERN [4m NO. 35 [m latency:   0
[0;38;5;111mPASS PATTERN [4m NO. 36 [m latency:   4
[0;38;5;111mPASS PATTERN [4m NO. 37 [m latency:   7
[0;38;5;111mPASS PATTERN [4m NO. 38 [m latency:   3
[0;38;5;111mPASS PATTERN [4m NO. 39 [m latency:   0
[0;38;5;111mPASS DRAM check [4m NO. 40 [m latency:   6
[0;38;5;111mPASS PATTERN [4m NO. 40 [m latency:   6
[0;38;5;111mPASS PATTERN [4m NO. 41 [m latency:   4
[0;38;5;111mPASS PATTERN [4m NO. 42 [m latency:   1
[0;38;5;111mPASS PATTERN [4m NO. 43 [m latency:   4
[0;38;5;111mPASS PATTERN [4m NO. 44 [m latency:  43
[0;38;5;111mPASS PATTERN [4m NO. 45 [m latency:  91
[0;38;5;111mPASS PATTERN [4m NO. 46 [m latency:   4
[0;38;5;111mPASS PATTERN [4m NO. 47 [m latency:   1
[0;38;5;111mPASS PATTERN [4m NO. 48 [m latency:   4
[0;38;5;111mPASS PATTERN [4m NO. 49 [m latency:   1
[0;38;5;111mPASS DRAM check [4m NO. 50 [m latency:  48
[0;38;5;111mPASS PATTERN [4m NO. 50 [m latency:  48
[0;38;5;111mPASS PATTERN [4m NO. 51 [m latency:   4
[0;38;5;111mPASS PATTERN [4m NO. 52 [m latency:   0
[0;38;5;111mPASS PATTERN [4m NO. 53 [m latency:   4
[0;38;5;111mPASS PATTERN [4m NO. 54 [m latency:   3
[0;38;5;111mPASS PATTERN [4m NO. 55 [m latency:   0
[0;38;5;111mPASS PATTERN [4m NO. 56 [m latency:   4
[0;38;5;111mPASS PATTERN [4m NO. 57 [m latency:   4
[0;38;5;111mPASS PATTERN [4m NO. 58 [m latency:   4
[0;38;5;111mPASS PATTERN [4m NO. 59 [m latency:   4
[0;38;5;111mPASS DRAM check [4m NO. 60 [m latency:  47
[0;38;5;111mPASS PATTERN [4m NO. 60 [m latency:  47
[0;38;5;111mPASS PATTERN [4m NO. 61 [m latency:   1
[0;38;5;111mPASS PATTERN [4m NO. 62 [m latency:   4
[0;38;5;111mPASS PATTERN [4m NO. 63 [m latency:   4
[0;38;5;111mPASS PATTERN [4m NO. 64 [m latency:   4
[0;38;5;111mPASS PATTERN [4m NO. 65 [m latency:   3
[0;38;5;111mPASS PATTERN [4m NO. 66 [m latency:   0
[0;38;5;111mPASS PATTERN [4m NO. 67 [m latency:   7
[0;38;5;111mPASS PATTERN [4m NO. 68 [m latency:   0
[0;38;5;111mPASS PATTERN [4m NO. 69 [m latency:   1
[0;38;5;111mPASS DRAM check [4m NO. 70 [m latency:   3
[0;38;5;111mPASS PATTERN [4m NO. 70 [m latency:   3
[0;38;5;111mPASS PATTERN [4m NO. 71 [m latency:   4
[0;38;5;111mPASS PATTERN [4m NO. 72 [m latency:   4
[0;38;5;111mPASS PATTERN [4m NO. 73 [m latency:   0
[0;38;5;111mPASS PATTERN [4m NO. 74 [m latency:  51
[0;38;5;111mPASS PATTERN [4m NO. 75 [m latency:  97
[0;38;5;111mPASS PATTERN [4m NO. 76 [m latency:   3
[0;38;5;111mPASS PATTERN [4m NO. 77 [m latency:   0
[0;38;5;111mPASS PATTERN [4m NO. 78 [m latency:   4
[0;38;5;111mPASS PATTERN [4m NO. 79 [m latency:   7
[0;38;5;111mPASS DRAM check [4m NO. 80 [m latency:  47
[0;38;5;111mPASS PATTERN [4m NO. 80 [m latency:  47
[0;38;5;111mPASS PATTERN [4m NO. 81 [m latency:   1
[0;38;5;111mPASS PATTERN [4m NO. 82 [m latency:   4
[0;38;5;111mPASS PATTERN [4m NO. 83 [m latency:   4
[0;38;5;111mPASS PATTERN [4m NO. 84 [m latency:   1
[0;38;5;111mPASS PATTERN [4m NO. 85 [m latency:   7
[0;38;5;111mPASS PATTERN [4m NO. 86 [m latency:   3
[0;38;5;111mPASS PATTERN [4m NO. 87 [m latency:   0
[0;38;5;111mPASS PATTERN [4m NO. 88 [m latency:   7
[0;38;5;111mPASS PATTERN [4m NO. 89 [m latency:   3
[0;38;5;111mPASS DRAM check [4m NO. 90 [m latency:   2
[0;38;5;111mPASS PATTERN [4m NO. 90 [m latency:   2
[0;38;5;111mPASS PATTERN [4m NO. 91 [m latency:   4
[0;38;5;111mPASS PATTERN [4m NO. 92 [m latency:   1
[0;38;5;111mPASS PATTERN [4m NO. 93 [m latency:   4
[0;38;5;111mPASS PATTERN [4m NO. 94 [m latency:   4
[0;38;5;111mPASS PATTERN [4m NO. 95 [m latency:   4
[0;38;5;111mPASS PATTERN [4m NO. 96 [m latency:   3
[0;38;5;111mPASS PATTERN [4m NO. 97 [m latency:   0
[0;38;5;111mPASS PATTERN [4m NO. 98 [m latency:   4
[0;38;5;111mPASS PATTERN [4m NO. 99 [m latency:   4
[0;38;5;111mPASS DRAM check [4m NO.100 [m latency:   4
[0;38;5;111mPASS PATTERN [4m NO.100 [m latency:   4
[0;38;5;111mPASS PATTERN [4m NO.101 [m latency:   1
[0;38;5;111mPASS PATTERN [4m NO.102 [m latency:   4
[0;38;5;111mPASS PATTERN [4m NO.103 [m latency:   7
[0;38;5;111mPASS PATTERN [4m NO.104 [m latency:   3
[0;38;5;111mPASS PATTERN [4m NO.105 [m latency:   3
[0;38;5;111mPASS PATTERN [4m NO.106 [m latency:   0
[0;38;5;111mPASS PATTERN [4m NO.107 [m latency:   4
[0;38;5;111mPASS PATTERN [4m NO.108 [m latency:   4
[0;38;5;111mPASS PATTERN [4m NO.109 [m latency:   1
[0;38;5;111mPASS DRAM check [4m NO.110 [m latency:   3
[0;38;5;111mPASS PATTERN [4m NO.110 [m latency:   3
[0;38;5;111mPASS PATTERN [4m NO.111 [m latency:   1
[0;38;5;111mPASS PATTERN [4m NO.112 [m latency:   4
[0;38;5;111mPASS PATTERN [4m NO.113 [m latency:  56
[0;38;5;111mPASS PATTERN [4m NO.114 [m latency:  89
[0;38;5;111mPASS PATTERN [4m NO.115 [m latency:   0
[0;38;5;111mPASS PATTERN [4m NO.116 [m latency:   4
[0;38;5;111mPASS PATTERN [4m NO.117 [m latency:   4
[0;38;5;111mPASS PATTERN [4m NO.118 [m latency:   4
[0;38;5;111mPASS PATTERN [4m NO.119 [m latency:   3
[0;38;5;111mPASS DRAM check [4m NO.120 [m latency:   2
[0;38;5;111mPASS PATTERN [4m NO.120 [m latency:   2
[0;38;5;111mPASS PATTERN [4m NO.121 [m latency:   7
[0;38;5;111mPASS PATTERN [4m NO.122 [m latency:   0
[0;38;5;111mPASS PATTERN [4m NO.123 [m latency:   4
[0;38;5;111mPASS PATTERN [4m NO.124 [m latency:   3
[0;38;5;111mPASS PATTERN [4m NO.125 [m latency:   0
[0;38;5;111mPASS PATTERN [4m NO.126 [m latency:   4
[0;38;5;111mPASS PATTERN [4m NO.127 [m latency:   7
[0;38;5;111mPASS PATTERN [4m NO.128 [m latency:   0
[0;38;5;111mPASS PATTERN [4m NO.129 [m latency:   4
[0;38;5;111mPASS DRAM check [4m NO.130 [m latency:  44
[0;38;5;111mPASS PATTERN [4m NO.130 [m latency:  44
[0;38;5;111mPASS PATTERN [4m NO.131 [m latency:   4
[0;38;5;111mPASS PATTERN [4m NO.132 [m latency:   3
[0;38;5;111mPASS PATTERN [4m NO.133 [m latency:   0
[0;38;5;111mPASS PATTERN [4m NO.134 [m latency:   4
[0;38;5;111mPASS PATTERN [4m NO.135 [m latency:   4
[0;38;5;111mPASS PATTERN [4m NO.136 [m latency:   7
[0;38;5;111mPASS PATTERN [4m NO.137 [m latency:   0
[0;38;5;111mPASS PATTERN [4m NO.138 [m latency:   4
[0;38;5;111mPASS PATTERN [4m NO.139 [m latency:   4
[0;38;5;111mPASS DRAM check [4m NO.140 [m latency:  47
[0;38;5;111mPASS PATTERN [4m NO.140 [m latency:  47
[0;38;5;111mPASS PATTERN [4m NO.141 [m latency:   1
[0;38;5;111mPASS PATTERN [4m NO.142 [m latency:   4
[0;38;5;111mPASS PATTERN [4m NO.143 [m latency:   4
[0;38;5;111mPASS PATTERN [4m NO.144 [m latency:  81
[0;38;5;111mPASS PATTERN [4m NO.145 [m latency:  73
[0;38;5;111mPASS PATTERN [4m NO.146 [m latency:   1
[0;38;5;111mPASS PATTERN [4m NO.147 [m latency:   4
[0;38;5;111mPASS PATTERN [4m NO.148 [m latency:   3
[0;38;5;111mPASS PATTERN [4m NO.149 [m latency:   0
[0;38;5;111mPASS DRAM check [4m NO.150 [m latency:  51
[0;38;5;111mPASS PATTERN [4m NO.150 [m latency:  51
[0;38;5;111mPASS PATTERN [4m NO.151 [m latency:   4
[0;38;5;111mPASS PATTERN [4m NO.152 [m latency:   0
[0;38;5;111mPASS PATTERN [4m NO.153 [m latency:   4
[0;38;5;111mPASS PATTERN [4m NO.154 [m latency:   1
[0;38;5;111mPASS PATTERN [4m NO.155 [m latency:   1
[0;38;5;111mPASS PATTERN [4m NO.156 [m latency:   4
[0;38;5;111mPASS PATTERN [4m NO.157 [m latency:   3
[0;38;5;111mPASS PATTERN [4m NO.158 [m latency:   0
[0;38;5;111mPASS PATTERN [4m NO.159 [m latency:   6
[0;38;5;111mPASS DRAM check [4m NO.160 [m latency:   4
[0;38;5;111mPASS PATTERN [4m NO.160 [m latency:   4
[0;38;5;111mPASS PATTERN [4m NO.161 [m latency:   1
[0;38;5;111mPASS PATTERN [4m NO.162 [m latency:   4
[0;38;5;111mPASS PATTERN [4m NO.163 [m latency:   4
[0;38;5;111mPASS PATTERN [4m NO.164 [m latency:   4
[0;38;5;111mPASS PATTERN [4m NO.165 [m latency:   0
[0;38;5;111mPASS PATTERN [4m NO.166 [m latency:   1
[0;38;5;111mPASS PATTERN [4m NO.167 [m latency:   4
[0;38;5;111mPASS PATTERN [4m NO.168 [m latency:   4
[0;38;5;111mPASS PATTERN [4m NO.169 [m latency:   3
[0;38;5;111mPASS DRAM check [4m NO.170 [m latency:   3
[0;38;5;111mPASS PATTERN [4m NO.170 [m latency:   3
[0;38;5;111mPASS PATTERN [4m NO.171 [m latency:   4
[0;38;5;111mPASS PATTERN [4m NO.172 [m latency:   3
[0;38;5;111mPASS PATTERN [4m NO.173 [m latency:   3
[0;38;5;111mPASS PATTERN [4m NO.174 [m latency:   0
[0;38;5;111mPASS PATTERN [4m NO.175 [m latency:   4
[0;38;5;111mPASS PATTERN [4m NO.176 [m latency:  69
[0;38;5;111mPASS PATTERN [4m NO.177 [m latency:  77
[0;38;5;111mPASS PATTERN [4m NO.178 [m latency:   1
[0;38;5;111mPASS PATTERN [4m NO.179 [m latency:   3
[0;38;5;111mPASS DRAM check [4m NO.180 [m latency:  10
[0;38;5;111mPASS PATTERN [4m NO.180 [m latency:  10
[0;38;5;111mPASS PATTERN [4m NO.181 [m latency:   4
[0;38;5;111mPASS PATTERN [4m NO.182 [m latency:   0
[0;38;5;111mPASS PATTERN [4m NO.183 [m latency:   4
[0;38;5;111mPASS PATTERN [4m NO.184 [m latency:   4
[0;38;5;111mPASS PATTERN [4m NO.185 [m latency:   7
[0;38;5;111mPASS PATTERN [4m NO.186 [m latency:   0
[0;38;5;111mPASS PATTERN [4m NO.187 [m latency:   4
[0;38;5;111mPASS PATTERN [4m NO.188 [m latency:   3
[0;38;5;111mPASS PATTERN [4m NO.189 [m latency:   0
[0;38;5;111mPASS DRAM check [4m NO.190 [m latency:  47
[0;38;5;111mPASS PATTERN [4m NO.190 [m latency:  47
[0;38;5;111mPASS PATTERN [4m NO.191 [m latency:   4
[0;38;5;111mPASS PATTERN [4m NO.192 [m latency:   1
[0;38;5;111mPASS PATTERN [4m NO.193 [m latency:   1
[0;38;5;111mPASS PATTERN [4m NO.194 [m latency:   1
[0;38;5;111mPASS PATTERN [4m NO.195 [m latency:   7
[0;38;5;111mPASS PATTERN [4m NO.196 [m latency:   3
[0;38;5;111mPASS PATTERN [4m NO.197 [m latency:   0
[0;38;5;111mPASS PATTERN [4m NO.198 [m latency:   4
[0;38;5;111mPASS PATTERN [4m NO.199 [m latency:   7
[0;38;5;111mPASS DRAM check [4m NO.200 [m latency:   2
[0;38;5;111mPASS PATTERN [4m NO.200 [m latency:   2
[0;38;5;111mPASS PATTERN [4m NO.201 [m latency:   7
[0;38;5;111mPASS PATTERN [4m NO.202 [m latency:   0
[0;38;5;111mPASS PATTERN [4m NO.203 [m latency:   4
[0;38;5;111mPASS PATTERN [4m NO.204 [m latency:   3
[0;38;5;111mPASS PATTERN [4m NO.205 [m latency:   0
[0;38;5;111mPASS PATTERN [4m NO.206 [m latency:   4
[0;38;5;111mPASS PATTERN [4m NO.207 [m latency:   3
[0;38;5;111mPASS PATTERN [4m NO.208 [m latency:   3
[0;38;5;111mPASS PATTERN [4m NO.209 [m latency:   0
[0;38;5;111mPASS DRAM check [4m NO.210 [m latency:  51
[0;38;5;111mPASS PATTERN [4m NO.210 [m latency:  51
[0;38;5;111mPASS PATTERN [4m NO.211 [m latency:   1
[0;38;5;111mPASS PATTERN [4m NO.212 [m latency:   7
[0;38;5;111mPASS PATTERN [4m NO.213 [m latency:   3
[0;38;5;111mPASS PATTERN [4m NO.214 [m latency:   0
[0;38;5;111mPASS PATTERN [4m NO.215 [m latency:   4
[0;38;5;111mPASS PATTERN [4m NO.216 [m latency:   4
[0;38;5;111mPASS PATTERN [4m NO.217 [m latency:  69
[0;38;5;111mPASS PATTERN [4m NO.218 [m latency:  88
[0;38;5;111mPASS PATTERN [4m NO.219 [m latency:   0
[0;38;5;111mPASS DRAM check [4m NO.220 [m latency:   6
[0;38;5;111mPASS PATTERN [4m NO.220 [m latency:   6
[0;38;5;111mPASS PATTERN [4m NO.221 [m latency:   4
[0;38;5;111mPASS PATTERN [4m NO.222 [m latency:   7
[0;38;5;111mPASS PATTERN [4m NO.223 [m latency:   3
[0;38;5;111mPASS PATTERN [4m NO.224 [m latency:   0
[0;38;5;111mPASS PATTERN [4m NO.225 [m latency:   4
[0;38;5;111mPASS PATTERN [4m NO.226 [m latency:   4
[0;38;5;111mPASS PATTERN [4m NO.227 [m latency:   4
[0;38;5;111mPASS PATTERN [4m NO.228 [m latency:   0
[0;38;5;111mPASS PATTERN [4m NO.229 [m latency:   1
[0;38;5;111mPASS DRAM check [4m NO.230 [m latency:   4
[0;38;5;111mPASS PATTERN [4m NO.230 [m latency:   4
[0;38;5;111mPASS PATTERN [4m NO.231 [m latency:   1
[0;38;5;111mPASS PATTERN [4m NO.232 [m latency:   4
[0;38;5;111mPASS PATTERN [4m NO.233 [m latency:   3
[0;38;5;111mPASS PATTERN [4m NO.234 [m latency:   0
[0;38;5;111mPASS PATTERN [4m NO.235 [m latency:   4
[0;38;5;111mPASS PATTERN [4m NO.236 [m latency:   1
[0;38;5;111mPASS PATTERN [4m NO.237 [m latency:   7
[0;38;5;111mPASS PATTERN [4m NO.238 [m latency:   3
[0;38;5;111mPASS PATTERN [4m NO.239 [m latency:   3
[0;38;5;111mPASS DRAM check [4m NO.240 [m latency:  43
[0;38;5;111mPASS PATTERN [4m NO.240 [m latency:  43
[0;38;5;111mPASS PATTERN [4m NO.241 [m latency:   4
[0;38;5;111mPASS PATTERN [4m NO.242 [m latency:   4
[0;38;5;111mPASS PATTERN [4m NO.243 [m latency:   4
[0;38;5;111mPASS PATTERN [4m NO.244 [m latency:   1
[0;38;5;111mPASS PATTERN [4m NO.245 [m latency:   4
[0;38;5;111mPASS PATTERN [4m NO.246 [m latency:   3
[0;38;5;111mPASS PATTERN [4m NO.247 [m latency:   3
[0;38;5;111mPASS PATTERN [4m NO.248 [m latency:   3
[0;38;5;111mPASS PATTERN [4m NO.249 [m latency:   0
[0;38;5;111mPASS DRAM check [4m NO.250 [m latency:  47
[0;38;5;111mPASS PATTERN [4m NO.250 [m latency:  47
[0;38;5;111mPASS PATTERN [4m NO.251 [m latency:   7
[0;38;5;111mPASS PATTERN [4m NO.252 [m latency:   3
[0;38;5;111mPASS PATTERN [4m NO.253 [m latency:   0
[0;38;5;111mPASS PATTERN [4m NO.254 [m latency:   7
[0;38;5;111mPASS PATTERN [4m NO.255 [m latency:   0
[0;38;5;111mPASS PATTERN [4m NO.256 [m latency:   4
[0;38;5;111mPASS PATTERN [4m NO.257 [m latency:   7
[0;38;5;111mPASS PATTERN [4m NO.258 [m latency:   3
[0;38;5;111mPASS PATTERN [4m NO.259 [m latency:   0
[0;38;5;111mPASS DRAM check [4m NO.260 [m latency:  47
[0;38;5;111mPASS PATTERN [4m NO.260 [m latency:  47
[0;38;5;111mPASS PATTERN [4m NO.261 [m latency:   4
[0;38;5;111mPASS PATTERN [4m NO.262 [m latency:   4
[0;38;5;111mPASS PATTERN [4m NO.263 [m latency:   7
[0;38;5;111mPASS PATTERN [4m NO.264 [m latency:   0
[0;38;5;111mPASS PATTERN [4m NO.265 [m latency:   4
[0;38;5;111mPASS PATTERN [4m NO.266 [m latency:   3
[0;38;5;111mPASS PATTERN [4m NO.267 [m latency:   0
[0;38;5;111mPASS PATTERN [4m NO.268 [m latency:   4
[0;38;5;111mPASS PATTERN [4m NO.269 [m latency:   7
[0;38;5;111mPASS DRAM check [4m NO.270 [m latency:  54
[0;38;5;111mPASS PATTERN [4m NO.270 [m latency:  54
[0;38;5;111mPASS PATTERN [4m NO.271 [m latency:  91
[0;38;5;111mPASS PATTERN [4m NO.272 [m latency:   4
[0;38;5;111mPASS PATTERN [4m NO.273 [m latency:   0
[0;38;5;111mPASS PATTERN [4m NO.274 [m latency:   1
[0;38;5;111mPASS PATTERN [4m NO.275 [m latency:   4
[0;38;5;111mPASS PATTERN [4m NO.276 [m latency:   1
[0;38;5;111mPASS PATTERN [4m NO.277 [m latency:   1
[0;38;5;111mPASS PATTERN [4m NO.278 [m latency:   4
[0;38;5;111mPASS PATTERN [4m NO.279 [m latency:   3
[0;38;5;111mPASS DRAM check [4m NO.280 [m latency:  44
[0;38;5;111mPASS PATTERN [4m NO.280 [m latency:  44
[0;38;5;111mPASS PATTERN [4m NO.281 [m latency:   4
[0;38;5;111mPASS PATTERN [4m NO.282 [m latency:   3
[0;38;5;111mPASS PATTERN [4m NO.283 [m latency:   0
[0;38;5;111mPASS PATTERN [4m NO.284 [m latency:   4
[0;38;5;111mPASS PATTERN [4m NO.285 [m latency:   7
[0;38;5;111mPASS PATTERN [4m NO.286 [m latency:   3
[0;38;5;111mPASS PATTERN [4m NO.287 [m latency:   0
[0;38;5;111mPASS PATTERN [4m NO.288 [m latency:   7
[0;38;5;111mPASS PATTERN [4m NO.289 [m latency:   0
[0;38;5;111mPASS DRAM check [4m NO.290 [m latency:  47
[0;38;5;111mPASS PATTERN [4m NO.290 [m latency:  47
[0;38;5;111mPASS PATTERN [4m NO.291 [m latency:   1
[0;38;5;111mPASS PATTERN [4m NO.292 [m latency:   4
[0;38;5;111mPASS PATTERN [4m NO.293 [m latency:   4
[0;38;5;111mPASS PATTERN [4m NO.294 [m latency:   4
[0;38;5;111mPASS PATTERN [4m NO.295 [m latency:   1
[0;38;5;111mPASS PATTERN [4m NO.296 [m latency:   4
[0;38;5;111mPASS PATTERN [4m NO.297 [m latency:  74
[0;38;5;111mPASS PATTERN [4m NO.298 [m latency:  75
[0;38;5;111mPASS PATTERN [4m NO.299 [m latency:   4
[0;38;5;111mPASS DRAM check [4m NO.300 [m latency:   4
[0;38;5;111mPASS PATTERN [4m NO.300 [m latency:   4
[0;38;5;111mPASS PATTERN [4m NO.301 [m latency:   4
[0;38;5;111mPASS PATTERN [4m NO.302 [m latency:   3
[0;38;5;111mPASS PATTERN [4m NO.303 [m latency:   3
[0;38;5;111mPASS PATTERN [4m NO.304 [m latency:   0
[0;38;5;111mPASS PATTERN [4m NO.305 [m latency:   4
[0;38;5;111mPASS PATTERN [4m NO.306 [m latency:   4
[0;38;5;111mPASS PATTERN [4m NO.307 [m latency:   4
[0;38;5;111mPASS PATTERN [4m NO.308 [m latency:   1
[0;38;5;111mPASS PATTERN [4m NO.309 [m latency:   7
[0;38;5;111mPASS DRAM check [4m NO.310 [m latency:  47
[0;38;5;111mPASS PATTERN [4m NO.310 [m latency:  47
[0;38;5;111mPASS PATTERN [4m NO.311 [m latency:   4
[0;38;5;111mPASS PATTERN [4m NO.312 [m latency:   0
[0;38;5;111mPASS PATTERN [4m NO.313 [m latency:   4
[0;38;5;111mPASS PATTERN [4m NO.314 [m latency:   4
[0;38;5;111mPASS PATTERN [4m NO.315 [m latency:   1
[0;38;5;111mPASS PATTERN [4m NO.316 [m latency:   1
[0;38;5;111mPASS PATTERN [4m NO.317 [m latency:   4
[0;38;5;111mPASS PATTERN [4m NO.318 [m latency:   0
[0;38;5;111mPASS PATTERN [4m NO.319 [m latency:   7
[0;38;5;111mPASS DRAM check [4m NO.320 [m latency:  44
[0;38;5;111mPASS PATTERN [4m NO.320 [m latency:  44
[0;38;5;111mPASS PATTERN [4m NO.321 [m latency:   4
[0;38;5;111mPASS PATTERN [4m NO.322 [m latency:   3
[0;38;5;111mPASS PATTERN [4m NO.323 [m latency:   0
[0;38;5;111mPASS PATTERN [4m NO.324 [m latency:   4
[0;38;5;111mPASS PATTERN [4m NO.325 [m latency:   7
[0;38;5;111mPASS PATTERN [4m NO.326 [m latency:   0
[0;38;5;111mPASS PATTERN [4m NO.327 [m latency:   4
[0;38;5;111mPASS PATTERN [4m NO.328 [m latency:   3
[0;38;5;111mPASS PATTERN [4m NO.329 [m latency:   0
[0;38;5;111mPASS DRAM check [4m NO.330 [m latency:  48
[0;38;5;111mPASS PATTERN [4m NO.330 [m latency:  48
[0;38;5;111mPASS PATTERN [4m NO.331 [m latency:   1
[0;38;5;111mPASS PATTERN [4m NO.332 [m latency:   1
[0;38;5;111mPASS PATTERN [4m NO.333 [m latency:   7
[0;38;5;111mPASS PATTERN [4m NO.334 [m latency:   3
[0;38;5;111mPASS PATTERN [4m NO.335 [m latency:   0
[0;38;5;111mPASS PATTERN [4m NO.336 [m latency: 135
[0;38;5;111mPASS PATTERN [4m NO.337 [m latency:   7
[0;38;5;111mPASS PATTERN [4m NO.338 [m latency:   0
[0;38;5;111mPASS PATTERN [4m NO.339 [m latency:   6
[0;38;5;111mPASS DRAM check [4m NO.340 [m latency:   3
[0;38;5;111mPASS PATTERN [4m NO.340 [m latency:   3
[0;38;5;111mPASS PATTERN [4m NO.341 [m latency:   4
[0;38;5;111mPASS PATTERN [4m NO.342 [m latency:   7
[0;38;5;111mPASS PATTERN [4m NO.343 [m latency:   3
[0;38;5;111mPASS PATTERN [4m NO.344 [m latency:   3
[0;38;5;111mPASS PATTERN [4m NO.345 [m latency:   0
[0;38;5;111mPASS PATTERN [4m NO.346 [m latency:   4
[0;38;5;111mPASS PATTERN [4m NO.347 [m latency:   4
[0;38;5;111mPASS PATTERN [4m NO.348 [m latency:   1
[0;38;5;111mPASS PATTERN [4m NO.349 [m latency:   7
[0;38;5;111mPASS DRAM check [4m NO.350 [m latency:  43
[0;38;5;111mPASS PATTERN [4m NO.350 [m latency:  43
[0;38;5;111mPASS PATTERN [4m NO.351 [m latency:   4
[0;38;5;111mPASS PATTERN [4m NO.352 [m latency:   4
[0;38;5;111mPASS PATTERN [4m NO.353 [m latency:  63
[0;38;5;111mPASS PATTERN [4m NO.354 [m latency:  81
[0;38;5;111mPASS PATTERN [4m NO.355 [m latency:   3
[0;38;5;111mPASS PATTERN [4m NO.356 [m latency:   0
[0;38;5;111mPASS PATTERN [4m NO.357 [m latency:   4
[0;38;5;111mPASS PATTERN [4m NO.358 [m latency:   0
[0;38;5;111mPASS PATTERN [4m NO.359 [m latency:   3
[0;38;5;111mPASS DRAM check [4m NO.360 [m latency:   7
[0;38;5;111mPASS PATTERN [4m NO.360 [m latency:   7
[0;38;5;111mPASS PATTERN [4m NO.361 [m latency:   1
[0;38;5;111mPASS PATTERN [4m NO.362 [m latency:   7
[0;38;5;111mPASS PATTERN [4m NO.363 [m latency:   3
[0;38;5;111mPASS PATTERN [4m NO.364 [m latency:   0
[0;38;5;111mPASS PATTERN [4m NO.365 [m latency:   4
[0;38;5;111mPASS PATTERN [4m NO.366 [m latency:   4
[0;38;5;111mPASS PATTERN [4m NO.367 [m latency:   4
[0;38;5;111mPASS PATTERN [4m NO.368 [m latency:   3
[0;38;5;111mPASS PATTERN [4m NO.369 [m latency:   3
[0;38;5;111mPASS DRAM check [4m NO.370 [m latency:  44
[0;38;5;111mPASS PATTERN [4m NO.370 [m latency:  44
[0;38;5;111mPASS PATTERN [4m NO.371 [m latency:   1
[0;38;5;111mPASS PATTERN [4m NO.372 [m latency:   4
[0;38;5;111mPASS PATTERN [4m NO.373 [m latency:   3
[0;38;5;111mPASS PATTERN [4m NO.374 [m latency:   0
[0;38;5;111mPASS PATTERN [4m NO.375 [m latency:   4
[0;38;5;111mPASS PATTERN [4m NO.376 [m latency:   1
[0;38;5;111mPASS PATTERN [4m NO.377 [m latency:   4
[0;38;5;111mPASS PATTERN [4m NO.378 [m latency:   0
[0;38;5;111mPASS PATTERN [4m NO.379 [m latency:   1
[0;38;5;111mPASS DRAM check [4m NO.380 [m latency:  45
[0;38;5;111mPASS PATTERN [4m NO.380 [m latency:  45
[0;38;5;111mPASS PATTERN [4m NO.381 [m latency:   4
[0;38;5;111mPASS PATTERN [4m NO.382 [m latency:   0
[0;38;5;111mPASS PATTERN [4m NO.383 [m latency:   4
[0;38;5;111mPASS PATTERN [4m NO.384 [m latency:   3
[0;38;5;111mPASS PATTERN [4m NO.385 [m latency:   0
[0;38;5;111mPASS PATTERN [4m NO.386 [m latency:   7
[0;38;5;111mPASS PATTERN [4m NO.387 [m latency:   3
[0;38;5;111mPASS PATTERN [4m NO.388 [m latency:  56
[0;38;5;111mPASS PATTERN [4m NO.389 [m latency: 134
[0;38;5;111mPASS DRAM check [4m NO.390 [m latency:   6
[0;38;5;111mPASS PATTERN [4m NO.390 [m latency:   6
[0;38;5;111mPASS PATTERN [4m NO.391 [m latency:   4
[0;38;5;111mPASS PATTERN [4m NO.392 [m latency:   3
[0;38;5;111mPASS PATTERN [4m NO.393 [m latency:   3
[0;38;5;111mPASS PATTERN [4m NO.394 [m latency:   0
[0;38;5;111mPASS PATTERN [4m NO.395 [m latency:   1
[0;38;5;111mPASS PATTERN [4m NO.396 [m latency:   1
[0;38;5;111mPASS PATTERN [4m NO.397 [m latency:   4
[0;38;5;111mPASS PATTERN [4m NO.398 [m latency:   3
[0;38;5;111mPASS PATTERN [4m NO.399 [m latency:   0
[0;38;5;111mPASS DRAM check [4m NO.400 [m latency:  47
[0;38;5;111mPASS PATTERN [4m NO.400 [m latency:  47
[0;38;5;111mPASS PATTERN [4m NO.401 [m latency:   7
[0;38;5;111mPASS PATTERN [4m NO.402 [m latency:   0
[0;38;5;111mPASS PATTERN [4m NO.403 [m latency:   1
[0;38;5;111mPASS PATTERN [4m NO.404 [m latency:   7
[0;38;5;111mPASS PATTERN [4m NO.405 [m latency:   3
[0;38;5;111mPASS PATTERN [4m NO.406 [m latency:   3
[0;38;5;111mPASS PATTERN [4m NO.407 [m latency:   0
[0;38;5;111mPASS PATTERN [4m NO.408 [m latency:   4
[0;38;5;111mPASS PATTERN [4m NO.409 [m latency:   1
[0;38;5;111mPASS DRAM check [4m NO.410 [m latency:   3
[0;38;5;111mPASS PATTERN [4m NO.410 [m latency:   3
[0;38;5;111mPASS PATTERN [4m NO.411 [m latency:   4
[0;38;5;111mPASS PATTERN [4m NO.412 [m latency:   3
[0;38;5;111mPASS PATTERN [4m NO.413 [m latency:   3
[0;38;5;111mPASS PATTERN [4m NO.414 [m latency:   0
[0;38;5;111mPASS PATTERN [4m NO.415 [m latency:   4
[0;38;5;111mPASS PATTERN [4m NO.416 [m latency:   4
[0;38;5;111mPASS PATTERN [4m NO.417 [m latency:   4
[0;38;5;111mPASS PATTERN [4m NO.418 [m latency:   0
[0;38;5;111mPASS PATTERN [4m NO.419 [m latency:  44
[0;38;5;111mPASS DRAM check [4m NO.420 [m latency:   7
[0;38;5;111mPASS PATTERN [4m NO.420 [m latency:   7
[0;38;5;111mPASS PATTERN [4m NO.421 [m latency:   4
[0;38;5;111mPASS PATTERN [4m NO.422 [m latency:   3
[0;38;5;111mPASS PATTERN [4m NO.423 [m latency:   3
[0;38;5;111mPASS PATTERN [4m NO.424 [m latency:   3
[0;38;5;111mPASS PATTERN [4m NO.425 [m latency:   0
[0;38;5;111mPASS PATTERN [4m NO.426 [m latency:   4
[0;38;5;111mPASS PATTERN [4m NO.427 [m latency:   4
[0;38;5;111mPASS PATTERN [4m NO.428 [m latency:   7
[0;38;5;111mPASS PATTERN [4m NO.429 [m latency:   3
[0;38;5;111mPASS DRAM check [4m NO.430 [m latency:  43
[0;38;5;111mPASS PATTERN [4m NO.430 [m latency:  43
[0;38;5;111mPASS PATTERN [4m NO.431 [m latency:   4
[0;38;5;111mPASS PATTERN [4m NO.432 [m latency:   4
[0;38;5;111mPASS PATTERN [4m NO.433 [m latency:   7
[0;38;5;111mPASS PATTERN [4m NO.434 [m latency:   3
[0;38;5;111mPASS PATTERN [4m NO.435 [m latency:   0
[0;38;5;111mPASS PATTERN [4m NO.436 [m latency:   1
[0;38;5;111mPASS PATTERN [4m NO.437 [m latency:   1
[0;38;5;111mPASS PATTERN [4m NO.438 [m latency:   1
[0;38;5;111mPASS PATTERN [4m NO.439 [m latency:   3
[0;38;5;111mPASS DRAM check [4m NO.440 [m latency:  53
[0;38;5;111mPASS PATTERN [4m NO.440 [m latency:  53
[0;38;5;111mPASS PATTERN [4m NO.441 [m latency:  85
[0;38;5;111mPASS PATTERN [4m NO.442 [m latency:   0
[0;38;5;111mPASS PATTERN [4m NO.443 [m latency:   4
[0;38;5;111mPASS PATTERN [4m NO.444 [m latency:   7
[0;38;5;111mPASS PATTERN [4m NO.445 [m latency:   0
[0;38;5;111mPASS PATTERN [4m NO.446 [m latency:   4
[0;38;5;111mPASS PATTERN [4m NO.447 [m latency:   7
[0;38;5;111mPASS PATTERN [4m NO.448 [m latency:   0
[0;38;5;111mPASS PATTERN [4m NO.449 [m latency:   1
[0;38;5;111mPASS DRAM check [4m NO.450 [m latency:  48
[0;38;5;111mPASS PATTERN [4m NO.450 [m latency:  48
[0;38;5;111mPASS PATTERN [4m NO.451 [m latency:   4
[0;38;5;111mPASS PATTERN [4m NO.452 [m latency:   0
[0;38;5;111mPASS PATTERN [4m NO.453 [m latency:   4
[0;38;5;111mPASS PATTERN [4m NO.454 [m latency:   4
[0;38;5;111mPASS PATTERN [4m NO.455 [m latency:   1
[0;38;5;111mPASS PATTERN [4m NO.456 [m latency:   1
[0;38;5;111mPASS PATTERN [4m NO.457 [m latency:   7
[0;38;5;111mPASS PATTERN [4m NO.458 [m latency:   3
[0;38;5;111mPASS PATTERN [4m NO.459 [m latency:   0
[0;38;5;111mPASS DRAM check [4m NO.460 [m latency:  44
[0;38;5;111mPASS PATTERN [4m NO.460 [m latency:  44
[0;38;5;111mPASS PATTERN [4m NO.461 [m latency:   1
[0;38;5;111mPASS PATTERN [4m NO.462 [m latency:   7
[0;38;5;111mPASS PATTERN [4m NO.463 [m latency:   0
[0;38;5;111mPASS PATTERN [4m NO.464 [m latency:   4
[0;38;5;111mPASS PATTERN [4m NO.465 [m latency:   3
[0;38;5;111mPASS PATTERN [4m NO.466 [m latency:   3
[0;38;5;111mPASS PATTERN [4m NO.467 [m latency:   3
[0;38;5;111mPASS PATTERN [4m NO.468 [m latency:   3
[0;38;5;111mPASS PATTERN [4m NO.469 [m latency:   0
[0;38;5;111mPASS DRAM check [4m NO.470 [m latency:  47
[0;38;5;111mPASS PATTERN [4m NO.470 [m latency:  47
[0;38;5;111mPASS PATTERN [4m NO.471 [m latency:   4
[0;38;5;111mPASS PATTERN [4m NO.472 [m latency:   7
[0;38;5;111mPASS PATTERN [4m NO.473 [m latency:   0
[0;38;5;111mPASS PATTERN [4m NO.474 [m latency:   4
[0;38;5;111mPASS PATTERN [4m NO.475 [m latency:   7
[0;38;5;111mPASS PATTERN [4m NO.476 [m latency:   0
[0;38;5;111mPASS PATTERN [4m NO.477 [m latency:   4
[0;38;5;111mPASS PATTERN [4m NO.478 [m latency:   3
[0;38;5;111mPASS PATTERN [4m NO.479 [m latency:   0
[0;38;5;111mPASS DRAM check [4m NO.480 [m latency:  47
[0;38;5;111mPASS PATTERN [4m NO.480 [m latency:  47
[0;38;5;111mPASS PATTERN [4m NO.481 [m latency:   4
[0;38;5;111mPASS PATTERN [4m NO.482 [m latency:   1
[0;38;5;111mPASS PATTERN [4m NO.483 [m latency:   1
[0;38;5;111mPASS PATTERN [4m NO.484 [m latency:  60
[0;38;5;111mPASS PATTERN [4m NO.485 [m latency:  88
[0;38;5;111mPASS PATTERN [4m NO.486 [m latency:   0
[0;38;5;111mPASS PATTERN [4m NO.487 [m latency:   4
[0;38;5;111mPASS PATTERN [4m NO.488 [m latency:   4
[0;38;5;111mPASS PATTERN [4m NO.489 [m latency:   7
[0;38;5;111mPASS DRAM check [4m NO.490 [m latency:  44
[0;38;5;111mPASS PATTERN [4m NO.490 [m latency:  44
[0;38;5;111mPASS PATTERN [4m NO.491 [m latency:   1
[0;38;5;111mPASS PATTERN [4m NO.492 [m latency:   7
[0;38;5;111mPASS PATTERN [4m NO.493 [m latency:   3
[0;38;5;111mPASS PATTERN [4m NO.494 [m latency:   0
[0;38;5;111mPASS PATTERN [4m NO.495 [m latency:   4
[0;38;5;111mPASS PATTERN [4m NO.496 [m latency:   4
[0;38;5;111mPASS PATTERN [4m NO.497 [m latency:   1
[0;38;5;111mPASS PATTERN [4m NO.498 [m latency:   4
[0;38;5;111mPASS PATTERN [4m NO.499 [m latency:   4
[0;38;5;111mPASS DRAM check [4m NO.500 [m latency:   3
[0;38;5;111mPASS PATTERN [4m NO.500 [m latency:   3
[0;38;5;111mPASS PATTERN [4m NO.501 [m latency:   4
[0;38;5;111mPASS PATTERN [4m NO.502 [m latency:   0
[0;38;5;111mPASS PATTERN [4m NO.503 [m latency:   1
[0;38;5;111mPASS PATTERN [4m NO.504 [m latency:   4
[0;38;5;111mPASS PATTERN [4m NO.505 [m latency:   3
[0;38;5;111mPASS PATTERN [4m NO.506 [m latency:   0
[0;38;5;111mPASS PATTERN [4m NO.507 [m latency:   4
[0;38;5;111mPASS PATTERN [4m NO.508 [m latency:   7
[0;38;5;111mPASS PATTERN [4m NO.509 [m latency:   3
[0;38;5;111mPASS DRAM check [4m NO.510 [m latency:  43
[0;38;5;111mPASS PATTERN [4m NO.510 [m latency:  43
[0;38;5;111mPASS PATTERN [4m NO.511 [m latency:   4
[0;38;5;111mPASS PATTERN [4m NO.512 [m latency:   4
[0;38;5;111mPASS PATTERN [4m NO.513 [m latency:   4
[0;38;5;111mPASS PATTERN [4m NO.514 [m latency:   3
[0;38;5;111mPASS PATTERN [4m NO.515 [m latency:   3
[0;38;5;111mPASS PATTERN [4m NO.516 [m latency:   3
[0;38;5;111mPASS PATTERN [4m NO.517 [m latency:   3
[0;38;5;111mPASS PATTERN [4m NO.518 [m latency:   3
[0;38;5;111mPASS PATTERN [4m NO.519 [m latency:   0
[0;38;5;111mPASS DRAM check [4m NO.520 [m latency:  79
[0;38;5;111mPASS PATTERN [4m NO.520 [m latency:  79
[0;38;5;111mPASS PATTERN [4m NO.521 [m latency:   4
[0;38;5;111mPASS PATTERN [4m NO.522 [m latency:   7
[0;38;5;111mPASS PATTERN [4m NO.523 [m latency:   3
[0;38;5;111mPASS PATTERN [4m NO.524 [m latency:   0
[0;38;5;111mPASS PATTERN [4m NO.525 [m latency:   4
[0;38;5;111mPASS PATTERN [4m NO.526 [m latency:   7
[0;38;5;111mPASS PATTERN [4m NO.527 [m latency:   0
[0;38;5;111mPASS PATTERN [4m NO.528 [m latency:   7
[0;38;5;111mPASS PATTERN [4m NO.529 [m latency:   3
[0;38;5;111mPASS DRAM check [4m NO.530 [m latency:  47
[0;38;5;111mPASS PATTERN [4m NO.530 [m latency:  47
[0;38;5;111mPASS PATTERN [4m NO.531 [m latency:   1
[0;38;5;111mPASS PATTERN [4m NO.532 [m latency:   4
[0;38;5;111mPASS PATTERN [4m NO.533 [m latency:   4
[0;38;5;111mPASS PATTERN [4m NO.534 [m latency:   1
[0;38;5;111mPASS PATTERN [4m NO.535 [m latency:   1
[0;38;5;111mPASS PATTERN [4m NO.536 [m latency:   1
[0;38;5;111mPASS PATTERN [4m NO.537 [m latency:   4
[0;38;5;111mPASS PATTERN [4m NO.538 [m latency:   0
[0;38;5;111mPASS PATTERN [4m NO.539 [m latency:  67
[0;38;5;111mPASS DRAM check [4m NO.540 [m latency:  82
[0;38;5;111mPASS PATTERN [4m NO.540 [m latency:  82
[0;38;5;111mPASS PATTERN [4m NO.541 [m latency:   1
[0;38;5;111mPASS PATTERN [4m NO.542 [m latency:   4
[0;38;5;111mPASS PATTERN [4m NO.543 [m latency:   1
[0;38;5;111mPASS PATTERN [4m NO.544 [m latency:   1
[0;38;5;111mPASS PATTERN [4m NO.545 [m latency:   7
[0;38;5;111mPASS PATTERN [4m NO.546 [m latency:   0
[0;38;5;111mPASS PATTERN [4m NO.547 [m latency:   1
[0;38;5;111mPASS PATTERN [4m NO.548 [m latency:   1
[0;38;5;111mPASS PATTERN [4m NO.549 [m latency:   1
[0;38;5;111mPASS DRAM check [4m NO.550 [m latency:  44
[0;38;5;111mPASS PATTERN [4m NO.550 [m latency:  44
[0;38;5;111mPASS PATTERN [4m NO.551 [m latency:   1
[0;38;5;111mPASS PATTERN [4m NO.552 [m latency:   4
[0;38;5;111mPASS PATTERN [4m NO.553 [m latency:   1
[0;38;5;111mPASS PATTERN [4m NO.554 [m latency:   1
[0;38;5;111mPASS PATTERN [4m NO.555 [m latency:   1
[0;38;5;111mPASS PATTERN [4m NO.556 [m latency:   4
[0;38;5;111mPASS PATTERN [4m NO.557 [m latency:   7
[0;38;5;111mPASS PATTERN [4m NO.558 [m latency:   3
[0;38;5;111mPASS PATTERN [4m NO.559 [m latency:   0
[0;38;5;111mPASS DRAM check [4m NO.560 [m latency:   6
[0;38;5;111mPASS PATTERN [4m NO.560 [m latency:   6
[0;38;5;111mPASS PATTERN [4m NO.561 [m latency:   4
[0;38;5;111mPASS PATTERN [4m NO.562 [m latency:   4
[0;38;5;111mPASS PATTERN [4m NO.563 [m latency:   3
[0;38;5;111mPASS PATTERN [4m NO.564 [m latency:   3
[0;38;5;111mPASS PATTERN [4m NO.565 [m latency:   3
[0;38;5;111mPASS PATTERN [4m NO.566 [m latency:   0
[0;38;5;111mPASS PATTERN [4m NO.567 [m latency:  58
[0;38;5;111mPASS PATTERN [4m NO.568 [m latency:  90
[0;38;5;111mPASS PATTERN [4m NO.569 [m latency:   4
[0;38;5;111mPASS DRAM check [4m NO.570 [m latency:  44
[0;38;5;111mPASS PATTERN [4m NO.570 [m latency:  44
[0;38;5;111mPASS PATTERN [4m NO.571 [m latency:   1
[0;38;5;111mPASS PATTERN [4m NO.572 [m latency:   7
[0;38;5;111mPASS PATTERN [4m NO.573 [m latency:   3
[0;38;5;111mPASS PATTERN [4m NO.574 [m latency:   0
[0;38;5;111mPASS PATTERN [4m NO.575 [m latency:   4
[0;38;5;111mPASS PATTERN [4m NO.576 [m latency:   4
[0;38;5;111mPASS PATTERN [4m NO.577 [m latency:   7
[0;38;5;111mPASS PATTERN [4m NO.578 [m latency:   3
[0;38;5;111mPASS PATTERN [4m NO.579 [m latency:   0
[0;38;5;111mPASS DRAM check [4m NO.580 [m latency:   6
[0;38;5;111mPASS PATTERN [4m NO.580 [m latency:   6
[0;38;5;111mPASS PATTERN [4m NO.581 [m latency:   4
[0;38;5;111mPASS PATTERN [4m NO.582 [m latency:   7
[0;38;5;111mPASS PATTERN [4m NO.583 [m latency:   3
[0;38;5;111mPASS PATTERN [4m NO.584 [m latency:   0
[0;38;5;111mPASS PATTERN [4m NO.585 [m latency:   4
[0;38;5;111mPASS PATTERN [4m NO.586 [m latency:   4
[0;38;5;111mPASS PATTERN [4m NO.587 [m latency:   4
[0;38;5;111mPASS PATTERN [4m NO.588 [m latency:   4
[0;38;5;111mPASS PATTERN [4m NO.589 [m latency:   3
[0;38;5;111mPASS DRAM check [4m NO.590 [m latency:   2
[0;38;5;111mPASS PATTERN [4m NO.590 [m latency:   2
[0;38;5;111mPASS PATTERN [4m NO.591 [m latency:   4
[0;38;5;111mPASS PATTERN [4m NO.592 [m latency:   7
[0;38;5;111mPASS PATTERN [4m NO.593 [m latency:   3
[0;38;5;111mPASS PATTERN [4m NO.594 [m latency:   3
[0;38;5;111mPASS PATTERN [4m NO.595 [m latency:   0
[0;38;5;111mPASS PATTERN [4m NO.596 [m latency:   7
[0;38;5;111mPASS PATTERN [4m NO.597 [m latency:   0
[0;38;5;111mPASS PATTERN [4m NO.598 [m latency:   4
[0;38;5;111mPASS PATTERN [4m NO.599 [m latency:   7
[0;38;5;111mPASS DRAM check [4m NO.600 [m latency:  47
[0;38;5;111mPASS PATTERN [4m NO.600 [m latency:  47
[0;38;5;111mPASS PATTERN [4m NO.601 [m latency:   4
[0;38;5;111mPASS PATTERN [4m NO.602 [m latency:   3
[0;38;5;111mPASS PATTERN [4m NO.603 [m latency:   3
[0;38;5;111mPASS PATTERN [4m NO.604 [m latency:   3
[0;38;5;111mPASS PATTERN [4m NO.605 [m latency:   0
[0;38;5;111mPASS PATTERN [4m NO.606 [m latency:   4
[0;38;5;111mPASS PATTERN [4m NO.607 [m latency:   4
[0;38;5;111mPASS PATTERN [4m NO.608 [m latency:   7
[0;38;5;111mPASS PATTERN [4m NO.609 [m latency:   3
[0;38;5;111mPASS DRAM check [4m NO.610 [m latency:  43
[0;38;5;111mPASS PATTERN [4m NO.610 [m latency:  43
[0;38;5;111mPASS PATTERN [4m NO.611 [m latency:   4
[0;38;5;111mPASS PATTERN [4m NO.612 [m latency:   7
[0;38;5;111mPASS PATTERN [4m NO.613 [m latency:   3
[0;38;5;111mPASS PATTERN [4m NO.614 [m latency:   0
[0;38;5;111mPASS PATTERN [4m NO.615 [m latency:  75
[0;38;5;111mPASS PATTERN [4m NO.616 [m latency:  79
[0;38;5;111mPASS PATTERN [4m NO.617 [m latency:   4
[0;38;5;111mPASS PATTERN [4m NO.618 [m latency:   4
[0;38;5;111mPASS PATTERN [4m NO.619 [m latency:   3
[0;38;5;111mPASS DRAM check [4m NO.620 [m latency:  47
[0;38;5;111mPASS PATTERN [4m NO.620 [m latency:  47
[0;38;5;111mPASS PATTERN [4m NO.621 [m latency:   1
[0;38;5;111mPASS PATTERN [4m NO.622 [m latency:   4
[0;38;5;111mPASS PATTERN [4m NO.623 [m latency:   3
[0;38;5;111mPASS PATTERN [4m NO.624 [m latency:   3
[0;38;5;111mPASS PATTERN [4m NO.625 [m latency:   0
[0;38;5;111mPASS PATTERN [4m NO.626 [m latency:   4
[0;38;5;111mPASS PATTERN [4m NO.627 [m latency:   7
[0;38;5;111mPASS PATTERN [4m NO.628 [m latency:   3
[0;38;5;111mPASS PATTERN [4m NO.629 [m latency:   0
[0;38;5;111mPASS DRAM check [4m NO.630 [m latency:  45
[0;38;5;111mPASS PATTERN [4m NO.630 [m latency:  45
[0;38;5;111mPASS PATTERN [4m NO.631 [m latency:   1
[0;38;5;111mPASS PATTERN [4m NO.632 [m latency:   1
[0;38;5;111mPASS PATTERN [4m NO.633 [m latency:   1
[0;38;5;111mPASS PATTERN [4m NO.634 [m latency:   7
[0;38;5;111mPASS PATTERN [4m NO.635 [m latency:   3
[0;38;5;111mPASS PATTERN [4m NO.636 [m latency:   0
[0;38;5;111mPASS PATTERN [4m NO.637 [m latency:   4
[0;38;5;111mPASS PATTERN [4m NO.638 [m latency:   4
[0;38;5;111mPASS PATTERN [4m NO.639 [m latency:   7
[0;38;5;111mPASS DRAM check [4m NO.640 [m latency:  47
[0;38;5;111mPASS PATTERN [4m NO.640 [m latency:  47
[0;38;5;111mPASS PATTERN [4m NO.641 [m latency:   4
[0;38;5;111mPASS PATTERN [4m NO.642 [m latency:   0
[0;38;5;111mPASS PATTERN [4m NO.643 [m latency:   4
[0;38;5;111mPASS PATTERN [4m NO.644 [m latency:   4
[0;38;5;111mPASS PATTERN [4m NO.645 [m latency:   7
[0;38;5;111mPASS PATTERN [4m NO.646 [m latency:   3
[0;38;5;111mPASS PATTERN [4m NO.647 [m latency:   0
[0;38;5;111mPASS PATTERN [4m NO.648 [m latency:   1
[0;38;5;111mPASS PATTERN [4m NO.649 [m latency:   4
[0;38;5;111mPASS DRAM check [4m NO.650 [m latency:   6
[0;38;5;111mPASS PATTERN [4m NO.650 [m latency:   6
[0;38;5;111mPASS PATTERN [4m NO.651 [m latency:   1
[0;38;5;111mPASS PATTERN [4m NO.652 [m latency:   4
[0;38;5;111mPASS PATTERN [4m NO.653 [m latency:   4
[0;38;5;111mPASS PATTERN [4m NO.654 [m latency:   7
[0;38;5;111mPASS PATTERN [4m NO.655 [m latency:   3
[0;38;5;111mPASS PATTERN [4m NO.656 [m latency:   0
[0;38;5;111mPASS PATTERN [4m NO.657 [m latency:   1
[0;38;5;111mPASS PATTERN [4m NO.658 [m latency:   4
[0;38;5;111mPASS PATTERN [4m NO.659 [m latency:   1
[0;38;5;111mPASS DRAM check [4m NO.660 [m latency:  48
[0;38;5;111mPASS PATTERN [4m NO.660 [m latency:  48
[0;38;5;111mPASS PATTERN [4m NO.661 [m latency:   1
[0;38;5;111mPASS PATTERN [4m NO.662 [m latency:   1
[0;38;5;111mPASS PATTERN [4m NO.663 [m latency:   4
[0;38;5;111mPASS PATTERN [4m NO.664 [m latency:   3
[0;38;5;111mPASS PATTERN [4m NO.665 [m latency:  42
[0;38;5;111mPASS PATTERN [4m NO.666 [m latency:  97
[0;38;5;111mPASS PATTERN [4m NO.667 [m latency:   4
[0;38;5;111mPASS PATTERN [4m NO.668 [m latency:   1
[0;38;5;111mPASS PATTERN [4m NO.669 [m latency:   1
[0;38;5;111mPASS DRAM check [4m NO.670 [m latency:   7
[0;38;5;111mPASS PATTERN [4m NO.670 [m latency:   7
[0;38;5;111mPASS PATTERN [4m NO.671 [m latency:   1
[0;38;5;111mPASS PATTERN [4m NO.672 [m latency:   4
[0;38;5;111mPASS PATTERN [4m NO.673 [m latency:   3
[0;38;5;111mPASS PATTERN [4m NO.674 [m latency:   3
[0;38;5;111mPASS PATTERN [4m NO.675 [m latency:   0
[0;38;5;111mPASS PATTERN [4m NO.676 [m latency:   4
[0;38;5;111mPASS PATTERN [4m NO.677 [m latency:   1
[0;38;5;111mPASS PATTERN [4m NO.678 [m latency:   7
[0;38;5;111mPASS PATTERN [4m NO.679 [m latency:   3
[0;38;5;111mPASS DRAM check [4m NO.680 [m latency:  47
[0;38;5;111mPASS PATTERN [4m NO.680 [m latency:  47
[0;38;5;111mPASS PATTERN [4m NO.681 [m latency:   1
[0;38;5;111mPASS PATTERN [4m NO.682 [m latency:   7
[0;38;5;111mPASS PATTERN [4m NO.683 [m latency:   0
[0;38;5;111mPASS PATTERN [4m NO.684 [m latency:   7
[0;38;5;111mPASS PATTERN [4m NO.685 [m latency:   3
[0;38;5;111mPASS PATTERN [4m NO.686 [m latency:   0
[0;38;5;111mPASS PATTERN [4m NO.687 [m latency:   4
[0;38;5;111mPASS PATTERN [4m NO.688 [m latency:   4
[0;38;5;111mPASS PATTERN [4m NO.689 [m latency:   4
[0;38;5;111mPASS DRAM check [4m NO.690 [m latency:   4
[0;38;5;111mPASS PATTERN [4m NO.690 [m latency:   4
[0;38;5;111mPASS PATTERN [4m NO.691 [m latency:   4
[0;38;5;111mPASS PATTERN [4m NO.692 [m latency:   0
[0;38;5;111mPASS PATTERN [4m NO.693 [m latency:   4
[0;38;5;111mPASS PATTERN [4m NO.694 [m latency:   1
[0;38;5;111mPASS PATTERN [4m NO.695 [m latency:   1
[0;38;5;111mPASS PATTERN [4m NO.696 [m latency:   1
[0;38;5;111mPASS PATTERN [4m NO.697 [m latency:   4
[0;38;5;111mPASS PATTERN [4m NO.698 [m latency:   3
[0;38;5;111mPASS PATTERN [4m NO.699 [m latency:   0
[0;38;5;111mPASS DRAM check [4m NO.700 [m latency:   6
[0;38;5;111mPASS PATTERN [4m NO.700 [m latency:   6
[0;38;5;111mPASS PATTERN [4m NO.701 [m latency:   4
[0;38;5;111mPASS PATTERN [4m NO.702 [m latency:   1
[0;38;5;111mPASS PATTERN [4m NO.703 [m latency:   1
[0;38;5;111mPASS PATTERN [4m NO.704 [m latency:   1
[0;38;5;111mPASS PATTERN [4m NO.705 [m latency:   4
[0;38;5;111mPASS PATTERN [4m NO.706 [m latency:   4
[0;38;5;111mPASS PATTERN [4m NO.707 [m latency:   3
[0;38;5;111mPASS PATTERN [4m NO.708 [m latency:   0
[0;38;5;111mPASS PATTERN [4m NO.709 [m latency:   7
[0;38;5;111mPASS DRAM check [4m NO.710 [m latency:   6
[0;38;5;111mPASS PATTERN [4m NO.710 [m latency:   6
[0;38;5;111mPASS PATTERN [4m NO.711 [m latency:   1
[0;38;5;111mPASS PATTERN [4m NO.712 [m latency: 137
[0;38;5;111mPASS PATTERN [4m NO.713 [m latency:   7
[0;38;5;111mPASS PATTERN [4m NO.714 [m latency:   3
[0;38;5;111mPASS PATTERN [4m NO.715 [m latency:   0
[0;38;5;111mPASS PATTERN [4m NO.716 [m latency:   4
[0;38;5;111mPASS PATTERN [4m NO.717 [m latency:   4
[0;38;5;111mPASS PATTERN [4m NO.718 [m latency:   4
[0;38;5;111mPASS PATTERN [4m NO.719 [m latency:   3
[0;38;5;111mPASS DRAM check [4m NO.720 [m latency:   2
[0;38;5;111mPASS PATTERN [4m NO.720 [m latency:   2
[0;38;5;111mPASS PATTERN [4m NO.721 [m latency:   4
[0;38;5;111mPASS PATTERN [4m NO.722 [m latency:   7
[0;38;5;111mPASS PATTERN [4m NO.723 [m latency:   3
[0;38;5;111mPASS PATTERN [4m NO.724 [m latency:   0
[0;38;5;111mPASS PATTERN [4m NO.725 [m latency:   4
[0;38;5;111mPASS PATTERN [4m NO.726 [m latency:   4
[0;38;5;111mPASS PATTERN [4m NO.727 [m latency:   7
[0;38;5;111mPASS PATTERN [4m NO.728 [m latency:   3
[0;38;5;111mPASS PATTERN [4m NO.729 [m latency:   0
[0;38;5;111mPASS DRAM check [4m NO.730 [m latency:   6
[0;38;5;111mPASS PATTERN [4m NO.730 [m latency:   6
[0;38;5;111mPASS PATTERN [4m NO.731 [m latency:   4
[0;38;5;111mPASS PATTERN [4m NO.732 [m latency:   4
[0;38;5;111mPASS PATTERN [4m NO.733 [m latency:   1
[0;38;5;111mPASS PATTERN [4m NO.734 [m latency:   4
[0;38;5;111mPASS PATTERN [4m NO.735 [m latency:   3
[0;38;5;111mPASS PATTERN [4m NO.736 [m latency:   0
[0;38;5;111mPASS PATTERN [4m NO.737 [m latency:   7
[0;38;5;111mPASS PATTERN [4m NO.738 [m latency:   3
[0;38;5;111mPASS PATTERN [4m NO.739 [m latency:   0
[0;38;5;111mPASS DRAM check [4m NO.740 [m latency:   7
[0;38;5;111mPASS PATTERN [4m NO.740 [m latency:   7
[0;38;5;111mPASS PATTERN [4m NO.741 [m latency:   4
[0;38;5;111mPASS PATTERN [4m NO.742 [m latency:   0
[0;38;5;111mPASS PATTERN [4m NO.743 [m latency:   1
[0;38;5;111mPASS PATTERN [4m NO.744 [m latency:   1
[0;38;5;111mPASS PATTERN [4m NO.745 [m latency:   1
[0;38;5;111mPASS PATTERN [4m NO.746 [m latency:   4
[0;38;5;111mPASS PATTERN [4m NO.747 [m latency:   1
[0;38;5;111mPASS PATTERN [4m NO.748 [m latency:   4
[0;38;5;111mPASS PATTERN [4m NO.749 [m latency:   0
[0;38;5;111mPASS DRAM check [4m NO.750 [m latency:   7
[0;38;5;111mPASS PATTERN [4m NO.750 [m latency:   7
[0;38;5;111mPASS PATTERN [4m NO.751 [m latency:   4
[0;38;5;111mPASS PATTERN [4m NO.752 [m latency:   0
[0;38;5;111mPASS PATTERN [4m NO.753 [m latency:   4
[0;38;5;111mPASS PATTERN [4m NO.754 [m latency:   4
[0;38;5;111mPASS PATTERN [4m NO.755 [m latency:   1
[0;38;5;111mPASS PATTERN [4m NO.756 [m latency:   1
[0;38;5;111mPASS PATTERN [4m NO.757 [m latency:  48
[0;38;5;111mPASS PATTERN [4m NO.758 [m latency:  92
[0;38;5;111mPASS PATTERN [4m NO.759 [m latency:   4
[0;38;5;111mPASS DRAM check [4m NO.760 [m latency:   7
[0;38;5;111mPASS PATTERN [4m NO.760 [m latency:   7
[0;38;5;111mPASS PATTERN [4m NO.761 [m latency:   4
[0;38;5;111mPASS PATTERN [4m NO.762 [m latency:   0
[0;38;5;111mPASS PATTERN [4m NO.763 [m latency:   4
[0;38;5;111mPASS PATTERN [4m NO.764 [m latency:   4
[0;38;5;111mPASS PATTERN [4m NO.765 [m latency:   7
[0;38;5;111mPASS PATTERN [4m NO.766 [m latency:   3
[0;38;5;111mPASS PATTERN [4m NO.767 [m latency:   0
[0;38;5;111mPASS PATTERN [4m NO.768 [m latency:   4
[0;38;5;111mPASS PATTERN [4m NO.769 [m latency:   7
[0;38;5;111mPASS DRAM check [4m NO.770 [m latency:   2
[0;38;5;111mPASS PATTERN [4m NO.770 [m latency:   2
[0;38;5;111mPASS PATTERN [4m NO.771 [m latency:   4
[0;38;5;111mPASS PATTERN [4m NO.772 [m latency:   3
[0;38;5;111mPASS PATTERN [4m NO.773 [m latency:   3
[0;38;5;111mPASS PATTERN [4m NO.774 [m latency:   0
[0;38;5;111mPASS PATTERN [4m NO.775 [m latency:   7
[0;38;5;111mPASS PATTERN [4m NO.776 [m latency:   3
[0;38;5;111mPASS PATTERN [4m NO.777 [m latency:   0
[0;38;5;111mPASS PATTERN [4m NO.778 [m latency:   4
[0;38;5;111mPASS PATTERN [4m NO.779 [m latency:   7
[0;38;5;111mPASS DRAM check [4m NO.780 [m latency:  43
[0;38;5;111mPASS PATTERN [4m NO.780 [m latency:  43
[0;38;5;111mPASS PATTERN [4m NO.781 [m latency:   1
[0;38;5;111mPASS PATTERN [4m NO.782 [m latency:   4
[0;38;5;111mPASS PATTERN [4m NO.783 [m latency:   3
[0;38;5;111mPASS PATTERN [4m NO.784 [m latency:   0
[0;38;5;111mPASS PATTERN [4m NO.785 [m latency:   4
[0;38;5;111mPASS PATTERN [4m NO.786 [m latency:   4
[0;38;5;111mPASS PATTERN [4m NO.787 [m latency:   4
[0;38;5;111mPASS PATTERN [4m NO.788 [m latency:   3
[0;38;5;111mPASS PATTERN [4m NO.789 [m latency:   0
[0;38;5;111mPASS DRAM check [4m NO.790 [m latency:   7
[0;38;5;111mPASS PATTERN [4m NO.790 [m latency:   7
[0;38;5;111mPASS PATTERN [4m NO.791 [m latency:   4
[0;38;5;111mPASS PATTERN [4m NO.792 [m latency:   0
[0;38;5;111mPASS PATTERN [4m NO.793 [m latency:   4
[0;38;5;111mPASS PATTERN [4m NO.794 [m latency:   1
[0;38;5;111mPASS PATTERN [4m NO.795 [m latency:   4
[0;38;5;111mPASS PATTERN [4m NO.796 [m latency:   3
[0;38;5;111mPASS PATTERN [4m NO.797 [m latency:   0
[0;38;5;111mPASS PATTERN [4m NO.798 [m latency:   4
[0;38;5;111mPASS PATTERN [4m NO.799 [m latency:   7
[0;38;5;111mPASS DRAM check [4m NO.800 [m latency:  50
[0;38;5;111mPASS PATTERN [4m NO.800 [m latency:  50
[0;38;5;111mPASS PATTERN [4m NO.801 [m latency:  88
[0;38;5;111mPASS PATTERN [4m NO.802 [m latency:   7
[0;38;5;111mPASS PATTERN [4m NO.803 [m latency:   0
[0;38;5;111mPASS PATTERN [4m NO.804 [m latency:   7
[0;38;5;111mPASS PATTERN [4m NO.805 [m latency:   3
[0;38;5;111mPASS PATTERN [4m NO.806 [m latency:   0
[0;38;5;111mPASS PATTERN [4m NO.807 [m latency:   4
[0;38;5;111mPASS PATTERN [4m NO.808 [m latency:   7
[0;38;5;111mPASS PATTERN [4m NO.809 [m latency:   3
[0;38;5;111mPASS DRAM check [4m NO.810 [m latency:  47
[0;38;5;111mPASS PATTERN [4m NO.810 [m latency:  47
[0;38;5;111mPASS PATTERN [4m NO.811 [m latency:   4
[0;38;5;111mPASS PATTERN [4m NO.812 [m latency:   3
[0;38;5;111mPASS PATTERN [4m NO.813 [m latency:   0
[0;38;5;111mPASS PATTERN [4m NO.814 [m latency:   4
[0;38;5;111mPASS PATTERN [4m NO.815 [m latency:   4
[0;38;5;111mPASS PATTERN [4m NO.816 [m latency:   4
[0;38;5;111mPASS PATTERN [4m NO.817 [m latency:   1
[0;38;5;111mPASS PATTERN [4m NO.818 [m latency:  93
[0;38;5;111mPASS PATTERN [4m NO.819 [m latency:  42
[0;38;5;111mPASS DRAM check [4m NO.820 [m latency:   4
[0;38;5;111mPASS PATTERN [4m NO.820 [m latency:   4
[0;38;5;111mPASS PATTERN [4m NO.821 [m latency:   1
[0;38;5;111mPASS PATTERN [4m NO.822 [m latency:   1
[0;38;5;111mPASS PATTERN [4m NO.823 [m latency:   1
[0;38;5;111mPASS PATTERN [4m NO.824 [m latency:   1
[0;38;5;111mPASS PATTERN [4m NO.825 [m latency:   1
[0;38;5;111mPASS PATTERN [4m NO.826 [m latency:   1
[0;38;5;111mPASS PATTERN [4m NO.827 [m latency:   1
[0;38;5;111mPASS PATTERN [4m NO.828 [m latency:   1
[0;38;5;111mPASS PATTERN [4m NO.829 [m latency:   1
[0;38;5;111mPASS DRAM check [4m NO.830 [m latency:   4
[0;38;5;111mPASS PATTERN [4m NO.830 [m latency:   4
[0;38;5;111mPASS PATTERN [4m NO.831 [m latency:   1
[0;38;5;111mPASS PATTERN [4m NO.832 [m latency:   1
[0;38;5;111mPASS PATTERN [4m NO.833 [m latency:   1
[0;38;5;111mPASS PATTERN [4m NO.834 [m latency:   1
[0;38;5;111mPASS PATTERN [4m NO.835 [m latency:   1
----------------------------------------------------------------------------------------------------------------------
                                                  Congratulations!                						            
                                           You have passed all instructions!          						            
                                           Your execution cycles =  8277 cycles   						            
                                           Your clock period = 5.0 ns        					                
                                           total latency = 41385.0 ns         						            
----------------------------------------------------------------------------------------------------------------------
Simulation complete via $finish(1) at time 45672500 PS + 0
ncsim> exit
TOOL:	irun(64)	15.20-s084: Exiting on Jun 07, 2023 at 10:44:43 CST  (total: 00:00:01)
