irun(64): 15.20-s084: (c) Copyright 1995-2020 Cadence Design Systems, Inc.
TOOL:	irun(64)	15.20-s084: Started on Apr 24, 2023 at 01:27:29 CST
irun
	TESTBED.v
	-define RTL
	-define FUNC
	-debug
	-incdir /usr/synthesis/dw/sim_ver/
	-notimingchecks
	-loadpli1 debpli:novas_pli_boot
	-y /RAID2/cad/synopsys/synthesis/cur/dw/sim_ver/
	+libext+.v
ncvlog: *W,NOTIND: unable to access -INCDIR /usr/synthesis/dw/sim_ver/ (No such file or directory).
file: TESTBED.v
	module worklib.GENVAR_PRAC:v
		errors: 0, warnings: 0
	module worklib.COMPLEX_MULT:v
		errors: 0, warnings: 0
	module worklib.PATTERN_IP:v
		errors: 0, warnings: 0
	module worklib.TESTBED:v
		errors: 0, warnings: 0
ncvlog: *W,LIBNOU: Library "/RAID2/cad/synopsys/synthesis/cur/dw/sim_ver/" given but not used.
	Total errors/warnings found outside modules and primitives:
		errors: 0, warnings: 2
		Caching library 'worklib' ....... Done
	Elaborating the design hierarchy:
	Top level design units:
		TESTBED
	Building instance overlay tables: .................... Done
	Generating native compiled code:
		worklib.GENVAR_PRAC:v <0x56dd1b6f>
			streams:   6, words:  2561
		worklib.PATTERN_IP:v <0x351bc393>
			streams:   8, words: 56805
		worklib.TESTBED:v <0x5f909056>
			streams:   1, words:   765
	Building instance specific data structures.
	Loading native compiled code:     .................... Done
	Design hierarchy summary:
		                 Instances  Unique
		Modules:                 4       4
		Registers:              24      24
		Scalar wires:            4       -
		Vectored wires:         13       -
		Always blocks:           1       1
		Initial blocks:          5       5
		Cont. assignments:       9       8
		Simulation timescale:  1ps
	Writing initial simulation snapshot: worklib.TESTBED:v
Loading snapshot worklib.TESTBED:v .................... Done
*Verdi* Loading libsscore_ius152.so
ncsim> source /usr/cad/cadence/INCISIV/INCISIVE_15.20.084/tools/inca/files/ncsimrc
ncsim> run
FSDB Dumper for IUS, Release Verdi_P-2019.06, Linux x86_64/64bit, 05/26/2019
(C) 1996 - 2019 by Synopsys, Inc.
*Verdi* : Create FSDB file 'COMPLEX_MULT.fsdb'
*Verdi* : Begin traversing the scopes, layer (0).
*Verdi* : End of traversing.
*Verdi* : Begin traversing the scopes, layer (0).
*Verdi* : Enable +mda dumping.
*Verdi* : End of traversing.
                  Pattern No.          0 Pass
                  Pattern No.          1 Pass
                  Pattern No.          2 Pass
                  Pattern No.          3 Pass
                  Pattern No.          4 Pass
                  Pattern No.          5 Pass
                  Pattern No.          6 Pass
                  Pattern No.          7 Pass
                  Pattern No.          8 Pass
                  Pattern No.          9 Pass
                  Pattern No.         10 Pass
                  Pattern No.         11 Pass
                  Pattern No.         12 Pass
                  Pattern No.         13 Pass
                  Pattern No.         14 Pass
                  Pattern No.         15 Pass
                  Pattern No.         16 Pass
                  Pattern No.         17 Pass
                  Pattern No.         18 Pass
                  Pattern No.         19 Pass
                  Pattern No.         20 Pass
                  Pattern No.         21 Pass
                  Pattern No.         22 Pass
                  Pattern No.         23 Pass
                  Pattern No.         24 Pass
                  Pattern No.         25 Pass
                  Pattern No.         26 Pass
                  Pattern No.         27 Pass
                  Pattern No.         28 Pass
                  Pattern No.         29 Pass
                  Pattern No.         30 Pass
                  Pattern No.         31 Pass
                  Pattern No.         32 Pass
                  Pattern No.         33 Pass
                  Pattern No.         34 Pass
                  Pattern No.         35 Pass
                  Pattern No.         36 Pass
                  Pattern No.         37 Pass
                  Pattern No.         38 Pass
                  Pattern No.         39 Pass
                  Pattern No.         40 Pass
                  Pattern No.         41 Pass
                  Pattern No.         42 Pass
                  Pattern No.         43 Pass
                  Pattern No.         44 Pass
                  Pattern No.         45 Pass
                  Pattern No.         46 Pass
                  Pattern No.         47 Pass
                  Pattern No.         48 Pass
                  Pattern No.         49 Pass
                  Pattern No.         50 Pass
                  Pattern No.         51 Pass
                  Pattern No.         52 Pass
                  Pattern No.         53 Pass
                  Pattern No.         54 Pass
                  Pattern No.         55 Pass
                  Pattern No.         56 Pass
                  Pattern No.         57 Pass
                  Pattern No.         58 Pass
                  Pattern No.         59 Pass
                  Pattern No.         60 Pass
                  Pattern No.         61 Pass
                  Pattern No.         62 Pass
                  Pattern No.         63 Pass
                  Pattern No.         64 Pass
                  Pattern No.         65 Pass
                  Pattern No.         66 Pass
                  Pattern No.         67 Pass
                  Pattern No.         68 Pass
                  Pattern No.         69 Pass
                  Pattern No.         70 Pass
                  Pattern No.         71 Pass
                  Pattern No.         72 Pass
                  Pattern No.         73 Pass
                  Pattern No.         74 Pass
                  Pattern No.         75 Pass
                  Pattern No.         76 Pass
                  Pattern No.         77 Pass
                  Pattern No.         78 Pass
                  Pattern No.         79 Pass
                  Pattern No.         80 Pass
                  Pattern No.         81 Pass
                  Pattern No.         82 Pass
                  Pattern No.         83 Pass
                  Pattern No.         84 Pass
                  Pattern No.         85 Pass
                  Pattern No.         86 Pass
                  Pattern No.         87 Pass
                  Pattern No.         88 Pass
                  Pattern No.         89 Pass
                  Pattern No.         90 Pass
                  Pattern No.         91 Pass
                  Pattern No.         92 Pass
                  Pattern No.         93 Pass
                  Pattern No.         94 Pass
                  Pattern No.         95 Pass
                  Pattern No.         96 Pass
                  Pattern No.         97 Pass
                  Pattern No.         98 Pass
                  Pattern No.         99 Pass
@@@@@@@@@@@@@@@@@@@@@@@@@@@@@@@@@@@@@@@@@@@@@@@@@@@@@@@@@@@@@@@@@@@@@@@@@@@@@@@@@@@@@@@@@8OOOOOOO8@@@@@@@@@@@@@@@@@@@@
@@@@@@@@@@@@@@@@@@@@@@@@@@@@@@@@@@@@@@@@@@@@@@@@@@@@@@@@@@@@@@@@@@@@@@@@@@@@@@@@@@@@@O               .o8@@@@@@@@@@@@@@
@@@@@@@@@@@@@@@@@@@@@@@@@@@@@@@@@@@@@@@@@@@@@@@@@@@@@@@@@@@@@@@@@@@@@@@@@@@@@@@@@@8:.                   .o@@@@@@@@@@@@
@@@@@@@@@@@@@@@@@@@@@@@@@@@@@@@@@@@@@@@@@@@@@@@@@@@@@@@@@@@@@@@@@@@@@@@@@@@@@@@@@o                         :O@@@@@@@@@
@@@@@@@@@@@@@@@@@@@@@@@@@@@@@@@@@@@@@@@@@@@@@@@@@@@@@@@@@@@@@@@@@@@@@@@@@@@@@@@@@                           .o8@@@@@@@
@@@@@@@@@@@@@@@@@@888888@@@@@@@@@@@@@@@@@@@@@@@@@@@@@@@@@@88888888OOO88@@@@@@@@@@                             :@@@@@@@
@@@@@@@@@@@@8o:.          .o8@@@@@@@@@@@@@@@@@@@88Oo:.                      .:ooo                              o@@@@@@
@@@@@@@@@@8                  .8@@@@@@@@@@@@8O:.           ..::::::ooo:.                                        .8@@@@@
@@@@@@@O.                      8@@@@@8O:.        .:O88@@@@@@@@@@@@@@@@@@@@@@@88Oo.                             :8@@@@@
@@@@@@o                        :8@@8.      .:o8@@@@@@@@@@@@@@@@@@@@@@@@@@@@@@@@@@@@OO:                         o@@@@@@
@@@@@8                          :o.     .O8@@@@@@@@@@@@@@@@@@@@@@@@@@@@@@@@@@@@@@@88@@8o.                      8@@@@@@
@@@@:                               o8@@@@@@@@@@@@@@@@@@@@@@@@@@@@@@@@@@@@@@8:          :OO.                  o@@@@@8@
@@@o.                             :O@@@@@@@@@@@@@@@@@@@@@@@@@@@@@@@@@@@@@@@@.              OO:              :8@@@@@@@@
@@8.                           O8@@@@@@@@@@O:.    .oO@@@@@@@@@@@@@@@@@@@@@@@.                o88          O@@@@@@@@@@@
@@O.                         :O@@@@@@@@@@:           o@@@@@@@@@@@@@@@@@@@@@@.                 .88o.     oO@@@@@@@@@@@@
@@O.                       :8@@@@@@@@@@8:            .O@@@@@@@@@@@@@@@@@@@@@o                  .@@8O:   o8@@@@@8@@@@@@
@@@:                      8@@@@@@@@@@O.               :8@@@@@@@@@@@@@@@@@@@@8o                  O@@@@.    8@@@@@@@@@8@
@@@@o                    :@@@@@@@@@@o                 :8@@@@@@@@@@@@@@@@@@@@@@o                 O@@@@O:   .O@@@@@@@@@@
@@@@@@.                .O@@@@@@@@@@8                  O@@@@@@@@@@@@@@@@@@@@@@@@@O             .O@@@@@@@@o   :@@@@@@@@@
@@@@@@@O:.           .O@@@@@@@@@@@@o                 .8@@@@@@@@@@@@888O8@@@@@@@@@o.         .o8@@@@@@@@@@o   o8@@@@@@@
@@@@@@@@@@8.         o@@@@@@@@@@@@@:                 o@@@@@@@O:.         :O@@@@@@@@Oo.   .:8@@@@@@@@@@@@@8     @@@@@@@
@@@@@@@@@@@@@@@@:    8@@@@@@@@@@@@@8               :8@@@@8:              .O@@@@@@@@@@@@@@@@@@@@@@@@@@@@@@@@     @@@@@@
@@@@@@@@@@@@@@@@    :@@@@@@@@@@@@@@@O.             8@@@@@8:              o@@@@@@@@@@@@@@@@@@@@@@@@@@@@@@8@@@    @@@@@@
@@@@@@@@@@@@@@@O   :@@@@@@@@@@@@@@@@@@@8O:....:O8@@@@@@@@@@@o          O@@@@@@@@@@@@@@@@@@@@@@@@@@@@@@@@8@@@@    @@@@@
@@@@@@@@@@@@@@8:  :O@@@@@@@@@@@@@@@@@@@@@@@@@@@@@@@@@@@@@@@@@Oo.    .o8@@@@@@@@@@@@@@@@@@@@@@@@@@@@@@@@@@@@@@@    @@@@
@@@@@@@@@@@@@8:   o@@@@@@@@@@@@@@@@@@@@@@@@@@@@@@@@@@@@@@@@@@@@@@8  :@@@@@@@@@@@@@@@@@@@@@@@8Ooo[0;40;31m:::::[0;40;37moOO8@@8OOo   o@@@
@@@@@@@@@@@@@O   O@@@@@@@@@@@@@@@@@@@@@@@@@@@@@@@@@@@@@@@@@@@@@@@8. .8@@8o:O@@@@@@@@@@@@@8O[0;40;31m:::::::::::::::[0;40;37mO@@@O   :@@@
@@@@@@@@@@@@@O   O@@@@@@@@@@@@@@@@@@88888@@@@@@@@@@@@@@@@@@O:oO8@8.  .:    o@@@@@@@@@@@@O[0;40;31m::::::::::::::::::[0;40;37mo8@O   :8@@
@@@@@@@@@@@@@O   O@@@@@@@@@@@@@[1;40;31mO[0;40;31m:::::::::::::[0;40;37mo8@@@@@@@@@@@@8.              :@@@@@@@@@@8o[0;40;31m::::::::::::::::::::[0;40;37mo8@:   .@@
@@@@@@@@@@@@O.  .8@@@@@@@@@@8Oo[0;40;31m.:::::::::::::::[0;40;37moO@@@@@@@@@@8:              .@@@@@@@@@@O[0;40;31m::::::::::::::::::::::[0;40;37mo8O    @@
@@@@@@@@@@@@o   O@@@@@@@@@@8o[0;40;31m::::::::::::::::::::[0;40;37mo8@@@@@@@@@O              .@@@@@@@@@@O[0;40;31m::::::::::::::::::::::[0;40;37mo8O    @@
@@@@@@@@@@@@O.  :8@@@@@@@@o[0;40;31m::::::::::::::::::::::::[0;40;37m8@@@@@@@@@              :@@@@@@@@@@8o[0;40;31m:::::::::::::::::::::[0;40;37mO@o    @@
@@@@@@@@@@@@8:  :8@@@@@@@8[0;40;31m:::::::::::::::::::::::::[0;40;37m8@@@@@@@@@              O@@@@@@@@@@@O[0;40;31m::::::::::::::::::::[0;40;37mo8@:   :@@
@@@@@@@@@@@@@O   O@@@@@@8O[0;40;31m:::::::::::::::::::::::::[0;40;37mo8@@@@@@@@O           .8@@@@@@@@@@@@@8o[0;40;31m::::::::::::::::[0;40;37mo8@@@   .O@@
@@@@@@@@@@@@@O   O8@@@@@8O[0;40;31m:::::::::::::::::::::::::[0;40;37mo8@@@@@@@@@8:       .O@@@@@@@@@@@@@@@@@O[0;40;31m::::::::::::::[0;40;37mo@@@@8   .8@@
@@@@@@@@@@@@@O   O@@@@@@@O[0;40;31m::::::::::::::::::::::::.[0;40;37mO8@@@@8OOooo:.     :@@@@@@@@@@@@@@@@@@@@8OOo[0;40;31m::::::[0;40;37mooO8@@@@@o   :@@@
@@@@@@@@@@@@@8.  o8@@@@@@@[0;40;31m:::::::::::::::::::::::::[0;40;37m8@8O.                  .:O8@@@@@@@@@@@@@@@@@@@@@@@@@@@@@@8o   o@@@@
@@@@@@@@@@@@@8:  .O@@@@@@@O[0;40;31m:::::::::::::::::::::::[0;40;37mo@O.    .:oOOOo::.           .:OO8@@@@@@@@@@@@@@@@@@@@@@@@O.  :8@@@@
@@@@@@@@@@@@@@8.  :8@@@@@@@8o[0;40;31m:::::::::::::::::::[0;40;37mO8@O    8@@@@@@@@@@@@@@@@@8O..         :oO8@@@@@@@@@@@@@@@8o.  .8@@@@@
@@@@@@@@@@@@@@@O   :8@@@@@@@@8O[0;40;31m:::::::::::::::[0;40;37mO8@@@:   .@@@@@@@@@@@@@@@@@@@@@@88Oo:.       .:O8@@@@@@@@@@@.    O@@@@@@
@@@@@@@@@@@@@@@8    O@@@@@@@@@@8Oo[0;40;31m::::::::[0;40;37mooO8@@@@@O.   O@@@@@@@@@@@@@@@@@@@@@@@@@@@@8:.      .o@@@@@@@@@o    O@@@@@@@
@@@@@@@@@@@@@@@@o    8@@@@@@@@@@@@@@@@@@@@@@@@@@@@@@8:    :O8@@@@@@@@@@@@@@@@@@@@@@@@@@@@@@o.    :O@@@8o.  .o@@@@@@@@@
@@@@@@@@@@@@@@@@@:    :8@@@@@@@@@@@@@@@@@@@@@@@@@@@@@8:      ...:oO8@@@@@@@@@@@@@@@@@@@@@@@@@O:   .O8.    .O@@@@@@@@@@
@@@@@@@@@@@@@@@@@@@O:    :@@@@@@@@@@@@@@@@@@@@@@@@@@@O.   [0;40;33m...[0;40;37m          O@@@@@@@@@@@@@@@@@@@@@@@O       .O8@@@@@@@@@@@@
@@@@@@@@@@@@@@@@@@@@@:    :O@@@@@@@@@@@@@@@@@@@@@@@@@O   [0;40;33m:O888Ooo:..[0;40;37m    :8@@@@@@@@@@@@@@@@@@@@O:     :O@@@@@@@@@@@@@@@
@@@@@@@@@@@@@@@@@@@@@8o     .O8@@@@@@@@@@@@@@@@@@@@@O:  [0;40;33m.o8888888888O.[0;40;37m  .O@@@@@@@@@@@OO888@8O:.    :O@@@@@@@@@@@@@@@@@
@@@@@@@@@@@@@@@@@@@@@@O        o8@@@@@@@@@@@@@@@@@@@o   [0;40;33m:88888888888o[0;40;37m   o8@@@@@@@:              o8@@@@@@@@@@@@@@@@@@@@
@@@@@@@@@@@@@@@@@@@@@@@:          .:88@@@@@@@@@@@@@8:   [0;40;33mo8888O88888O.[0;40;37m  .8@@@@@@@O    [1;40;33m..[0;40;37m     .::O@@@@@@@@@@@@@@@@@@@@@@
@@@@@@@@@@@@@@@@@@@@@@@O.                  .:o          [0;40;33m8888[0;40;37m@@@@[0;40;33m888o.[0;40;37m  o8@@@@@8o   [0;40;33mo88o.[0;40;37m   @@@@@@@@@@@@@@@@@@@@@@@@@@@
@@@@@@@@@@@@@@@@@@@@@@@@o        .OOo:.                 [0;40;33mO88[0;40;37m@@@@@[0;40;33m888o.[0;40;37m  :8@@@@@o   [0;40;33m:O88.[0;40;37m   .@@@@@@@@@@@@@@@@@@@@@@@@@@@
@@@@@@@@@@@@@@@@@@@@@@@@8o         :@@@@@O:             [0;40;33m.O8[0;40;37m@@@@[0;40;33m8888O:[0;40;37m   .O88O:   [0;40;33m.O88O[0;40;37m    O@@@@@@@@@@@@@@@@@@@@@@@@@@@
@@@@@@@@@@@@@@@@@@@@@@@@@@:                             [0;40;33m.o8[0;40;37m@@@@[0;40;33m[0;40;33m888888O:[0;40;37m         [0;40;33m.888O:[0;40;37m   o8@@@@@@@@@@@@@@@@@@@@@@@@@@@
@@@@@@@@@@@@@@@@@@@@@@@@@@8o                            [0;40;33m.O[0;40;37m@@@@[0;40;33m888888888Oo:...ooO8888:   [0;40;37m:8@@@@@@@@@@@@@@@@@@@@@@@@@@@@
@@@@@@@@@@@@@@@@@@@@@@@@@@@@@8o                         [0;40;33mo8[0;40;37m@@@@[0;40;33m888888888888888888888O.[0;40;37m  :8@@@@@@@@@@@@@@@@@@@@@@@@@@@@@
@@@@@@@@@@@@@@@@@@@@@@@@@@@@@@@o.                      [0;40;33m.8[0;40;37m@@@@[0;40;33m888888888888888888888O:[0;40;37m   o@@@@@@@@@@@@@@@@@@@@@@@@@@@@@@
@@@@@@@@@@@@@@@@@@@@@@@@@@@@@@@@@O:.                 [0;40;33m.o8[0;40;37m@@@@@[0;40;33m88888888888888888888Oo[0;40;37m   :8@@@@@@@@@@@@@@@@@@@@@@@@@@@@@@
@@@@@@@@@@@@@@@@@@@@@@@@@@@@@@@@@@@@@@8OOo::::::.   [0;40;33mo888[0;40;37m@@@@@[0;40;33m88888888888888888888o.[0;40;37m   @@@@@@@@@@@@@@@@@@@@@@@@@@@@@@@@
@@@@@@@@@@@@@@@@@@@@@@@@@@@@@@@@@@@@@@@@@@@@@@@8:   [0;40;33mo888[0;40;37m@@@@@[0;40;33m88888888888888888888.[0;40;37m   .@@@@@@@@@@@@@@@@@@@@@@@@@@@@@@@@
@@@@@@@@@@@@@@@@@@@@@@@@@@@@@@@@@@@@@@@@@@@@@@8:   [0;40;33mo888[0;40;37m@@@@@[0;40;33m88888888888888888888O[0;40;37m   .O@@@@@@@@@@@@@@@@@@@@@@@@@@@@@@@@
@@@@@@@@@@@@@@@@@@@@@@@@@@@@@@@@@@@@@@@@@@@@@@O.   [0;40;33mO8888[0;40;37m@@@[0;40;33m88888888888888888888O.[0;40;37m   O@@@@@@@@@@@@@@@@@@@@@@@@@@@@@@@@@
@@@@@@@@@@@@@@@@@@@@@@@@@@@@@@@@@@@@@@@@@@@@@@o    [0;40;33m8888888888888888888888888888o[0;40;37m   o8@@@@@@@@@@@@@@@@@@@@@@@@@@@@@@@@@
@@@@@@@@@@@@@@@@@@@@@@@@@@@@@@@@@@@@@@@@@@@@@@.    [0;40;33m. ..:oOO8888888888888888888o.[0;40;37m  .8@@@@@@@@@@@@@@@@@@@@@@@@@@@@@@@@@@
@@@@@@@@@@@@@@@@@@@@@@@@@@@@@@@@@@@@@@@@@@@@@@O.           [0;40;33m..:oO8888888888888O.[0;40;37m  .O@@@@@@@@@@@@@@@@@@@@@@@@@@@@@@@@@@@
@@@@@@@@@@@@@@@@@@@@@@@@@@@@@@@@@@@@@@@@@@@@@@@@@@@@@8OO.             [0;40;33m.oOO88O.[0;40;37m   O@@@@@@@@@@@@@@@@@@@@@@@@@@@@@@@@@@@@
@@@@@@@@@@@@@@@@@@@@@@@@@@@@@@@@@@@@@@@@@@@@@@@@@@@@@@@@@@@88:..          [0;40;33m...[0;40;37m    8@@@@@@@@@@@@@@@@@@@@@@@@@@@@@@@@@@@@
@@@@@@@@@@@@@@@@@@@@@@@@@@@@@@@@@@@@@@@@@@@@@@@@@@@@@@@@@@@@@@@@88Ooo:.          @@@@@@@@@@@@@@@@@@@@@@@@@@@@@@@@@@@@@
@@@@@@@@@@@@@@@@@@@@@@@@@@@@@@@@@@@@@@@@@@@@@@@@@@@@@@@@@@@@@@@@@@@@@@@@@@@8OoOO@@@@@@@@@@@@@@@@@@@@@@@@@@@@@@@@@@@@@@
@@@@@@@@@@@@@@@@@@@@@@@@@@@@@@@@@@@@@@@@@@@@@@@@@@@@@@@@@@@@@@@@@@@@@@@@@@@@@@@@@@@@@@@@@@@@@@@@@@@@@@@@@@@@@@@@@@@@@@
-------------------------------------------------------------------
                         Congratulations!                          
                  You have passed all patterns!                    
-------------------------------------------------------------------
Simulation complete via $finish(1) at time 1836 NS + 0
./PATTERN_IP.v:228 $finish;	
ncsim> exit
TOOL:	irun(64)	15.20-s084: Exiting on Apr 24, 2023 at 01:27:30 CST  (total: 00:00:01)
